C51 COMPILER V9.53.0.0   804ADC                                                            03/21/2015 08:11:54 PAGE 1   


C51 COMPILER V9.53.0.0, COMPILATION OF MODULE 804ADC
OBJECT MODULE PLACED IN 804adc.OBJ
COMPILER INVOKED BY: C:\Keil_v5\C51\BIN\C51.EXE 804adc.c OPTIMIZE(8,SPEED) BROWSE DEBUG OBJECTEXTEND

line level    source

   1          #include <REGX52.H>                                                                     //Header file
   2          #include<string.h>
   3          sbit RS=P3^7;                                                                           //RS pin of LCD is connected with 8th pin of Port 3
   4          sbit EN=P3^6;                                                                           //EN pin of LCD is connected with 7th pin of Port 3
   5          sbit wr=P3^5;                                                                           //Wr pin of ADC is connected with 6th pin of Port 3
   6          #define LCD P2                                                                          //Lcd is connected with PORT 2
   7          #define Temp P1                                                                         //ADC is connected with PORT 1
   8          void delay(unsigned int x)                                                      // Delay program
   9          {
  10   1      unsigned int i,j;
  11   1      for(i=0;i<=x;i++)
  12   1      for(j=0;j<=100;j++);
  13   1      }
  14          void cmd(unsigned char x)                                                  //Command function for Lcd to send commands from Microcontroller
  15          {                                                                                                  // RS pin of Lcd should be low
  16   1      LCD=x;
  17   1      RS=0;
  18   1      EN=1;
  19   1      delay(10);
  20   1      EN=0;
  21   1      }
  22          void dat(unsigned char x)                                               // Data fuction for lcd to send data from Microcontroller
  23          {                                                                                               //RS pin of Lcd should be high
  24   1      LCD=x;
  25   1      RS=1;
  26   1      EN=1;
  27   1      delay(10);
  28   1      EN=0;
  29   1      }                                                                                               //This is the function to send the string to LCD
  30          void message(unsigned char *p)
  31          {
  32   1      unsigned char c,m;
  33   1      c=strlen(p);
  34   1      for(m=0;m<=c;m++)
  35   1      {
  36   2      dat(p[m]);
  37   2      }
  38   1      }
  39          Lcd_deg()                                          //Degree display function in LCD
  40          {
  41   1      cmd(64);                                        //Address where values of the first custom character is stored
  42   1      dat(4);
  43   1      dat(17);
  44   1      dat(17);
  45   1      dat(4);
  46   1      dat(0);
  47   1      dat(0);
  48   1      dat(0);
  49   1      dat(0);
  50   1      cmd(0xC8);  //Address of the location where the character is to be displayed
  51   1      dat(0);  // Displaying the character created at address 0x64 
  52   1      delay(10);
  53   1      }                                                                                                
  54          adc()                                                                                    //Adc function for conversion
  55          {
C51 COMPILER V9.53.0.0   804ADC                                                            03/21/2015 08:11:54 PAGE 2   

  56   1      unsigned char d,d1,d2,d3;                                                 //Should Make wr from '0' to '1' to convert analog to digital
  57   1      wr=0;
  58   1      wr=1;
  59   1      d=(((Temp)/5)*3);                                                                 //To convert 255 to 153
  60   1      d1=d%10;                                                                                  //To convert unit digit, 10th digit, 100th digit
  61   1      d2=((d/10)%10);
  62   1      d3=d/100;
  63   1      cmd(0xc5);                                                                                //Conversion of int to ASCII to display in LCD
  64   1      dat(d3+0x30);
  65   1      dat(d2+0x30);
  66   1      dat(d1+0x30);
  67   1      Lcd_deg();                                                                              // To display degree in LCD
  68   1      }
  69          void main()                                                                             //Make P2 and P3 ports are outputs
  70          {
  71   1      P2=0x00;                                                                                
  72   1      P3=0x00;                                                                                 //Command for choosing 16x2 Lcd
  73   1      cmd(0x38);                                                                              //Command for choosing Right shift
  74   1      cmd(0x06);                                                                              //Command for display without cursor(Means cursor OFF)
  75   1      cmd(0x0c);                                                                              //Message to display to LCD
  76   1      message("Welcome to");                                  //Command to goto next line. Choosing second coloumn of lcd
  77   1      cmd(0xc0);
  78   1      message("CELab");
  79   1      delay(2000);
  80   1      cmd(0x80);
  81   1      message("Temp Display");                                        //Command to goto next line. Choosing second coloumn of lcd
  82   1      cmd(0xc0);
  83   1      message("Using ADC0804");
  84   1      delay(2000);
  85   1      cmd(0x01);
  86   1      while(1)                                                                                //infinite loop
  87   1      {
  88   2      cmd(0x80);
  89   2      message("CELab");
  90   2      cmd(0xc0);
  91   2      message("Temp:");
  92   2      adc();                                                          //ADC function call
  93   2      }
  94   1      }
*** WARNING C290 IN LINE 53 OF 804adc.c: missing return value
*** WARNING C290 IN LINE 68 OF 804adc.c: missing return value


MODULE INFORMATION:   STATIC OVERLAYABLE
   CODE SIZE        =    343    ----
   CONSTANT SIZE    =     50    ----
   XDATA SIZE       =   ----    ----
   PDATA SIZE       =   ----    ----
   DATA SIZE        =   ----       7
   IDATA SIZE       =   ----    ----
   BIT SIZE         =   ----    ----
END OF MODULE INFORMATION.


C51 COMPILATION COMPLETE.  2 WARNING(S),  0 ERROR(S)
