C51 COMPILER V9.52.0.0   FOUR_RELAY_DRIVER                                                 04/09/2015 23:58:37 PAGE 1   


C51 COMPILER V9.52.0.0, COMPILATION OF MODULE FOUR_RELAY_DRIVER
OBJECT MODULE PLACED IN four relay driver.OBJ
COMPILER INVOKED BY: G:\Program Files\Keil\C51\BIN\C51.EXE four relay driver.c BROWSE DEBUG OBJECTEXTEND TABS(2)

line level    source

   1          #include<reg51.h>
   2          #define on 1
   3          #define off 0
   4          #define ip_on 0
   5          #define ip_off 1
   6          
   7          sbit relay0=P2^2;
   8          sbit relay1=P2^3;
   9          sbit relay2=P2^4;
  10          
  11          
  12          sbit volt_7=P0^0;
  13          sbit volt_14=P0^1;
  14          
  15          void msDelay(unsigned int x)
  16          {
  17   1        unsigned int i,j;
  18   1        for(i=0;i<=x;i++)
  19   1        for(j=0;j<=975;j++);
  20   1      }
  21          void main()
  22          {
  23   1      P2=0x00;
  24   1      P0=0xFF;
  25   1          relay0=off;
  26   1        relay1=off;
  27   1          relay2=off;
  28   1      relay0=on;
  29   1      while(1)
  30   1      {
  31   2        if(volt_7 == ip_on && volt_14 == ip_off)
  32   2        {
  33   3          relay0=on;
  34   3          relay1=on;
  35   3          relay2=off;
  36   3        } 
  37   2        else if(volt_7 == ip_on && volt_14 == ip_on)
  38   2        {
  39   3          relay1=on;
  40   3          relay2=on;
  41   3          relay0=on;
  42   3        }
  43   2        
  44   2        else if(volt_7 == ip_off && volt_14 == ip_off)
  45   2        {
  46   3          relay1=off;
  47   3          relay2=off;
  48   3          relay0=on;
  49   3        }
  50   2        
  51   2          msDelay(100);
  52   2      }
  53   1      }
  54          

C51 COMPILER V9.52.0.0   FOUR_RELAY_DRIVER                                                 04/09/2015 23:58:37 PAGE 2   


MODULE INFORMATION:   STATIC OVERLAYABLE
   CODE SIZE        =     95    ----
   CONSTANT SIZE    =   ----    ----
   XDATA SIZE       =   ----    ----
   PDATA SIZE       =   ----    ----
   DATA SIZE        =   ----    ----
   IDATA SIZE       =   ----    ----
   BIT SIZE         =   ----    ----
END OF MODULE INFORMATION.


C51 COMPILATION COMPLETE.  0 WARNING(S),  0 ERROR(S)
