C51 COMPILER V9.52.0.0   QUIZ                                                              01/18/2015 11:12:00 PAGE 1   


C51 COMPILER V9.52.0.0, COMPILATION OF MODULE QUIZ
OBJECT MODULE PLACED IN quiz.OBJ
COMPILER INVOKED BY: C:\C51\BIN\C51.EXE quiz.c BROWSE DEBUG OBJECTEXTEND TABS(2)

line level    source

   1          
   2          // Program to interface single seven segment
   3           
   4          #include<reg51.h>
   5          sbit switch_7=P3^0;
   6          sbit switch_6=P3^1;
   7          sbit switch_5=P3^2;
   8          sbit switch_4=P3^3;
   9          sbit switch_3=P3^4;
  10          sbit switch_2=P3^5;
  11          sbit switch_10=P3^6;
  12          sbit switch_1=P3^7;
  13          sbit switch_9 = P1^0;
  14          sbit switch_8= P1^1;
  15          sbit buzzer = P0^1;
  16          delay_ms(int time)    // Time delay function
  17          {
  18   1        int i,j;
  19   1        for(i=0;i<time;i++)
  20   1          for(j=0;j<1275;j++);
  21   1      }
  22          
  23          void main()
  24          {
  25   1        //P3=0xFF;
  26   1        char num[]={0x3f,0x06,0x5b,0x4f,0x66,0x6d,0x7d,0x07,0x7f,0x67};// Hex values corresponding to digits 0 to
             - 9
  27   1        P3=0xFF;
  28   1        P0=0xFF;
  29   1        P1=0x00;
  30   1        delay_ms(50);
  31   1        P3=0;
  32   1        delay_ms(50);
  33   1        buzzer=1;
  34   1      
  35   1        while(1)
  36   1        {  
  37   2          if(switch_1==1)
  38   2          {
  39   3            delay_ms(50);
  40   3          P2 = num[0];
  41   3          switch_2==0;
*** WARNING C275 IN LINE 41 OF quiz.c: expression with possibly no effect
  42   3          switch_3==0;
*** WARNING C275 IN LINE 42 OF quiz.c: expression with possibly no effect
  43   3          switch_4==0;
*** WARNING C275 IN LINE 43 OF quiz.c: expression with possibly no effect
  44   3          switch_5==0;
*** WARNING C275 IN LINE 44 OF quiz.c: expression with possibly no effect
  45   3          switch_6==0;
*** WARNING C275 IN LINE 45 OF quiz.c: expression with possibly no effect
  46   3          switch_7==0;
*** WARNING C275 IN LINE 46 OF quiz.c: expression with possibly no effect
  47   3          switch_8==0;
*** WARNING C275 IN LINE 47 OF quiz.c: expression with possibly no effect
C51 COMPILER V9.52.0.0   QUIZ                                                              01/18/2015 11:12:00 PAGE 2   

  48   3          switch_9==0;
*** WARNING C275 IN LINE 48 OF quiz.c: expression with possibly no effect
  49   3          switch_10==0;
*** WARNING C275 IN LINE 49 OF quiz.c: expression with possibly no effect
  50   3          buzzer=0;     
  51   3          delay_ms(300);
  52   3          buzzer=1; 
  53   3          delay_ms(1000);
  54   3          }
  55   2        else if(switch_2==1)
  56   2          {
  57   3            delay_ms(50);
  58   3          P2 = num[1];
  59   3          switch_1==0;
*** WARNING C275 IN LINE 59 OF quiz.c: expression with possibly no effect
  60   3          switch_3==0;
*** WARNING C275 IN LINE 60 OF quiz.c: expression with possibly no effect
  61   3          switch_4==0;
*** WARNING C275 IN LINE 61 OF quiz.c: expression with possibly no effect
  62   3          switch_5==0;
*** WARNING C275 IN LINE 62 OF quiz.c: expression with possibly no effect
  63   3          switch_6==0;
*** WARNING C275 IN LINE 63 OF quiz.c: expression with possibly no effect
  64   3          switch_7==0;
*** WARNING C275 IN LINE 64 OF quiz.c: expression with possibly no effect
  65   3          switch_8==0;
*** WARNING C275 IN LINE 65 OF quiz.c: expression with possibly no effect
  66   3          switch_9==0;
*** WARNING C275 IN LINE 66 OF quiz.c: expression with possibly no effect
  67   3          switch_10==0;
*** WARNING C275 IN LINE 67 OF quiz.c: expression with possibly no effect
  68   3          buzzer=0;     
  69   3          delay_ms(300);
  70   3          buzzer=1; 
  71   3          delay_ms(1000);
  72   3          }
  73   2        else if(switch_3==1)
  74   2          {
  75   3            delay_ms(50);
  76   3          P2 = num[2];
  77   3          switch_2==0;
*** WARNING C275 IN LINE 77 OF quiz.c: expression with possibly no effect
  78   3          switch_1==0;
*** WARNING C275 IN LINE 78 OF quiz.c: expression with possibly no effect
  79   3          switch_4==0;
*** WARNING C275 IN LINE 79 OF quiz.c: expression with possibly no effect
  80   3          switch_5==0;
*** WARNING C275 IN LINE 80 OF quiz.c: expression with possibly no effect
  81   3          switch_6==0;
*** WARNING C275 IN LINE 81 OF quiz.c: expression with possibly no effect
  82   3          switch_7==0;
*** WARNING C275 IN LINE 82 OF quiz.c: expression with possibly no effect
  83   3          switch_8==0;
*** WARNING C275 IN LINE 83 OF quiz.c: expression with possibly no effect
  84   3          switch_9==0;
*** WARNING C275 IN LINE 84 OF quiz.c: expression with possibly no effect
  85   3          switch_10==0;
*** WARNING C275 IN LINE 85 OF quiz.c: expression with possibly no effect
  86   3          buzzer=0;     
  87   3          delay_ms(300);
  88   3          buzzer=1; 
  89   3          delay_ms(1000);
C51 COMPILER V9.52.0.0   QUIZ                                                              01/18/2015 11:12:00 PAGE 3   

  90   3          }
  91   2        else if(switch_4==1)
  92   2          {
  93   3            delay_ms(50);
  94   3          P2 = num[3];
  95   3          switch_2==0;
*** WARNING C275 IN LINE 95 OF quiz.c: expression with possibly no effect
  96   3          switch_3==0;
*** WARNING C275 IN LINE 96 OF quiz.c: expression with possibly no effect
  97   3          switch_1==0;
*** WARNING C275 IN LINE 97 OF quiz.c: expression with possibly no effect
  98   3          switch_5==0;
*** WARNING C275 IN LINE 98 OF quiz.c: expression with possibly no effect
  99   3          switch_6==0;
*** WARNING C275 IN LINE 99 OF quiz.c: expression with possibly no effect
 100   3          switch_7==0;
*** WARNING C275 IN LINE 100 OF quiz.c: expression with possibly no effect
 101   3          switch_8==0;
*** WARNING C275 IN LINE 101 OF quiz.c: expression with possibly no effect
 102   3          switch_9==0;
*** WARNING C275 IN LINE 102 OF quiz.c: expression with possibly no effect
 103   3          switch_10==0;
*** WARNING C275 IN LINE 103 OF quiz.c: expression with possibly no effect
 104   3          buzzer=0;     
 105   3          delay_ms(300);
 106   3          buzzer=1; 
 107   3          delay_ms(1000); 
 108   3          }
 109   2        else if(switch_5==1)
 110   2          {
 111   3            delay_ms(50);
 112   3          P2 = num[4];
 113   3          switch_2==0;
*** WARNING C275 IN LINE 113 OF quiz.c: expression with possibly no effect
 114   3          switch_3==0;
*** WARNING C275 IN LINE 114 OF quiz.c: expression with possibly no effect
 115   3          switch_4==0;
*** WARNING C275 IN LINE 115 OF quiz.c: expression with possibly no effect
 116   3          switch_1==0;
*** WARNING C275 IN LINE 116 OF quiz.c: expression with possibly no effect
 117   3          switch_6==0;
*** WARNING C275 IN LINE 117 OF quiz.c: expression with possibly no effect
 118   3          switch_7==0;
*** WARNING C275 IN LINE 118 OF quiz.c: expression with possibly no effect
 119   3          switch_8==0;
*** WARNING C275 IN LINE 119 OF quiz.c: expression with possibly no effect
 120   3          switch_9==0;
*** WARNING C275 IN LINE 120 OF quiz.c: expression with possibly no effect
 121   3          switch_10==0;
*** WARNING C275 IN LINE 121 OF quiz.c: expression with possibly no effect
 122   3          buzzer=0;     
 123   3          delay_ms(300);
 124   3          buzzer=1; 
 125   3          delay_ms(1000);
 126   3          }
 127   2          else if(switch_6==1)
 128   2          {
 129   3            delay_ms(50);
 130   3          P2 = num[5];
 131   3          switch_2==0;
*** WARNING C275 IN LINE 131 OF quiz.c: expression with possibly no effect
 132   3          switch_3==0;
C51 COMPILER V9.52.0.0   QUIZ                                                              01/18/2015 11:12:00 PAGE 4   

*** WARNING C275 IN LINE 132 OF quiz.c: expression with possibly no effect
 133   3          switch_4==0;
*** WARNING C275 IN LINE 133 OF quiz.c: expression with possibly no effect
 134   3          switch_5==0;
*** WARNING C275 IN LINE 134 OF quiz.c: expression with possibly no effect
 135   3          switch_1==0;
*** WARNING C275 IN LINE 135 OF quiz.c: expression with possibly no effect
 136   3          switch_7==0;
*** WARNING C275 IN LINE 136 OF quiz.c: expression with possibly no effect
 137   3          switch_8==0;
*** WARNING C275 IN LINE 137 OF quiz.c: expression with possibly no effect
 138   3          switch_9==0;
*** WARNING C275 IN LINE 138 OF quiz.c: expression with possibly no effect
 139   3          switch_10==0;
*** WARNING C275 IN LINE 139 OF quiz.c: expression with possibly no effect
 140   3          buzzer=0;     
 141   3          delay_ms(300);
 142   3          buzzer=1; 
 143   3          delay_ms(1000);
 144   3          }
 145   2          else if(switch_7==1)
 146   2          {
 147   3            delay_ms(50);
 148   3          P2 = num[6];
 149   3          switch_2==0;
*** WARNING C275 IN LINE 149 OF quiz.c: expression with possibly no effect
 150   3          switch_3==0;
*** WARNING C275 IN LINE 150 OF quiz.c: expression with possibly no effect
 151   3          switch_4==0;
*** WARNING C275 IN LINE 151 OF quiz.c: expression with possibly no effect
 152   3          switch_5==0;
*** WARNING C275 IN LINE 152 OF quiz.c: expression with possibly no effect
 153   3          switch_1==0;
*** WARNING C275 IN LINE 153 OF quiz.c: expression with possibly no effect
 154   3          switch_7==0;
*** WARNING C275 IN LINE 154 OF quiz.c: expression with possibly no effect
 155   3          switch_8==0;
*** WARNING C275 IN LINE 155 OF quiz.c: expression with possibly no effect
 156   3          switch_9==0;
*** WARNING C275 IN LINE 156 OF quiz.c: expression with possibly no effect
 157   3          switch_10==0;
*** WARNING C275 IN LINE 157 OF quiz.c: expression with possibly no effect
 158   3          buzzer=0;     
 159   3          delay_ms(300);
 160   3          buzzer=1; 
 161   3          delay_ms(1000);
 162   3          }
 163   2          else if(switch_8==1)
 164   2          {
 165   3            delay_ms(50);
 166   3          P2 = num[7];
 167   3          switch_2==0;
*** WARNING C275 IN LINE 167 OF quiz.c: expression with possibly no effect
 168   3          switch_3==0;
*** WARNING C275 IN LINE 168 OF quiz.c: expression with possibly no effect
 169   3          switch_4==0;
*** WARNING C275 IN LINE 169 OF quiz.c: expression with possibly no effect
 170   3          switch_5==0;
*** WARNING C275 IN LINE 170 OF quiz.c: expression with possibly no effect
 171   3          switch_6==0;
*** WARNING C275 IN LINE 171 OF quiz.c: expression with possibly no effect
 172   3          switch_7==0;
C51 COMPILER V9.52.0.0   QUIZ                                                              01/18/2015 11:12:00 PAGE 5   

*** WARNING C275 IN LINE 172 OF quiz.c: expression with possibly no effect
 173   3          switch_1==0;
*** WARNING C275 IN LINE 173 OF quiz.c: expression with possibly no effect
 174   3          switch_9==0;
*** WARNING C275 IN LINE 174 OF quiz.c: expression with possibly no effect
 175   3          switch_10==0;
*** WARNING C275 IN LINE 175 OF quiz.c: expression with possibly no effect
 176   3          buzzer=0;     
 177   3          delay_ms(300);
 178   3          buzzer=1; 
 179   3          delay_ms(1000);
 180   3          }
 181   2          else if(switch_9==1)
 182   2          {
 183   3            delay_ms(50);
 184   3          P2 = num[8];
 185   3          switch_2==0;
*** WARNING C275 IN LINE 185 OF quiz.c: expression with possibly no effect
 186   3          switch_3==0;
*** WARNING C275 IN LINE 186 OF quiz.c: expression with possibly no effect
 187   3          switch_4==0;
*** WARNING C275 IN LINE 187 OF quiz.c: expression with possibly no effect
 188   3          switch_5==0;
*** WARNING C275 IN LINE 188 OF quiz.c: expression with possibly no effect
 189   3          switch_6==0;
*** WARNING C275 IN LINE 189 OF quiz.c: expression with possibly no effect
 190   3          switch_7==0;
*** WARNING C275 IN LINE 190 OF quiz.c: expression with possibly no effect
 191   3          switch_8==0;
*** WARNING C275 IN LINE 191 OF quiz.c: expression with possibly no effect
 192   3          switch_1==0;
*** WARNING C275 IN LINE 192 OF quiz.c: expression with possibly no effect
 193   3          switch_10==0;
*** WARNING C275 IN LINE 193 OF quiz.c: expression with possibly no effect
 194   3          buzzer=0;     
 195   3          delay_ms(300);
 196   3          buzzer=1; 
 197   3          delay_ms(1000);
 198   3          }
 199   2          else if(switch_10==1)
 200   2          {
 201   3            delay_ms(50);
 202   3          P2 = num[9];
 203   3          switch_2==0;
*** WARNING C275 IN LINE 203 OF quiz.c: expression with possibly no effect
 204   3          switch_3==0;
*** WARNING C275 IN LINE 204 OF quiz.c: expression with possibly no effect
 205   3          switch_4==0;
*** WARNING C275 IN LINE 205 OF quiz.c: expression with possibly no effect
 206   3          switch_5==0;
*** WARNING C275 IN LINE 206 OF quiz.c: expression with possibly no effect
 207   3          switch_6==0;
*** WARNING C275 IN LINE 207 OF quiz.c: expression with possibly no effect
 208   3          switch_7==0;
*** WARNING C275 IN LINE 208 OF quiz.c: expression with possibly no effect
 209   3          switch_8==0;
*** WARNING C275 IN LINE 209 OF quiz.c: expression with possibly no effect
 210   3          switch_9==0;
*** WARNING C275 IN LINE 210 OF quiz.c: expression with possibly no effect
 211   3          switch_1==0;
*** WARNING C275 IN LINE 211 OF quiz.c: expression with possibly no effect
 212   3          buzzer=0;     
C51 COMPILER V9.52.0.0   QUIZ                                                              01/18/2015 11:12:00 PAGE 6   

 213   3          delay_ms(300);
 214   3          buzzer=1; 
 215   3          delay_ms(1000);
 216   3          }
 217   2        }
 218   1      }
 219          
*** WARNING C290 IN LINE 21 OF quiz.c: missing return value


MODULE INFORMATION:   STATIC OVERLAYABLE
   CODE SIZE        =    230    ----
   CONSTANT SIZE    =     10    ----
   XDATA SIZE       =   ----    ----
   PDATA SIZE       =   ----    ----
   DATA SIZE        =   ----      10
   IDATA SIZE       =   ----    ----
   BIT SIZE         =   ----    ----
END OF MODULE INFORMATION.


C51 COMPILATION COMPLETE.  91 WARNING(S),  0 ERROR(S)
