C51 COMPILER V9.52.0.0   4                                                                 03/31/2015 14:05:00 PAGE 1   


C51 COMPILER V9.52.0.0, COMPILATION OF MODULE 4
OBJECT MODULE PLACED IN 4.OBJ
COMPILER INVOKED BY: G:\Program Files\Keil\C51\BIN\C51.EXE 4.c BROWSE DEBUG OBJECTEXTEND TABS(2)

line level    source

   1          #include<reg52.h>              //including sfr registers for ports of the controller
   2          #include<lcd.h>
   3          
   4          #define on 0
   5          #define off 1
   6          int scan=1;
   7          
   8          //LCD Module Connections
   9          sbit RS = P0^0;                                                                   
  10          sbit EN = P0^1;                            
  11          sbit D0 = P2^0;
  12          sbit D1 = P2^1;
  13          sbit D2 = P2^2;
  14          sbit D3 = P2^3;
  15          sbit D4 = P2^4;
  16          sbit D5 = P2^5;
  17          sbit D6 = P2^6;
  18          sbit D7 = P2^7;
  19          
  20          //for first segment
  21          int count_1=0;
  22          int runtime_1 = 15;
  23          sbit R1 = P1^7;
  24          sbit G1 = P1^6;
  25          sbit module1_1 = P3^6;
  26          sbit module1_2 = P3^7;
  27          
  28          //for second segment
  29          int count_2=0;
  30          int runtime_2 = 15;
  31          sbit R2 = P1^5;
  32          sbit G2 = P1^4;
  33          sbit module2_1 = P3^5;
  34          sbit module2_2 = P3^4;
  35          
  36          //for third segment
  37          int count_3=0;
  38          int runtime_3 = 15;
  39          sbit R3 = P1^3;
  40          sbit G3 = P1^2;
  41          sbit module3_1 = P3^1;
  42          sbit module3_2 = P3^0;
  43          
  44          //for fourth segment
  45          int count_4=0;
  46          int runtime_4 = 15;
  47          sbit R4 = P1^0;
  48          sbit G4 = P1^1;
  49          sbit module4_1 = P3^2;
  50          sbit module4_2 = P3^3;
  51          
  52          
  53          // 
  54          //End LCD Module Connections
  55          void Delay(int a)
C51 COMPILER V9.52.0.0   4                                                                 03/31/2015 14:05:00 PAGE 2   

  56          {
  57   1          int j;
  58   1          int i;
  59   1          for(i=0;i<a;i++)
  60   1          {
  61   2              for(j=0;j<100;j++)
  62   2              {
  63   3              }
  64   2          }
  65   1      }
  66          
  67          char toChar(int a)
  68          {
  69   1      switch(a)
  70   1        {
  71   2          case 1:
  72   2          return '1';
  73   2          break;
  74   2          case 2:
  75   2          return '2';
  76   2          break;
  77   2          case 3:
  78   2          return '3';
  79   2          break;
  80   2          case 4:
  81   2          return '4';
  82   2          break;
  83   2          case 5:
  84   2          return '5';
  85   2          break;
  86   2          case 6:
  87   2          return '6';
  88   2          break;
  89   2          case 7:
  90   2          return '7';
  91   2          break;
  92   2          case 8:
  93   2          return '8';
  94   2          break;
  95   2          case 9:
  96   2          return '9';
  97   2          break;
  98   2          case 0:
  99   2          return '0';
 100   2          break;
 101   2          
 102   2        }
 103   1      
 104   1      }
 105          
 106          void main()
 107          {
 108   1        int i,j,k,l;
 109   1        char c;
 110   1        Lcd8_init();                                  
*** WARNING C206 IN LINE 110 OF 4.c: 'Lcd8_init': missing function-prototype
 111   1        Lcd8_Set_Cursor(1,1);
 112   1        Lcd8_Write_String("Traffic Light");
 113   1        Lcd8_Set_Cursor(2,1);
 114   1        Lcd8_Write_String("Control");
 115   1        R1=off;
 116   1        G1=off;
C51 COMPILER V9.52.0.0   4                                                                 03/31/2015 14:05:00 PAGE 3   

 117   1        R2=off;
 118   1        G2=off;
 119   1        Delay(100);
 120   1        R3=off;
 121   1        G3=off;
 122   1        R4=off;
 123   1        G4=off;
 124   1        Delay(100);
 125   1        
 126   1        R1=on;
 127   1        R2=on;
 128   1        R3=on;
 129   1        R4=on;
 130   1        Delay(100);
 131   1        G1=off;
 132   1        G2=off;
 133   1        G3=off;
 134   1        G4=off;
 135   1        Delay(100);
 136   1        
 137   1        while(1)
 138   1        {
 139   2      
 140   2             switch(scan)
 141   2             {
 142   3               case 1:
 143   3                  // scan first segment
 144   3                  if(count_1 <= 0)
 145   3                  {
 146   4                    runtime_1=15;
 147   4                    if( module1_1 == 1)
 148   4                    {
 149   5                      runtime_1=30;
 150   5                    }
 151   4                    if(module1_2 == 1)
 152   4                    {
 153   5                      runtime_1=60;
 154   5                    }
 155   4                    count_1=runtime_1;
 156   4                  }
 157   3                  R1=off;
 158   3                  G1=on;
 159   3                  count_1--;
 160   3                  Lcd8_Clear();
 161   3                    
 162   3                  i=count_1;
 163   3                  j=i%10;
 164   3                  k=i/10;
 165   3                  l=i/100;
 166   3                  k=k-l*10;
 167   3                  Lcd8_Set_Cursor(1,3);
 168   3                  c=toChar(j);
 169   3                  Lcd8_Write_Char(c);
 170   3          
 171   3                  Lcd8_Set_Cursor(1,2);
 172   3                  c=toChar(k);
 173   3                  Lcd8_Write_Char(c);
 174   3            
 175   3                  Lcd8_Set_Cursor(2,1);
 176   3                  c=toChar(l);
 177   3                  Lcd8_Write_Char(c);
 178   3              
C51 COMPILER V9.52.0.0   4                                                                 03/31/2015 14:05:00 PAGE 4   

 179   3                  if(runtime_1 == 60)
 180   3                  { 
 181   4                  Lcd8_Set_Cursor(2,1);
 182   4                  Lcd8_Write_String("Seg1:60 Secs");
 183   4                  }
 184   3                  else if(runtime_1 == 30)
 185   3                  { 
 186   4                  Lcd8_Set_Cursor(2,1);
 187   4                  Lcd8_Write_String("Seg1:30 Secs");
 188   4                  }
 189   3                  else
 190   3                  { 
 191   4                  Lcd8_Set_Cursor(2,1);
 192   4                  Lcd8_Write_String("Seg1:15 Secs");
 193   4                  }
 194   3              
 195   3                  if(count_1 == 0)
 196   3                  {
 197   4                    G1=off;
 198   4                    count_1=0;
 199   4                    scan=2;
 200   4                    R1=on;
 201   4                  }
 202   3               break;
 203   3              case 2:
 204   3                  // scan second segment
 205   3                  if(count_2 <= 0)
 206   3                  {
 207   4                    runtime_2=15;
 208   4                    if( module2_1 == 1)
 209   4                    {
 210   5                      runtime_2=30;
 211   5                    }
 212   4                    if(module2_2 == 1)
 213   4                    {
 214   5                      runtime_2=60;
 215   5                    }
 216   4                    count_2=runtime_2;
 217   4                  }
 218   3                  R2=off;
 219   3                  G2=on;
 220   3                  count_2--;
 221   3                  Lcd8_Clear();
 222   3                          
 223   3                  i=count_2;
 224   3                  j=i%10;
 225   3                  k=i/10;
 226   3                  l=i/100;
 227   3                  k=k-l*10;
 228   3                  Lcd8_Set_Cursor(1,3);
 229   3                  c=toChar(j);
 230   3                  Lcd8_Write_Char(c);
 231   3          
 232   3                  Lcd8_Set_Cursor(1,2);
 233   3                  c=toChar(k);
 234   3                  Lcd8_Write_Char(c);
 235   3            
 236   3                  Lcd8_Set_Cursor(2,1);
 237   3                  c=toChar(l);
 238   3                  Lcd8_Write_Char(c);
 239   3          
 240   3          
C51 COMPILER V9.52.0.0   4                                                                 03/31/2015 14:05:00 PAGE 5   

 241   3                  if(runtime_2 == 60)
 242   3                  { 
 243   4                  Lcd8_Set_Cursor(2,1);
 244   4                  Lcd8_Write_String("Seg2:60 Secs");
 245   4                  }
 246   3                  else if(runtime_2 == 30)
 247   3                  { 
 248   4                  Lcd8_Set_Cursor(2,1);
 249   4                  Lcd8_Write_String("Seg2:30 Secs");
 250   4                  }
 251   3                  else
 252   3                  { 
 253   4                  Lcd8_Set_Cursor(2,1);
 254   4                  Lcd8_Write_String("Seg2:15 Secs");
 255   4                  }
 256   3              
 257   3                  if(count_2 == 0)
 258   3                  {
 259   4                    G2=off;
 260   4                    count_2=0;
 261   4                    scan=3;
 262   4                    R2=on;
 263   4                  }
 264   3               break;
 265   3              case 3:
 266   3                  // scan third segment
 267   3                  if(count_3 <= 0)
 268   3                  {
 269   4                    runtime_3=15;
 270   4                    if( module3_1 == 1)
 271   4                    {
 272   5                      runtime_3=30;
 273   5                    }
 274   4                    if(module3_2 == 1)
 275   4                    {
 276   5                      runtime_3=60;
 277   5                    }
 278   4                    count_3=runtime_3;
 279   4                  }
 280   3                  R3=off;
 281   3                  G3=on;
 282   3                  count_3--;
 283   3                  Lcd8_Clear();
 284   3                
 285   3                  i=count_3;
 286   3                  j=i%10;
 287   3                  k=i/10;
 288   3                  l=i/100;
 289   3                  k=k-l*10;
 290   3                  Lcd8_Set_Cursor(1,3);
 291   3                  c=toChar(j);
 292   3                  Lcd8_Write_Char(c);
 293   3          
 294   3                  Lcd8_Set_Cursor(1,2);
 295   3                  c=toChar(k);
 296   3                  Lcd8_Write_Char(c);
 297   3            
 298   3                  Lcd8_Set_Cursor(2,1);
 299   3                  c=toChar(l);
 300   3                  Lcd8_Write_Char(c);
 301   3          
 302   3                  
C51 COMPILER V9.52.0.0   4                                                                 03/31/2015 14:05:00 PAGE 6   

 303   3                  if(runtime_3 == 60)
 304   3                  { 
 305   4                  Lcd8_Set_Cursor(2,1);
 306   4                  Lcd8_Write_String("Seg3:60 Secs");
 307   4                  }
 308   3                  else if(runtime_3 == 30)
 309   3                  { 
 310   4                  Lcd8_Set_Cursor(2,1);
 311   4                  Lcd8_Write_String("Seg3:30 Secs");
 312   4                  }
 313   3                  else
 314   3                  { 
 315   4                  Lcd8_Set_Cursor(2,1);
 316   4                  Lcd8_Write_String("Seg3:15 Secs");
 317   4                  }
 318   3                  
 319   3                  if(count_3 == 0)
 320   3                  {
 321   4                    G3=off;
 322   4                    count_3=0;
 323   4                    scan=4;
 324   4                    R3=on;
 325   4                  }
 326   3               break;
 327   3                case 4:
 328   3                  // scan fourth segment
 329   3                  if(count_4 <= 0)
 330   3                  {
 331   4                    runtime_4=15;
 332   4                    if( module4_1 == 1)
 333   4                    {
 334   5                      runtime_4=30;
 335   5                    }
 336   4                    if(module4_2 == 1)
 337   4                    {
 338   5                      runtime_4=60;
 339   5                    }
 340   4                    count_4=runtime_4;
 341   4                  }
 342   3                  R4=off;
 343   3                  G4=on;
 344   3                  count_4--;
 345   3                  Lcd8_Clear();
 346   3                  
 347   3                  i=count_4;
 348   3                  j=i%10;
 349   3                  k=i/10;
 350   3                  l=i/100;
 351   3                  k=k-l*10;
 352   3                  Lcd8_Set_Cursor(1,3);
 353   3                  c=toChar(j);
 354   3                  Lcd8_Write_Char(c);
 355   3          
 356   3                  Lcd8_Set_Cursor(1,2);
 357   3                  c=toChar(k);
 358   3                  Lcd8_Write_Char(c);
 359   3            
 360   3                  Lcd8_Set_Cursor(2,1);
 361   3                  c=toChar(l);
 362   3                  Lcd8_Write_Char(c);
 363   3          
 364   3                  if(runtime_4 == 60)
C51 COMPILER V9.52.0.0   4                                                                 03/31/2015 14:05:00 PAGE 7   

 365   3                  { 
 366   4                  Lcd8_Set_Cursor(2,1);
 367   4                  Lcd8_Write_String("Seg4:60 Secs");
 368   4                  }
 369   3                  else if(runtime_4 == 30)
 370   3                  { 
 371   4                  Lcd8_Set_Cursor(2,1);
 372   4                  Lcd8_Write_String("Seg4:30 Secs");
 373   4                  }
 374   3                  else
 375   3                  { 
 376   4                  Lcd8_Set_Cursor(2,1);
 377   4                  Lcd8_Write_String("Seg4:15 Secs");
 378   4                  }
 379   3                  
 380   3                  if(count_4 == 0)
 381   3                  {
 382   4                    G4=off;
 383   4                    count_4=0;
 384   4                    scan=1;
 385   4                    R4=on;
 386   4                  }
 387   3               break;
 388   3              }
 389   2          Delay(700);
 390   2        }
 391   1      }
 392          
 393          
 394          
 395          
*** WARNING C290 IN LINE 84 OF 4.c: missing return value
*** WARNING C290 IN LINE 176 OF 4.c: missing return value
*** WARNING C291 IN LINE 104 OF 4.c: not every exit path returns a value


MODULE INFORMATION:   STATIC OVERLAYABLE
   CODE SIZE        =   1606    ----
   CONSTANT SIZE    =    178    ----
   XDATA SIZE       =   ----    ----
   PDATA SIZE       =   ----    ----
   DATA SIZE        =     18      24
   IDATA SIZE       =   ----    ----
   BIT SIZE         =   ----    ----
END OF MODULE INFORMATION.


C51 COMPILATION COMPLETE.  4 WARNING(S),  0 ERROR(S)
