C51 COMPILER V9.52.0.0   PWM                                                               05/02/2015 03:29:45 PAGE 1   


C51 COMPILER V9.52.0.0, COMPILATION OF MODULE PWM
OBJECT MODULE PLACED IN pwm.OBJ
COMPILER INVOKED BY: G:\Program Files\Keil\C51\BIN\C51.EXE pwm.c BROWSE DEBUG OBJECTEXTEND TABS(2)

line level    source

   1          #include<regx52.h>
   2          //Global variables and definition
   3          sbit PWMPIN=P2^0;
   4          sbit INC=P3^6;
   5          sbit DEC=P3^7;
   6          
   7          unsigned char pwm_width;
   8          bit pwm_flag = 0;
   9           
  10          void pwm_setup()
  11          {
  12   1      TMOD=0x20;
  13   1      pwm_width = 0;
  14   1      EA = 1;
  15   1      ET0 = 1;
  16   1      TR0 = 1;
  17   1      }
  18           
  19          void timer0() interrupt 1
  20          {
  21   1        if(!pwm_flag)
  22   1          {             
  23   2           //Start of High level
  24   2          pwm_flag = 1;   //Set flag
  25   2          PWMPIN = 1;     //Set PWM o/p pin
  26   2          TH0 = pwm_width;          //Load timer
  27   2          TF0 = 0;                 //Clear interrupt flag
  28   2          return;                  //Return
  29   2           }
  30   1            else
  31   1           {   //Start of Low level
  32   2            pwm_flag = 0;   //Clear flag
  33   2            PWMPIN = 0;     //Clear PWM o/p pin
  34   2            TH0 = 255 - pwm_width;               //Load timer
  35   2            TF0 = 0; //Clear Interrupt flag
  36   2            return;  //return
  37   2            }
  38   1      }
  39           
  40          void delay(unsigned int c1)     // change time in micro seconds
  41          {
  42   1        int a;
  43   1        TH0=0x9B;           // select timer 0 
  44   1        TL0=0x9B;           // to generate 100 micro second delay
  45   1        TR0=1;              // start timer              
  46   1        for(a=0;a<c1;a++)       // rotate loop between 5 to 15
  47   1          {
  48   2          while(TF0==0);        // wait until timer overflow
  49   2          TF0=0;            // reset the flag
  50   2          }
  51   1        TR0=0;              // stop timer 
  52   1      }
  53          
  54          void main()
  55          {
C51 COMPILER V9.52.0.0   PWM                                                               05/02/2015 03:29:45 PAGE 2   

  56   1        P3=1; // define port 3 as input port
  57   1        P2=1;
  58   1        pwm_setup();
  59   1        P3=0;
  60   1        INC=1;
  61   1        DEC=1;
  62   1        P2_1 =0;
  63   1        P2_0 = 0;
  64   1        while(1)
  65   1        {
  66   2          if( INC == 0)  // increase the speed
  67   2          {  
  68   3              pwm_width++;
  69   3              if(pwm_width >= 255)
  70   3                pwm_width=255;
  71   3          }
  72   2          if( DEC == 0) // decrease the speed
  73   2          {
  74   3              pwm_width--;
  75   3              if(pwm_width <= 0)
  76   3                pwm_width=0;
  77   3          } 
  78   2          delay(10);
  79   2       }
  80   1                     
  81   1      }


MODULE INFORMATION:   STATIC OVERLAYABLE
   CODE SIZE        =    141    ----
   CONSTANT SIZE    =   ----    ----
   XDATA SIZE       =   ----    ----
   PDATA SIZE       =   ----    ----
   DATA SIZE        =      1    ----
   IDATA SIZE       =   ----    ----
   BIT SIZE         =      1    ----
END OF MODULE INFORMATION.


C51 COMPILATION COMPLETE.  0 WARNING(S),  0 ERROR(S)
