C51 COMPILER V9.52.0.0   8051_BASED_TRAIN_GATE_CONTROL                                     01/10/2015 12:40:18 PAGE 1   


C51 COMPILER V9.52.0.0, COMPILATION OF MODULE 8051_BASED_TRAIN_GATE_CONTROL
OBJECT MODULE PLACED IN 8051 Based Train Gate Control.OBJ
COMPILER INVOKED BY: C:\Keil\C51\BIN\C51.EXE 8051 Based Train Gate Control.c BROWSE DEBUG OBJECTEXTEND TABS(2)

line level    source

   1          #include<reg51.h>
   2          sbit motor1 = P2^1;
   3          sbit motor2 = P2^2;
   4          sbit module1 = P0^0;
   5          sbit module2 = P0^1;
   6          void msDelay(unsigned int x)
   7          {
   8   1           unsigned int i,j;
   9   1           for(i=0;i<x;i++)
  10   1           for(j=0;j<1275;j++);
  11   1      }
  12          void main()
  13          {
  14   1      P2=0x00;
  15   1      P0=0xFF;
  16   1          while(1)
  17   1           {
  18   2                if( module1 == 1)
  19   2                {
  20   3                motor1 = 1;
  21   3                 msDelay(100);
  22   3                 motor1 = 0;
  23   3                 msDelay(100);
  24   3                 }
  25   2              
  26   2                if( module2== 1)
  27   2                {
  28   3                 motor2 = 1;
  29   3                 msDelay(100);
  30   3                 motor2 = 0;
  31   3                 msDelay(100);
  32   3                 }   
  33   2           }
  34   1      }
  35           


MODULE INFORMATION:   STATIC OVERLAYABLE
   CODE SIZE        =     74    ----
   CONSTANT SIZE    =   ----    ----
   XDATA SIZE       =   ----    ----
   PDATA SIZE       =   ----    ----
   DATA SIZE        =   ----    ----
   IDATA SIZE       =   ----    ----
   BIT SIZE         =   ----    ----
END OF MODULE INFORMATION.


C51 COMPILATION COMPLETE.  0 WARNING(S),  0 ERROR(S)
