;  LST file generated by mikroListExporter - v.2.0 
; Date/Time: 4/12/2015 3:28:39 PM
;----------------------------------------------

;Address Opcode 	ASM
0x0000	0x2901      	GOTO       257
_Delay_50us:
;__Lib_Delays.c,19 :: 		void Delay_50us() {
;__Lib_Delays.c,20 :: 		Delay_us(50);
0x0003	0x3010      	MOVLW      16
0x0004	0x1283      	BCF        STATUS, 5
0x0005	0x1303      	BCF        STATUS, 6
0x0006	0x00FD      	MOVWF      R13
L_Delay_50us2:
0x0007	0x0BFD      	DECFSZ     R13, 1
0x0008	0x2807      	GOTO       L_Delay_50us2
0x0009	0x0000      	NOP
;__Lib_Delays.c,21 :: 		}
L_end_Delay_50us:
0x000A	0x0008      	RETURN
; end of _Delay_50us
_Delay_5500us:
;__Lib_Delays.c,31 :: 		void Delay_5500us() {
;__Lib_Delays.c,32 :: 		Delay_us(5500);
0x000B	0x3008      	MOVLW      8
0x000C	0x1283      	BCF        STATUS, 5
0x000D	0x1303      	BCF        STATUS, 6
0x000E	0x00FC      	MOVWF      R12
0x000F	0x3023      	MOVLW      35
0x0010	0x00FD      	MOVWF      R13
L_Delay_5500us5:
0x0011	0x0BFD      	DECFSZ     R13, 1
0x0012	0x2811      	GOTO       L_Delay_5500us5
0x0013	0x0BFC      	DECFSZ     R12, 1
0x0014	0x2811      	GOTO       L_Delay_5500us5
;__Lib_Delays.c,33 :: 		}
L_end_Delay_5500us:
0x0015	0x0008      	RETURN
; end of _Delay_5500us
_Delay_1us:
;__Lib_Delays.c,7 :: 		void Delay_1us() {
;__Lib_Delays.c,8 :: 		Delay_us(1);
0x0016	0x0000      	NOP
;__Lib_Delays.c,9 :: 		}
L_end_Delay_1us:
0x0017	0x0008      	RETURN
; end of _Delay_1us
_Lcd_Cmd:
;__Lib_Lcd.c,18 :: 		
;__Lib_Lcd.c,20 :: 		
0x0018	0x1283      	BCF        STATUS, 5
0x0019	0x1303      	BCF        STATUS, 6
0x001A	0x1BB9      	BTFSC      FARG_Lcd_Cmd_out_char, 7
0x001B	0x281E      	GOTO       L__Lcd_Cmd21
0x001C	0x1387      	BCF        LCD_D7, BitPos(LCD_D7+0)
0x001D	0x281F      	GOTO       L__Lcd_Cmd22
L__Lcd_Cmd21:
0x001E	0x1787      	BSF        LCD_D7, BitPos(LCD_D7+0)
L__Lcd_Cmd22:
;__Lib_Lcd.c,21 :: 		
0x001F	0x1B39      	BTFSC      FARG_Lcd_Cmd_out_char, 6
0x0020	0x2823      	GOTO       L__Lcd_Cmd23
0x0021	0x1307      	BCF        LCD_D6, BitPos(LCD_D6+0)
0x0022	0x2824      	GOTO       L__Lcd_Cmd24
L__Lcd_Cmd23:
0x0023	0x1707      	BSF        LCD_D6, BitPos(LCD_D6+0)
L__Lcd_Cmd24:
;__Lib_Lcd.c,22 :: 		
0x0024	0x1AB9      	BTFSC      FARG_Lcd_Cmd_out_char, 5
0x0025	0x2828      	GOTO       L__Lcd_Cmd25
0x0026	0x1287      	BCF        LCD_D5, BitPos(LCD_D5+0)
0x0027	0x2829      	GOTO       L__Lcd_Cmd26
L__Lcd_Cmd25:
0x0028	0x1687      	BSF        LCD_D5, BitPos(LCD_D5+0)
L__Lcd_Cmd26:
;__Lib_Lcd.c,23 :: 		
0x0029	0x1A39      	BTFSC      FARG_Lcd_Cmd_out_char, 4
0x002A	0x282D      	GOTO       L__Lcd_Cmd27
0x002B	0x1207      	BCF        LCD_D4, BitPos(LCD_D4+0)
0x002C	0x282E      	GOTO       L__Lcd_Cmd28
L__Lcd_Cmd27:
0x002D	0x1607      	BSF        LCD_D4, BitPos(LCD_D4+0)
L__Lcd_Cmd28:
;__Lib_Lcd.c,25 :: 		
0x002E	0x1833      	BTFSC      __Lib_Lcd_cmd_status, BitPos(__Lib_Lcd_cmd_status+0)
0x002F	0x2832      	GOTO       L__Lcd_Cmd29
0x0030	0x1507      	BSF        LCD_RS, BitPos(LCD_RS+0)
0x0031	0x2833      	GOTO       L__Lcd_Cmd30
L__Lcd_Cmd29:
0x0032	0x1107      	BCF        LCD_RS, BitPos(LCD_RS+0)
L__Lcd_Cmd30:
;__Lib_Lcd.c,28 :: 		
0x0033	0x1587      	BSF        LCD_EN, BitPos(LCD_EN+0)
;__Lib_Lcd.c,29 :: 		
0x0034	0x2016      	CALL       _Delay_1us
;__Lib_Lcd.c,30 :: 		
0x0035	0x1187      	BCF        LCD_EN, BitPos(LCD_EN+0)
;__Lib_Lcd.c,33 :: 		
0x0036	0x19B9      	BTFSC      FARG_Lcd_Cmd_out_char, 3
0x0037	0x283A      	GOTO       L__Lcd_Cmd31
0x0038	0x1387      	BCF        LCD_D7, BitPos(LCD_D7+0)
0x0039	0x283B      	GOTO       L__Lcd_Cmd32
L__Lcd_Cmd31:
0x003A	0x1787      	BSF        LCD_D7, BitPos(LCD_D7+0)
L__Lcd_Cmd32:
;__Lib_Lcd.c,34 :: 		
0x003B	0x1939      	BTFSC      FARG_Lcd_Cmd_out_char, 2
0x003C	0x283F      	GOTO       L__Lcd_Cmd33
0x003D	0x1307      	BCF        LCD_D6, BitPos(LCD_D6+0)
0x003E	0x2840      	GOTO       L__Lcd_Cmd34
L__Lcd_Cmd33:
0x003F	0x1707      	BSF        LCD_D6, BitPos(LCD_D6+0)
L__Lcd_Cmd34:
;__Lib_Lcd.c,35 :: 		
0x0040	0x18B9      	BTFSC      FARG_Lcd_Cmd_out_char, 1
0x0041	0x2844      	GOTO       L__Lcd_Cmd35
0x0042	0x1287      	BCF        LCD_D5, BitPos(LCD_D5+0)
0x0043	0x2845      	GOTO       L__Lcd_Cmd36
L__Lcd_Cmd35:
0x0044	0x1687      	BSF        LCD_D5, BitPos(LCD_D5+0)
L__Lcd_Cmd36:
;__Lib_Lcd.c,36 :: 		
0x0045	0x1839      	BTFSC      FARG_Lcd_Cmd_out_char, 0
0x0046	0x2849      	GOTO       L__Lcd_Cmd37
0x0047	0x1207      	BCF        LCD_D4, BitPos(LCD_D4+0)
0x0048	0x284A      	GOTO       L__Lcd_Cmd38
L__Lcd_Cmd37:
0x0049	0x1607      	BSF        LCD_D4, BitPos(LCD_D4+0)
L__Lcd_Cmd38:
;__Lib_Lcd.c,38 :: 		
0x004A	0x1833      	BTFSC      __Lib_Lcd_cmd_status, BitPos(__Lib_Lcd_cmd_status+0)
0x004B	0x284E      	GOTO       L__Lcd_Cmd39
0x004C	0x1507      	BSF        LCD_RS, BitPos(LCD_RS+0)
0x004D	0x284F      	GOTO       L__Lcd_Cmd40
L__Lcd_Cmd39:
0x004E	0x1107      	BCF        LCD_RS, BitPos(LCD_RS+0)
L__Lcd_Cmd40:
;__Lib_Lcd.c,40 :: 		
0x004F	0x1587      	BSF        LCD_EN, BitPos(LCD_EN+0)
;__Lib_Lcd.c,41 :: 		
0x0050	0x2016      	CALL       _Delay_1us
;__Lib_Lcd.c,42 :: 		
0x0051	0x1187      	BCF        LCD_EN, BitPos(LCD_EN+0)
;__Lib_Lcd.c,44 :: 		
0x0052	0x1C33      	BTFSS      __Lib_Lcd_cmd_status, BitPos(__Lib_Lcd_cmd_status+0)
0x0053	0x2856      	GOTO       L_Lcd_Cmd0
;__Lib_Lcd.c,45 :: 		
0x0054	0x200B      	CALL       _Delay_5500us
0x0055	0x2857      	GOTO       L_Lcd_Cmd1
L_Lcd_Cmd0:
;__Lib_Lcd.c,47 :: 		
0x0056	0x2003      	CALL       _Delay_50us
L_Lcd_Cmd1:
;__Lib_Lcd.c,48 :: 		
L_end_Lcd_Cmd:
0x0057	0x0008      	RETURN
; end of _Lcd_Cmd
_____DoICP:
;__Lib_System.c,6 :: 		
;__Lib_System.c,9 :: 		
0x0058	0x1283      	BCF        STATUS, 5
0x0059	0x1303      	BCF        STATUS, 6
0x005A	0x0832      	MOVF       ___DoICPAddr+1, 0
0x005B	0x008A      	MOVWF      PCLATH
;__Lib_System.c,10 :: 		
0x005C	0x0831      	MOVF       ___DoICPAddr, 0
0x005D	0x0082      	MOVWF      PCL
;__Lib_System.c,12 :: 		
L_end_____DoICP:
0x005E	0x0008      	RETURN
; end of _____DoICP
_Lcd_Chr_CP:
;__Lib_Lcd.c,50 :: 		
;__Lib_Lcd.c,52 :: 		
0x005F	0x1283      	BCF        STATUS, 5
0x0060	0x1303      	BCF        STATUS, 6
0x0061	0x1033      	BCF        __Lib_Lcd_cmd_status, BitPos(__Lib_Lcd_cmd_status+0)
;__Lib_Lcd.c,53 :: 		
0x0062	0x0838      	MOVF       FARG_Lcd_Chr_CP_out_char, 0
0x0063	0x00B9      	MOVWF      FARG_Lcd_Cmd_out_char
0x0064	0x2018      	CALL       _Lcd_Cmd
;__Lib_Lcd.c,54 :: 		
0x0065	0x1433      	BSF        __Lib_Lcd_cmd_status, BitPos(__Lib_Lcd_cmd_status+0)
;__Lib_Lcd.c,55 :: 		
L_end_Lcd_Chr_CP:
0x0066	0x0008      	RETURN
; end of _Lcd_Chr_CP
_Lcd_Init:
;__Lib_Lcd.c,84 :: 		
;__Lib_Lcd.c,86 :: 		
0x0067	0x1683      	BSF        STATUS, 5
0x0068	0x1303      	BCF        STATUS, 6
0x0069	0x1187      	BCF        LCD_EN_Direction, BitPos(LCD_EN_Direction+0)
;__Lib_Lcd.c,87 :: 		
0x006A	0x1107      	BCF        LCD_RS_Direction, BitPos(LCD_RS_Direction+0)
;__Lib_Lcd.c,88 :: 		
0x006B	0x1207      	BCF        LCD_D4_Direction, BitPos(LCD_D4_Direction+0)
;__Lib_Lcd.c,89 :: 		
0x006C	0x1287      	BCF        LCD_D5_Direction, BitPos(LCD_D5_Direction+0)
;__Lib_Lcd.c,90 :: 		
0x006D	0x1307      	BCF        LCD_D6_Direction, BitPos(LCD_D6_Direction+0)
;__Lib_Lcd.c,91 :: 		
0x006E	0x1387      	BCF        LCD_D7_Direction, BitPos(LCD_D7_Direction+0)
;__Lib_Lcd.c,93 :: 		
0x006F	0x1283      	BCF        STATUS, 5
0x0070	0x1187      	BCF        LCD_EN, BitPos(LCD_EN+0)
;__Lib_Lcd.c,94 :: 		
0x0071	0x1107      	BCF        LCD_RS, BitPos(LCD_RS+0)
;__Lib_Lcd.c,95 :: 		
0x0072	0x1387      	BCF        LCD_D7, BitPos(LCD_D7+0)
;__Lib_Lcd.c,96 :: 		
0x0073	0x1307      	BCF        LCD_D6, BitPos(LCD_D6+0)
;__Lib_Lcd.c,97 :: 		
0x0074	0x1287      	BCF        LCD_D5, BitPos(LCD_D5+0)
;__Lib_Lcd.c,98 :: 		
0x0075	0x1207      	BCF        LCD_D4, BitPos(LCD_D4+0)
;__Lib_Lcd.c,100 :: 		
0x0076	0x200B      	CALL       _Delay_5500us
;__Lib_Lcd.c,101 :: 		
0x0077	0x200B      	CALL       _Delay_5500us
;__Lib_Lcd.c,102 :: 		
0x0078	0x200B      	CALL       _Delay_5500us
;__Lib_Lcd.c,105 :: 		
0x0079	0x1687      	BSF        LCD_D5, BitPos(LCD_D5+0)
;__Lib_Lcd.c,106 :: 		
0x007A	0x1607      	BSF        LCD_D4, BitPos(LCD_D4+0)
;__Lib_Lcd.c,107 :: 		
0x007B	0x1587      	BSF        LCD_EN, BitPos(LCD_EN+0)
;__Lib_Lcd.c,108 :: 		
0x007C	0x2016      	CALL       _Delay_1us
;__Lib_Lcd.c,109 :: 		
0x007D	0x1187      	BCF        LCD_EN, BitPos(LCD_EN+0)
;__Lib_Lcd.c,110 :: 		
0x007E	0x200B      	CALL       _Delay_5500us
;__Lib_Lcd.c,112 :: 		
0x007F	0x1587      	BSF        LCD_EN, BitPos(LCD_EN+0)
;__Lib_Lcd.c,113 :: 		
0x0080	0x2016      	CALL       _Delay_1us
;__Lib_Lcd.c,114 :: 		
0x0081	0x1187      	BCF        LCD_EN, BitPos(LCD_EN+0)
;__Lib_Lcd.c,115 :: 		
0x0082	0x200B      	CALL       _Delay_5500us
;__Lib_Lcd.c,117 :: 		
0x0083	0x1587      	BSF        LCD_EN, BitPos(LCD_EN+0)
;__Lib_Lcd.c,118 :: 		
0x0084	0x2016      	CALL       _Delay_1us
;__Lib_Lcd.c,119 :: 		
0x0085	0x1187      	BCF        LCD_EN, BitPos(LCD_EN+0)
;__Lib_Lcd.c,120 :: 		
0x0086	0x200B      	CALL       _Delay_5500us
;__Lib_Lcd.c,123 :: 		
0x0087	0x1207      	BCF        LCD_D4, BitPos(LCD_D4+0)
;__Lib_Lcd.c,124 :: 		
0x0088	0x1587      	BSF        LCD_EN, BitPos(LCD_EN+0)
;__Lib_Lcd.c,125 :: 		
0x0089	0x2016      	CALL       _Delay_1us
;__Lib_Lcd.c,126 :: 		
0x008A	0x1187      	BCF        LCD_EN, BitPos(LCD_EN+0)
;__Lib_Lcd.c,127 :: 		
0x008B	0x200B      	CALL       _Delay_5500us
;__Lib_Lcd.c,130 :: 		
0x008C	0x1587      	BSF        LCD_EN, BitPos(LCD_EN+0)
;__Lib_Lcd.c,131 :: 		
0x008D	0x2016      	CALL       _Delay_1us
;__Lib_Lcd.c,132 :: 		
0x008E	0x1187      	BCF        LCD_EN, BitPos(LCD_EN+0)
;__Lib_Lcd.c,134 :: 		
0x008F	0x1287      	BCF        LCD_D5, BitPos(LCD_D5+0)
;__Lib_Lcd.c,135 :: 		
0x0090	0x1787      	BSF        LCD_D7, BitPos(LCD_D7+0)
;__Lib_Lcd.c,136 :: 		
0x0091	0x1587      	BSF        LCD_EN, BitPos(LCD_EN+0)
;__Lib_Lcd.c,137 :: 		
0x0092	0x2016      	CALL       _Delay_1us
;__Lib_Lcd.c,138 :: 		
0x0093	0x1187      	BCF        LCD_EN, BitPos(LCD_EN+0)
;__Lib_Lcd.c,139 :: 		
0x0094	0x200B      	CALL       _Delay_5500us
;__Lib_Lcd.c,142 :: 		
0x0095	0x1387      	BCF        LCD_D7, BitPos(LCD_D7+0)
;__Lib_Lcd.c,143 :: 		
0x0096	0x1607      	BSF        LCD_D4, BitPos(LCD_D4+0)
;__Lib_Lcd.c,144 :: 		
0x0097	0x1587      	BSF        LCD_EN, BitPos(LCD_EN+0)
;__Lib_Lcd.c,145 :: 		
0x0098	0x2016      	CALL       _Delay_1us
;__Lib_Lcd.c,146 :: 		
0x0099	0x1187      	BCF        LCD_EN, BitPos(LCD_EN+0)
;__Lib_Lcd.c,148 :: 		
0x009A	0x1207      	BCF        LCD_D4, BitPos(LCD_D4+0)
;__Lib_Lcd.c,149 :: 		
0x009B	0x1587      	BSF        LCD_EN, BitPos(LCD_EN+0)
;__Lib_Lcd.c,150 :: 		
0x009C	0x2016      	CALL       _Delay_1us
;__Lib_Lcd.c,151 :: 		
0x009D	0x1187      	BCF        LCD_EN, BitPos(LCD_EN+0)
;__Lib_Lcd.c,152 :: 		
0x009E	0x200B      	CALL       _Delay_5500us
;__Lib_Lcd.c,155 :: 		
0x009F	0x1587      	BSF        LCD_EN, BitPos(LCD_EN+0)
;__Lib_Lcd.c,156 :: 		
0x00A0	0x2016      	CALL       _Delay_1us
;__Lib_Lcd.c,157 :: 		
0x00A1	0x1187      	BCF        LCD_EN, BitPos(LCD_EN+0)
;__Lib_Lcd.c,159 :: 		
0x00A2	0x1607      	BSF        LCD_D4, BitPos(LCD_D4+0)
;__Lib_Lcd.c,160 :: 		
0x00A3	0x1587      	BSF        LCD_EN, BitPos(LCD_EN+0)
;__Lib_Lcd.c,161 :: 		
0x00A4	0x2016      	CALL       _Delay_1us
;__Lib_Lcd.c,162 :: 		
0x00A5	0x1187      	BCF        LCD_EN, BitPos(LCD_EN+0)
;__Lib_Lcd.c,163 :: 		
0x00A6	0x200B      	CALL       _Delay_5500us
;__Lib_Lcd.c,166 :: 		
0x00A7	0x1207      	BCF        LCD_D4, BitPos(LCD_D4+0)
;__Lib_Lcd.c,167 :: 		
0x00A8	0x1587      	BSF        LCD_EN, BitPos(LCD_EN+0)
;__Lib_Lcd.c,168 :: 		
0x00A9	0x2016      	CALL       _Delay_1us
;__Lib_Lcd.c,169 :: 		
0x00AA	0x1187      	BCF        LCD_EN, BitPos(LCD_EN+0)
;__Lib_Lcd.c,171 :: 		
0x00AB	0x1787      	BSF        LCD_D7, BitPos(LCD_D7+0)
;__Lib_Lcd.c,172 :: 		
0x00AC	0x1707      	BSF        LCD_D6, BitPos(LCD_D6+0)
;__Lib_Lcd.c,173 :: 		
0x00AD	0x1687      	BSF        LCD_D5, BitPos(LCD_D5+0)
;__Lib_Lcd.c,174 :: 		
0x00AE	0x1607      	BSF        LCD_D4, BitPos(LCD_D4+0)
;__Lib_Lcd.c,175 :: 		
0x00AF	0x1587      	BSF        LCD_EN, BitPos(LCD_EN+0)
;__Lib_Lcd.c,176 :: 		
0x00B0	0x2016      	CALL       _Delay_1us
;__Lib_Lcd.c,177 :: 		
0x00B1	0x1187      	BCF        LCD_EN, BitPos(LCD_EN+0)
;__Lib_Lcd.c,179 :: 		
0x00B2	0x200B      	CALL       _Delay_5500us
;__Lib_Lcd.c,181 :: 		
0x00B3	0x1433      	BSF        __Lib_Lcd_cmd_status, BitPos(__Lib_Lcd_cmd_status+0)
;__Lib_Lcd.c,182 :: 		
L_end_Lcd_Init:
0x00B4	0x0008      	RETURN
; end of _Lcd_Init
_Lcd_Out:
;__Lib_Lcd.c,184 :: 		
;__Lib_Lcd.c,187 :: 		
0x00B5	0x28C7      	GOTO       L_Lcd_Out11
;__Lib_Lcd.c,188 :: 		
L_Lcd_Out13:
0x00B6	0x3080      	MOVLW      128
0x00B7	0x1283      	BCF        STATUS, 5
0x00B8	0x1303      	BCF        STATUS, 6
0x00B9	0x00B4      	MOVWF      FARG_Lcd_Out_row
0x00BA	0x28DA      	GOTO       L_Lcd_Out12
;__Lib_Lcd.c,189 :: 		
L_Lcd_Out14:
0x00BB	0x30C0      	MOVLW      192
0x00BC	0x00B4      	MOVWF      FARG_Lcd_Out_row
0x00BD	0x28DA      	GOTO       L_Lcd_Out12
;__Lib_Lcd.c,190 :: 		
L_Lcd_Out15:
0x00BE	0x3094      	MOVLW      148
0x00BF	0x00B4      	MOVWF      FARG_Lcd_Out_row
0x00C0	0x28DA      	GOTO       L_Lcd_Out12
;__Lib_Lcd.c,191 :: 		
L_Lcd_Out16:
0x00C1	0x30D4      	MOVLW      212
0x00C2	0x00B4      	MOVWF      FARG_Lcd_Out_row
0x00C3	0x28DA      	GOTO       L_Lcd_Out12
;__Lib_Lcd.c,192 :: 		
L_Lcd_Out17:
0x00C4	0x3080      	MOVLW      128
0x00C5	0x00B4      	MOVWF      FARG_Lcd_Out_row
;__Lib_Lcd.c,193 :: 		
0x00C6	0x28DA      	GOTO       L_Lcd_Out12
L_Lcd_Out11:
0x00C7	0x1283      	BCF        STATUS, 5
0x00C8	0x1303      	BCF        STATUS, 6
0x00C9	0x0834      	MOVF       FARG_Lcd_Out_row, 0
0x00CA	0x3A01      	XORLW      1
0x00CB	0x1903      	BTFSC      STATUS, 2
0x00CC	0x28B6      	GOTO       L_Lcd_Out13
0x00CD	0x0834      	MOVF       FARG_Lcd_Out_row, 0
0x00CE	0x3A02      	XORLW      2
0x00CF	0x1903      	BTFSC      STATUS, 2
0x00D0	0x28BB      	GOTO       L_Lcd_Out14
0x00D1	0x0834      	MOVF       FARG_Lcd_Out_row, 0
0x00D2	0x3A03      	XORLW      3
0x00D3	0x1903      	BTFSC      STATUS, 2
0x00D4	0x28BE      	GOTO       L_Lcd_Out15
0x00D5	0x0834      	MOVF       FARG_Lcd_Out_row, 0
0x00D6	0x3A04      	XORLW      4
0x00D7	0x1903      	BTFSC      STATUS, 2
0x00D8	0x28C1      	GOTO       L_Lcd_Out16
0x00D9	0x28C4      	GOTO       L_Lcd_Out17
L_Lcd_Out12:
;__Lib_Lcd.c,194 :: 		
0x00DA	0x0335      	DECF       FARG_Lcd_Out_column, 0
0x00DB	0x00F0      	MOVWF      R0
0x00DC	0x0834      	MOVF       FARG_Lcd_Out_row, 0
0x00DD	0x07F0      	ADDWF      R0, 1
0x00DE	0x0870      	MOVF       R0, 0
0x00DF	0x00B4      	MOVWF      FARG_Lcd_Out_row
;__Lib_Lcd.c,196 :: 		
0x00E0	0x0870      	MOVF       R0, 0
0x00E1	0x00B9      	MOVWF      FARG_Lcd_Cmd_out_char
0x00E2	0x2018      	CALL       _Lcd_Cmd
;__Lib_Lcd.c,197 :: 		
0x00E3	0x1033      	BCF        __Lib_Lcd_cmd_status, BitPos(__Lib_Lcd_cmd_status+0)
;__Lib_Lcd.c,198 :: 		
0x00E4	0x01B7      	CLRF       Lcd_Out_i_L0
;__Lib_Lcd.c,199 :: 		
L_Lcd_Out18:
0x00E5	0x0837      	MOVF       Lcd_Out_i_L0, 0
0x00E6	0x0736      	ADDWF      FARG_Lcd_Out_text, 0
0x00E7	0x0084      	MOVWF      FSR
0x00E8	0x0800      	MOVF       INDF, 0
0x00E9	0x1903      	BTFSC      STATUS, 2
0x00EA	0x28F3      	GOTO       L_Lcd_Out19
;__Lib_Lcd.c,200 :: 		
0x00EB	0x0837      	MOVF       Lcd_Out_i_L0, 0
0x00EC	0x0736      	ADDWF      FARG_Lcd_Out_text, 0
0x00ED	0x0084      	MOVWF      FSR
0x00EE	0x0800      	MOVF       INDF, 0
0x00EF	0x00B8      	MOVWF      FARG_Lcd_Chr_CP_out_char
0x00F0	0x205F      	CALL       _Lcd_Chr_CP
0x00F1	0x0AB7      	INCF       Lcd_Out_i_L0, 1
0x00F2	0x28E5      	GOTO       L_Lcd_Out18
L_Lcd_Out19:
;__Lib_Lcd.c,201 :: 		
0x00F3	0x1433      	BSF        __Lib_Lcd_cmd_status, BitPos(__Lib_Lcd_cmd_status+0)
;__Lib_Lcd.c,202 :: 		
L_end_Lcd_Out:
0x00F4	0x0008      	RETURN
; end of _Lcd_Out
___CC2DW:
;__Lib_System.c,134 :: 		
;__Lib_System.c,137 :: 		
_CC2D_Loop1:
;__Lib_System.c,139 :: 		
0x00F5	0x2058      	CALL       _____DoICP
0x00F6	0x118A      	BCF        PCLATH, 3
0x00F7	0x120A      	BCF        PCLATH, 4
;__Lib_System.c,141 :: 		
0x00F8	0x0080      	MOVWF      INDF
;__Lib_System.c,142 :: 		
0x00F9	0x0A84      	INCF       FSR, 1
;__Lib_System.c,143 :: 		
0x00FA	0x0AB1      	INCF       ___DoICPAddr, 1
;__Lib_System.c,145 :: 		
0x00FB	0x1903      	BTFSC      STATUS, 2
;__Lib_System.c,146 :: 		
0x00FC	0x0AB2      	INCF       ___DoICPAddr+1, 1
;__Lib_System.c,147 :: 		
0x00FD	0x03F0      	DECF       R0, 1
;__Lib_System.c,149 :: 		
0x00FE	0x1D03      	BTFSS      STATUS, 2
;__Lib_System.c,150 :: 		
0x00FF	0x28F5      	GOTO       _CC2D_Loop1
;__Lib_System.c,152 :: 		
L_end___CC2DW:
0x0100	0x0008      	RETURN
; end of ___CC2DW
_main:
0x0101	0x3063      	MOVLW      99
0x0102	0x1283      	BCF        STATUS, 5
0x0103	0x1303      	BCF        STATUS, 6
0x0104	0x00A0      	MOVWF      ?lstr1_lcd_32interfacing_32with_32pic
0x0105	0x306F      	MOVLW      111
0x0106	0x00A1      	MOVWF      33
0x0107	0x306D      	MOVLW      109
0x0108	0x00A2      	MOVWF      34
0x0109	0x3070      	MOVLW      112
0x010A	0x00A3      	MOVWF      35
0x010B	0x3075      	MOVLW      117
0x010C	0x00A4      	MOVWF      36
0x010D	0x3074      	MOVLW      116
0x010E	0x00A5      	MOVWF      37
0x010F	0x3072      	MOVLW      114
0x0110	0x00A6      	MOVWF      38
0x0111	0x306F      	MOVLW      111
0x0112	0x00A7      	MOVWF      39
0x0113	0x306E      	MOVLW      110
0x0114	0x00A8      	MOVWF      40
0x0115	0x3069      	MOVLW      105
0x0116	0x00A9      	MOVWF      41
0x0117	0x3063      	MOVLW      99
0x0118	0x00AA      	MOVWF      42
0x0119	0x3073      	MOVLW      115
0x011A	0x00AB      	MOVWF      43
0x011B	0x3020      	MOVLW      32
0x011C	0x00AC      	MOVWF      44
0x011D	0x306C      	MOVLW      108
0x011E	0x00AD      	MOVWF      45
0x011F	0x3061      	MOVLW      97
0x0120	0x00AE      	MOVWF      46
0x0121	0x3062      	MOVLW      98
0x0122	0x00AF      	MOVWF      47
0x0123	0x01B0      	CLRF       48
;lcd interfacing with pic.c,15 :: 		void main()
;lcd interfacing with pic.c,17 :: 		Lcd_Init(); // Initialize LCD
0x0124	0x2067      	CALL       _Lcd_Init
;lcd interfacing with pic.c,18 :: 		Lcd_Cmd(_LCD_CLEAR); // Clear display
0x0125	0x3001      	MOVLW      1
0x0126	0x00B9      	MOVWF      FARG_Lcd_Cmd_out_char
0x0127	0x2018      	CALL       _Lcd_Cmd
;lcd interfacing with pic.c,19 :: 		Lcd_Cmd(_LCD_CURSOR_OFF); // Cursor off
0x0128	0x300C      	MOVLW      12
0x0129	0x00B9      	MOVWF      FARG_Lcd_Cmd_out_char
0x012A	0x2018      	CALL       _Lcd_Cmd
;lcd interfacing with pic.c,20 :: 		Lcd_Out(1,1,"computronics lab");//Write text'Hello World' in first row
0x012B	0x3001      	MOVLW      1
0x012C	0x00B4      	MOVWF      FARG_Lcd_Out_row
0x012D	0x3001      	MOVLW      1
0x012E	0x00B5      	MOVWF      FARG_Lcd_Out_column
0x012F	0x3020      	MOVLW      ?lstr1_lcd_32interfacing_32with_32pic
0x0130	0x00B6      	MOVWF      FARG_Lcd_Out_text
0x0131	0x20B5      	CALL       _Lcd_Out
;lcd interfacing with pic.c,21 :: 		}
L_end_main:
0x0132	0x2932      	GOTO       $+0
; end of _main
Symbol List:
//** Routines locations **
//ADDRESS    SIZE    PROCEDURE
//----------------------------------------------
0x0003       [8]    _Delay_50us
0x000B      [11]    _Delay_5500us
0x0016       [2]    _Delay_1us
0x0018      [64]    _Lcd_Cmd
0x0058       [7]    _____DoICP
0x005F       [8]    _Lcd_Chr_CP
0x0067      [78]    _Lcd_Init
0x00B5      [64]    _Lcd_Out
0x00F5      [12]    ___CC2DW
0x0101      [50]    _main
//** Variables locations ** 
//ADDRESS    SIZE    VARIABLE
//----------------------------------------------
0x0000       [1]    INDF
0x0002       [1]    PCL
0x0003       [1]    STATUS
0x0004       [1]    FSR
0x0007       [0]    LCD_D5
0x0007       [0]    LCD_D4
0x0007       [0]    RC7_bit
0x0007       [0]    LCD_D6
0x0007       [0]    LCD_EN
0x0007       [0]    LCD_RS
0x0007       [0]    LCD_D7
0x0007       [0]    RC4_bit
0x0007       [0]    RC5_bit
0x0007       [0]    RC3_bit
0x0007       [0]    RC6_bit
0x0007       [0]    RC2_bit
0x000A       [1]    PCLATH
0x0020      [17]    ?lstr1_lcd_32interfacing_32with_32pic
0x0031       [2]    ___DoICPAddr
0x0033       [0]    __Lib_Lcd_cmd_status
0x0034       [1]    FARG_Lcd_Out_row
0x0035       [1]    FARG_Lcd_Out_column
0x0036       [1]    FARG_Lcd_Out_text
0x0037       [1]    Lcd_Out_i_L0
0x0038       [1]    FARG_Lcd_Chr_CP_out_char
0x0039       [1]    FARG_Lcd_Cmd_out_char
0x0070       [1]    R0
0x0071       [1]    R1
0x0072       [1]    R2
0x0073       [1]    R3
0x0074       [1]    R4
0x0075       [1]    R5
0x0076       [1]    R6
0x0077       [1]    R7
0x0078       [1]    R8
0x0079       [1]    R9
0x007A       [1]    R10
0x007B       [1]    R11
0x007C       [1]    R12
0x007D       [1]    R13
0x007E       [1]    R14
0x007F       [1]    R15
0x0087       [0]    TRISC7_bit
0x0087       [0]    LCD_D6_Direction
0x0087       [0]    LCD_D5_Direction
0x0087       [0]    TRISC6_bit
0x0087       [0]    TRISC4_bit
0x0087       [0]    TRISC5_bit
0x0087       [0]    LCD_D7_Direction
0x0087       [0]    TRISC2_bit
0x0087       [0]    TRISC3_bit
0x0087       [0]    LCD_D4_Direction
0x0087       [0]    LCD_EN_Direction
0x0087       [0]    LCD_RS_Direction
//** Label List: ** 
//----------------------------------------------
  L_end_main
  _main
  L_Delay_10us0
  L_Delay_22us1
  L_Delay_50us2
  L_Delay_80us3
  L_Delay_500us4
  L_Delay_5500us5
  L_Delay_1ms6
  L_Delay_5ms7
  L_Delay_8ms8
  L_Delay_10ms9
  L_Delay_100ms10
  L_Delay_1sec11
  L_boot16_Delay_5ms12
  L_Delay_Cyc13
  L_Delay_Cyc14
  L_VDelay_ms15
  L_VDelay_ms16
  L_VDelay_ms17
  L_VDelay_Advanced_ms18
  L_VDelay_Advanced_ms19
  L_VDelay_Advanced_ms20
  L_end_Get_Fosc_kHz
  _Get_Fosc_kHz
  L_end_Delay_1us
  _Delay_1us
  L_end_Delay_10us
  _Delay_10us
  L_end_Delay_22us
  _Delay_22us
  L_end_Delay_50us
  _Delay_50us
  L_end_Delay_80us
  _Delay_80us
  L_end_Delay_500us
  _Delay_500us
  L_end_Delay_5500us
  _Delay_5500us
  L_end_Delay_1ms
  _Delay_1ms
  L_end_Delay_5ms
  _Delay_5ms
  L_end_Delay_8ms
  _Delay_8ms
  L_end_Delay_10ms
  _Delay_10ms
  L_end_Delay_100ms
  _Delay_100ms
  L_end_Delay_1sec
  _Delay_1sec
  L_end_boot16_Delay_5ms
  _boot16_Delay_5ms
  L_end_Delay_Cyc
  _Delay_Cyc
  L_end_VDelay_ms
  _VDelay_ms
  L__VDelay_ms38
  L__VDelay_ms39
  L__VDelay_ms40
  L_end_VDelay_Advanced_ms
  _VDelay_Advanced_ms
  L__VDelay_Advanced_ms42
  L__VDelay_Advanced_ms43
  L__VDelay_Advanced_ms44
  L_Lcd_Cmd0
  L_Lcd_Cmd1
  L_Lcd_Out_CP2
  L_Lcd_Out_CP3
  L_Lcd_Chr4
  L_Lcd_Chr5
  L_Lcd_Chr6
  L_Lcd_Chr7
  L_Lcd_Chr8
  L_Lcd_Chr9
  L_Lcd_Chr10
  L_Lcd_Out11
  L_Lcd_Out12
  L_Lcd_Out13
  L_Lcd_Out14
  L_Lcd_Out15
  L_Lcd_Out16
  L_Lcd_Out17
  L_Lcd_Out18
  L_Lcd_Out19
  L_end_Lcd_Cmd
  _Lcd_Cmd
  L__Lcd_Cmd21
  L__Lcd_Cmd22
  L__Lcd_Cmd23
  L__Lcd_Cmd24
  L__Lcd_Cmd25
  L__Lcd_Cmd26
  L__Lcd_Cmd27
  L__Lcd_Cmd28
  L__Lcd_Cmd29
  L__Lcd_Cmd30
  L__Lcd_Cmd31
  L__Lcd_Cmd32
  L__Lcd_Cmd33
  L__Lcd_Cmd34
  L__Lcd_Cmd35
  L__Lcd_Cmd36
  L__Lcd_Cmd37
  L__Lcd_Cmd38
  L__Lcd_Cmd39
  L__Lcd_Cmd40
  L_end_Lcd_Chr_CP
  _Lcd_Chr_CP
  L_end_Lcd_Out_CP
  _Lcd_Out_CP
  L_end_Lcd_Chr
  _Lcd_Chr
  L_end_Lcd_Init
  _Lcd_Init
  L_end_Lcd_Out
  _Lcd_Out
  L_loopCA2AWs
  L_CA2AWend
  _CCA2AW_Loop1
  L_loopCS2Ss
  L_CS2Send
  _CCS2S_Loop1
  L_CCS2Send
  L_loopFZinSWs
  L_FZinSend
  _CC2D_Loop1
  L_end_____DoICP
  _____DoICP
  L_end_____DoIFC
  _____DoIFC
  L_end___CA2AW
  ___CA2AW
  L_end___CCA2AW
  ___CCA2AW
  L_end___CS2S
  ___CS2S
  L_end___CCS2S
  ___CCS2S
  L_end___FZinS
  ___FZinS
  L_end___CC2DW
  ___CC2DW
  L_end_Swap
  _Swap
