C51 COMPILER V9.52.0.0   LED_BILINKING                                                     01/06/2015 14:55:04 PAGE 1   


C51 COMPILER V9.52.0.0, COMPILATION OF MODULE LED_BILINKING
OBJECT MODULE PLACED IN led bilinking.OBJ
COMPILER INVOKED BY: C:\Keil\C51\BIN\C51.EXE led bilinking.c BROWSE DEBUG OBJECTEXTEND TABS(2)

line level    source

   1          #include<reg51.h>
   2          sbit led0=P2^0;
   3          sbit led1=P2^1;
   4          sbit led2=P2^2;
   5          sbit led3=P2^3;
   6          sbit led4=P2^4;
   7          sbit led5=P2^5;
   8          sbit led6=P2^6;
   9          sbit led7=P2^7;
  10          void msDelay(unsigned int x)
  11          {
  12   1        unsigned int i,j;
  13   1        for(i=0;i<=x;i++)
  14   1        for(j=0;j<=1675;j++);
  15   1      }
  16          void main()
  17          {
  18   1        P2=0x00;
  19   1      while(1)
  20   1        {
  21   2      
  22   2        led0=1;
  23   2        msDelay(100);
  24   2          led2=1;
  25   2        msDelay(100);
  26   2          led4=1;
  27   2        msDelay(100);
  28   2          led6=1;
  29   2          msDelay(5);
  30   2        led0=0;
  31   2          msDelay(100);
  32   2        led2=0;
  33   2          msDelay(100);
  34   2        led4=0;
  35   2        msDelay(100);
  36   2        led6=0;
  37   2          msDelay(5);
  38   2      }
  39   1      }
  40          


MODULE INFORMATION:   STATIC OVERLAYABLE
   CODE SIZE        =     87    ----
   CONSTANT SIZE    =   ----    ----
   XDATA SIZE       =   ----    ----
   PDATA SIZE       =   ----    ----
   DATA SIZE        =   ----    ----
   IDATA SIZE       =   ----    ----
   BIT SIZE         =   ----    ----
END OF MODULE INFORMATION.


C51 COMPILATION COMPLETE.  0 WARNING(S),  0 ERROR(S)
