C51 COMPILER V9.52.0.0   LCD                                                               04/10/2015 03:15:23 PAGE 1   


C51 COMPILER V9.52.0.0, COMPILATION OF MODULE LCD
OBJECT MODULE PLACED IN LCD.OBJ
COMPILER INVOKED BY: G:\Program Files\Keil\C51\BIN\C51.EXE LCD.c BROWSE DEBUG OBJECTEXTEND TABS(2)

line level    source

   1          #include<reg52.h> //including sfr registers for ports of the controller
   2          #include<lcd.h>
   3          
   4          //LCD Module Connections
   5          sbit RS = P0^0;
   6          sbit EN = P0^1;
   7          sbit D0 = P2^0;
   8          sbit D1 = P2^1;
   9          sbit D2 = P2^2;
  10          sbit D3 = P2^3;
  11          sbit D4 = P2^4;
  12          sbit D5 = P2^5;
  13          sbit D6 = P2^6;
  14          sbit D7 = P2^7;
  15          //End LCD Module Connections
  16          
  17          //Keypad Connections
  18          sbit R1 = P1^0;
  19          sbit R2 = P1^1;
  20          sbit R3 = P1^2;
  21          sbit R4 = P1^3;
  22          sbit C1 = P1^4;
  23          sbit C2 = P1^5;
  24          sbit C3 = P1^6;
  25          sbit C4 = P1^7;
  26          //End Keypad Connections
  27          sbit relay = P3^2;
  28          void Delay(int a)
  29          {
  30   1        int j;
  31   1        int i;
  32   1        for(i=0;i<a;i++)
  33   1        {
  34   2          for(j=0;j<100;j++)
  35   2          {
  36   3          }
  37   2        }
  38   1      }
  39          
  40          char Read_Keypad()
  41          {
  42   1        C1=1;
  43   1        C2=1;
  44   1        C3=1;
  45   1        C4=1;
  46   1        R1=0;
  47   1        R2=1;
  48   1        R3=1;
  49   1        R4=1;
  50   1        if(C1==0){Delay(100);while(C1==0);return '1';}
  51   1        if(C2==0){Delay(100);while(C2==0);return '2';}
  52   1        if(C3==0){Delay(100);while(C3==0);return '3';}
  53   1        if(C4==0){Delay(100);while(C4==0);return 'A';}
  54   1        R1=1;
  55   1        R2=0;
C51 COMPILER V9.52.0.0   LCD                                                               04/10/2015 03:15:23 PAGE 2   

  56   1        R3=1;
  57   1        R4=1;
  58   1        if(C1==0){Delay(100);while(C1==0);return '4';}
  59   1        if(C2==0){Delay(100);while(C2==0);return '5';}
  60   1        if(C3==0){Delay(100);while(C3==0);return '6';}
  61   1        if(C4==0){Delay(100);while(C4==0);return 'B';}
  62   1        R1=1;
  63   1        R2=1;
  64   1        R3=0;
  65   1        R4=1;
  66   1        if(C1==0){Delay(100);while(C1==0);return '7';}
  67   1        if(C2==0){Delay(100);while(C2==0);return '8';}
  68   1        if(C3==0){Delay(100);while(C3==0);return '9';}
  69   1        if(C4==0){Delay(100);while(C4==0);return 'C';}
  70   1        R1=1;
  71   1        R2=1;
  72   1        R3=1;
  73   1        R4=0;
  74   1        if(C1==0){Delay(100);while(C1==0);return '*';}
  75   1        if(C2==0){Delay(100);while(C2==0);return '0';}
  76   1        if(C3==0){Delay(100);while(C3==0);return '#';}
  77   1        if(C4==0){Delay(100);while(C4==0);return 'D';}
  78   1        return 0;
  79   1      }
  80          
  81          void main()
  82          {
  83   1       int flag=0, i=0;
  84   1       char c,p;
  85   1      char pass[4];
  86   1      char org_pass[4];
  87   1      relay=1;
  88   1      org_pass[0]='1';
  89   1      org_pass[1]='2';
  90   1      org_pass[2]='3';
  91   1      org_pass[3]='4';
  92   1        
  93   1       Lcd8_Init();
  94   1      
  95   1      Lcd8_Set_Cursor(1,1);
  96   1      Lcd8_Write_String("Electronic Lock");
  97   1      Lcd8_Set_Cursor(2,1);
  98   1      Lcd8_Write_String("Press # or *");
  99   1      while(1)
 100   1      {
 101   2      Delay(100);
 102   2      while(!(c = Read_Keypad()));
 103   2      if (c == '*')
 104   2      {
 105   3      Lcd8_Clear();
 106   3      Lcd8_Set_Cursor(1,1);
 107   3      Lcd8_Write_String("Change Password:");   
 108   3      flag = 2;
 109   3      i=0;
 110   3      }
 111   2      else if (flag == 2)
 112   2      {
 113   3        org_pass[i] = c;
 114   3        i++;
 115   3        Lcd8_Set_Cursor(2,i);
 116   3        Lcd8_Write_String("*");
 117   3        if( i == 4)
C51 COMPILER V9.52.0.0   LCD                                                               04/10/2015 03:15:23 PAGE 3   

 118   3        {
 119   4          Lcd8_Set_Cursor(1,1);
 120   4          Lcd8_Write_String("Electronic Lock");
 121   4          Lcd8_Set_Cursor(2,1);
 122   4          Lcd8_Write_String("Press # or *");
 123   4          flag =0;
 124   4          i=0;
 125   4        }
 126   3      }
 127   2      if (c == '#')
 128   2      {
 129   3      Lcd8_Clear();
 130   3      Lcd8_Set_Cursor(1,1);
 131   3      Lcd8_Write_String("Enter Password:");   
 132   3      flag = 1;
 133   3      i=0;
 134   3      }
 135   2      else if (flag == 1)
 136   2      {
 137   3      pass[i] = c;
 138   3      i++;
 139   3       Lcd8_Set_Cursor(2,i);
 140   3      Lcd8_Write_String("*");
 141   3      
 142   3      if( i == 4)
 143   3      {
 144   4      Lcd8_Set_Cursor(2,i);
 145   4      Lcd8_Write_String("*");
 146   4      Delay(200);
 147   4      
 148   4      if(pass[0] == org_pass[0] && pass[1] == org_pass[1] && pass[2] == org_pass[2] && pass[3] == org_pass[3])
 149   4      {
 150   5      Lcd8_Clear();
 151   5      Lcd8_Set_Cursor(1,1);
 152   5      Lcd8_Write_String("Correct Pass");
 153   5      relay=~relay;
 154   5      }
 155   4      else
 156   4      {
 157   5      Lcd8_Clear();
 158   5      Lcd8_Set_Cursor(1,1);
 159   5      Lcd8_Write_String("Wrong Pass:");  
 160   5      }
 161   4      Delay(1000);
 162   4      flag =0;
 163   4      Lcd8_Set_Cursor(2,1);
 164   4      Lcd8_Write_String("Press # or *");
 165   4      i=0;
 166   4      }
 167   3      }
 168   2      }
 169   1      }
*** WARNING C280 IN LINE 84 OF LCD.c: 'p': unreferenced local variable
*** WARNING C290 IN LINE 84 OF LCD.c: missing return value
*** WARNING C290 IN LINE 176 OF LCD.c: missing return value


MODULE INFORMATION:   STATIC OVERLAYABLE
   CODE SIZE        =   1208    ----
   CONSTANT SIZE    =     89    ----
   XDATA SIZE       =   ----    ----
   PDATA SIZE       =   ----    ----
C51 COMPILER V9.52.0.0   LCD                                                               04/10/2015 03:15:23 PAGE 4   

   DATA SIZE        =   ----      29
   IDATA SIZE       =   ----    ----
   BIT SIZE         =   ----    ----
END OF MODULE INFORMATION.


C51 COMPILATION COMPLETE.  3 WARNING(S),  0 ERROR(S)
