C51 COMPILER V9.52.0.0   8051_WITH_LCD                                                     05/10/2015 15:34:26 PAGE 1   


C51 COMPILER V9.52.0.0, COMPILATION OF MODULE 8051_WITH_LCD
OBJECT MODULE PLACED IN 8051_with_lcd.OBJ
COMPILER INVOKED BY: C:\Keil\C51\BIN\C51.EXE 8051_with_lcd.c BROWSE DEBUG OBJECTEXTEND TABS(2)

line level    source

   1          #include <REGX52.H>                 //Header file
   2          #include<string.h>
   3          sbit RS=P0^0;                   //RS pin of LCD is connected with 8th pin of Port 3
   4          sbit EN=P0^1;                   //EN pin of LCD is connected with 7th pin of Port 3
   5          sbit wr=P3^5;                   //Wr pin of ADC is connected with 6th pin of Port 3
   6          #define LCD P2                    //Lcd is connected with PORT 2
   7          #define Temp P1                   //ADC is connected with PORT 1
   8          sbit motor=P0^2;  
   9          int x1,x2;
  10          void delay(unsigned int x)              // Delay program
  11          {
  12   1      unsigned int i,j;
  13   1      for(i=0;i<=x;i++)
  14   1      for(j=0;j<=100;j++);
  15   1      }
  16          void cmd(unsigned char x)              //Command function for Lcd to send commands from Microcontroller
  17          {                          // RS pin of Lcd should be low
  18   1      LCD=x;
  19   1      RS=0;
  20   1      EN=1;
  21   1      delay(10);
  22   1      EN=0;
  23   1      }
  24          void dat(unsigned char x)           // Data fuction for lcd to send data from Microcontroller
  25          {                       //RS pin of Lcd should be high
  26   1      LCD=x;
  27   1      RS=1;
  28   1      EN=1;
  29   1      delay(10);
  30   1      EN=0;
  31   1      }                       //This is the function to send the string to LCD
  32          void message(unsigned char *p)
  33          {
  34   1      unsigned char c,m;
  35   1      c=strlen(p);
  36   1      for(m=0;m<=c;m++)
  37   1      {
  38   2      dat(p[m]);
  39   2      }
  40   1      }
  41          Lcd_deg()            //Degree display function in LCD
  42          {
  43   1      cmd(64);            //Address where values of the first custom character is stored
  44   1      dat(4);
  45   1      dat(17);
  46   1      dat(17);
  47   1      dat(4);
  48   1      dat(0);
  49   1      dat(0);
  50   1      dat(0);
  51   1      dat(0);
  52   1      cmd(0xC8);  //Address of the location where the character is to be displayed
  53   1      dat(0);  // Displaying the character created at address 0x64 
  54   1      delay(10);
  55   1      }                        
C51 COMPILER V9.52.0.0   8051_WITH_LCD                                                     05/10/2015 15:34:26 PAGE 2   

  56          adc()                      //Adc function for conversion
  57          {
  58   1      unsigned char d,d1,d2,d3;             //Should Make wr from '0' to '1' to convert analog to digital
  59   1      wr=0;
  60   1      wr=1;
  61   1      d=(((Temp)/5)*3);                 //To convert 255 to 153
  62   1      d1=d%10;                      //To convert unit digit, 10th digit, 100th digit
  63   1      d2=((d/10)%10);
  64   1      d3=d/100;
  65   1      cmd(0xc5);                      //Conversion of int to ASCII to display in LCD
  66   1      dat(d3+0x30);
  67   1      dat(d2+0x30);
  68   1      dat(d1+0x30);
  69   1        x1=d1;
  70   1        x2=d2;
  71   1      Lcd_deg();  // To display degree in LCD
  72   1      }
  73          void main()                   //Make P2 and P3 ports are outputs
  74          {
  75   1      char x;
  76   1      P0=0x00;
  77   1      P2=0x00;                    
  78   1      P3=0x00;                     //Command for choosing 16x2 Lcd
  79   1      delay(1000);  
  80   1      //cmd(0x38);                    //Command for choosing Right shift
  81   1      cmd(0x06);                    //Command for display without cursor(Means cursor OFF)
  82   1      cmd(0x80);                    //Message to display to LCD
  83   1      message("Welcome to 8051  ");         //Command to goto next line. Choosing second coloumn of lcd
  84   1      cmd(0xc0);
  85   1      message("Based Temp       ");
  86   1      delay(2000);
  87   1      cmd(0x80);
  88   1      message("Display Using    ");         //Command to goto next line. Choosing second coloumn of lcd
  89   1      cmd(0xc0);
  90   1      message("ADC 0804         ");
  91   1      delay(2000);
  92   1      cmd(0x01);
  93   1      while(1)                    //infinite loop
  94   1      {
  95   2      cmd(0x80);
  96   2      message("Current Temp     ");
  97   2      cmd(0xc0);
  98   2      //message("Temp:");
  99   2        adc();                //ADC function call
 100   2        if(x1>=5 && x2>=3)
 101   2        {
 102   3          motor=1;
 103   3          delay(2000);
 104   3          
 105   3        }
 106   2          
 107   2        else
 108   2        {
 109   3            motor=0;
 110   3            delay(2000);
 111   3        }
 112   2      }
 113   1      }
*** WARNING C280 IN LINE 75 OF 8051_with_lcd.c: 'x': unreferenced local variable
*** WARNING C290 IN LINE 55 OF 8051_with_lcd.c: missing return value
*** WARNING C290 IN LINE 72 OF 8051_with_lcd.c: missing return value

C51 COMPILER V9.52.0.0   8051_WITH_LCD                                                     05/10/2015 15:34:26 PAGE 3   


MODULE INFORMATION:   STATIC OVERLAYABLE
   CODE SIZE        =    399    ----
   CONSTANT SIZE    =     90    ----
   XDATA SIZE       =   ----    ----
   PDATA SIZE       =   ----    ----
   DATA SIZE        =      4       8
   IDATA SIZE       =   ----    ----
   BIT SIZE         =   ----    ----
END OF MODULE INFORMATION.


C51 COMPILATION COMPLETE.  3 WARNING(S),  0 ERROR(S)
