C51 COMPILER V9.52.0.0   4                                                                 05/23/2015 01:10:26 PAGE 1   


C51 COMPILER V9.52.0.0, COMPILATION OF MODULE 4
OBJECT MODULE PLACED IN 4.OBJ
COMPILER INVOKED BY: G:\Program Files\Keil\C51\BIN\C51.EXE 4.c BROWSE DEBUG OBJECTEXTEND TABS(2)

line level    source

   1          #include<reg52.h>              //including sfr registers for ports of the controller
   2          #include<lcd.h>
   3          #include <stdio.h>  
   4          
   5          //LCD Module Connections
   6          sbit RS = P0^0;                                                                   
   7          sbit EN = P0^1;                            
   8          sbit D0 = P2^0;
   9          sbit D1 = P2^1;
  10          sbit D2 = P2^2;
  11          sbit D3 = P2^3;
  12          sbit D4 = P2^4;
  13          sbit D5 = P2^5;
  14          sbit D6 = P2^6;
  15          sbit D7 = P2^7;
  16          //End LCD Module Connections
  17          void Delay(int a)
  18          {
  19   1          int j;
  20   1          int i;
  21   1          for(i=0;i<a;i++)
  22   1          {
  23   2              for(j=0;j<100;j++)
  24   2              {
  25   3              }
  26   2          }
  27   1      }
  28          void main()
  29          {
  30   1        int i=0, c=1, j;
  31   1        char str[20];
  32   1       
  33   1        
  34   1        /*------------------------------------------------
  35   1      Setup the serial port for 2400 baud at 11.0592MHz.
  36   1      ------------------------------------------------*/
  37   1      
  38   1          SCON  = 0x50;                /* SCON: mode 1, 8-bit UART, enable rcvr      */
  39   1          TMOD |= 0x20;               /* TMOD: timer 1, mode 2, 8-bit reload        */
  40   1          TH1   = 0xFD;                /* TH1:  reload value for 2400 baud @ 11.0592MHz   */
  41   1          TR1   = 1;                  /* TR1:  timer 1 run                          */
  42   1          TI    = 1;                  /* TI:   set TI to send first char of UART    */
  43   1        
  44   1        Lcd8_init();
*** WARNING C206 IN LINE 44 OF 4.c: 'Lcd8_init': missing function-prototype
  45   1      
  46   1        while(1)
  47   1        { 
  48   2         while(c==1)
  49   2         {
  50   3              
  51   3          scanf("%c",&str[i]);
  52   3          
  53   3          //Lcd8_Set_Cursor(1,i++);
  54   3          //Lcd8_Write_String(str);
C51 COMPILER V9.52.0.0   4                                                                 05/23/2015 01:10:26 PAGE 2   

  55   3           if(str[i]=='*')
  56   3           {
  57   4             
  58   4             c=0;
  59   4           }
  60   3            i++;
  61   3         }
  62   2        
  63   2           c=1;
  64   2           i=0;
  65   2          Lcd8_Clear();
  66   2          Delay(200);
  67   2          Lcd8_Write_String(str);
  68   2         for(j=0;j<20;j++)
  69   2         {
  70   3           str[j]='\0';
  71   3         }
  72   2      }
  73   1      //Lcd8_Write_String(str);
  74   1          
  75   1      }
  76          
  77          
  78          
  79          
*** WARNING C290 IN LINE 84 OF 4.c: missing return value
*** WARNING C290 IN LINE 176 OF 4.c: missing return value


MODULE INFORMATION:   STATIC OVERLAYABLE
   CODE SIZE        =    752    ----
   CONSTANT SIZE    =      3    ----
   XDATA SIZE       =   ----    ----
   PDATA SIZE       =   ----    ----
   DATA SIZE        =   ----      41
   IDATA SIZE       =   ----    ----
   BIT SIZE         =   ----    ----
END OF MODULE INFORMATION.


C51 COMPILATION COMPLETE.  3 WARNING(S),  0 ERROR(S)
