#
# An unexpected error has been detected by HotSpot Virtual Machine:
#
#  EXCEPTION_ACCESS_VIOLATION (0xc0000005) at pc=0x7c901010, pid=1852, tid=1556
#
# Java VM: Java HotSpot(TM) Client VM (1.5.0_07-b03 mixed mode, sharing)
# Problematic frame:
# C  [ntdll.dll+0x1010]
#

---------------  T H R E A D  ---------------

Current thread (0x02c7daa8):  JavaThread "AWT-EventQueue-0" [_thread_in_native, id=1556]

siginfo: ExceptionCode=0xc0000005, reading address 0x00000018

Registers:
EAX=0x00000004, EBX=0x02fdf22c, ECX=0x7ffaf000, EDX=0x00000004
ESP=0x02fdf1c8, EBP=0x02fdf1e0, ESI=0x00000000, EDI=0x030214e8
EIP=0x7c901010, EFLAGS=0x00010297

Top of Stack: (sp=0x02fdf1c8)
0x02fdf1c8:   74355a16 00000004 0302150c 7432139f
0x02fdf1d8:   0302150c 00000000 02fdf1f8 7432a244
0x02fdf1e8:   0302150c 74350000 02c7db68 00000000
0x02fdf1f8:   02fdf20c 7432a653 02d4a950 02c7db68
0x02fdf208:   26abacd8 02fdf224 6d3e1157 030214e8
0x02fdf218:   02fdf22c 02c7daa8 26abacd8 02fdf25c
0x02fdf228:   00ad826f 00000000 02fdf278 030214e8
0x02fdf238:   00000000 02fdf26c 02fdf240 00000000 

Instructions: (pc=0x7c901010)
0x7c901000:   90 90 90 90 90 64 8b 0d 18 00 00 00 8b 54 24 04
0x7c901010:   83 7a 14 00 75 4f f0 ff 42 04 75 19 8b 41 24 89 


Stack: [0x02fa0000,0x02fe0000),  sp=0x02fdf1c8,  free space=252k
Native frames: (J=compiled Java code, j=interpreted, Vv=VM code, C=native code)
C  [ntdll.dll+0x1010]
C  [ODBC32.dll+0xa244]
C  [ODBC32.dll+0xa653]
C  [JdbcOdbc.dll+0x1157]
j  sun.jdbc.odbc.JdbcOdbc.allocConnect(J[B)J+0
j  sun.jdbc.odbc.JdbcOdbc.SQLAllocConnect(J)J+30
j  sun.jdbc.odbc.JdbcOdbcDriver.allocConnection(J)J+6
j  sun.jdbc.odbc.JdbcOdbcConnection.initialize(Ljava/lang/String;Ljava/util/Properties;I)V+37
j  sun.jdbc.odbc.JdbcOdbcDriver.connect(Ljava/lang/String;Ljava/util/Properties;)Ljava/sql/Connection;+129
j  java.sql.DriverManager.getConnection(Ljava/lang/String;Ljava/util/Properties;Ljava/lang/ClassLoader;)Ljava/sql/Connection;+165
j  java.sql.DriverManager.getConnection(Ljava/lang/String;Ljava/lang/String;Ljava/lang/String;)Ljava/sql/Connection;+41
j  Connect.getConnection()Ljava/sql/Connection;+41
j  NewEntry.<init>(Ljava/lang/String;Ljava/lang/String;Ljava/lang/String;Ljava/lang/String;Ljava/lang/String;Ljava/lang/String;Ljava/lang/String;Ljava/lang/String;Ljava/lang/String;Ljava/lang/String;)V+1106
j  Employee$2.actionPerformed(Ljava/awt/event/ActionEvent;)V+138
j  javax.swing.AbstractButton.fireActionPerformed(Ljava/awt/event/ActionEvent;)V+84
j  javax.swing.AbstractButton$Handler.actionPerformed(Ljava/awt/event/ActionEvent;)V+5
j  javax.swing.DefaultButtonModel.fireActionPerformed(Ljava/awt/event/ActionEvent;)V+35
j  javax.swing.DefaultButtonModel.setPressed(Z)V+117
j  javax.swing.plaf.basic.BasicButtonListener.mouseReleased(Ljava/awt/event/MouseEvent;)V+35
j  java.awt.Component.processMouseEvent(Ljava/awt/event/MouseEvent;)V+64
j  javax.swing.JComponent.processMouseEvent(Ljava/awt/event/MouseEvent;)V+23
J  java.awt.Component.processEvent(Ljava/awt/AWTEvent;)V
J  java.awt.Container.processEvent(Ljava/awt/AWTEvent;)V
J  java.awt.Component.dispatchEventImpl(Ljava/awt/AWTEvent;)V
J  java.awt.Container.dispatchEventImpl(Ljava/awt/AWTEvent;)V
J  java.awt.LightweightDispatcher.retargetMouseEvent(Ljava/awt/Component;ILjava/awt/event/MouseEvent;)V
J  java.awt.LightweightDispatcher.processMouseEvent(Ljava/awt/event/MouseEvent;)Z
J  java.awt.LightweightDispatcher.dispatchEvent(Ljava/awt/AWTEvent;)Z
J  java.awt.Container.dispatchEventImpl(Ljava/awt/AWTEvent;)V
J  java.awt.Window.dispatchEventImpl(Ljava/awt/AWTEvent;)V
J  java.awt.EventQueue.dispatchEvent(Ljava/awt/AWTEvent;)V
J  java.awt.EventDispatchThread.pumpOneEventForHierarchy(ILjava/awt/Component;)Z
v  ~RuntimeStub::alignment_frame_return Runtime1 stub
j  java.awt.EventDispatchThread.pumpEventsForHierarchy(ILjava/awt/Conditional;Ljava/awt/Component;)V+26
j  java.awt.EventDispatchThread.pumpEvents(ILjava/awt/Conditional;)V+4
j  java.awt.EventDispatchThread.pumpEvents(Ljava/awt/Conditional;)V+3
j  java.awt.EventDispatchThread.run()V+9
v  ~StubRoutines::call_stub
V  [jvm.dll+0x86401]
V  [jvm.dll+0xdb172]
V  [jvm.dll+0x862d2]
V  [jvm.dll+0x8602f]
V  [jvm.dll+0xa0bcb]
V  [jvm.dll+0x10bdad]
V  [jvm.dll+0x10bd7b]
C  [MSVCRT.dll+0x2a3b0]
C  [kernel32.dll+0xb50b]

Java frames: (J=compiled Java code, j=interpreted, Vv=VM code)
j  sun.jdbc.odbc.JdbcOdbc.allocConnect(J[B)J+0
j  sun.jdbc.odbc.JdbcOdbc.SQLAllocConnect(J)J+30
j  sun.jdbc.odbc.JdbcOdbcDriver.allocConnection(J)J+6
j  sun.jdbc.odbc.JdbcOdbcConnection.initialize(Ljava/lang/String;Ljava/util/Properties;I)V+37
j  sun.jdbc.odbc.JdbcOdbcDriver.connect(Ljava/lang/String;Ljava/util/Properties;)Ljava/sql/Connection;+129
j  java.sql.DriverManager.getConnection(Ljava/lang/String;Ljava/util/Properties;Ljava/lang/ClassLoader;)Ljava/sql/Connection;+165
j  java.sql.DriverManager.getConnection(Ljava/lang/String;Ljava/lang/String;Ljava/lang/String;)Ljava/sql/Connection;+41
j  Connect.getConnection()Ljava/sql/Connection;+41
j  NewEntry.<init>(Ljava/lang/String;Ljava/lang/String;Ljava/lang/String;Ljava/lang/String;Ljava/lang/String;Ljava/lang/String;Ljava/lang/String;Ljava/lang/String;Ljava/lang/String;Ljava/lang/String;)V+1106
j  Employee$2.actionPerformed(Ljava/awt/event/ActionEvent;)V+138
j  javax.swing.AbstractButton.fireActionPerformed(Ljava/awt/event/ActionEvent;)V+84
j  javax.swing.AbstractButton$Handler.actionPerformed(Ljava/awt/event/ActionEvent;)V+5
j  javax.swing.DefaultButtonModel.fireActionPerformed(Ljava/awt/event/ActionEvent;)V+35
j  javax.swing.DefaultButtonModel.setPressed(Z)V+117
j  javax.swing.plaf.basic.BasicButtonListener.mouseReleased(Ljava/awt/event/MouseEvent;)V+35
j  java.awt.Component.processMouseEvent(Ljava/awt/event/MouseEvent;)V+64
j  javax.swing.JComponent.processMouseEvent(Ljava/awt/event/MouseEvent;)V+23
J  java.awt.Component.processEvent(Ljava/awt/AWTEvent;)V
J  java.awt.Container.processEvent(Ljava/awt/AWTEvent;)V
J  java.awt.Component.dispatchEventImpl(Ljava/awt/AWTEvent;)V
J  java.awt.Container.dispatchEventImpl(Ljava/awt/AWTEvent;)V
J  java.awt.LightweightDispatcher.retargetMouseEvent(Ljava/awt/Component;ILjava/awt/event/MouseEvent;)V
J  java.awt.LightweightDispatcher.processMouseEvent(Ljava/awt/event/MouseEvent;)Z
J  java.awt.LightweightDispatcher.dispatchEvent(Ljava/awt/AWTEvent;)Z
J  java.awt.Container.dispatchEventImpl(Ljava/awt/AWTEvent;)V
J  java.awt.Window.dispatchEventImpl(Ljava/awt/AWTEvent;)V
J  java.awt.EventQueue.dispatchEvent(Ljava/awt/AWTEvent;)V
J  java.awt.EventDispatchThread.pumpOneEventForHierarchy(ILjava/awt/Component;)Z
v  ~RuntimeStub::alignment_frame_return Runtime1 stub
j  java.awt.EventDispatchThread.pumpEventsForHierarchy(ILjava/awt/Conditional;Ljava/awt/Component;)V+26
j  java.awt.EventDispatchThread.pumpEvents(ILjava/awt/Conditional;)V+4
j  java.awt.EventDispatchThread.pumpEvents(Ljava/awt/Conditional;)V+3
j  java.awt.EventDispatchThread.run()V+9
v  ~StubRoutines::call_stub

---------------  P R O C E S S  ---------------

Java Threads: ( => current thread )
  0x02d966e0 JavaThread "Image Fetcher 0" daemon [_thread_blocked, id=3916]
  0x02c7c1f8 JavaThread "TimerQueue" daemon [_thread_blocked, id=160]
  0x00036c18 JavaThread "DestroyJavaVM" [_thread_blocked, id=828]
=>0x02c7daa8 JavaThread "AWT-EventQueue-0" [_thread_in_native, id=1556]
  0x02c78dd0 JavaThread "AWT-Windows" daemon [_thread_in_native, id=1756]
  0x02c78950 JavaThread "AWT-Shutdown" [_thread_blocked, id=1732]
  0x00acece0 JavaThread "Java2D Disposer" daemon [_thread_blocked, id=2480]
  0x00a6f168 JavaThread "Low Memory Detector" daemon [_thread_blocked, id=360]
  0x00a6de58 JavaThread "CompilerThread0" daemon [_thread_blocked, id=1384]
  0x00a6d078 JavaThread "Signal Dispatcher" daemon [_thread_blocked, id=232]
  0x00a41b98 JavaThread "Finalizer" daemon [_thread_blocked, id=1396]
  0x00a406b0 JavaThread "Reference Handler" daemon [_thread_blocked, id=3384]

Other Threads:
  0x00a3ddb8 VMThread [id=332]
  0x00a704e0 WatcherThread [id=1288]

VM state:not at safepoint (normal execution)

VM Mutex/Monitor currently owned by a thread: None

Heap
 def new generation   total 576K, used 183K [0x22a70000, 0x22b10000, 0x22f50000)
  eden space 512K,  26% used [0x22a70000, 0x22a915d0, 0x22af0000)
  from space 64K,  77% used [0x22b00000, 0x22b0c758, 0x22b10000)
  to   space 64K,   0% used [0x22af0000, 0x22af0000, 0x22b00000)
 tenured generation   total 2344K, used 1611K [0x22f50000, 0x2319a000, 0x26a70000)
   the space 2344K,  68% used [0x22f50000, 0x230e2dc8, 0x230e2e00, 0x2319a000)
 compacting perm gen  total 8192K, used 1291K [0x26a70000, 0x27270000, 0x2aa70000)
   the space 8192K,  15% used [0x26a70000, 0x26bb2c80, 0x26bb2e00, 0x27270000)
    ro space 8192K,  67% used [0x2aa70000, 0x2afcd9f8, 0x2afcda00, 0x2b270000)
    rw space 12288K,  46% used [0x2b270000, 0x2b813808, 0x2b813a00, 0x2be70000)

Dynamic libraries:
0x00400000 - 0x0040d000 	C:\Program Files\Java\jdk1.5.0_07\bin\java.exe
0x7c900000 - 0x7c9b0000 	C:\WINDOWS\system32\ntdll.dll
0x7c800000 - 0x7c8f4000 	C:\WINDOWS\system32\kernel32.dll
0x77dd0000 - 0x77e6b000 	C:\WINDOWS\system32\ADVAPI32.dll
0x77e70000 - 0x77f01000 	C:\WINDOWS\system32\RPCRT4.dll
0x77c10000 - 0x77c68000 	C:\WINDOWS\system32\MSVCRT.dll
0x6d730000 - 0x6d8c7000 	C:\Program Files\Java\jdk1.5.0_07\jre\bin\client\jvm.dll
0x77d40000 - 0x77dd0000 	C:\WINDOWS\system32\USER32.dll
0x77f10000 - 0x77f56000 	C:\WINDOWS\system32\GDI32.dll
0x76b40000 - 0x76b6d000 	C:\WINDOWS\system32\WINMM.dll
0x6d2f0000 - 0x6d2f8000 	C:\Program Files\Java\jdk1.5.0_07\jre\bin\hpi.dll
0x76bf0000 - 0x76bfb000 	C:\WINDOWS\system32\PSAPI.DLL
0x6d700000 - 0x6d70c000 	C:\Program Files\Java\jdk1.5.0_07\jre\bin\verify.dll
0x6d370000 - 0x6d38d000 	C:\Program Files\Java\jdk1.5.0_07\jre\bin\java.dll
0x6d720000 - 0x6d72f000 	C:\Program Files\Java\jdk1.5.0_07\jre\bin\zip.dll
0x6d070000 - 0x6d1d7000 	C:\Program Files\Java\jdk1.5.0_07\jre\bin\awt.dll
0x73000000 - 0x73026000 	C:\WINDOWS\system32\WINSPOOL.DRV
0x76390000 - 0x763ad000 	C:\WINDOWS\system32\IMM32.dll
0x774e0000 - 0x7761c000 	C:\WINDOWS\system32\ole32.dll
0x5ad70000 - 0x5ada8000 	C:\WINDOWS\system32\uxtheme.dll
0x73760000 - 0x737a9000 	C:\WINDOWS\system32\ddraw.dll
0x73bc0000 - 0x73bc6000 	C:\WINDOWS\system32\DCIMAN32.dll
0x73940000 - 0x73a10000 	C:\WINDOWS\system32\D3DIM700.DLL
0x6d2b0000 - 0x6d2ef000 	C:\Program Files\Java\jdk1.5.0_07\jre\bin\fontmanager.dll
0x7c9c0000 - 0x7d1d4000 	C:\WINDOWS\system32\shell32.dll
0x77f60000 - 0x77fd6000 	C:\WINDOWS\system32\SHLWAPI.dll
0x773d0000 - 0x774d2000 	C:\WINDOWS\WinSxS\x86_Microsoft.Windows.Common-Controls_6595b64144ccf1df_6.0.2600.2180_x-ww_a84f1ff9\comctl32.dll
0x5d090000 - 0x5d127000 	C:\WINDOWS\system32\comctl32.dll
0x6d3e0000 - 0x6d3ed000 	C:\Program Files\Java\jdk1.5.0_07\jre\bin\JdbcOdbc.dll
0x74320000 - 0x7435d000 	C:\WINDOWS\system32\ODBC32.dll
0x763b0000 - 0x763f9000 	C:\WINDOWS\system32\comdlg32.dll
0x20000000 - 0x20017000 	C:\WINDOWS\system32\odbcint.dll
0x77120000 - 0x771ac000 	C:\WINDOWS\system32\OLEAUT32.dll
0x5fe80000 - 0x5fe9b000 	C:\WINDOWS\system32\odbccp32.dll
0x77c00000 - 0x77c08000 	C:\WINDOWS\system32\VERSION.dll
0x77fe0000 - 0x77ff1000 	C:\WINDOWS\system32\Secur32.dll
0x6d530000 - 0x6d543000 	C:\Program Files\Java\jdk1.5.0_07\jre\bin\net.dll
0x71ab0000 - 0x71ac7000 	C:\WINDOWS\system32\WS2_32.dll
0x71aa0000 - 0x71aa8000 	C:\WINDOWS\system32\WS2HELP.dll
0x6d550000 - 0x6d559000 	C:\Program Files\Java\jdk1.5.0_07\jre\bin\nio.dll
0x77b40000 - 0x77b62000 	C:\WINDOWS\system32\Apphelp.dll
0x10050000 - 0x10315000 	C:\WINDOWS\system32\xpsp2res.dll
0x76fd0000 - 0x7704f000 	C:\WINDOWS\system32\CLBCATQ.DLL
0x77050000 - 0x77115000 	C:\WINDOWS\system32\COMRes.dll
0x1b810000 - 0x1b84a000 	C:\WINDOWS\system32\msjtes40.dll
0x03770000 - 0x0377b000 	C:\WINDOWS\system32\VBAJET32.DLL
0x10fb0000 - 0x11012000 	C:\WINDOWS\system32\expsrv.dll
0x5b860000 - 0x5b8b4000 	C:\WINDOWS\system32\netapi32.dll
0x71b20000 - 0x71b32000 	C:\WINDOWS\system32\MPR.dll
0x75f60000 - 0x75f67000 	C:\WINDOWS\System32\drprov.dll
0x71c10000 - 0x71c1e000 	C:\WINDOWS\System32\ntlanman.dll
0x71cd0000 - 0x71ce7000 	C:\WINDOWS\System32\NETUI0.dll
0x71c90000 - 0x71cd0000 	C:\WINDOWS\System32\NETUI1.dll
0x71c80000 - 0x71c87000 	C:\WINDOWS\System32\NETRAP.dll
0x71bf0000 - 0x71c03000 	C:\WINDOWS\System32\SAMLIB.dll
0x75f70000 - 0x75f79000 	C:\WINDOWS\System32\davclnt.dll
0x77920000 - 0x77a13000 	C:\WINDOWS\system32\SETUPAPI.dll
0x5a500000 - 0x5a54e000 	C:\Program Files\MSN Messenger\fsshext.8.1.0178.00.dll
0x78130000 - 0x781cb000 	C:\WINDOWS\WinSxS\x86_Microsoft.VC80.CRT_1fc8b3b9a1e18e3b_8.0.50727.163_x-ww_681e29fb\MSVCR80.dll
0x4ec50000 - 0x4edf3000 	C:\WINDOWS\WinSxS\x86_Microsoft.Windows.GdiPlus_6595b64144ccf1df_1.0.2600.2180_x-ww_522f9f82\gdiplus.dll
0x77a20000 - 0x77a74000 	C:\WINDOWS\System32\cscui.dll
0x76600000 - 0x7661d000 	C:\WINDOWS\System32\CSCDLL.dll
0x77760000 - 0x778ce000 	C:\WINDOWS\system32\shdocvw.dll
0x77a80000 - 0x77b14000 	C:\WINDOWS\system32\CRYPT32.dll
0x77b20000 - 0x77b32000 	C:\WINDOWS\system32\MSASN1.dll
0x754d0000 - 0x75550000 	C:\WINDOWS\system32\CRYPTUI.dll
0x76c30000 - 0x76c5e000 	C:\WINDOWS\system32\WINTRUST.dll
0x76c90000 - 0x76cb8000 	C:\WINDOWS\system32\IMAGEHLP.dll
0x771b0000 - 0x77256000 	C:\WINDOWS\system32\WININET.dll
0x76f60000 - 0x76f8c000 	C:\WINDOWS\system32\WLDAP32.dll
0x116c0000 - 0x116e5000 	C:\Program Files\Kaspersky Lab\Kaspersky Anti-Virus 6.0 for Windows Workstations\scrchpg.dll
0x71d40000 - 0x71d5c000 	C:\WINDOWS\system32\actxprxy.dll
0x11770000 - 0x117ea000 	C:\WINDOWS\system32\Audiodev.dll
0x117f0000 - 0x11a36000 	C:\WINDOWS\system32\WMVCore.DLL
0x11710000 - 0x1174a000 	C:\WINDOWS\system32\WMASF.DLL
0x76980000 - 0x76988000 	C:\WINDOWS\system32\LINKINFO.dll
0x76990000 - 0x769b5000 	C:\WINDOWS\system32\ntshrui.dll
0x76b20000 - 0x76b31000 	C:\WINDOWS\system32\ATL.DLL
0x769c0000 - 0x76a73000 	C:\WINDOWS\system32\USERENV.dll
0x73380000 - 0x733d7000 	C:\WINDOWS\system32\zipfldr.dll
0x6d430000 - 0x6d44f000 	C:\Program Files\Java\jdk1.5.0_07\jre\bin\jpeg.dll

VM Arguments:
java_command: MainMenu
Launcher Type: SUN_STANDARD

Environment Variables:
CLASSPATH=C:\PVSW\BIN\PVJDBC2X.JAR;C:\PVSW\BIN\PVJDBC2.JAR;C:\Program Files\Java\jre1.5.0_07\lib\ext\QTJava.zip
PATH=C:\PVSW\BIN;C:\WINDOWS\system32;C:\WINDOWS;C:\WINDOWS\System32\Wbem;C:\Program Files\Intel\DMIX;C:\Program Files\QuickTime\QTSystem\
USERNAME=itc0612f025
OS=Windows_NT
PROCESSOR_IDENTIFIER=x86 Family 15 Model 6 Stepping 5, GenuineIntel



---------------  S Y S T E M  ---------------

OS: Windows XP Build 2600 Service Pack 2

CPU:total 2 family 15, cmov, cx8, fxsr, mmx, sse, sse2, ht

Memory: 4k page, physical 507120k(78104k free), swap 1181644k(856420k free)

vm_info: Java HotSpot(TM) Client VM (1.5.0_07-b03) for windows-x86, built on May  3 2006 01:04:38 by "java_re" with MS VC++ 6.0

