C51 COMPILER V9.52.0.0   QUIZ                                                              01/11/2015 04:57:56 PAGE 1   


C51 COMPILER V9.52.0.0, COMPILATION OF MODULE QUIZ
OBJECT MODULE PLACED IN quiz.OBJ
COMPILER INVOKED BY: G:\Program Files\Keil\C51\BIN\C51.EXE quiz.c BROWSE DEBUG OBJECTEXTEND TABS(2)

line level    source

   1          
   2          // Program to interface single seven segment
   3           
   4          #include<reg51.h>
   5          sbit switch_1=P3^0;
   6          sbit switch_2=P3^1;
   7          sbit switch_3=P3^2;
   8          sbit switch_4=P3^3;
   9          sbit switch_5=P3^4;
  10          sbit buzzer = P0^1;
  11          delay_ms(int time)    // Time delay function
  12          {
  13   1        int i,j;
  14   1        for(i=0;i<time;i++)
  15   1          for(j=0;j<1275;j++);
  16   1      }
  17          
  18          void main()
  19          {
  20   1        //P3=0xFF;
  21   1        char num[]={0x3f,0x06,0x5b,0x4f,0x66,0x6d,0x7d,0x07,0x7f,0x67};   // Hex values corresponding to digits 0 
             -to 9
  22   1        P3=0xFF;
  23   1        P0=0xFF;
  24   1      
  25   1        while(1)
  26   1        {  
  27   2          if(switch_1==0)
  28   2          {
  29   3          P2 = num[1];
  30   3          switch_2==1;
*** WARNING C275 IN LINE 30 OF quiz.c: expression with possibly no effect
  31   3          switch_3==1;
*** WARNING C275 IN LINE 31 OF quiz.c: expression with possibly no effect
  32   3          switch_4==1;
*** WARNING C275 IN LINE 32 OF quiz.c: expression with possibly no effect
  33   3          switch_5==1;
*** WARNING C275 IN LINE 33 OF quiz.c: expression with possibly no effect
  34   3          buzzer=0;     
  35   3          delay_ms(300);
  36   3          buzzer=1; 
  37   3          delay_ms(1000);
  38   3          }
  39   2        else if(switch_2==0)
  40   2          {
  41   3          P2 = num[2];
  42   3          switch_1==1;
*** WARNING C275 IN LINE 42 OF quiz.c: expression with possibly no effect
  43   3          switch_3==1;
*** WARNING C275 IN LINE 43 OF quiz.c: expression with possibly no effect
  44   3          switch_4==1;
*** WARNING C275 IN LINE 44 OF quiz.c: expression with possibly no effect
  45   3          switch_5==1;
*** WARNING C275 IN LINE 45 OF quiz.c: expression with possibly no effect
  46   3          buzzer=0;     
C51 COMPILER V9.52.0.0   QUIZ                                                              01/11/2015 04:57:56 PAGE 2   

  47   3          delay_ms(300);
  48   3          buzzer=1; 
  49   3          delay_ms(1000);
  50   3          }
  51   2        else if(switch_3==0)
  52   2          {
  53   3          P2 = num[3];
  54   3          switch_2==1;
*** WARNING C275 IN LINE 54 OF quiz.c: expression with possibly no effect
  55   3          switch_1==1;
*** WARNING C275 IN LINE 55 OF quiz.c: expression with possibly no effect
  56   3          switch_4==1;
*** WARNING C275 IN LINE 56 OF quiz.c: expression with possibly no effect
  57   3          switch_5==1;
*** WARNING C275 IN LINE 57 OF quiz.c: expression with possibly no effect
  58   3          buzzer=0;     
  59   3          delay_ms(300);
  60   3          buzzer=1; 
  61   3          delay_ms(1000);
  62   3          }
  63   2        else if(switch_4==0)
  64   2          {
  65   3          P2 = num[4];
  66   3          switch_2==1;
*** WARNING C275 IN LINE 66 OF quiz.c: expression with possibly no effect
  67   3          switch_3==1;
*** WARNING C275 IN LINE 67 OF quiz.c: expression with possibly no effect
  68   3          switch_1==1;
*** WARNING C275 IN LINE 68 OF quiz.c: expression with possibly no effect
  69   3          switch_5==1;
*** WARNING C275 IN LINE 69 OF quiz.c: expression with possibly no effect
  70   3          buzzer=0;     
  71   3          delay_ms(300);
  72   3          buzzer=1; 
  73   3          delay_ms(1000); 
  74   3          }
  75   2        else if(switch_5==0)
  76   2          {
  77   3          P2 = num[5];
  78   3          switch_2==1;
*** WARNING C275 IN LINE 78 OF quiz.c: expression with possibly no effect
  79   3          switch_3==1;
*** WARNING C275 IN LINE 79 OF quiz.c: expression with possibly no effect
  80   3          switch_4==1;
*** WARNING C275 IN LINE 80 OF quiz.c: expression with possibly no effect
  81   3          switch_1==1;
*** WARNING C275 IN LINE 81 OF quiz.c: expression with possibly no effect
  82   3          buzzer=0;     
  83   3          delay_ms(300);
  84   3          buzzer=1; 
  85   3          delay_ms(1000);
  86   3          }
  87   2          
  88   2        }
  89   1      }
  90          
*** WARNING C290 IN LINE 16 OF quiz.c: missing return value


MODULE INFORMATION:   STATIC OVERLAYABLE
   CODE SIZE        =    124    ----
   CONSTANT SIZE    =     10    ----
C51 COMPILER V9.52.0.0   QUIZ                                                              01/11/2015 04:57:56 PAGE 3   

   XDATA SIZE       =   ----    ----
   PDATA SIZE       =   ----    ----
   DATA SIZE        =   ----      10
   IDATA SIZE       =   ----    ----
   BIT SIZE         =   ----    ----
END OF MODULE INFORMATION.


C51 COMPILATION COMPLETE.  21 WARNING(S),  0 ERROR(S)
