;  LST file generated by mikroListExporter - v.2.0 
; Date/Time: 5/15/2015 6:06:42 PM
;----------------------------------------------

;Address Opcode 	ASM
0x0000	0x2A90      	GOTO       656
_Delay_1us:
;__Lib_Delays.c,7 :: 		void Delay_1us() {
;__Lib_Delays.c,8 :: 		Delay_us(1);
0x0003	0x0000      	NOP
;__Lib_Delays.c,9 :: 		}
L_end_Delay_1us:
0x0004	0x0008      	RETURN
; end of _Delay_1us
_Delay_5500us:
;__Lib_Delays.c,31 :: 		void Delay_5500us() {
;__Lib_Delays.c,32 :: 		Delay_us(5500);
0x0005	0x3008      	MOVLW      8
0x0006	0x1283      	BCF        STATUS, 5
0x0007	0x1303      	BCF        STATUS, 6
0x0008	0x00FC      	MOVWF      R12
0x0009	0x3023      	MOVLW      35
0x000A	0x00FD      	MOVWF      R13
L_Delay_5500us5:
0x000B	0x0BFD      	DECFSZ     R13, 1
0x000C	0x280B      	GOTO       L_Delay_5500us5
0x000D	0x0BFC      	DECFSZ     R12, 1
0x000E	0x280B      	GOTO       L_Delay_5500us5
;__Lib_Delays.c,33 :: 		}
L_end_Delay_5500us:
0x000F	0x0008      	RETURN
; end of _Delay_5500us
_Delay_50us:
;__Lib_Delays.c,19 :: 		void Delay_50us() {
;__Lib_Delays.c,20 :: 		Delay_us(50);
0x0010	0x3010      	MOVLW      16
0x0011	0x1283      	BCF        STATUS, 5
0x0012	0x1303      	BCF        STATUS, 6
0x0013	0x00FD      	MOVWF      R13
L_Delay_50us2:
0x0014	0x0BFD      	DECFSZ     R13, 1
0x0015	0x2814      	GOTO       L_Delay_50us2
0x0016	0x0000      	NOP
;__Lib_Delays.c,21 :: 		}
L_end_Delay_50us:
0x0017	0x0008      	RETURN
; end of _Delay_50us
_Lcd_Cmd:
;__Lib_Lcd.c,18 :: 		
;__Lib_Lcd.c,20 :: 		
0x0018	0x1283      	BCF        STATUS, 5
0x0019	0x1303      	BCF        STATUS, 6
0x001A	0x1BCA      	BTFSC      FARG_Lcd_Cmd_out_char, 7
0x001B	0x281E      	GOTO       L__Lcd_Cmd21
0x001C	0x1387      	BCF        LCD_D7, BitPos(LCD_D7+0)
0x001D	0x281F      	GOTO       L__Lcd_Cmd22
L__Lcd_Cmd21:
0x001E	0x1787      	BSF        LCD_D7, BitPos(LCD_D7+0)
L__Lcd_Cmd22:
;__Lib_Lcd.c,21 :: 		
0x001F	0x1B4A      	BTFSC      FARG_Lcd_Cmd_out_char, 6
0x0020	0x2823      	GOTO       L__Lcd_Cmd23
0x0021	0x1307      	BCF        LCD_D6, BitPos(LCD_D6+0)
0x0022	0x2824      	GOTO       L__Lcd_Cmd24
L__Lcd_Cmd23:
0x0023	0x1707      	BSF        LCD_D6, BitPos(LCD_D6+0)
L__Lcd_Cmd24:
;__Lib_Lcd.c,22 :: 		
0x0024	0x1ACA      	BTFSC      FARG_Lcd_Cmd_out_char, 5
0x0025	0x2828      	GOTO       L__Lcd_Cmd25
0x0026	0x1287      	BCF        LCD_D5, BitPos(LCD_D5+0)
0x0027	0x2829      	GOTO       L__Lcd_Cmd26
L__Lcd_Cmd25:
0x0028	0x1687      	BSF        LCD_D5, BitPos(LCD_D5+0)
L__Lcd_Cmd26:
;__Lib_Lcd.c,23 :: 		
0x0029	0x1A4A      	BTFSC      FARG_Lcd_Cmd_out_char, 4
0x002A	0x282D      	GOTO       L__Lcd_Cmd27
0x002B	0x1207      	BCF        LCD_D4, BitPos(LCD_D4+0)
0x002C	0x282E      	GOTO       L__Lcd_Cmd28
L__Lcd_Cmd27:
0x002D	0x1607      	BSF        LCD_D4, BitPos(LCD_D4+0)
L__Lcd_Cmd28:
;__Lib_Lcd.c,25 :: 		
0x002E	0x1838      	BTFSC      __Lib_Lcd_cmd_status, BitPos(__Lib_Lcd_cmd_status+0)
0x002F	0x2832      	GOTO       L__Lcd_Cmd29
0x0030	0x1507      	BSF        LCD_RS, BitPos(LCD_RS+0)
0x0031	0x2833      	GOTO       L__Lcd_Cmd30
L__Lcd_Cmd29:
0x0032	0x1107      	BCF        LCD_RS, BitPos(LCD_RS+0)
L__Lcd_Cmd30:
;__Lib_Lcd.c,28 :: 		
0x0033	0x1587      	BSF        LCD_EN, BitPos(LCD_EN+0)
;__Lib_Lcd.c,29 :: 		
0x0034	0x2003      	CALL       _Delay_1us
;__Lib_Lcd.c,30 :: 		
0x0035	0x1187      	BCF        LCD_EN, BitPos(LCD_EN+0)
;__Lib_Lcd.c,33 :: 		
0x0036	0x19CA      	BTFSC      FARG_Lcd_Cmd_out_char, 3
0x0037	0x283A      	GOTO       L__Lcd_Cmd31
0x0038	0x1387      	BCF        LCD_D7, BitPos(LCD_D7+0)
0x0039	0x283B      	GOTO       L__Lcd_Cmd32
L__Lcd_Cmd31:
0x003A	0x1787      	BSF        LCD_D7, BitPos(LCD_D7+0)
L__Lcd_Cmd32:
;__Lib_Lcd.c,34 :: 		
0x003B	0x194A      	BTFSC      FARG_Lcd_Cmd_out_char, 2
0x003C	0x283F      	GOTO       L__Lcd_Cmd33
0x003D	0x1307      	BCF        LCD_D6, BitPos(LCD_D6+0)
0x003E	0x2840      	GOTO       L__Lcd_Cmd34
L__Lcd_Cmd33:
0x003F	0x1707      	BSF        LCD_D6, BitPos(LCD_D6+0)
L__Lcd_Cmd34:
;__Lib_Lcd.c,35 :: 		
0x0040	0x18CA      	BTFSC      FARG_Lcd_Cmd_out_char, 1
0x0041	0x2844      	GOTO       L__Lcd_Cmd35
0x0042	0x1287      	BCF        LCD_D5, BitPos(LCD_D5+0)
0x0043	0x2845      	GOTO       L__Lcd_Cmd36
L__Lcd_Cmd35:
0x0044	0x1687      	BSF        LCD_D5, BitPos(LCD_D5+0)
L__Lcd_Cmd36:
;__Lib_Lcd.c,36 :: 		
0x0045	0x184A      	BTFSC      FARG_Lcd_Cmd_out_char, 0
0x0046	0x2849      	GOTO       L__Lcd_Cmd37
0x0047	0x1207      	BCF        LCD_D4, BitPos(LCD_D4+0)
0x0048	0x284A      	GOTO       L__Lcd_Cmd38
L__Lcd_Cmd37:
0x0049	0x1607      	BSF        LCD_D4, BitPos(LCD_D4+0)
L__Lcd_Cmd38:
;__Lib_Lcd.c,38 :: 		
0x004A	0x1838      	BTFSC      __Lib_Lcd_cmd_status, BitPos(__Lib_Lcd_cmd_status+0)
0x004B	0x284E      	GOTO       L__Lcd_Cmd39
0x004C	0x1507      	BSF        LCD_RS, BitPos(LCD_RS+0)
0x004D	0x284F      	GOTO       L__Lcd_Cmd40
L__Lcd_Cmd39:
0x004E	0x1107      	BCF        LCD_RS, BitPos(LCD_RS+0)
L__Lcd_Cmd40:
;__Lib_Lcd.c,40 :: 		
0x004F	0x1587      	BSF        LCD_EN, BitPos(LCD_EN+0)
;__Lib_Lcd.c,41 :: 		
0x0050	0x2003      	CALL       _Delay_1us
;__Lib_Lcd.c,42 :: 		
0x0051	0x1187      	BCF        LCD_EN, BitPos(LCD_EN+0)
;__Lib_Lcd.c,44 :: 		
0x0052	0x1C38      	BTFSS      __Lib_Lcd_cmd_status, BitPos(__Lib_Lcd_cmd_status+0)
0x0053	0x2856      	GOTO       L_Lcd_Cmd0
;__Lib_Lcd.c,45 :: 		
0x0054	0x2005      	CALL       _Delay_5500us
0x0055	0x2857      	GOTO       L_Lcd_Cmd1
L_Lcd_Cmd0:
;__Lib_Lcd.c,47 :: 		
0x0056	0x2010      	CALL       _Delay_50us
L_Lcd_Cmd1:
;__Lib_Lcd.c,48 :: 		
L_end_Lcd_Cmd:
0x0057	0x0008      	RETURN
; end of _Lcd_Cmd
_____DoICP:
;__Lib_System.c,6 :: 		
;__Lib_System.c,9 :: 		
0x0058	0x1283      	BCF        STATUS, 5
0x0059	0x1303      	BCF        STATUS, 6
0x005A	0x083A      	MOVF       ___DoICPAddr+1, 0
0x005B	0x008A      	MOVWF      PCLATH
;__Lib_System.c,10 :: 		
0x005C	0x0839      	MOVF       ___DoICPAddr, 0
0x005D	0x0082      	MOVWF      PCL
;__Lib_System.c,12 :: 		
L_end_____DoICP:
0x005E	0x0008      	RETURN
; end of _____DoICP
_Lcd_Chr_CP:
;__Lib_Lcd.c,50 :: 		
;__Lib_Lcd.c,52 :: 		
0x005F	0x1283      	BCF        STATUS, 5
0x0060	0x1303      	BCF        STATUS, 6
0x0061	0x1038      	BCF        __Lib_Lcd_cmd_status, BitPos(__Lib_Lcd_cmd_status+0)
;__Lib_Lcd.c,53 :: 		
0x0062	0x0849      	MOVF       FARG_Lcd_Chr_CP_out_char, 0
0x0063	0x00CA      	MOVWF      FARG_Lcd_Cmd_out_char
0x0064	0x2018      	CALL       _Lcd_Cmd
;__Lib_Lcd.c,54 :: 		
0x0065	0x1438      	BSF        __Lib_Lcd_cmd_status, BitPos(__Lib_Lcd_cmd_status+0)
;__Lib_Lcd.c,55 :: 		
L_end_Lcd_Chr_CP:
0x0066	0x0008      	RETURN
; end of _Lcd_Chr_CP
_Div_16x16_S_L:
;__Lib_Math.c,420 :: 		
;__Lib_Math.c,426 :: 		
0x0067	0x0D71      	RLF        R1, 0
;__Lib_Math.c,427 :: 		
0x0068	0x0DF8      	RLF        R8, 1
;__Lib_Math.c,428 :: 		
0x0069	0x0DF9      	RLF        R9, 1
;__Lib_Math.c,429 :: 		
0x006A	0x0874      	MOVF       R4, 0
;__Lib_Math.c,430 :: 		
0x006B	0x02F8      	SUBWF      R8, 1
;__Lib_Math.c,431 :: 		
0x006C	0x0875      	MOVF       R5, 0
;__Lib_Math.c,432 :: 		
0x006D	0x1C03      	BTFSS      STATUS, 0
;__Lib_Math.c,433 :: 		
0x006E	0x0F75      	INCFSZ     R5, 0
;__Lib_Math.c,434 :: 		
0x006F	0x02F9      	SUBWF      R9, 1
;__Lib_Math.c,435 :: 		
0x0070	0x0DF0      	RLF        R0, 1
;__Lib_Math.c,436 :: 		
0x0071	0x0DF1      	RLF        R1, 1
;__Lib_Math.c,438 :: 		
0x0072	0x300F      	MOVLW      15
;__Lib_Math.c,439 :: 		
0x0073	0x00FC      	MOVWF      R12
;__Lib_Math.c,441 :: 		
0x0074	0x0D71      	RLF        R1, 0
;__Lib_Math.c,442 :: 		
0x0075	0x0DF8      	RLF        R8, 1
;__Lib_Math.c,443 :: 		
0x0076	0x0DF9      	RLF        R9, 1
;__Lib_Math.c,444 :: 		
0x0077	0x0874      	MOVF       R4, 0
;__Lib_Math.c,446 :: 		
0x0078	0x1C70      	BTFSS      R0, 0
;__Lib_Math.c,447 :: 		
0x0079	0x2880      	GOTO       $+7
;__Lib_Math.c,448 :: 		
0x007A	0x02F8      	SUBWF      R8, 1
;__Lib_Math.c,449 :: 		
0x007B	0x0875      	MOVF       R5, 0
;__Lib_Math.c,450 :: 		
0x007C	0x1C03      	BTFSS      STATUS, 0
;__Lib_Math.c,451 :: 		
0x007D	0x0F75      	INCFSZ     R5, 0
;__Lib_Math.c,452 :: 		
0x007E	0x02F9      	SUBWF      R9, 1
;__Lib_Math.c,453 :: 		
0x007F	0x2885      	GOTO       $+6
;__Lib_Math.c,455 :: 		
0x0080	0x07F8      	ADDWF      R8, 1
;__Lib_Math.c,456 :: 		
0x0081	0x0875      	MOVF       R5, 0
;__Lib_Math.c,457 :: 		
0x0082	0x1803      	BTFSC      STATUS, 0
;__Lib_Math.c,458 :: 		
0x0083	0x0F75      	INCFSZ     R5, 0
;__Lib_Math.c,459 :: 		
0x0084	0x07F9      	ADDWF      R9, 1
;__Lib_Math.c,461 :: 		
0x0085	0x0DF0      	RLF        R0, 1
;__Lib_Math.c,462 :: 		
0x0086	0x0DF1      	RLF        R1, 1
;__Lib_Math.c,464 :: 		
0x0087	0x0BFC      	DECFSZ     R12, 1
;__Lib_Math.c,465 :: 		
0x0088	0x2874      	GOTO       $-20
;__Lib_Math.c,467 :: 		
0x0089	0x1870      	BTFSC      R0, 0
;__Lib_Math.c,468 :: 		
0x008A	0x2891      	GOTO       $+7
;__Lib_Math.c,469 :: 		
0x008B	0x0874      	MOVF       R4, 0
;__Lib_Math.c,470 :: 		
0x008C	0x07F8      	ADDWF      R8, 1
;__Lib_Math.c,471 :: 		
0x008D	0x0875      	MOVF       R5, 0
;__Lib_Math.c,472 :: 		
0x008E	0x1803      	BTFSC      STATUS, 0
;__Lib_Math.c,473 :: 		
0x008F	0x0F75      	INCFSZ     R5, 0
;__Lib_Math.c,474 :: 		
0x0090	0x07F9      	ADDWF      R9, 1
;__Lib_Math.c,475 :: 		
0x0091	0x0000      	NOP
;__Lib_Math.c,477 :: 		
L_end_Div_16x16_S_L:
0x0092	0x0008      	RETURN
; end of _Div_16x16_S_L
_Mul_16x16_U:
;__Lib_Math.c,136 :: 		
;__Lib_Math.c,143 :: 		
0x0093	0x1283      	BCF        STATUS, 5
;__Lib_Math.c,144 :: 		
0x0094	0x1303      	BCF        STATUS, 6
;__Lib_Math.c,145 :: 		
0x0095	0x01FB      	CLRF       R11
;__Lib_Math.c,146 :: 		
0x0096	0x01FA      	CLRF       R10
;__Lib_Math.c,147 :: 		
0x0097	0x01F9      	CLRF       R9
;__Lib_Math.c,148 :: 		
0x0098	0x3080      	MOVLW      128
;__Lib_Math.c,149 :: 		
0x0099	0x00F8      	MOVWF      R8
;__Lib_Math.c,150 :: 		
0x009A	0x0CF1      	RRF        R1, 1
;__Lib_Math.c,151 :: 		
0x009B	0x0CF0      	RRF        R0, 1
;__Lib_Math.c,152 :: 		
0x009C	0x1C03      	BTFSS      STATUS, 0
;__Lib_Math.c,153 :: 		
0x009D	0x28A7      	GOTO       $+10
;__Lib_Math.c,154 :: 		
0x009E	0x0874      	MOVF       R4, 0
;__Lib_Math.c,155 :: 		
0x009F	0x07F9      	ADDWF      R9, 1
;__Lib_Math.c,156 :: 		
0x00A0	0x0875      	MOVF       R5, 0
;__Lib_Math.c,157 :: 		
0x00A1	0x1803      	BTFSC      STATUS, 0
;__Lib_Math.c,158 :: 		
0x00A2	0x0F75      	INCFSZ     R5, 0
;__Lib_Math.c,159 :: 		
0x00A3	0x07FA      	ADDWF      R10, 1
;__Lib_Math.c,160 :: 		
0x00A4	0x1803      	BTFSC      STATUS, 0
;__Lib_Math.c,161 :: 		
0x00A5	0x0AFB      	INCF       R11, 1
;__Lib_Math.c,162 :: 		
0x00A6	0x1003      	BCF        STATUS, 0
;__Lib_Math.c,163 :: 		
0x00A7	0x1FF0      	BTFSS      R0, 7
;__Lib_Math.c,164 :: 		
0x00A8	0x28AF      	GOTO       $+7
;__Lib_Math.c,165 :: 		
0x00A9	0x0874      	MOVF       R4, 0
;__Lib_Math.c,166 :: 		
0x00AA	0x07FA      	ADDWF      R10, 1
;__Lib_Math.c,167 :: 		
0x00AB	0x0875      	MOVF       R5, 0
;__Lib_Math.c,168 :: 		
0x00AC	0x1803      	BTFSC      STATUS, 0
;__Lib_Math.c,169 :: 		
0x00AD	0x0F75      	INCFSZ     R5, 0
;__Lib_Math.c,170 :: 		
0x00AE	0x07FB      	ADDWF      R11, 1
;__Lib_Math.c,171 :: 		
0x00AF	0x0CFB      	RRF        R11, 1
;__Lib_Math.c,172 :: 		
0x00B0	0x0CFA      	RRF        R10, 1
;__Lib_Math.c,173 :: 		
0x00B1	0x0CF9      	RRF        R9, 1
;__Lib_Math.c,174 :: 		
0x00B2	0x0CF8      	RRF        R8, 1
;__Lib_Math.c,175 :: 		
0x00B3	0x1C03      	BTFSS      STATUS, 0
;__Lib_Math.c,176 :: 		
0x00B4	0x289A      	GOTO       $-26
;__Lib_Math.c,177 :: 		
0x00B5	0x087B      	MOVF       R11, 0
;__Lib_Math.c,178 :: 		
0x00B6	0x00F3      	MOVWF      R3
;__Lib_Math.c,179 :: 		
0x00B7	0x087A      	MOVF       R10, 0
;__Lib_Math.c,180 :: 		
0x00B8	0x00F2      	MOVWF      R2
;__Lib_Math.c,181 :: 		
0x00B9	0x0879      	MOVF       R9, 0
;__Lib_Math.c,182 :: 		
0x00BA	0x00F1      	MOVWF      R1
;__Lib_Math.c,183 :: 		
0x00BB	0x0878      	MOVF       R8, 0
;__Lib_Math.c,184 :: 		
0x00BC	0x00F0      	MOVWF      R0
;__Lib_Math.c,187 :: 		
L_end_Mul_16x16_U:
0x00BD	0x0008      	RETURN
; end of _Mul_16x16_U
_Lcd_Out:
;__Lib_Lcd.c,184 :: 		
;__Lib_Lcd.c,187 :: 		
0x00BE	0x28D0      	GOTO       L_Lcd_Out11
;__Lib_Lcd.c,188 :: 		
L_Lcd_Out13:
0x00BF	0x3080      	MOVLW      128
0x00C0	0x1283      	BCF        STATUS, 5
0x00C1	0x1303      	BCF        STATUS, 6
0x00C2	0x00C5      	MOVWF      FARG_Lcd_Out_row
0x00C3	0x28E3      	GOTO       L_Lcd_Out12
;__Lib_Lcd.c,189 :: 		
L_Lcd_Out14:
0x00C4	0x30C0      	MOVLW      192
0x00C5	0x00C5      	MOVWF      FARG_Lcd_Out_row
0x00C6	0x28E3      	GOTO       L_Lcd_Out12
;__Lib_Lcd.c,190 :: 		
L_Lcd_Out15:
0x00C7	0x3094      	MOVLW      148
0x00C8	0x00C5      	MOVWF      FARG_Lcd_Out_row
0x00C9	0x28E3      	GOTO       L_Lcd_Out12
;__Lib_Lcd.c,191 :: 		
L_Lcd_Out16:
0x00CA	0x30D4      	MOVLW      212
0x00CB	0x00C5      	MOVWF      FARG_Lcd_Out_row
0x00CC	0x28E3      	GOTO       L_Lcd_Out12
;__Lib_Lcd.c,192 :: 		
L_Lcd_Out17:
0x00CD	0x3080      	MOVLW      128
0x00CE	0x00C5      	MOVWF      FARG_Lcd_Out_row
;__Lib_Lcd.c,193 :: 		
0x00CF	0x28E3      	GOTO       L_Lcd_Out12
L_Lcd_Out11:
0x00D0	0x1283      	BCF        STATUS, 5
0x00D1	0x1303      	BCF        STATUS, 6
0x00D2	0x0845      	MOVF       FARG_Lcd_Out_row, 0
0x00D3	0x3A01      	XORLW      1
0x00D4	0x1903      	BTFSC      STATUS, 2
0x00D5	0x28BF      	GOTO       L_Lcd_Out13
0x00D6	0x0845      	MOVF       FARG_Lcd_Out_row, 0
0x00D7	0x3A02      	XORLW      2
0x00D8	0x1903      	BTFSC      STATUS, 2
0x00D9	0x28C4      	GOTO       L_Lcd_Out14
0x00DA	0x0845      	MOVF       FARG_Lcd_Out_row, 0
0x00DB	0x3A03      	XORLW      3
0x00DC	0x1903      	BTFSC      STATUS, 2
0x00DD	0x28C7      	GOTO       L_Lcd_Out15
0x00DE	0x0845      	MOVF       FARG_Lcd_Out_row, 0
0x00DF	0x3A04      	XORLW      4
0x00E0	0x1903      	BTFSC      STATUS, 2
0x00E1	0x28CA      	GOTO       L_Lcd_Out16
0x00E2	0x28CD      	GOTO       L_Lcd_Out17
L_Lcd_Out12:
;__Lib_Lcd.c,194 :: 		
0x00E3	0x0346      	DECF       FARG_Lcd_Out_column, 0
0x00E4	0x00F0      	MOVWF      R0
0x00E5	0x0845      	MOVF       FARG_Lcd_Out_row, 0
0x00E6	0x07F0      	ADDWF      R0, 1
0x00E7	0x0870      	MOVF       R0, 0
0x00E8	0x00C5      	MOVWF      FARG_Lcd_Out_row
;__Lib_Lcd.c,196 :: 		
0x00E9	0x0870      	MOVF       R0, 0
0x00EA	0x00CA      	MOVWF      FARG_Lcd_Cmd_out_char
0x00EB	0x2018      	CALL       _Lcd_Cmd
;__Lib_Lcd.c,197 :: 		
0x00EC	0x1038      	BCF        __Lib_Lcd_cmd_status, BitPos(__Lib_Lcd_cmd_status+0)
;__Lib_Lcd.c,198 :: 		
0x00ED	0x01C8      	CLRF       Lcd_Out_i_L0
;__Lib_Lcd.c,199 :: 		
L_Lcd_Out18:
0x00EE	0x0848      	MOVF       Lcd_Out_i_L0, 0
0x00EF	0x0747      	ADDWF      FARG_Lcd_Out_text, 0
0x00F0	0x0084      	MOVWF      FSR
0x00F1	0x0800      	MOVF       INDF, 0
0x00F2	0x1903      	BTFSC      STATUS, 2
0x00F3	0x28FC      	GOTO       L_Lcd_Out19
;__Lib_Lcd.c,200 :: 		
0x00F4	0x0848      	MOVF       Lcd_Out_i_L0, 0
0x00F5	0x0747      	ADDWF      FARG_Lcd_Out_text, 0
0x00F6	0x0084      	MOVWF      FSR
0x00F7	0x0800      	MOVF       INDF, 0
0x00F8	0x00C9      	MOVWF      FARG_Lcd_Chr_CP_out_char
0x00F9	0x205F      	CALL       _Lcd_Chr_CP
0x00FA	0x0AC8      	INCF       Lcd_Out_i_L0, 1
0x00FB	0x28EE      	GOTO       L_Lcd_Out18
L_Lcd_Out19:
;__Lib_Lcd.c,201 :: 		
0x00FC	0x1438      	BSF        __Lib_Lcd_cmd_status, BitPos(__Lib_Lcd_cmd_status+0)
;__Lib_Lcd.c,202 :: 		
L_end_Lcd_Out:
0x00FD	0x0008      	RETURN
; end of _Lcd_Out
_toChar:
;bi_directional_visitor_counter.c,29 :: 		char toChar(int a)
;bi_directional_visitor_counter.c,31 :: 		switch(a)
0x00FE	0x291F      	GOTO       L_toChar6
;bi_directional_visitor_counter.c,33 :: 		case 1:
L_toChar8:
;bi_directional_visitor_counter.c,34 :: 		return '1';
0x00FF	0x3031      	MOVLW      49
0x0100	0x1283      	BCF        STATUS, 5
0x0101	0x1303      	BCF        STATUS, 6
0x0102	0x00F0      	MOVWF      R0
0x0103	0x2971      	GOTO       L_end_toChar
;bi_directional_visitor_counter.c,36 :: 		case 2:
L_toChar9:
;bi_directional_visitor_counter.c,37 :: 		return '2';
0x0104	0x3032      	MOVLW      50
0x0105	0x00F0      	MOVWF      R0
0x0106	0x2971      	GOTO       L_end_toChar
;bi_directional_visitor_counter.c,39 :: 		case 3:
L_toChar10:
;bi_directional_visitor_counter.c,40 :: 		return '3';
0x0107	0x3033      	MOVLW      51
0x0108	0x00F0      	MOVWF      R0
0x0109	0x2971      	GOTO       L_end_toChar
;bi_directional_visitor_counter.c,42 :: 		case 4:
L_toChar11:
;bi_directional_visitor_counter.c,43 :: 		return '4';
0x010A	0x3034      	MOVLW      52
0x010B	0x00F0      	MOVWF      R0
0x010C	0x2971      	GOTO       L_end_toChar
;bi_directional_visitor_counter.c,45 :: 		case 5:
L_toChar12:
;bi_directional_visitor_counter.c,46 :: 		return '5';
0x010D	0x3035      	MOVLW      53
0x010E	0x00F0      	MOVWF      R0
0x010F	0x2971      	GOTO       L_end_toChar
;bi_directional_visitor_counter.c,48 :: 		case 6:
L_toChar13:
;bi_directional_visitor_counter.c,49 :: 		return '6';
0x0110	0x3036      	MOVLW      54
0x0111	0x00F0      	MOVWF      R0
0x0112	0x2971      	GOTO       L_end_toChar
;bi_directional_visitor_counter.c,51 :: 		case 7:
L_toChar14:
;bi_directional_visitor_counter.c,52 :: 		return '7';
0x0113	0x3037      	MOVLW      55
0x0114	0x00F0      	MOVWF      R0
0x0115	0x2971      	GOTO       L_end_toChar
;bi_directional_visitor_counter.c,54 :: 		case 8:
L_toChar15:
;bi_directional_visitor_counter.c,55 :: 		return '8';
0x0116	0x3038      	MOVLW      56
0x0117	0x00F0      	MOVWF      R0
0x0118	0x2971      	GOTO       L_end_toChar
;bi_directional_visitor_counter.c,57 :: 		case 9:
L_toChar16:
;bi_directional_visitor_counter.c,58 :: 		return '9';
0x0119	0x3039      	MOVLW      57
0x011A	0x00F0      	MOVWF      R0
0x011B	0x2971      	GOTO       L_end_toChar
;bi_directional_visitor_counter.c,60 :: 		case 0:
L_toChar17:
;bi_directional_visitor_counter.c,61 :: 		return '0';
0x011C	0x3030      	MOVLW      48
0x011D	0x00F0      	MOVWF      R0
0x011E	0x2971      	GOTO       L_end_toChar
;bi_directional_visitor_counter.c,64 :: 		}
L_toChar6:
0x011F	0x1283      	BCF        STATUS, 5
0x0120	0x1303      	BCF        STATUS, 6
0x0121	0x3000      	MOVLW      0
0x0122	0x0646      	XORWF      FARG_toChar_a+1, 0
0x0123	0x1D03      	BTFSS      STATUS, 2
0x0124	0x2927      	GOTO       L__toChar28
0x0125	0x3001      	MOVLW      1
0x0126	0x0645      	XORWF      FARG_toChar_a, 0
L__toChar28:
0x0127	0x1903      	BTFSC      STATUS, 2
0x0128	0x28FF      	GOTO       L_toChar8
0x0129	0x3000      	MOVLW      0
0x012A	0x0646      	XORWF      FARG_toChar_a+1, 0
0x012B	0x1D03      	BTFSS      STATUS, 2
0x012C	0x292F      	GOTO       L__toChar29
0x012D	0x3002      	MOVLW      2
0x012E	0x0645      	XORWF      FARG_toChar_a, 0
L__toChar29:
0x012F	0x1903      	BTFSC      STATUS, 2
0x0130	0x2904      	GOTO       L_toChar9
0x0131	0x3000      	MOVLW      0
0x0132	0x0646      	XORWF      FARG_toChar_a+1, 0
0x0133	0x1D03      	BTFSS      STATUS, 2
0x0134	0x2937      	GOTO       L__toChar30
0x0135	0x3003      	MOVLW      3
0x0136	0x0645      	XORWF      FARG_toChar_a, 0
L__toChar30:
0x0137	0x1903      	BTFSC      STATUS, 2
0x0138	0x2907      	GOTO       L_toChar10
0x0139	0x3000      	MOVLW      0
0x013A	0x0646      	XORWF      FARG_toChar_a+1, 0
0x013B	0x1D03      	BTFSS      STATUS, 2
0x013C	0x293F      	GOTO       L__toChar31
0x013D	0x3004      	MOVLW      4
0x013E	0x0645      	XORWF      FARG_toChar_a, 0
L__toChar31:
0x013F	0x1903      	BTFSC      STATUS, 2
0x0140	0x290A      	GOTO       L_toChar11
0x0141	0x3000      	MOVLW      0
0x0142	0x0646      	XORWF      FARG_toChar_a+1, 0
0x0143	0x1D03      	BTFSS      STATUS, 2
0x0144	0x2947      	GOTO       L__toChar32
0x0145	0x3005      	MOVLW      5
0x0146	0x0645      	XORWF      FARG_toChar_a, 0
L__toChar32:
0x0147	0x1903      	BTFSC      STATUS, 2
0x0148	0x290D      	GOTO       L_toChar12
0x0149	0x3000      	MOVLW      0
0x014A	0x0646      	XORWF      FARG_toChar_a+1, 0
0x014B	0x1D03      	BTFSS      STATUS, 2
0x014C	0x294F      	GOTO       L__toChar33
0x014D	0x3006      	MOVLW      6
0x014E	0x0645      	XORWF      FARG_toChar_a, 0
L__toChar33:
0x014F	0x1903      	BTFSC      STATUS, 2
0x0150	0x2910      	GOTO       L_toChar13
0x0151	0x3000      	MOVLW      0
0x0152	0x0646      	XORWF      FARG_toChar_a+1, 0
0x0153	0x1D03      	BTFSS      STATUS, 2
0x0154	0x2957      	GOTO       L__toChar34
0x0155	0x3007      	MOVLW      7
0x0156	0x0645      	XORWF      FARG_toChar_a, 0
L__toChar34:
0x0157	0x1903      	BTFSC      STATUS, 2
0x0158	0x2913      	GOTO       L_toChar14
0x0159	0x3000      	MOVLW      0
0x015A	0x0646      	XORWF      FARG_toChar_a+1, 0
0x015B	0x1D03      	BTFSS      STATUS, 2
0x015C	0x295F      	GOTO       L__toChar35
0x015D	0x3008      	MOVLW      8
0x015E	0x0645      	XORWF      FARG_toChar_a, 0
L__toChar35:
0x015F	0x1903      	BTFSC      STATUS, 2
0x0160	0x2916      	GOTO       L_toChar15
0x0161	0x3000      	MOVLW      0
0x0162	0x0646      	XORWF      FARG_toChar_a+1, 0
0x0163	0x1D03      	BTFSS      STATUS, 2
0x0164	0x2967      	GOTO       L__toChar36
0x0165	0x3009      	MOVLW      9
0x0166	0x0645      	XORWF      FARG_toChar_a, 0
L__toChar36:
0x0167	0x1903      	BTFSC      STATUS, 2
0x0168	0x2919      	GOTO       L_toChar16
0x0169	0x3000      	MOVLW      0
0x016A	0x0646      	XORWF      FARG_toChar_a+1, 0
0x016B	0x1D03      	BTFSS      STATUS, 2
0x016C	0x296F      	GOTO       L__toChar37
0x016D	0x3000      	MOVLW      0
0x016E	0x0645      	XORWF      FARG_toChar_a, 0
L__toChar37:
0x016F	0x1903      	BTFSC      STATUS, 2
0x0170	0x291C      	GOTO       L_toChar17
;bi_directional_visitor_counter.c,66 :: 		}
L_end_toChar:
0x0171	0x0008      	RETURN
; end of _toChar
_Delay:
;bi_directional_visitor_counter.c,17 :: 		void Delay(int a)
;bi_directional_visitor_counter.c,21 :: 		for(i=0;i<a;i++)
0x0172	0x1283      	BCF        STATUS, 5
0x0173	0x1303      	BCF        STATUS, 6
0x0174	0x01F3      	CLRF       R3
0x0175	0x01F4      	CLRF       R3+1
L_Delay0:
0x0176	0x3080      	MOVLW      128
0x0177	0x0674      	XORWF      R3+1, 0
0x0178	0x00F0      	MOVWF      R0
0x0179	0x3080      	MOVLW      128
0x017A	0x0646      	XORWF      FARG_Delay_a+1, 0
0x017B	0x0270      	SUBWF      R0, 0
0x017C	0x1D03      	BTFSS      STATUS, 2
0x017D	0x2980      	GOTO       L__Delay25
0x017E	0x0845      	MOVF       FARG_Delay_a, 0
0x017F	0x0273      	SUBWF      R3, 0
L__Delay25:
0x0180	0x1803      	BTFSC      STATUS, 0
0x0181	0x2997      	GOTO       L_Delay1
;bi_directional_visitor_counter.c,23 :: 		for(j=0;j<100;j++)
0x0182	0x01F1      	CLRF       R1
0x0183	0x01F2      	CLRF       R1+1
L_Delay3:
0x0184	0x3080      	MOVLW      128
0x0185	0x0672      	XORWF      R1+1, 0
0x0186	0x00F0      	MOVWF      R0
0x0187	0x3080      	MOVLW      128
0x0188	0x0270      	SUBWF      R0, 0
0x0189	0x1D03      	BTFSS      STATUS, 2
0x018A	0x298D      	GOTO       L__Delay26
0x018B	0x3064      	MOVLW      100
0x018C	0x0271      	SUBWF      R1, 0
L__Delay26:
0x018D	0x1803      	BTFSC      STATUS, 0
0x018E	0x2993      	GOTO       L_Delay4
0x018F	0x0AF1      	INCF       R1, 1
0x0190	0x1903      	BTFSC      STATUS, 2
0x0191	0x0AF2      	INCF       R1+1, 1
;bi_directional_visitor_counter.c,25 :: 		}
0x0192	0x2984      	GOTO       L_Delay3
L_Delay4:
;bi_directional_visitor_counter.c,21 :: 		for(i=0;i<a;i++)
0x0193	0x0AF3      	INCF       R3, 1
0x0194	0x1903      	BTFSC      STATUS, 2
0x0195	0x0AF4      	INCF       R3+1, 1
;bi_directional_visitor_counter.c,26 :: 		}
0x0196	0x2976      	GOTO       L_Delay0
L_Delay1:
;bi_directional_visitor_counter.c,27 :: 		}
L_end_Delay:
0x0197	0x0008      	RETURN
; end of _Delay
_Lcd_Init:
;__Lib_Lcd.c,84 :: 		
;__Lib_Lcd.c,86 :: 		
0x0198	0x1683      	BSF        STATUS, 5
0x0199	0x1303      	BCF        STATUS, 6
0x019A	0x1187      	BCF        LCD_EN_Direction, BitPos(LCD_EN_Direction+0)
;__Lib_Lcd.c,87 :: 		
0x019B	0x1107      	BCF        LCD_RS_Direction, BitPos(LCD_RS_Direction+0)
;__Lib_Lcd.c,88 :: 		
0x019C	0x1207      	BCF        LCD_D4_Direction, BitPos(LCD_D4_Direction+0)
;__Lib_Lcd.c,89 :: 		
0x019D	0x1287      	BCF        LCD_D5_Direction, BitPos(LCD_D5_Direction+0)
;__Lib_Lcd.c,90 :: 		
0x019E	0x1307      	BCF        LCD_D6_Direction, BitPos(LCD_D6_Direction+0)
;__Lib_Lcd.c,91 :: 		
0x019F	0x1387      	BCF        LCD_D7_Direction, BitPos(LCD_D7_Direction+0)
;__Lib_Lcd.c,93 :: 		
0x01A0	0x1283      	BCF        STATUS, 5
0x01A1	0x1187      	BCF        LCD_EN, BitPos(LCD_EN+0)
;__Lib_Lcd.c,94 :: 		
0x01A2	0x1107      	BCF        LCD_RS, BitPos(LCD_RS+0)
;__Lib_Lcd.c,95 :: 		
0x01A3	0x1387      	BCF        LCD_D7, BitPos(LCD_D7+0)
;__Lib_Lcd.c,96 :: 		
0x01A4	0x1307      	BCF        LCD_D6, BitPos(LCD_D6+0)
;__Lib_Lcd.c,97 :: 		
0x01A5	0x1287      	BCF        LCD_D5, BitPos(LCD_D5+0)
;__Lib_Lcd.c,98 :: 		
0x01A6	0x1207      	BCF        LCD_D4, BitPos(LCD_D4+0)
;__Lib_Lcd.c,100 :: 		
0x01A7	0x2005      	CALL       _Delay_5500us
;__Lib_Lcd.c,101 :: 		
0x01A8	0x2005      	CALL       _Delay_5500us
;__Lib_Lcd.c,102 :: 		
0x01A9	0x2005      	CALL       _Delay_5500us
;__Lib_Lcd.c,105 :: 		
0x01AA	0x1687      	BSF        LCD_D5, BitPos(LCD_D5+0)
;__Lib_Lcd.c,106 :: 		
0x01AB	0x1607      	BSF        LCD_D4, BitPos(LCD_D4+0)
;__Lib_Lcd.c,107 :: 		
0x01AC	0x1587      	BSF        LCD_EN, BitPos(LCD_EN+0)
;__Lib_Lcd.c,108 :: 		
0x01AD	0x2003      	CALL       _Delay_1us
;__Lib_Lcd.c,109 :: 		
0x01AE	0x1187      	BCF        LCD_EN, BitPos(LCD_EN+0)
;__Lib_Lcd.c,110 :: 		
0x01AF	0x2005      	CALL       _Delay_5500us
;__Lib_Lcd.c,112 :: 		
0x01B0	0x1587      	BSF        LCD_EN, BitPos(LCD_EN+0)
;__Lib_Lcd.c,113 :: 		
0x01B1	0x2003      	CALL       _Delay_1us
;__Lib_Lcd.c,114 :: 		
0x01B2	0x1187      	BCF        LCD_EN, BitPos(LCD_EN+0)
;__Lib_Lcd.c,115 :: 		
0x01B3	0x2005      	CALL       _Delay_5500us
;__Lib_Lcd.c,117 :: 		
0x01B4	0x1587      	BSF        LCD_EN, BitPos(LCD_EN+0)
;__Lib_Lcd.c,118 :: 		
0x01B5	0x2003      	CALL       _Delay_1us
;__Lib_Lcd.c,119 :: 		
0x01B6	0x1187      	BCF        LCD_EN, BitPos(LCD_EN+0)
;__Lib_Lcd.c,120 :: 		
0x01B7	0x2005      	CALL       _Delay_5500us
;__Lib_Lcd.c,123 :: 		
0x01B8	0x1207      	BCF        LCD_D4, BitPos(LCD_D4+0)
;__Lib_Lcd.c,124 :: 		
0x01B9	0x1587      	BSF        LCD_EN, BitPos(LCD_EN+0)
;__Lib_Lcd.c,125 :: 		
0x01BA	0x2003      	CALL       _Delay_1us
;__Lib_Lcd.c,126 :: 		
0x01BB	0x1187      	BCF        LCD_EN, BitPos(LCD_EN+0)
;__Lib_Lcd.c,127 :: 		
0x01BC	0x2005      	CALL       _Delay_5500us
;__Lib_Lcd.c,130 :: 		
0x01BD	0x1587      	BSF        LCD_EN, BitPos(LCD_EN+0)
;__Lib_Lcd.c,131 :: 		
0x01BE	0x2003      	CALL       _Delay_1us
;__Lib_Lcd.c,132 :: 		
0x01BF	0x1187      	BCF        LCD_EN, BitPos(LCD_EN+0)
;__Lib_Lcd.c,134 :: 		
0x01C0	0x1287      	BCF        LCD_D5, BitPos(LCD_D5+0)
;__Lib_Lcd.c,135 :: 		
0x01C1	0x1787      	BSF        LCD_D7, BitPos(LCD_D7+0)
;__Lib_Lcd.c,136 :: 		
0x01C2	0x1587      	BSF        LCD_EN, BitPos(LCD_EN+0)
;__Lib_Lcd.c,137 :: 		
0x01C3	0x2003      	CALL       _Delay_1us
;__Lib_Lcd.c,138 :: 		
0x01C4	0x1187      	BCF        LCD_EN, BitPos(LCD_EN+0)
;__Lib_Lcd.c,139 :: 		
0x01C5	0x2005      	CALL       _Delay_5500us
;__Lib_Lcd.c,142 :: 		
0x01C6	0x1387      	BCF        LCD_D7, BitPos(LCD_D7+0)
;__Lib_Lcd.c,143 :: 		
0x01C7	0x1607      	BSF        LCD_D4, BitPos(LCD_D4+0)
;__Lib_Lcd.c,144 :: 		
0x01C8	0x1587      	BSF        LCD_EN, BitPos(LCD_EN+0)
;__Lib_Lcd.c,145 :: 		
0x01C9	0x2003      	CALL       _Delay_1us
;__Lib_Lcd.c,146 :: 		
0x01CA	0x1187      	BCF        LCD_EN, BitPos(LCD_EN+0)
;__Lib_Lcd.c,148 :: 		
0x01CB	0x1207      	BCF        LCD_D4, BitPos(LCD_D4+0)
;__Lib_Lcd.c,149 :: 		
0x01CC	0x1587      	BSF        LCD_EN, BitPos(LCD_EN+0)
;__Lib_Lcd.c,150 :: 		
0x01CD	0x2003      	CALL       _Delay_1us
;__Lib_Lcd.c,151 :: 		
0x01CE	0x1187      	BCF        LCD_EN, BitPos(LCD_EN+0)
;__Lib_Lcd.c,152 :: 		
0x01CF	0x2005      	CALL       _Delay_5500us
;__Lib_Lcd.c,155 :: 		
0x01D0	0x1587      	BSF        LCD_EN, BitPos(LCD_EN+0)
;__Lib_Lcd.c,156 :: 		
0x01D1	0x2003      	CALL       _Delay_1us
;__Lib_Lcd.c,157 :: 		
0x01D2	0x1187      	BCF        LCD_EN, BitPos(LCD_EN+0)
;__Lib_Lcd.c,159 :: 		
0x01D3	0x1607      	BSF        LCD_D4, BitPos(LCD_D4+0)
;__Lib_Lcd.c,160 :: 		
0x01D4	0x1587      	BSF        LCD_EN, BitPos(LCD_EN+0)
;__Lib_Lcd.c,161 :: 		
0x01D5	0x2003      	CALL       _Delay_1us
;__Lib_Lcd.c,162 :: 		
0x01D6	0x1187      	BCF        LCD_EN, BitPos(LCD_EN+0)
;__Lib_Lcd.c,163 :: 		
0x01D7	0x2005      	CALL       _Delay_5500us
;__Lib_Lcd.c,166 :: 		
0x01D8	0x1207      	BCF        LCD_D4, BitPos(LCD_D4+0)
;__Lib_Lcd.c,167 :: 		
0x01D9	0x1587      	BSF        LCD_EN, BitPos(LCD_EN+0)
;__Lib_Lcd.c,168 :: 		
0x01DA	0x2003      	CALL       _Delay_1us
;__Lib_Lcd.c,169 :: 		
0x01DB	0x1187      	BCF        LCD_EN, BitPos(LCD_EN+0)
;__Lib_Lcd.c,171 :: 		
0x01DC	0x1787      	BSF        LCD_D7, BitPos(LCD_D7+0)
;__Lib_Lcd.c,172 :: 		
0x01DD	0x1707      	BSF        LCD_D6, BitPos(LCD_D6+0)
;__Lib_Lcd.c,173 :: 		
0x01DE	0x1687      	BSF        LCD_D5, BitPos(LCD_D5+0)
;__Lib_Lcd.c,174 :: 		
0x01DF	0x1607      	BSF        LCD_D4, BitPos(LCD_D4+0)
;__Lib_Lcd.c,175 :: 		
0x01E0	0x1587      	BSF        LCD_EN, BitPos(LCD_EN+0)
;__Lib_Lcd.c,176 :: 		
0x01E1	0x2003      	CALL       _Delay_1us
;__Lib_Lcd.c,177 :: 		
0x01E2	0x1187      	BCF        LCD_EN, BitPos(LCD_EN+0)
;__Lib_Lcd.c,179 :: 		
0x01E3	0x2005      	CALL       _Delay_5500us
;__Lib_Lcd.c,181 :: 		
0x01E4	0x1438      	BSF        __Lib_Lcd_cmd_status, BitPos(__Lib_Lcd_cmd_status+0)
;__Lib_Lcd.c,182 :: 		
L_end_Lcd_Init:
0x01E5	0x0008      	RETURN
; end of _Lcd_Init
_Div_16x16_S:
;__Lib_Math.c,479 :: 		
;__Lib_Math.c,487 :: 		
0x01E6	0x1283      	BCF        STATUS, 5
0x01E7	0x1303      	BCF        STATUS, 6
0x01E8	0x0874      	MOVF       R4, 0
0x01E9	0x3A00      	XORLW      0
0x01EA	0x1D03      	BTFSS      STATUS, 2
0x01EB	0x29F5      	GOTO       L_Div_16x16_S0
;__Lib_Math.c,488 :: 		
0x01EC	0x0875      	MOVF       R5, 0
0x01ED	0x3A00      	XORLW      0
0x01EE	0x1D03      	BTFSS      STATUS, 2
0x01EF	0x29F5      	GOTO       L_Div_16x16_S1
;__Lib_Math.c,489 :: 		
0x01F0	0x30FF      	MOVLW      255
0x01F1	0x00F0      	MOVWF      R0
;__Lib_Math.c,490 :: 		
0x01F2	0x307F      	MOVLW      127
0x01F3	0x00F1      	MOVWF      R1
;__Lib_Math.c,491 :: 		
0x01F4	0x2A4E      	GOTO       L_end_Div_16x16_S
;__Lib_Math.c,492 :: 		
L_Div_16x16_S1:
L_Div_16x16_S0:
;__Lib_Math.c,495 :: 		
0x01F5	0x1283      	BCF        STATUS, 5
;__Lib_Math.c,496 :: 		
0x01F6	0x1303      	BCF        STATUS, 6
;__Lib_Math.c,497 :: 		
0x01F7	0x01FD      	CLRF       R13
;__Lib_Math.c,498 :: 		
0x01F8	0x01F9      	CLRF       R9
;__Lib_Math.c,499 :: 		
0x01F9	0x01F8      	CLRF       R8
;__Lib_Math.c,500 :: 		
0x01FA	0x0871      	MOVF       R1, 0
;__Lib_Math.c,501 :: 		
0x01FB	0x0470      	IORWF      R0, 0
;__Lib_Math.c,502 :: 		
0x01FC	0x1903      	BTFSC      STATUS, 2
;__Lib_Math.c,503 :: 		
0x01FD	0x3400      	RETLW      0
;__Lib_Math.c,505 :: 		
0x01FE	0x0871      	MOVF       R1, 0
;__Lib_Math.c,506 :: 		
0x01FF	0x0675      	XORWF      R5, 0
;__Lib_Math.c,507 :: 		
0x0200	0x00FA      	MOVWF      R10
;__Lib_Math.c,508 :: 		
0x0201	0x1BFA      	BTFSC      R10, 7
;__Lib_Math.c,509 :: 		
0x0202	0x09FD      	COMF       R13, 1
;__Lib_Math.c,511 :: 		
0x0203	0x01FB      	CLRF       R11
;__Lib_Math.c,513 :: 		
0x0204	0x1FF5      	BTFSS      R5, 7
;__Lib_Math.c,514 :: 		
0x0205	0x2A0B      	GOTO       $+6
;__Lib_Math.c,516 :: 		
0x0206	0x09F4      	COMF       R4, 1
;__Lib_Math.c,517 :: 		
0x0207	0x09F5      	COMF       R5, 1
;__Lib_Math.c,518 :: 		
0x0208	0x0AF4      	INCF       R4, 1
;__Lib_Math.c,519 :: 		
0x0209	0x1903      	BTFSC      STATUS, 2
;__Lib_Math.c,520 :: 		
0x020A	0x0AF5      	INCF       R5, 1
;__Lib_Math.c,522 :: 		
0x020B	0x1FF1      	BTFSS      R1, 7
;__Lib_Math.c,523 :: 		
0x020C	0x2A12      	GOTO       $+6
;__Lib_Math.c,525 :: 		
0x020D	0x09F0      	COMF       R0, 1
;__Lib_Math.c,526 :: 		
0x020E	0x09F1      	COMF       R1, 1
;__Lib_Math.c,527 :: 		
0x020F	0x0AF0      	INCF       R0, 1
;__Lib_Math.c,528 :: 		
0x0210	0x1903      	BTFSC      STATUS, 2
;__Lib_Math.c,529 :: 		
0x0211	0x0AF1      	INCF       R1, 1
;__Lib_Math.c,531 :: 		
0x0212	0x0871      	MOVF       R1, 0
;__Lib_Math.c,532 :: 		
0x0213	0x0475      	IORWF      R5, 0
;__Lib_Math.c,533 :: 		
0x0214	0x00FA      	MOVWF      R10
;__Lib_Math.c,534 :: 		
0x0215	0x1BFA      	BTFSC      R10, 7
;__Lib_Math.c,535 :: 		
0x0216	0x2A27      	GOTO       $+17
;__Lib_Math.c,537 :: 		
0x0217	0x2067      	CALL       _Div_16x16_S_L
;__Lib_Math.c,539 :: 		
0x0218	0x187B      	BTFSC      R11, 0
;__Lib_Math.c,540 :: 		
0x0219	0x2A3A      	GOTO       $+33
;__Lib_Math.c,542 :: 		
0x021A	0x1FFD      	BTFSS      R13, 7
;__Lib_Math.c,543 :: 		
0x021B	0x3400      	RETLW      0
;__Lib_Math.c,545 :: 		
0x021C	0x09F0      	COMF       R0, 1
;__Lib_Math.c,546 :: 		
0x021D	0x09F1      	COMF       R1, 1
;__Lib_Math.c,547 :: 		
0x021E	0x0AF0      	INCF       R0, 1
;__Lib_Math.c,548 :: 		
0x021F	0x1903      	BTFSC      STATUS, 2
;__Lib_Math.c,549 :: 		
0x0220	0x0AF1      	INCF       R1, 1
;__Lib_Math.c,551 :: 		
0x0221	0x09F8      	COMF       R8, 1
;__Lib_Math.c,552 :: 		
0x0222	0x09F9      	COMF       R9, 1
;__Lib_Math.c,553 :: 		
0x0223	0x0AF8      	INCF       R8, 1
;__Lib_Math.c,554 :: 		
0x0224	0x1903      	BTFSC      STATUS, 2
;__Lib_Math.c,555 :: 		
0x0225	0x0AF9      	INCF       R9, 1
;__Lib_Math.c,557 :: 		
0x0226	0x3400      	RETLW      0
;__Lib_Math.c,559 :: 		
0x0227	0x1FF5      	BTFSS      R5, 7
;__Lib_Math.c,560 :: 		
0x0228	0x2A36      	GOTO       $+14
;__Lib_Math.c,561 :: 		
0x0229	0x1BF1      	BTFSC      R1, 7
;__Lib_Math.c,562 :: 		
0x022A	0x2A32      	GOTO       $+8
;__Lib_Math.c,563 :: 		
0x022B	0x0871      	MOVF       R1, 0
;__Lib_Math.c,564 :: 		
0x022C	0x00F9      	MOVWF      R9
;__Lib_Math.c,565 :: 		
0x022D	0x0870      	MOVF       R0, 0
;__Lib_Math.c,566 :: 		
0x022E	0x00F8      	MOVWF      R8
;__Lib_Math.c,567 :: 		
0x022F	0x01F1      	CLRF       R1
;__Lib_Math.c,568 :: 		
0x0230	0x01F0      	CLRF       R0
;__Lib_Math.c,569 :: 		
0x0231	0x2A1A      	GOTO       $-23
;__Lib_Math.c,570 :: 		
0x0232	0x01F1      	CLRF       R1
;__Lib_Math.c,571 :: 		
0x0233	0x01F0      	CLRF       R0
;__Lib_Math.c,572 :: 		
0x0234	0x0AF0      	INCF       R0, 1
;__Lib_Math.c,573 :: 		
0x0235	0x3400      	RETLW      0
;__Lib_Math.c,575 :: 		
0x0236	0x09F1      	COMF       R1, 1
;__Lib_Math.c,576 :: 		
0x0237	0x09F0      	COMF       R0, 1
;__Lib_Math.c,577 :: 		
0x0238	0x0AFB      	INCF       R11, 1
;__Lib_Math.c,578 :: 		
0x0239	0x2A17      	GOTO       $-34
;__Lib_Math.c,580 :: 		
0x023A	0x0AF8      	INCF       R8, 1
;__Lib_Math.c,581 :: 		
0x023B	0x1903      	BTFSC      STATUS, 2
;__Lib_Math.c,582 :: 		
0x023C	0x0AF9      	INCF       R9, 1
;__Lib_Math.c,583 :: 		
0x023D	0x0874      	MOVF       R4, 0
;__Lib_Math.c,584 :: 		
0x023E	0x0278      	SUBWF      R8, 0
;__Lib_Math.c,585 :: 		
0x023F	0x1D03      	BTFSS      STATUS, 2
;__Lib_Math.c,586 :: 		
0x0240	0x2A1A      	GOTO       $-38
;__Lib_Math.c,587 :: 		
0x0241	0x0875      	MOVF       R5, 0
;__Lib_Math.c,588 :: 		
0x0242	0x0279      	SUBWF      R9, 0
;__Lib_Math.c,589 :: 		
0x0243	0x1D03      	BTFSS      STATUS, 2
;__Lib_Math.c,590 :: 		
0x0244	0x2A1A      	GOTO       $-42
;__Lib_Math.c,591 :: 		
0x0245	0x01F9      	CLRF       R9
;__Lib_Math.c,592 :: 		
0x0246	0x01F8      	CLRF       R8
;__Lib_Math.c,593 :: 		
0x0247	0x0AF0      	INCF       R0, 1
;__Lib_Math.c,594 :: 		
0x0248	0x1903      	BTFSC      STATUS, 2
;__Lib_Math.c,595 :: 		
0x0249	0x0AF1      	INCF       R1, 1
;__Lib_Math.c,596 :: 		
0x024A	0x1FF1      	BTFSS      R1, 7
;__Lib_Math.c,597 :: 		
0x024B	0x2A1A      	GOTO       $-49
;__Lib_Math.c,598 :: 		
0x024C	0x0000      	NOP
;__Lib_Math.c,599 :: 		
0x024D	0x34FF      	RETLW      255
;__Lib_Math.c,601 :: 		
L_end_Div_16x16_S:
0x024E	0x0008      	RETURN
; end of _Div_16x16_S
___CC2DW:
;__Lib_System.c,134 :: 		
;__Lib_System.c,137 :: 		
_CC2D_Loop1:
;__Lib_System.c,139 :: 		
0x024F	0x2058      	CALL       _____DoICP
0x0250	0x118A      	BCF        PCLATH, 3
0x0251	0x120A      	BCF        PCLATH, 4
;__Lib_System.c,141 :: 		
0x0252	0x0080      	MOVWF      INDF
;__Lib_System.c,142 :: 		
0x0253	0x0A84      	INCF       FSR, 1
;__Lib_System.c,143 :: 		
0x0254	0x0AB9      	INCF       ___DoICPAddr, 1
;__Lib_System.c,145 :: 		
0x0255	0x1903      	BTFSC      STATUS, 2
;__Lib_System.c,146 :: 		
0x0256	0x0ABA      	INCF       ___DoICPAddr+1, 1
;__Lib_System.c,147 :: 		
0x0257	0x03F0      	DECF       R0, 1
;__Lib_System.c,149 :: 		
0x0258	0x1D03      	BTFSS      STATUS, 2
;__Lib_System.c,150 :: 		
0x0259	0x2A4F      	GOTO       _CC2D_Loop1
;__Lib_System.c,152 :: 		
L_end___CC2DW:
0x025A	0x0008      	RETURN
; end of ___CC2DW
_Lcd_Chr:
;__Lib_Lcd.c,65 :: 		
;__Lib_Lcd.c,66 :: 		
0x025B	0x2A6D      	GOTO       L_Lcd_Chr4
;__Lib_Lcd.c,67 :: 		
L_Lcd_Chr6:
0x025C	0x3080      	MOVLW      128
0x025D	0x1283      	BCF        STATUS, 5
0x025E	0x1303      	BCF        STATUS, 6
0x025F	0x00C5      	MOVWF      FARG_Lcd_Chr_row
0x0260	0x2A80      	GOTO       L_Lcd_Chr5
;__Lib_Lcd.c,68 :: 		
L_Lcd_Chr7:
0x0261	0x30C0      	MOVLW      192
0x0262	0x00C5      	MOVWF      FARG_Lcd_Chr_row
0x0263	0x2A80      	GOTO       L_Lcd_Chr5
;__Lib_Lcd.c,69 :: 		
L_Lcd_Chr8:
0x0264	0x3094      	MOVLW      148
0x0265	0x00C5      	MOVWF      FARG_Lcd_Chr_row
0x0266	0x2A80      	GOTO       L_Lcd_Chr5
;__Lib_Lcd.c,70 :: 		
L_Lcd_Chr9:
0x0267	0x30D4      	MOVLW      212
0x0268	0x00C5      	MOVWF      FARG_Lcd_Chr_row
0x0269	0x2A80      	GOTO       L_Lcd_Chr5
;__Lib_Lcd.c,71 :: 		
L_Lcd_Chr10:
0x026A	0x3080      	MOVLW      128
0x026B	0x00C5      	MOVWF      FARG_Lcd_Chr_row
;__Lib_Lcd.c,72 :: 		
0x026C	0x2A80      	GOTO       L_Lcd_Chr5
L_Lcd_Chr4:
0x026D	0x1283      	BCF        STATUS, 5
0x026E	0x1303      	BCF        STATUS, 6
0x026F	0x0845      	MOVF       FARG_Lcd_Chr_row, 0
0x0270	0x3A01      	XORLW      1
0x0271	0x1903      	BTFSC      STATUS, 2
0x0272	0x2A5C      	GOTO       L_Lcd_Chr6
0x0273	0x0845      	MOVF       FARG_Lcd_Chr_row, 0
0x0274	0x3A02      	XORLW      2
0x0275	0x1903      	BTFSC      STATUS, 2
0x0276	0x2A61      	GOTO       L_Lcd_Chr7
0x0277	0x0845      	MOVF       FARG_Lcd_Chr_row, 0
0x0278	0x3A03      	XORLW      3
0x0279	0x1903      	BTFSC      STATUS, 2
0x027A	0x2A64      	GOTO       L_Lcd_Chr8
0x027B	0x0845      	MOVF       FARG_Lcd_Chr_row, 0
0x027C	0x3A04      	XORLW      4
0x027D	0x1903      	BTFSC      STATUS, 2
0x027E	0x2A67      	GOTO       L_Lcd_Chr9
0x027F	0x2A6A      	GOTO       L_Lcd_Chr10
L_Lcd_Chr5:
;__Lib_Lcd.c,74 :: 		
0x0280	0x0346      	DECF       FARG_Lcd_Chr_column, 0
0x0281	0x00F0      	MOVWF      R0
0x0282	0x0845      	MOVF       FARG_Lcd_Chr_row, 0
0x0283	0x07F0      	ADDWF      R0, 1
0x0284	0x0870      	MOVF       R0, 0
0x0285	0x00C5      	MOVWF      FARG_Lcd_Chr_row
;__Lib_Lcd.c,76 :: 		
0x0286	0x1438      	BSF        __Lib_Lcd_cmd_status, BitPos(__Lib_Lcd_cmd_status+0)
;__Lib_Lcd.c,77 :: 		
0x0287	0x0870      	MOVF       R0, 0
0x0288	0x00CA      	MOVWF      FARG_Lcd_Cmd_out_char
0x0289	0x2018      	CALL       _Lcd_Cmd
;__Lib_Lcd.c,79 :: 		
0x028A	0x1038      	BCF        __Lib_Lcd_cmd_status, BitPos(__Lib_Lcd_cmd_status+0)
;__Lib_Lcd.c,80 :: 		
0x028B	0x0847      	MOVF       FARG_Lcd_Chr_out_char, 0
0x028C	0x00CA      	MOVWF      FARG_Lcd_Cmd_out_char
0x028D	0x2018      	CALL       _Lcd_Cmd
;__Lib_Lcd.c,81 :: 		
0x028E	0x1438      	BSF        __Lib_Lcd_cmd_status, BitPos(__Lib_Lcd_cmd_status+0)
;__Lib_Lcd.c,82 :: 		
L_end_Lcd_Chr:
0x028F	0x0008      	RETURN
; end of _Lcd_Chr
_main:
0x0290	0x3057      	MOVLW      87
0x0291	0x1283      	BCF        STATUS, 5
0x0292	0x1303      	BCF        STATUS, 6
0x0293	0x00A0      	MOVWF      ?lstr2_bi_directional_visitor_counter
0x0294	0x3045      	MOVLW      69
0x0295	0x00A1      	MOVWF      33
0x0296	0x304C      	MOVLW      76
0x0297	0x00A2      	MOVWF      34
0x0298	0x3043      	MOVLW      67
0x0299	0x00A3      	MOVWF      35
0x029A	0x304F      	MOVLW      79
0x029B	0x00A4      	MOVWF      36
0x029C	0x304D      	MOVLW      77
0x029D	0x00A5      	MOVWF      37
0x029E	0x3045      	MOVLW      69
0x029F	0x00A6      	MOVWF      38
0x02A0	0x01A7      	CLRF       39
0x02A1	0x3057      	MOVLW      87
0x02A2	0x00A8      	MOVWF      ?lstr1_bi_directional_visitor_counter
0x02A3	0x3045      	MOVLW      69
0x02A4	0x00A9      	MOVWF      41
0x02A5	0x304C      	MOVLW      76
0x02A6	0x00AA      	MOVWF      42
0x02A7	0x3043      	MOVLW      67
0x02A8	0x00AB      	MOVWF      43
0x02A9	0x304F      	MOVLW      79
0x02AA	0x00AC      	MOVWF      44
0x02AB	0x304D      	MOVLW      77
0x02AC	0x00AD      	MOVWF      45
0x02AD	0x3045      	MOVLW      69
0x02AE	0x00AE      	MOVWF      46
0x02AF	0x303A      	MOVLW      58
0x02B0	0x00AF      	MOVWF      47
0x02B1	0x01B0      	CLRF       48
0x02B2	0x3054      	MOVLW      84
0x02B3	0x00B1      	MOVWF      ?lstr3_bi_directional_visitor_counter
0x02B4	0x3048      	MOVLW      72
0x02B5	0x00B2      	MOVWF      50
0x02B6	0x3041      	MOVLW      65
0x02B7	0x00B3      	MOVWF      51
0x02B8	0x304E      	MOVLW      78
0x02B9	0x00B4      	MOVWF      52
0x02BA	0x304B      	MOVLW      75
0x02BB	0x00B5      	MOVWF      53
0x02BC	0x3053      	MOVLW      83
0x02BD	0x00B6      	MOVWF      54
0x02BE	0x01B7      	CLRF       55
;bi_directional_visitor_counter.c,67 :: 		void main()
;bi_directional_visitor_counter.c,70 :: 		int count=0;
0x02BF	0x01C3      	CLRF       main_count_L0
0x02C0	0x01C4      	CLRF       main_count_L0+1
;bi_directional_visitor_counter.c,72 :: 		ENTER=1;
0x02C1	0x1408      	BSF        RD0_bit, BitPos(RD0_bit+0)
;bi_directional_visitor_counter.c,73 :: 		EXIT=1;
0x02C2	0x1488      	BSF        RD1_bit, BitPos(RD1_bit+0)
;bi_directional_visitor_counter.c,74 :: 		TRISD = 0xFF; // PORTD as input
0x02C3	0x30FF      	MOVLW      255
0x02C4	0x1683      	BSF        STATUS, 5
0x02C5	0x0088      	MOVWF      TRISD
;bi_directional_visitor_counter.c,75 :: 		Lcd_Init(); // Initialize LCD
0x02C6	0x2198      	CALL       _Lcd_Init
;bi_directional_visitor_counter.c,76 :: 		Lcd_Cmd(_LCD_CLEAR); // Clear display
0x02C7	0x3001      	MOVLW      1
0x02C8	0x00CA      	MOVWF      FARG_Lcd_Cmd_out_char
0x02C9	0x2018      	CALL       _Lcd_Cmd
;bi_directional_visitor_counter.c,77 :: 		Lcd_Cmd(_LCD_CURSOR_OFF); // Cursor off
0x02CA	0x300C      	MOVLW      12
0x02CB	0x00CA      	MOVWF      FARG_Lcd_Cmd_out_char
0x02CC	0x2018      	CALL       _Lcd_Cmd
;bi_directional_visitor_counter.c,78 :: 		Lcd_Out(1,1,"WELCOME:");//Write text'Hello World' in first row
0x02CD	0x3001      	MOVLW      1
0x02CE	0x00C5      	MOVWF      FARG_Lcd_Out_row
0x02CF	0x3001      	MOVLW      1
0x02D0	0x00C6      	MOVWF      FARG_Lcd_Out_column
0x02D1	0x3028      	MOVLW      ?lstr1_bi_directional_visitor_counter
0x02D2	0x00C7      	MOVWF      FARG_Lcd_Out_text
0x02D3	0x20BE      	CALL       _Lcd_Out
;bi_directional_visitor_counter.c,79 :: 		c=toChar(count);
0x02D4	0x0843      	MOVF       main_count_L0, 0
0x02D5	0x00C5      	MOVWF      FARG_toChar_a
0x02D6	0x0844      	MOVF       main_count_L0+1, 0
0x02D7	0x00C6      	MOVWF      FARG_toChar_a+1
0x02D8	0x20FE      	CALL       _toChar
;bi_directional_visitor_counter.c,80 :: 		Lcd_chr(2,1,c);
0x02D9	0x3002      	MOVLW      2
0x02DA	0x1283      	BCF        STATUS, 5
0x02DB	0x1303      	BCF        STATUS, 6
0x02DC	0x00C5      	MOVWF      FARG_Lcd_Chr_row
0x02DD	0x3001      	MOVLW      1
0x02DE	0x00C6      	MOVWF      FARG_Lcd_Chr_column
0x02DF	0x0870      	MOVF       R0, 0
0x02E0	0x00C7      	MOVWF      FARG_Lcd_Chr_out_char
0x02E1	0x225B      	CALL       _Lcd_Chr
;bi_directional_visitor_counter.c,81 :: 		while(1)
L_main18:
;bi_directional_visitor_counter.c,83 :: 		if(ENTER == 1)
0x02E2	0x1C08      	BTFSS      RD0_bit, BitPos(RD0_bit+0)
0x02E3	0x2B00      	GOTO       L_main20
;bi_directional_visitor_counter.c,85 :: 		Lcd_Cmd(_LCD_CLEAR);
0x02E4	0x3001      	MOVLW      1
0x02E5	0x00CA      	MOVWF      FARG_Lcd_Cmd_out_char
0x02E6	0x2018      	CALL       _Lcd_Cmd
;bi_directional_visitor_counter.c,86 :: 		Lcd_Out(1,1,"WELCOME");
0x02E7	0x3001      	MOVLW      1
0x02E8	0x00C5      	MOVWF      FARG_Lcd_Out_row
0x02E9	0x3001      	MOVLW      1
0x02EA	0x00C6      	MOVWF      FARG_Lcd_Out_column
0x02EB	0x3020      	MOVLW      ?lstr2_bi_directional_visitor_counter
0x02EC	0x00C7      	MOVWF      FARG_Lcd_Out_text
0x02ED	0x20BE      	CALL       _Lcd_Out
;bi_directional_visitor_counter.c,87 :: 		count++;
0x02EE	0x0AC3      	INCF       main_count_L0, 1
0x02EF	0x1903      	BTFSC      STATUS, 2
0x02F0	0x0AC4      	INCF       main_count_L0+1, 1
;bi_directional_visitor_counter.c,88 :: 		if(count == 999)
0x02F1	0x0844      	MOVF       main_count_L0+1, 0
0x02F2	0x3A03      	XORLW      3
0x02F3	0x1D03      	BTFSS      STATUS, 2
0x02F4	0x2AF7      	GOTO       L__main39
0x02F5	0x30E7      	MOVLW      231
0x02F6	0x0643      	XORWF      main_count_L0, 0
L__main39:
0x02F7	0x1D03      	BTFSS      STATUS, 2
0x02F8	0x2AFB      	GOTO       L_main21
;bi_directional_visitor_counter.c,89 :: 		count=0;
0x02F9	0x01C3      	CLRF       main_count_L0
0x02FA	0x01C4      	CLRF       main_count_L0+1
L_main21:
;bi_directional_visitor_counter.c,90 :: 		Delay(500);
0x02FB	0x30F4      	MOVLW      244
0x02FC	0x00C5      	MOVWF      FARG_Delay_a
0x02FD	0x3001      	MOVLW      1
0x02FE	0x00C6      	MOVWF      FARG_Delay_a+1
0x02FF	0x2172      	CALL       _Delay
;bi_directional_visitor_counter.c,91 :: 		}
L_main20:
;bi_directional_visitor_counter.c,92 :: 		if(EXIT == 1)
0x0300	0x1C88      	BTFSS      RD1_bit, BitPos(RD1_bit+0)
0x0301	0x2B1F      	GOTO       L_main22
;bi_directional_visitor_counter.c,94 :: 		Lcd_Cmd(_LCD_CLEAR);
0x0302	0x3001      	MOVLW      1
0x0303	0x00CA      	MOVWF      FARG_Lcd_Cmd_out_char
0x0304	0x2018      	CALL       _Lcd_Cmd
;bi_directional_visitor_counter.c,95 :: 		Lcd_Out(1,1,"THANKS");
0x0305	0x3001      	MOVLW      1
0x0306	0x00C5      	MOVWF      FARG_Lcd_Out_row
0x0307	0x3001      	MOVLW      1
0x0308	0x00C6      	MOVWF      FARG_Lcd_Out_column
0x0309	0x3031      	MOVLW      ?lstr3_bi_directional_visitor_counter
0x030A	0x00C7      	MOVWF      FARG_Lcd_Out_text
0x030B	0x20BE      	CALL       _Lcd_Out
;bi_directional_visitor_counter.c,96 :: 		count--;
0x030C	0x3001      	MOVLW      1
0x030D	0x02C3      	SUBWF      main_count_L0, 1
0x030E	0x1C03      	BTFSS      STATUS, 0
0x030F	0x03C4      	DECF       main_count_L0+1, 1
;bi_directional_visitor_counter.c,97 :: 		if(count == -1)
0x0310	0x30FF      	MOVLW      255
0x0311	0x0644      	XORWF      main_count_L0+1, 0
0x0312	0x1D03      	BTFSS      STATUS, 2
0x0313	0x2B16      	GOTO       L__main40
0x0314	0x30FF      	MOVLW      255
0x0315	0x0643      	XORWF      main_count_L0, 0
L__main40:
0x0316	0x1D03      	BTFSS      STATUS, 2
0x0317	0x2B1A      	GOTO       L_main23
;bi_directional_visitor_counter.c,98 :: 		count=0;
0x0318	0x01C3      	CLRF       main_count_L0
0x0319	0x01C4      	CLRF       main_count_L0+1
L_main23:
;bi_directional_visitor_counter.c,99 :: 		Delay(500);
0x031A	0x30F4      	MOVLW      244
0x031B	0x00C5      	MOVWF      FARG_Delay_a
0x031C	0x3001      	MOVLW      1
0x031D	0x00C6      	MOVWF      FARG_Delay_a+1
0x031E	0x2172      	CALL       _Delay
;bi_directional_visitor_counter.c,100 :: 		}
L_main22:
;bi_directional_visitor_counter.c,101 :: 		i=count;
0x031F	0x0843      	MOVF       main_count_L0, 0
0x0320	0x00BB      	MOVWF      main_i_L0
0x0321	0x0844      	MOVF       main_count_L0+1, 0
0x0322	0x00BC      	MOVWF      main_i_L0+1
;bi_directional_visitor_counter.c,102 :: 		j=i%10;
0x0323	0x300A      	MOVLW      10
0x0324	0x00F4      	MOVWF      R4
0x0325	0x3000      	MOVLW      0
0x0326	0x00F5      	MOVWF      R4+1
0x0327	0x0843      	MOVF       main_count_L0, 0
0x0328	0x00F0      	MOVWF      R0
0x0329	0x0844      	MOVF       main_count_L0+1, 0
0x032A	0x00F1      	MOVWF      R0+1
0x032B	0x21E6      	CALL       _Div_16x16_S
0x032C	0x0878      	MOVF       R8, 0
0x032D	0x00F0      	MOVWF      R0
0x032E	0x0879      	MOVF       R8+1, 0
0x032F	0x00F1      	MOVWF      R0+1
0x0330	0x0870      	MOVF       R0, 0
0x0331	0x00BD      	MOVWF      main_j_L0
0x0332	0x0871      	MOVF       R0+1, 0
0x0333	0x00BE      	MOVWF      main_j_L0+1
;bi_directional_visitor_counter.c,103 :: 		k=i/10;
0x0334	0x300A      	MOVLW      10
0x0335	0x00F4      	MOVWF      R4
0x0336	0x3000      	MOVLW      0
0x0337	0x00F5      	MOVWF      R4+1
0x0338	0x083B      	MOVF       main_i_L0, 0
0x0339	0x00F0      	MOVWF      R0
0x033A	0x083C      	MOVF       main_i_L0+1, 0
0x033B	0x00F1      	MOVWF      R0+1
0x033C	0x21E6      	CALL       _Div_16x16_S
0x033D	0x0870      	MOVF       R0, 0
0x033E	0x00BF      	MOVWF      main_k_L0
0x033F	0x0871      	MOVF       R0+1, 0
0x0340	0x00C0      	MOVWF      main_k_L0+1
;bi_directional_visitor_counter.c,104 :: 		l=i/100;
0x0341	0x3064      	MOVLW      100
0x0342	0x00F4      	MOVWF      R4
0x0343	0x3000      	MOVLW      0
0x0344	0x00F5      	MOVWF      R4+1
0x0345	0x083B      	MOVF       main_i_L0, 0
0x0346	0x00F0      	MOVWF      R0
0x0347	0x083C      	MOVF       main_i_L0+1, 0
0x0348	0x00F1      	MOVWF      R0+1
0x0349	0x21E6      	CALL       _Div_16x16_S
0x034A	0x0870      	MOVF       R0, 0
0x034B	0x00C1      	MOVWF      main_l_L0
0x034C	0x0871      	MOVF       R0+1, 0
0x034D	0x00C2      	MOVWF      main_l_L0+1
;bi_directional_visitor_counter.c,105 :: 		k=k-l*10;
0x034E	0x300A      	MOVLW      10
0x034F	0x00F4      	MOVWF      R4
0x0350	0x3000      	MOVLW      0
0x0351	0x00F5      	MOVWF      R4+1
0x0352	0x2093      	CALL       _Mul_16x16_U
0x0353	0x0870      	MOVF       R0, 0
0x0354	0x02BF      	SUBWF      main_k_L0, 1
0x0355	0x1C03      	BTFSS      STATUS, 0
0x0356	0x03C0      	DECF       main_k_L0+1, 1
0x0357	0x0871      	MOVF       R0+1, 0
0x0358	0x02C0      	SUBWF      main_k_L0+1, 1
;bi_directional_visitor_counter.c,106 :: 		c=toChar(j);
0x0359	0x083D      	MOVF       main_j_L0, 0
0x035A	0x00C5      	MOVWF      FARG_toChar_a
0x035B	0x083E      	MOVF       main_j_L0+1, 0
0x035C	0x00C6      	MOVWF      FARG_toChar_a+1
0x035D	0x20FE      	CALL       _toChar
;bi_directional_visitor_counter.c,107 :: 		Lcd_chr(2,3,c);
0x035E	0x3002      	MOVLW      2
0x035F	0x1283      	BCF        STATUS, 5
0x0360	0x1303      	BCF        STATUS, 6
0x0361	0x00C5      	MOVWF      FARG_Lcd_Chr_row
0x0362	0x3003      	MOVLW      3
0x0363	0x00C6      	MOVWF      FARG_Lcd_Chr_column
0x0364	0x0870      	MOVF       R0, 0
0x0365	0x00C7      	MOVWF      FARG_Lcd_Chr_out_char
0x0366	0x225B      	CALL       _Lcd_Chr
;bi_directional_visitor_counter.c,108 :: 		c=toChar(k);
0x0367	0x083F      	MOVF       main_k_L0, 0
0x0368	0x00C5      	MOVWF      FARG_toChar_a
0x0369	0x0840      	MOVF       main_k_L0+1, 0
0x036A	0x00C6      	MOVWF      FARG_toChar_a+1
0x036B	0x20FE      	CALL       _toChar
;bi_directional_visitor_counter.c,109 :: 		Lcd_chr(2,2,c);
0x036C	0x3002      	MOVLW      2
0x036D	0x1283      	BCF        STATUS, 5
0x036E	0x1303      	BCF        STATUS, 6
0x036F	0x00C5      	MOVWF      FARG_Lcd_Chr_row
0x0370	0x3002      	MOVLW      2
0x0371	0x00C6      	MOVWF      FARG_Lcd_Chr_column
0x0372	0x0870      	MOVF       R0, 0
0x0373	0x00C7      	MOVWF      FARG_Lcd_Chr_out_char
0x0374	0x225B      	CALL       _Lcd_Chr
;bi_directional_visitor_counter.c,110 :: 		c=toChar(l);
0x0375	0x0841      	MOVF       main_l_L0, 0
0x0376	0x00C5      	MOVWF      FARG_toChar_a
0x0377	0x0842      	MOVF       main_l_L0+1, 0
0x0378	0x00C6      	MOVWF      FARG_toChar_a+1
0x0379	0x20FE      	CALL       _toChar
;bi_directional_visitor_counter.c,111 :: 		Lcd_chr(2,1,c);
0x037A	0x3002      	MOVLW      2
0x037B	0x1283      	BCF        STATUS, 5
0x037C	0x1303      	BCF        STATUS, 6
0x037D	0x00C5      	MOVWF      FARG_Lcd_Chr_row
0x037E	0x3001      	MOVLW      1
0x037F	0x00C6      	MOVWF      FARG_Lcd_Chr_column
0x0380	0x0870      	MOVF       R0, 0
0x0381	0x00C7      	MOVWF      FARG_Lcd_Chr_out_char
0x0382	0x225B      	CALL       _Lcd_Chr
;bi_directional_visitor_counter.c,112 :: 		}
0x0383	0x2AE2      	GOTO       L_main18
;bi_directional_visitor_counter.c,113 :: 		}
L_end_main:
0x0384	0x2B84      	GOTO       $+0
; end of _main
Symbol List:
//** Routines locations **
//ADDRESS    SIZE    PROCEDURE
//----------------------------------------------
0x0003       [2]    _Delay_1us
0x0005      [11]    _Delay_5500us
0x0010       [8]    _Delay_50us
0x0018      [64]    _Lcd_Cmd
0x0058       [7]    _____DoICP
0x005F       [8]    _Lcd_Chr_CP
0x0067      [44]    _Div_16x16_S_L
0x0093      [43]    _Mul_16x16_U
0x00BE      [64]    _Lcd_Out
0x00FE     [116]    _toChar
0x0172      [38]    _Delay
0x0198      [78]    _Lcd_Init
0x01E6     [105]    _Div_16x16_S
0x024F      [12]    ___CC2DW
0x025B      [53]    _Lcd_Chr
0x0290     [245]    _main
//** Variables locations ** 
//ADDRESS    SIZE    VARIABLE
//----------------------------------------------
0x0000       [1]    INDF
0x0002       [1]    PCL
0x0003       [1]    STATUS
0x0004       [1]    FSR
0x0007       [0]    RC3_bit
0x0007       [0]    RC5_bit
0x0007       [0]    RC4_bit
0x0007       [0]    RC2_bit
0x0007       [0]    LCD_D6
0x0007       [0]    LCD_D7
0x0007       [0]    LCD_EN
0x0007       [0]    LCD_RS
0x0007       [0]    LCD_D4
0x0007       [0]    RC6_bit
0x0007       [0]    RC7_bit
0x0007       [0]    LCD_D5
0x0008       [0]    RD0_bit
0x0008       [0]    RD1_bit
0x000A       [1]    PCLATH
0x0020       [8]    ?lstr2_bi_directional_visitor_counter
0x0028       [9]    ?lstr1_bi_directional_visitor_counter
0x0031       [7]    ?lstr3_bi_directional_visitor_counter
0x0038       [0]    __Lib_Lcd_cmd_status
0x0039       [2]    ___DoICPAddr
0x003B       [2]    main_i_L0
0x003D       [2]    main_j_L0
0x003F       [2]    main_k_L0
0x0041       [2]    main_l_L0
0x0043       [2]    main_count_L0
0x0045       [2]    FARG_toChar_a
0x0045       [2]    FARG_Delay_a
0x0045       [1]    FARG_Lcd_Out_row
0x0045       [1]    FARG_Lcd_Chr_row
0x0046       [1]    FARG_Lcd_Out_column
0x0046       [1]    FARG_Lcd_Chr_column
0x0047       [1]    FARG_Lcd_Out_text
0x0047       [1]    FARG_Lcd_Chr_out_char
0x0048       [1]    Lcd_Out_i_L0
0x0049       [1]    FARG_Lcd_Chr_CP_out_char
0x004A       [1]    FARG_Lcd_Cmd_out_char
0x0070       [1]    R0
0x0071       [1]    R1
0x0072       [1]    R2
0x0073       [1]    R3
0x0074       [1]    R4
0x0075       [1]    R5
0x0076       [1]    R6
0x0077       [1]    R7
0x0078       [1]    R8
0x0079       [1]    R9
0x007A       [1]    R10
0x007B       [1]    R11
0x007C       [1]    R12
0x007D       [1]    R13
0x007E       [1]    R14
0x007F       [1]    R15
0x0087       [0]    LCD_EN_Direction
0x0087       [0]    TRISC7_bit
0x0087       [0]    TRISC6_bit
0x0087       [0]    LCD_RS_Direction
0x0087       [0]    LCD_D5_Direction
0x0087       [0]    LCD_D6_Direction
0x0087       [0]    LCD_D4_Direction
0x0087       [0]    LCD_D7_Direction
0x0087       [0]    TRISC3_bit
0x0087       [0]    TRISC2_bit
0x0087       [0]    TRISC4_bit
0x0087       [0]    TRISC5_bit
0x0088       [1]    TRISD
//** Label List: ** 
//----------------------------------------------
  L_Delay0
  L_Delay1
  L_Delay2
  L_Delay3
  L_Delay4
  L_Delay5
  L_toChar6
  L_toChar7
  L_toChar8
  L_toChar9
  L_toChar10
  L_toChar11
  L_toChar12
  L_toChar13
  L_toChar14
  L_toChar15
  L_toChar16
  L_toChar17
  L_main18
  L_main19
  L_main20
  L_main21
  L_main22
  L_main23
  L_end_Delay
  _Delay
  L__Delay25
  L__Delay26
  L_end_toChar
  _toChar
  L__toChar28
  L__toChar29
  L__toChar30
  L__toChar31
  L__toChar32
  L__toChar33
  L__toChar34
  L__toChar35
  L__toChar36
  L__toChar37
  L_end_main
  _main
  L__main39
  L__main40
  L_Delay_10us0
  L_Delay_22us1
  L_Delay_50us2
  L_Delay_80us3
  L_Delay_500us4
  L_Delay_5500us5
  L_Delay_1ms6
  L_Delay_5ms7
  L_Delay_8ms8
  L_Delay_10ms9
  L_Delay_100ms10
  L_Delay_1sec11
  L_boot16_Delay_5ms12
  L_Delay_Cyc13
  L_Delay_Cyc14
  L_VDelay_ms15
  L_VDelay_ms16
  L_VDelay_ms17
  L_VDelay_Advanced_ms18
  L_VDelay_Advanced_ms19
  L_VDelay_Advanced_ms20
  L_end_Get_Fosc_kHz
  _Get_Fosc_kHz
  L_end_Delay_1us
  _Delay_1us
  L_end_Delay_10us
  _Delay_10us
  L_end_Delay_22us
  _Delay_22us
  L_end_Delay_50us
  _Delay_50us
  L_end_Delay_80us
  _Delay_80us
  L_end_Delay_500us
  _Delay_500us
  L_end_Delay_5500us
  _Delay_5500us
  L_end_Delay_1ms
  _Delay_1ms
  L_end_Delay_5ms
  _Delay_5ms
  L_end_Delay_8ms
  _Delay_8ms
  L_end_Delay_10ms
  _Delay_10ms
  L_end_Delay_100ms
  _Delay_100ms
  L_end_Delay_1sec
  _Delay_1sec
  L_end_boot16_Delay_5ms
  _boot16_Delay_5ms
  L_end_Delay_Cyc
  _Delay_Cyc
  L_end_VDelay_ms
  _VDelay_ms
  L__VDelay_ms38
  L__VDelay_ms39
  L__VDelay_ms40
  L_end_VDelay_Advanced_ms
  _VDelay_Advanced_ms
  L__VDelay_Advanced_ms42
  L__VDelay_Advanced_ms43
  L__VDelay_Advanced_ms44
  L_Lcd_Cmd0
  L_Lcd_Cmd1
  L_Lcd_Out_CP2
  L_Lcd_Out_CP3
  L_Lcd_Chr4
  L_Lcd_Chr5
  L_Lcd_Chr6
  L_Lcd_Chr7
  L_Lcd_Chr8
  L_Lcd_Chr9
  L_Lcd_Chr10
  L_Lcd_Out11
  L_Lcd_Out12
  L_Lcd_Out13
  L_Lcd_Out14
  L_Lcd_Out15
  L_Lcd_Out16
  L_Lcd_Out17
  L_Lcd_Out18
  L_Lcd_Out19
  L_end_Lcd_Cmd
  _Lcd_Cmd
  L__Lcd_Cmd21
  L__Lcd_Cmd22
  L__Lcd_Cmd23
  L__Lcd_Cmd24
  L__Lcd_Cmd25
  L__Lcd_Cmd26
  L__Lcd_Cmd27
  L__Lcd_Cmd28
  L__Lcd_Cmd29
  L__Lcd_Cmd30
  L__Lcd_Cmd31
  L__Lcd_Cmd32
  L__Lcd_Cmd33
  L__Lcd_Cmd34
  L__Lcd_Cmd35
  L__Lcd_Cmd36
  L__Lcd_Cmd37
  L__Lcd_Cmd38
  L__Lcd_Cmd39
  L__Lcd_Cmd40
  L_end_Lcd_Chr_CP
  _Lcd_Chr_CP
  L_end_Lcd_Out_CP
  _Lcd_Out_CP
  L_end_Lcd_Chr
  _Lcd_Chr
  L_end_Lcd_Init
  _Lcd_Init
  L_end_Lcd_Out
  _Lcd_Out
  L_Div_16x16_S0
  L_Div_16x16_S1
  LOOPS3232A
  SADD22LA
  SOK22LA
  SADD22L8
  SOK22L8
  LOOPS3232B
  SADD22LB
  SOK22LB
  SADD22L16
  SOK22L16
  LOOPS3232C
  SADD22LC
  SOK22LC
  SADD22L24
  SOK22L24
  LOOPS3232D
  SADD22LD
  SOK22LD
  SOK22L
  L_Div_32x32_S6
  L_Div_32x32_S7
  L_Div_32x32_S8
  L_Div_32x32_S9
  FXD3232S
  END_ALL
  CA3232S
  C3232SX
  C3232SX1
  C3232S
  C3232S2
  C3232SX4
  C3232SOK
  C3232SX3
  C3232SX2
  avoid_comfrem
  LOOPU3232A
  UADD22LA
  UOK22LA
  UADD22L8
  UOK22L8
  LOOPU3232B
  UADD22LB
  UOK22LB
  UADD22L16
  UOK22L16
  LOOPU3232C
  UADD22LC
  UOK22LC
  UADD22L24
  UOK22L24
  LOOPU3232D
  UADD22LD
  UOK22LD
  UOK22L
  _NEXT
  _EXIT2
  _LOOP
  _EXIT1
  _IF_FIRST
  _IF_SECOND
  _INVERCE_FIRST
  _MULT
  _INBERSE_SECOND
  _EXIT
  L_end_Mul_8x8_U
  _Mul_8x8_U
  L_end_Mul_16x16_U
  _Mul_16x16_U
  L_end_Div_8x8_U
  _Div_8x8_U
  L_end_Div_16x16_U
  _Div_16x16_U
  L_end_Mul_8x8_S
  _Mul_8x8_S
  L_end_Mul_16x16_S
  _Mul_16x16_S
  L_end_Div_16x16_S_L
  _Div_16x16_S_L
  L_end_Div_16x16_S
  _Div_16x16_S
  L_end_Div_8x8_S
  _Div_8x8_S
  L_end_SDIV3232L
  _SDIV3232L
  L_end_COMFREM
  _COMFREM
  L_end_Div_32x32_S
  _Div_32x32_S
  L_end_Div_32x32_U
  _Div_32x32_U
  L_end_Mul_32x32_U
  _Mul_32x32_U
  L_end_Mul_32x32_S
  _Mul_32x32_S
  L_loopCA2AWs
  L_CA2AWend
  _CCA2AW_Loop1
  L_loopCS2Ss
  L_CS2Send
  _CCS2S_Loop1
  L_CCS2Send
  L_loopFZinSWs
  L_FZinSend
  _CC2D_Loop1
  L_end_____DoICP
  _____DoICP
  L_end_____DoIFC
  _____DoIFC
  L_end___CA2AW
  ___CA2AW
  L_end___CCA2AW
  ___CCA2AW
  L_end___CS2S
  ___CS2S
  L_end___CCS2S
  ___CCS2S
  L_end___FZinS
  ___FZinS
  L_end___CC2DW
  ___CC2DW
  L_end_Swap
  _Swap
