;  LST file generated by mikroListExporter - v.2.0 
; Date/Time: 5/10/2015 10:46:05 PM
;----------------------------------------------

;Address Opcode 	ASM
0x0000	0x2940      	GOTO       320
_Delay_50us:
;__Lib_Delays.c,19 :: 		void Delay_50us() {
;__Lib_Delays.c,20 :: 		Delay_us(50);
0x0003	0x3010      	MOVLW      16
0x0004	0x1283      	BCF        STATUS, 5
0x0005	0x1303      	BCF        STATUS, 6
0x0006	0x00FD      	MOVWF      R13
L_Delay_50us2:
0x0007	0x0BFD      	DECFSZ     R13, 1
0x0008	0x2807      	GOTO       L_Delay_50us2
0x0009	0x0000      	NOP
;__Lib_Delays.c,21 :: 		}
L_end_Delay_50us:
0x000A	0x0008      	RETURN
; end of _Delay_50us
_Delay_1us:
;__Lib_Delays.c,7 :: 		void Delay_1us() {
;__Lib_Delays.c,8 :: 		Delay_us(1);
0x000B	0x0000      	NOP
;__Lib_Delays.c,9 :: 		}
L_end_Delay_1us:
0x000C	0x0008      	RETURN
; end of _Delay_1us
_Delay_5500us:
;__Lib_Delays.c,31 :: 		void Delay_5500us() {
;__Lib_Delays.c,32 :: 		Delay_us(5500);
0x000D	0x3008      	MOVLW      8
0x000E	0x1283      	BCF        STATUS, 5
0x000F	0x1303      	BCF        STATUS, 6
0x0010	0x00FC      	MOVWF      R12
0x0011	0x3023      	MOVLW      35
0x0012	0x00FD      	MOVWF      R13
L_Delay_5500us5:
0x0013	0x0BFD      	DECFSZ     R13, 1
0x0014	0x2813      	GOTO       L_Delay_5500us5
0x0015	0x0BFC      	DECFSZ     R12, 1
0x0016	0x2813      	GOTO       L_Delay_5500us5
;__Lib_Delays.c,33 :: 		}
L_end_Delay_5500us:
0x0017	0x0008      	RETURN
; end of _Delay_5500us
_Lcd_Cmd:
;__Lib_Lcd.c,18 :: 		
;__Lib_Lcd.c,20 :: 		
0x0018	0x1683      	BSF        STATUS, 5
0x0019	0x1303      	BCF        STATUS, 6
0x001A	0x1BD3      	BTFSC      FARG_Lcd_Cmd_out_char, 7
0x001B	0x281F      	GOTO       L__Lcd_Cmd21
0x001C	0x1283      	BCF        STATUS, 5
0x001D	0x1386      	BCF        LCD_D7, BitPos(LCD_D7+0)
0x001E	0x2821      	GOTO       L__Lcd_Cmd22
L__Lcd_Cmd21:
0x001F	0x1283      	BCF        STATUS, 5
0x0020	0x1786      	BSF        LCD_D7, BitPos(LCD_D7+0)
L__Lcd_Cmd22:
;__Lib_Lcd.c,21 :: 		
0x0021	0x1683      	BSF        STATUS, 5
0x0022	0x1B53      	BTFSC      FARG_Lcd_Cmd_out_char, 6
0x0023	0x2827      	GOTO       L__Lcd_Cmd23
0x0024	0x1283      	BCF        STATUS, 5
0x0025	0x1306      	BCF        LCD_D6, BitPos(LCD_D6+0)
0x0026	0x2829      	GOTO       L__Lcd_Cmd24
L__Lcd_Cmd23:
0x0027	0x1283      	BCF        STATUS, 5
0x0028	0x1706      	BSF        LCD_D6, BitPos(LCD_D6+0)
L__Lcd_Cmd24:
;__Lib_Lcd.c,22 :: 		
0x0029	0x1683      	BSF        STATUS, 5
0x002A	0x1AD3      	BTFSC      FARG_Lcd_Cmd_out_char, 5
0x002B	0x282F      	GOTO       L__Lcd_Cmd25
0x002C	0x1283      	BCF        STATUS, 5
0x002D	0x1287      	BCF        LCD_D5, BitPos(LCD_D5+0)
0x002E	0x2831      	GOTO       L__Lcd_Cmd26
L__Lcd_Cmd25:
0x002F	0x1283      	BCF        STATUS, 5
0x0030	0x1687      	BSF        LCD_D5, BitPos(LCD_D5+0)
L__Lcd_Cmd26:
;__Lib_Lcd.c,23 :: 		
0x0031	0x1683      	BSF        STATUS, 5
0x0032	0x1A53      	BTFSC      FARG_Lcd_Cmd_out_char, 4
0x0033	0x2837      	GOTO       L__Lcd_Cmd27
0x0034	0x1283      	BCF        STATUS, 5
0x0035	0x1207      	BCF        LCD_D4, BitPos(LCD_D4+0)
0x0036	0x2839      	GOTO       L__Lcd_Cmd28
L__Lcd_Cmd27:
0x0037	0x1283      	BCF        STATUS, 5
0x0038	0x1607      	BSF        LCD_D4, BitPos(LCD_D4+0)
L__Lcd_Cmd28:
;__Lib_Lcd.c,25 :: 		
0x0039	0x186A      	BTFSC      __Lib_Lcd_cmd_status, BitPos(__Lib_Lcd_cmd_status+0)
0x003A	0x283D      	GOTO       L__Lcd_Cmd29
0x003B	0x1507      	BSF        LCD_RS, BitPos(LCD_RS+0)
0x003C	0x283E      	GOTO       L__Lcd_Cmd30
L__Lcd_Cmd29:
0x003D	0x1107      	BCF        LCD_RS, BitPos(LCD_RS+0)
L__Lcd_Cmd30:
;__Lib_Lcd.c,28 :: 		
0x003E	0x1587      	BSF        LCD_EN, BitPos(LCD_EN+0)
;__Lib_Lcd.c,29 :: 		
0x003F	0x200B      	CALL       _Delay_1us
;__Lib_Lcd.c,30 :: 		
0x0040	0x1187      	BCF        LCD_EN, BitPos(LCD_EN+0)
;__Lib_Lcd.c,33 :: 		
0x0041	0x1683      	BSF        STATUS, 5
0x0042	0x19D3      	BTFSC      FARG_Lcd_Cmd_out_char, 3
0x0043	0x2847      	GOTO       L__Lcd_Cmd31
0x0044	0x1283      	BCF        STATUS, 5
0x0045	0x1386      	BCF        LCD_D7, BitPos(LCD_D7+0)
0x0046	0x2849      	GOTO       L__Lcd_Cmd32
L__Lcd_Cmd31:
0x0047	0x1283      	BCF        STATUS, 5
0x0048	0x1786      	BSF        LCD_D7, BitPos(LCD_D7+0)
L__Lcd_Cmd32:
;__Lib_Lcd.c,34 :: 		
0x0049	0x1683      	BSF        STATUS, 5
0x004A	0x1953      	BTFSC      FARG_Lcd_Cmd_out_char, 2
0x004B	0x284F      	GOTO       L__Lcd_Cmd33
0x004C	0x1283      	BCF        STATUS, 5
0x004D	0x1306      	BCF        LCD_D6, BitPos(LCD_D6+0)
0x004E	0x2851      	GOTO       L__Lcd_Cmd34
L__Lcd_Cmd33:
0x004F	0x1283      	BCF        STATUS, 5
0x0050	0x1706      	BSF        LCD_D6, BitPos(LCD_D6+0)
L__Lcd_Cmd34:
;__Lib_Lcd.c,35 :: 		
0x0051	0x1683      	BSF        STATUS, 5
0x0052	0x18D3      	BTFSC      FARG_Lcd_Cmd_out_char, 1
0x0053	0x2857      	GOTO       L__Lcd_Cmd35
0x0054	0x1283      	BCF        STATUS, 5
0x0055	0x1287      	BCF        LCD_D5, BitPos(LCD_D5+0)
0x0056	0x2859      	GOTO       L__Lcd_Cmd36
L__Lcd_Cmd35:
0x0057	0x1283      	BCF        STATUS, 5
0x0058	0x1687      	BSF        LCD_D5, BitPos(LCD_D5+0)
L__Lcd_Cmd36:
;__Lib_Lcd.c,36 :: 		
0x0059	0x1683      	BSF        STATUS, 5
0x005A	0x1853      	BTFSC      FARG_Lcd_Cmd_out_char, 0
0x005B	0x285F      	GOTO       L__Lcd_Cmd37
0x005C	0x1283      	BCF        STATUS, 5
0x005D	0x1207      	BCF        LCD_D4, BitPos(LCD_D4+0)
0x005E	0x2861      	GOTO       L__Lcd_Cmd38
L__Lcd_Cmd37:
0x005F	0x1283      	BCF        STATUS, 5
0x0060	0x1607      	BSF        LCD_D4, BitPos(LCD_D4+0)
L__Lcd_Cmd38:
;__Lib_Lcd.c,38 :: 		
0x0061	0x186A      	BTFSC      __Lib_Lcd_cmd_status, BitPos(__Lib_Lcd_cmd_status+0)
0x0062	0x2865      	GOTO       L__Lcd_Cmd39
0x0063	0x1507      	BSF        LCD_RS, BitPos(LCD_RS+0)
0x0064	0x2866      	GOTO       L__Lcd_Cmd40
L__Lcd_Cmd39:
0x0065	0x1107      	BCF        LCD_RS, BitPos(LCD_RS+0)
L__Lcd_Cmd40:
;__Lib_Lcd.c,40 :: 		
0x0066	0x1587      	BSF        LCD_EN, BitPos(LCD_EN+0)
;__Lib_Lcd.c,41 :: 		
0x0067	0x200B      	CALL       _Delay_1us
;__Lib_Lcd.c,42 :: 		
0x0068	0x1187      	BCF        LCD_EN, BitPos(LCD_EN+0)
;__Lib_Lcd.c,44 :: 		
0x0069	0x1C6A      	BTFSS      __Lib_Lcd_cmd_status, BitPos(__Lib_Lcd_cmd_status+0)
0x006A	0x286D      	GOTO       L_Lcd_Cmd0
;__Lib_Lcd.c,45 :: 		
0x006B	0x200D      	CALL       _Delay_5500us
0x006C	0x286E      	GOTO       L_Lcd_Cmd1
L_Lcd_Cmd0:
;__Lib_Lcd.c,47 :: 		
0x006D	0x2003      	CALL       _Delay_50us
L_Lcd_Cmd1:
;__Lib_Lcd.c,48 :: 		
L_end_Lcd_Cmd:
0x006E	0x0008      	RETURN
; end of _Lcd_Cmd
_Lcd_Chr_CP:
;__Lib_Lcd.c,50 :: 		
;__Lib_Lcd.c,52 :: 		
0x006F	0x1283      	BCF        STATUS, 5
0x0070	0x1303      	BCF        STATUS, 6
0x0071	0x106A      	BCF        __Lib_Lcd_cmd_status, BitPos(__Lib_Lcd_cmd_status+0)
;__Lib_Lcd.c,53 :: 		
0x0072	0x086F      	MOVF       FARG_Lcd_Chr_CP_out_char, 0
0x0073	0x1683      	BSF        STATUS, 5
0x0074	0x00D3      	MOVWF      FARG_Lcd_Cmd_out_char
0x0075	0x2018      	CALL       _Lcd_Cmd
;__Lib_Lcd.c,54 :: 		
0x0076	0x146A      	BSF        __Lib_Lcd_cmd_status, BitPos(__Lib_Lcd_cmd_status+0)
;__Lib_Lcd.c,55 :: 		
L_end_Lcd_Chr_CP:
0x0077	0x0008      	RETURN
; end of _Lcd_Chr_CP
_____DoICP:
;__Lib_System.c,6 :: 		
;__Lib_System.c,9 :: 		
0x0078	0x1283      	BCF        STATUS, 5
0x0079	0x1303      	BCF        STATUS, 6
0x007A	0x0869      	MOVF       ___DoICPAddr+1, 0
0x007B	0x008A      	MOVWF      PCLATH
;__Lib_System.c,10 :: 		
0x007C	0x0868      	MOVF       ___DoICPAddr, 0
0x007D	0x0082      	MOVWF      PCL
;__Lib_System.c,12 :: 		
L_end_____DoICP:
0x007E	0x0008      	RETURN
; end of _____DoICP
_UART1_Init:
;__Lib_UART_c67.c,2 :: 		
;__Lib_UART_c67.c,5 :: 		
0x007F	0x1683      	BSF        STATUS, 5
0x0080	0x1303      	BCF        STATUS, 6
0x0081	0x1698      	BSF        TXSTA, 5
;__Lib_UART_c67.c,6 :: 		
0x0082	0x3090      	MOVLW      144
0x0083	0x1283      	BCF        STATUS, 5
0x0084	0x0098      	MOVWF      RCSTA
;__Lib_UART_c67.c,7 :: 		
0x0085	0x1683      	BSF        STATUS, 5
0x0086	0x1787      	BSF        TRISC7_bit, BitPos(TRISC7_bit+0)
;__Lib_UART_c67.c,8 :: 		
0x0087	0x1307      	BCF        TRISC6_bit, BitPos(TRISC6_bit+0)
;__Lib_UART_c67.c,10 :: 		
L_UART1_Init0:
0x0088	0x1283      	BCF        STATUS, 5
0x0089	0x1E8C      	BTFSS      PIR1, 5
0x008A	0x288E      	GOTO       L_UART1_Init1
;__Lib_UART_c67.c,11 :: 		
0x008B	0x081A      	MOVF       RCREG, 0
0x008C	0x00F0      	MOVWF      R0
0x008D	0x2888      	GOTO       L_UART1_Init0
L_UART1_Init1:
;__Lib_UART_c67.c,12 :: 		
L_end_UART1_Init:
0x008E	0x0008      	RETURN
; end of _UART1_Init
_Lcd_Out:
;__Lib_Lcd.c,184 :: 		
;__Lib_Lcd.c,187 :: 		
0x008F	0x28A1      	GOTO       L_Lcd_Out11
;__Lib_Lcd.c,188 :: 		
L_Lcd_Out13:
0x0090	0x3080      	MOVLW      128
0x0091	0x1683      	BSF        STATUS, 5
0x0092	0x1303      	BCF        STATUS, 6
0x0093	0x00D0      	MOVWF      FARG_Lcd_Out_row
0x0094	0x28B4      	GOTO       L_Lcd_Out12
;__Lib_Lcd.c,189 :: 		
L_Lcd_Out14:
0x0095	0x30C0      	MOVLW      192
0x0096	0x00D0      	MOVWF      FARG_Lcd_Out_row
0x0097	0x28B4      	GOTO       L_Lcd_Out12
;__Lib_Lcd.c,190 :: 		
L_Lcd_Out15:
0x0098	0x3094      	MOVLW      148
0x0099	0x00D0      	MOVWF      FARG_Lcd_Out_row
0x009A	0x28B4      	GOTO       L_Lcd_Out12
;__Lib_Lcd.c,191 :: 		
L_Lcd_Out16:
0x009B	0x30D4      	MOVLW      212
0x009C	0x00D0      	MOVWF      FARG_Lcd_Out_row
0x009D	0x28B4      	GOTO       L_Lcd_Out12
;__Lib_Lcd.c,192 :: 		
L_Lcd_Out17:
0x009E	0x3080      	MOVLW      128
0x009F	0x00D0      	MOVWF      FARG_Lcd_Out_row
;__Lib_Lcd.c,193 :: 		
0x00A0	0x28B4      	GOTO       L_Lcd_Out12
L_Lcd_Out11:
0x00A1	0x1683      	BSF        STATUS, 5
0x00A2	0x1303      	BCF        STATUS, 6
0x00A3	0x0850      	MOVF       FARG_Lcd_Out_row, 0
0x00A4	0x3A01      	XORLW      1
0x00A5	0x1903      	BTFSC      STATUS, 2
0x00A6	0x2890      	GOTO       L_Lcd_Out13
0x00A7	0x0850      	MOVF       FARG_Lcd_Out_row, 0
0x00A8	0x3A02      	XORLW      2
0x00A9	0x1903      	BTFSC      STATUS, 2
0x00AA	0x2895      	GOTO       L_Lcd_Out14
0x00AB	0x0850      	MOVF       FARG_Lcd_Out_row, 0
0x00AC	0x3A03      	XORLW      3
0x00AD	0x1903      	BTFSC      STATUS, 2
0x00AE	0x2898      	GOTO       L_Lcd_Out15
0x00AF	0x0850      	MOVF       FARG_Lcd_Out_row, 0
0x00B0	0x3A04      	XORLW      4
0x00B1	0x1903      	BTFSC      STATUS, 2
0x00B2	0x289B      	GOTO       L_Lcd_Out16
0x00B3	0x289E      	GOTO       L_Lcd_Out17
L_Lcd_Out12:
;__Lib_Lcd.c,194 :: 		
0x00B4	0x0351      	DECF       FARG_Lcd_Out_column, 0
0x00B5	0x00F0      	MOVWF      R0
0x00B6	0x0850      	MOVF       FARG_Lcd_Out_row, 0
0x00B7	0x07F0      	ADDWF      R0, 1
0x00B8	0x0870      	MOVF       R0, 0
0x00B9	0x00D0      	MOVWF      FARG_Lcd_Out_row
;__Lib_Lcd.c,196 :: 		
0x00BA	0x0870      	MOVF       R0, 0
0x00BB	0x00D3      	MOVWF      FARG_Lcd_Cmd_out_char
0x00BC	0x2018      	CALL       _Lcd_Cmd
;__Lib_Lcd.c,197 :: 		
0x00BD	0x106A      	BCF        __Lib_Lcd_cmd_status, BitPos(__Lib_Lcd_cmd_status+0)
;__Lib_Lcd.c,198 :: 		
0x00BE	0x01EE      	CLRF       Lcd_Out_i_L0
;__Lib_Lcd.c,199 :: 		
L_Lcd_Out18:
0x00BF	0x086E      	MOVF       Lcd_Out_i_L0, 0
0x00C0	0x1683      	BSF        STATUS, 5
0x00C1	0x0752      	ADDWF      FARG_Lcd_Out_text, 0
0x00C2	0x0084      	MOVWF      FSR
0x00C3	0x0800      	MOVF       INDF, 0
0x00C4	0x1903      	BTFSC      STATUS, 2
0x00C5	0x28D1      	GOTO       L_Lcd_Out19
;__Lib_Lcd.c,200 :: 		
0x00C6	0x1283      	BCF        STATUS, 5
0x00C7	0x086E      	MOVF       Lcd_Out_i_L0, 0
0x00C8	0x1683      	BSF        STATUS, 5
0x00C9	0x0752      	ADDWF      FARG_Lcd_Out_text, 0
0x00CA	0x0084      	MOVWF      FSR
0x00CB	0x0800      	MOVF       INDF, 0
0x00CC	0x1283      	BCF        STATUS, 5
0x00CD	0x00EF      	MOVWF      FARG_Lcd_Chr_CP_out_char
0x00CE	0x206F      	CALL       _Lcd_Chr_CP
0x00CF	0x0AEE      	INCF       Lcd_Out_i_L0, 1
0x00D0	0x28BF      	GOTO       L_Lcd_Out18
L_Lcd_Out19:
0x00D1	0x1283      	BCF        STATUS, 5
;__Lib_Lcd.c,201 :: 		
0x00D2	0x146A      	BSF        __Lib_Lcd_cmd_status, BitPos(__Lib_Lcd_cmd_status+0)
;__Lib_Lcd.c,202 :: 		
L_end_Lcd_Out:
0x00D3	0x0008      	RETURN
; end of _Lcd_Out
_Lcd_Init:
;__Lib_Lcd.c,84 :: 		
;__Lib_Lcd.c,86 :: 		
0x00D4	0x1683      	BSF        STATUS, 5
0x00D5	0x1303      	BCF        STATUS, 6
0x00D6	0x1187      	BCF        LCD_EN_Direction, BitPos(LCD_EN_Direction+0)
;__Lib_Lcd.c,87 :: 		
0x00D7	0x1107      	BCF        LCD_RS_Direction, BitPos(LCD_RS_Direction+0)
;__Lib_Lcd.c,88 :: 		
0x00D8	0x1207      	BCF        LCD_D4_Direction, BitPos(LCD_D4_Direction+0)
;__Lib_Lcd.c,89 :: 		
0x00D9	0x1287      	BCF        LCD_D5_Direction, BitPos(LCD_D5_Direction+0)
;__Lib_Lcd.c,90 :: 		
0x00DA	0x1306      	BCF        LCD_D6_Direction, BitPos(LCD_D6_Direction+0)
;__Lib_Lcd.c,91 :: 		
0x00DB	0x1386      	BCF        LCD_D7_Direction, BitPos(LCD_D7_Direction+0)
;__Lib_Lcd.c,93 :: 		
0x00DC	0x1283      	BCF        STATUS, 5
0x00DD	0x1187      	BCF        LCD_EN, BitPos(LCD_EN+0)
;__Lib_Lcd.c,94 :: 		
0x00DE	0x1107      	BCF        LCD_RS, BitPos(LCD_RS+0)
;__Lib_Lcd.c,95 :: 		
0x00DF	0x1386      	BCF        LCD_D7, BitPos(LCD_D7+0)
;__Lib_Lcd.c,96 :: 		
0x00E0	0x1306      	BCF        LCD_D6, BitPos(LCD_D6+0)
;__Lib_Lcd.c,97 :: 		
0x00E1	0x1287      	BCF        LCD_D5, BitPos(LCD_D5+0)
;__Lib_Lcd.c,98 :: 		
0x00E2	0x1207      	BCF        LCD_D4, BitPos(LCD_D4+0)
;__Lib_Lcd.c,100 :: 		
0x00E3	0x200D      	CALL       _Delay_5500us
;__Lib_Lcd.c,101 :: 		
0x00E4	0x200D      	CALL       _Delay_5500us
;__Lib_Lcd.c,102 :: 		
0x00E5	0x200D      	CALL       _Delay_5500us
;__Lib_Lcd.c,105 :: 		
0x00E6	0x1687      	BSF        LCD_D5, BitPos(LCD_D5+0)
;__Lib_Lcd.c,106 :: 		
0x00E7	0x1607      	BSF        LCD_D4, BitPos(LCD_D4+0)
;__Lib_Lcd.c,107 :: 		
0x00E8	0x1587      	BSF        LCD_EN, BitPos(LCD_EN+0)
;__Lib_Lcd.c,108 :: 		
0x00E9	0x200B      	CALL       _Delay_1us
;__Lib_Lcd.c,109 :: 		
0x00EA	0x1187      	BCF        LCD_EN, BitPos(LCD_EN+0)
;__Lib_Lcd.c,110 :: 		
0x00EB	0x200D      	CALL       _Delay_5500us
;__Lib_Lcd.c,112 :: 		
0x00EC	0x1587      	BSF        LCD_EN, BitPos(LCD_EN+0)
;__Lib_Lcd.c,113 :: 		
0x00ED	0x200B      	CALL       _Delay_1us
;__Lib_Lcd.c,114 :: 		
0x00EE	0x1187      	BCF        LCD_EN, BitPos(LCD_EN+0)
;__Lib_Lcd.c,115 :: 		
0x00EF	0x200D      	CALL       _Delay_5500us
;__Lib_Lcd.c,117 :: 		
0x00F0	0x1587      	BSF        LCD_EN, BitPos(LCD_EN+0)
;__Lib_Lcd.c,118 :: 		
0x00F1	0x200B      	CALL       _Delay_1us
;__Lib_Lcd.c,119 :: 		
0x00F2	0x1187      	BCF        LCD_EN, BitPos(LCD_EN+0)
;__Lib_Lcd.c,120 :: 		
0x00F3	0x200D      	CALL       _Delay_5500us
;__Lib_Lcd.c,123 :: 		
0x00F4	0x1207      	BCF        LCD_D4, BitPos(LCD_D4+0)
;__Lib_Lcd.c,124 :: 		
0x00F5	0x1587      	BSF        LCD_EN, BitPos(LCD_EN+0)
;__Lib_Lcd.c,125 :: 		
0x00F6	0x200B      	CALL       _Delay_1us
;__Lib_Lcd.c,126 :: 		
0x00F7	0x1187      	BCF        LCD_EN, BitPos(LCD_EN+0)
;__Lib_Lcd.c,127 :: 		
0x00F8	0x200D      	CALL       _Delay_5500us
;__Lib_Lcd.c,130 :: 		
0x00F9	0x1587      	BSF        LCD_EN, BitPos(LCD_EN+0)
;__Lib_Lcd.c,131 :: 		
0x00FA	0x200B      	CALL       _Delay_1us
;__Lib_Lcd.c,132 :: 		
0x00FB	0x1187      	BCF        LCD_EN, BitPos(LCD_EN+0)
;__Lib_Lcd.c,134 :: 		
0x00FC	0x1287      	BCF        LCD_D5, BitPos(LCD_D5+0)
;__Lib_Lcd.c,135 :: 		
0x00FD	0x1786      	BSF        LCD_D7, BitPos(LCD_D7+0)
;__Lib_Lcd.c,136 :: 		
0x00FE	0x1587      	BSF        LCD_EN, BitPos(LCD_EN+0)
;__Lib_Lcd.c,137 :: 		
0x00FF	0x200B      	CALL       _Delay_1us
;__Lib_Lcd.c,138 :: 		
0x0100	0x1187      	BCF        LCD_EN, BitPos(LCD_EN+0)
;__Lib_Lcd.c,139 :: 		
0x0101	0x200D      	CALL       _Delay_5500us
;__Lib_Lcd.c,142 :: 		
0x0102	0x1386      	BCF        LCD_D7, BitPos(LCD_D7+0)
;__Lib_Lcd.c,143 :: 		
0x0103	0x1607      	BSF        LCD_D4, BitPos(LCD_D4+0)
;__Lib_Lcd.c,144 :: 		
0x0104	0x1587      	BSF        LCD_EN, BitPos(LCD_EN+0)
;__Lib_Lcd.c,145 :: 		
0x0105	0x200B      	CALL       _Delay_1us
;__Lib_Lcd.c,146 :: 		
0x0106	0x1187      	BCF        LCD_EN, BitPos(LCD_EN+0)
;__Lib_Lcd.c,148 :: 		
0x0107	0x1207      	BCF        LCD_D4, BitPos(LCD_D4+0)
;__Lib_Lcd.c,149 :: 		
0x0108	0x1587      	BSF        LCD_EN, BitPos(LCD_EN+0)
;__Lib_Lcd.c,150 :: 		
0x0109	0x200B      	CALL       _Delay_1us
;__Lib_Lcd.c,151 :: 		
0x010A	0x1187      	BCF        LCD_EN, BitPos(LCD_EN+0)
;__Lib_Lcd.c,152 :: 		
0x010B	0x200D      	CALL       _Delay_5500us
;__Lib_Lcd.c,155 :: 		
0x010C	0x1587      	BSF        LCD_EN, BitPos(LCD_EN+0)
;__Lib_Lcd.c,156 :: 		
0x010D	0x200B      	CALL       _Delay_1us
;__Lib_Lcd.c,157 :: 		
0x010E	0x1187      	BCF        LCD_EN, BitPos(LCD_EN+0)
;__Lib_Lcd.c,159 :: 		
0x010F	0x1607      	BSF        LCD_D4, BitPos(LCD_D4+0)
;__Lib_Lcd.c,160 :: 		
0x0110	0x1587      	BSF        LCD_EN, BitPos(LCD_EN+0)
;__Lib_Lcd.c,161 :: 		
0x0111	0x200B      	CALL       _Delay_1us
;__Lib_Lcd.c,162 :: 		
0x0112	0x1187      	BCF        LCD_EN, BitPos(LCD_EN+0)
;__Lib_Lcd.c,163 :: 		
0x0113	0x200D      	CALL       _Delay_5500us
;__Lib_Lcd.c,166 :: 		
0x0114	0x1207      	BCF        LCD_D4, BitPos(LCD_D4+0)
;__Lib_Lcd.c,167 :: 		
0x0115	0x1587      	BSF        LCD_EN, BitPos(LCD_EN+0)
;__Lib_Lcd.c,168 :: 		
0x0116	0x200B      	CALL       _Delay_1us
;__Lib_Lcd.c,169 :: 		
0x0117	0x1187      	BCF        LCD_EN, BitPos(LCD_EN+0)
;__Lib_Lcd.c,171 :: 		
0x0118	0x1786      	BSF        LCD_D7, BitPos(LCD_D7+0)
;__Lib_Lcd.c,172 :: 		
0x0119	0x1706      	BSF        LCD_D6, BitPos(LCD_D6+0)
;__Lib_Lcd.c,173 :: 		
0x011A	0x1687      	BSF        LCD_D5, BitPos(LCD_D5+0)
;__Lib_Lcd.c,174 :: 		
0x011B	0x1607      	BSF        LCD_D4, BitPos(LCD_D4+0)
;__Lib_Lcd.c,175 :: 		
0x011C	0x1587      	BSF        LCD_EN, BitPos(LCD_EN+0)
;__Lib_Lcd.c,176 :: 		
0x011D	0x200B      	CALL       _Delay_1us
;__Lib_Lcd.c,177 :: 		
0x011E	0x1187      	BCF        LCD_EN, BitPos(LCD_EN+0)
;__Lib_Lcd.c,179 :: 		
0x011F	0x200D      	CALL       _Delay_5500us
;__Lib_Lcd.c,181 :: 		
0x0120	0x146A      	BSF        __Lib_Lcd_cmd_status, BitPos(__Lib_Lcd_cmd_status+0)
;__Lib_Lcd.c,182 :: 		
L_end_Lcd_Init:
0x0121	0x0008      	RETURN
; end of _Lcd_Init
_UART1_Data_Ready:
;__Lib_UART_c67.c,16 :: 		
;__Lib_UART_c67.c,17 :: 		
0x0122	0x3000      	MOVLW      0
0x0123	0x1283      	BCF        STATUS, 5
0x0124	0x1303      	BCF        STATUS, 6
0x0125	0x1A8C      	BTFSC      PIR1, 5
0x0126	0x3001      	MOVLW      1
0x0127	0x00F0      	MOVWF      R0
;__Lib_UART_c67.c,18 :: 		
L_end_UART1_Data_Ready:
0x0128	0x0008      	RETURN
; end of _UART1_Data_Ready
_UART1_Read:
;__Lib_UART_c67.c,21 :: 		
;__Lib_UART_c67.c,24 :: 		
0x0129	0x1283      	BCF        STATUS, 5
0x012A	0x1303      	BCF        STATUS, 6
0x012B	0x081A      	MOVF       RCREG, 0
0x012C	0x00F1      	MOVWF      R1
;__Lib_UART_c67.c,25 :: 		
0x012D	0x1C98      	BTFSS      RCSTA, 1
0x012E	0x2931      	GOTO       L_UART1_Read2
;__Lib_UART_c67.c,26 :: 		
0x012F	0x1218      	BCF        RCSTA, 4
;__Lib_UART_c67.c,27 :: 		
0x0130	0x1618      	BSF        RCSTA, 4
;__Lib_UART_c67.c,28 :: 		
L_UART1_Read2:
;__Lib_UART_c67.c,29 :: 		
0x0131	0x0871      	MOVF       R1, 0
0x0132	0x00F0      	MOVWF      R0
;__Lib_UART_c67.c,30 :: 		
L_end_UART1_Read:
0x0133	0x0008      	RETURN
; end of _UART1_Read
___CC2DW:
;__Lib_System.c,134 :: 		
;__Lib_System.c,137 :: 		
_CC2D_Loop1:
;__Lib_System.c,139 :: 		
0x0134	0x2078      	CALL       _____DoICP
0x0135	0x118A      	BCF        PCLATH, 3
0x0136	0x120A      	BCF        PCLATH, 4
;__Lib_System.c,141 :: 		
0x0137	0x0080      	MOVWF      INDF
;__Lib_System.c,142 :: 		
0x0138	0x0A84      	INCF       FSR, 1
;__Lib_System.c,143 :: 		
0x0139	0x0AE8      	INCF       ___DoICPAddr, 1
;__Lib_System.c,145 :: 		
0x013A	0x1903      	BTFSC      STATUS, 2
;__Lib_System.c,146 :: 		
0x013B	0x0AE9      	INCF       ___DoICPAddr+1, 1
;__Lib_System.c,147 :: 		
0x013C	0x03F0      	DECF       R0, 1
;__Lib_System.c,149 :: 		
0x013D	0x1D03      	BTFSS      STATUS, 2
;__Lib_System.c,150 :: 		
0x013E	0x2934      	GOTO       _CC2D_Loop1
;__Lib_System.c,152 :: 		
L_end___CC2DW:
0x013F	0x0008      	RETURN
; end of ___CC2DW
_main:
0x0140	0x231A      	CALL       794
;rfid.c,19 :: 		void main()
;rfid.c,23 :: 		trisb=0x00;
0x0141	0x1683      	BSF        STATUS, 5
0x0142	0x1303      	BCF        STATUS, 6
0x0143	0x0186      	CLRF       TRISB
;rfid.c,24 :: 		UART1_Init(9600);                 // Initialize UART, 9600 baud rate
0x0144	0x3019      	MOVLW      25
0x0145	0x0099      	MOVWF      SPBRG
0x0146	0x1518      	BSF        TXSTA, 2
0x0147	0x207F      	CALL       _UART1_Init
;rfid.c,26 :: 		Lcd_Init(); // Initialize LCD
0x0148	0x20D4      	CALL       _Lcd_Init
;rfid.c,27 :: 		Lcd_Cmd(_LCD_CLEAR); // Clear display
0x0149	0x3001      	MOVLW      1
0x014A	0x1683      	BSF        STATUS, 5
0x014B	0x00D3      	MOVWF      FARG_Lcd_Cmd_out_char
0x014C	0x2018      	CALL       _Lcd_Cmd
;rfid.c,28 :: 		Lcd_Cmd(_LCD_CURSOR_OFF); // Cursor off
0x014D	0x300C      	MOVLW      12
0x014E	0x1683      	BSF        STATUS, 5
0x014F	0x00D3      	MOVWF      FARG_Lcd_Cmd_out_char
0x0150	0x2018      	CALL       _Lcd_Cmd
;rfid.c,29 :: 		Lcd_Out(1,1,"Welcome to RFID ");//Write text'Hello World' in first row
0x0151	0x3001      	MOVLW      1
0x0152	0x1683      	BSF        STATUS, 5
0x0153	0x00D0      	MOVWF      FARG_Lcd_Out_row
0x0154	0x3001      	MOVLW      1
0x0155	0x00D1      	MOVWF      FARG_Lcd_Out_column
0x0156	0x3020      	MOVLW      ?lstr1_rfid
0x0157	0x00D2      	MOVWF      FARG_Lcd_Out_text
0x0158	0x208F      	CALL       _Lcd_Out
;rfid.c,30 :: 		delay_ms(1000);
0x0159	0x3006      	MOVLW      6
0x015A	0x00FB      	MOVWF      R11
0x015B	0x3013      	MOVLW      19
0x015C	0x00FC      	MOVWF      R12
0x015D	0x30AD      	MOVLW      173
0x015E	0x00FD      	MOVWF      R13
L_main0:
0x015F	0x0BFD      	DECFSZ     R13, 1
0x0160	0x295F      	GOTO       L_main0
0x0161	0x0BFC      	DECFSZ     R12, 1
0x0162	0x295F      	GOTO       L_main0
0x0163	0x0BFB      	DECFSZ     R11, 1
0x0164	0x295F      	GOTO       L_main0
0x0165	0x0000      	NOP
0x0166	0x0000      	NOP
;rfid.c,31 :: 		Lcd_Out(2,1,"Security System");//Write text'Hello World' in first row
0x0167	0x3002      	MOVLW      2
0x0168	0x1683      	BSF        STATUS, 5
0x0169	0x00D0      	MOVWF      FARG_Lcd_Out_row
0x016A	0x3001      	MOVLW      1
0x016B	0x00D1      	MOVWF      FARG_Lcd_Out_column
0x016C	0x30A0      	MOVLW      ?lstr2_rfid
0x016D	0x00D2      	MOVWF      FARG_Lcd_Out_text
0x016E	0x208F      	CALL       _Lcd_Out
;rfid.c,32 :: 		delay_ms(1000);
0x016F	0x3006      	MOVLW      6
0x0170	0x00FB      	MOVWF      R11
0x0171	0x3013      	MOVLW      19
0x0172	0x00FC      	MOVWF      R12
0x0173	0x30AD      	MOVLW      173
0x0174	0x00FD      	MOVWF      R13
L_main1:
0x0175	0x0BFD      	DECFSZ     R13, 1
0x0176	0x2975      	GOTO       L_main1
0x0177	0x0BFC      	DECFSZ     R12, 1
0x0178	0x2975      	GOTO       L_main1
0x0179	0x0BFB      	DECFSZ     R11, 1
0x017A	0x2975      	GOTO       L_main1
0x017B	0x0000      	NOP
0x017C	0x0000      	NOP
;rfid.c,33 :: 		Lcd_Cmd(_LCD_CLEAR); // Clear display
0x017D	0x3001      	MOVLW      1
0x017E	0x1683      	BSF        STATUS, 5
0x017F	0x00D3      	MOVWF      FARG_Lcd_Cmd_out_char
0x0180	0x2018      	CALL       _Lcd_Cmd
;rfid.c,34 :: 		Lcd_Cmd(_LCD_CURSOR_OFF); // Cursor off
0x0181	0x300C      	MOVLW      12
0x0182	0x1683      	BSF        STATUS, 5
0x0183	0x00D3      	MOVWF      FARG_Lcd_Cmd_out_char
0x0184	0x2018      	CALL       _Lcd_Cmd
;rfid.c,35 :: 		Lcd_Out(1,1,"PLZ Show Your RFID ");//Write text'Hello World' in first row
0x0185	0x3001      	MOVLW      1
0x0186	0x1683      	BSF        STATUS, 5
0x0187	0x00D0      	MOVWF      FARG_Lcd_Out_row
0x0188	0x3001      	MOVLW      1
0x0189	0x00D1      	MOVWF      FARG_Lcd_Out_column
0x018A	0x30B0      	MOVLW      ?lstr3_rfid
0x018B	0x00D2      	MOVWF      FARG_Lcd_Out_text
0x018C	0x208F      	CALL       _Lcd_Out
;rfid.c,36 :: 		delay_ms(1000);
0x018D	0x3006      	MOVLW      6
0x018E	0x00FB      	MOVWF      R11
0x018F	0x3013      	MOVLW      19
0x0190	0x00FC      	MOVWF      R12
0x0191	0x30AD      	MOVLW      173
0x0192	0x00FD      	MOVWF      R13
L_main2:
0x0193	0x0BFD      	DECFSZ     R13, 1
0x0194	0x2993      	GOTO       L_main2
0x0195	0x0BFC      	DECFSZ     R12, 1
0x0196	0x2993      	GOTO       L_main2
0x0197	0x0BFB      	DECFSZ     R11, 1
0x0198	0x2993      	GOTO       L_main2
0x0199	0x0000      	NOP
0x019A	0x0000      	NOP
;rfid.c,37 :: 		Lcd_Out(2,1,"Card");//Write text'Hello World' in first row
0x019B	0x3002      	MOVLW      2
0x019C	0x1683      	BSF        STATUS, 5
0x019D	0x00D0      	MOVWF      FARG_Lcd_Out_row
0x019E	0x3001      	MOVLW      1
0x019F	0x00D1      	MOVWF      FARG_Lcd_Out_column
0x01A0	0x3063      	MOVLW      ?lstr4_rfid
0x01A1	0x00D2      	MOVWF      FARG_Lcd_Out_text
0x01A2	0x208F      	CALL       _Lcd_Out
;rfid.c,38 :: 		while(1)
L_main3:
;rfid.c,40 :: 		if(UART1_Data_Ready())          // If UART Data Ready
0x01A3	0x2122      	CALL       _UART1_Data_Ready
0x01A4	0x0870      	MOVF       R0, 0
0x01A5	0x1903      	BTFSC      STATUS, 2
0x01A6	0x2AA7      	GOTO       L_main5
;rfid.c,42 :: 		for(i=0;i<12;)                // To Read 12 characters
0x01A7	0x01EB      	CLRF       main_i_L0
0x01A8	0x01EC      	CLRF       main_i_L0+1
L_main6:
0x01A9	0x3080      	MOVLW      128
0x01AA	0x066C      	XORWF      main_i_L0+1, 0
0x01AB	0x00F0      	MOVWF      R0
0x01AC	0x3080      	MOVLW      128
0x01AD	0x0270      	SUBWF      R0, 0
0x01AE	0x1D03      	BTFSS      STATUS, 2
0x01AF	0x29B2      	GOTO       L__main26
0x01B0	0x300C      	MOVLW      12
0x01B1	0x026B      	SUBWF      main_i_L0, 0
L__main26:
0x01B2	0x1803      	BTFSC      STATUS, 0
0x01B3	0x29C4      	GOTO       L_main7
;rfid.c,44 :: 		if(UART1_Data_Ready())
0x01B4	0x2122      	CALL       _UART1_Data_Ready
0x01B5	0x0870      	MOVF       R0, 0
0x01B6	0x1903      	BTFSC      STATUS, 2
0x01B7	0x29C3      	GOTO       L_main9
;rfid.c,46 :: 		rfid[i] = UART1_Read();
0x01B8	0x086B      	MOVF       main_i_L0, 0
0x01B9	0x3EC4      	ADDLW      _rfid
0x01BA	0x00ED      	MOVWF      FLOC__main
0x01BB	0x2129      	CALL       _UART1_Read
0x01BC	0x086D      	MOVF       FLOC__main, 0
0x01BD	0x0084      	MOVWF      FSR
0x01BE	0x0870      	MOVF       R0, 0
0x01BF	0x0080      	MOVWF      INDF
;rfid.c,47 :: 		i++;
0x01C0	0x0AEB      	INCF       main_i_L0, 1
0x01C1	0x1903      	BTFSC      STATUS, 2
0x01C2	0x0AEC      	INCF       main_i_L0+1, 1
;rfid.c,48 :: 		}
L_main9:
;rfid.c,49 :: 		}
0x01C3	0x29A9      	GOTO       L_main6
L_main7:
;rfid.c,50 :: 		if((rfid[0] ^ rfid[2] ^ rfid[4] ^ rfid[6] ^ rfid[8] == rfid[10]) && (rfid[1] ^ rfid[3] ^ rfid[5] ^ rfid[7] ^ rfid[9] == rfid[11]))
0x01C4	0x1683      	BSF        STATUS, 5
0x01C5	0x0846      	MOVF       _rfid+2, 0
0x01C6	0x0644      	XORWF      _rfid, 0
0x01C7	0x00F0      	MOVWF      R0
0x01C8	0x0848      	MOVF       _rfid+4, 0
0x01C9	0x06F0      	XORWF      R0, 1
0x01CA	0x084A      	MOVF       _rfid+6, 0
0x01CB	0x0670      	XORWF      R0, 0
0x01CC	0x00F1      	MOVWF      R1
0x01CD	0x084C      	MOVF       _rfid+8, 0
0x01CE	0x064E      	XORWF      _rfid+10, 0
0x01CF	0x3001      	MOVLW      1
0x01D0	0x1D03      	BTFSS      STATUS, 2
0x01D1	0x3000      	MOVLW      0
0x01D2	0x00F0      	MOVWF      R0
0x01D3	0x0871      	MOVF       R1, 0
0x01D4	0x06F0      	XORWF      R0, 1
0x01D5	0x1903      	BTFSC      STATUS, 2
0x01D6	0x2A77      	GOTO       L_main12
0x01D7	0x0847      	MOVF       _rfid+3, 0
0x01D8	0x0645      	XORWF      _rfid+1, 0
0x01D9	0x00F0      	MOVWF      R0
0x01DA	0x0849      	MOVF       _rfid+5, 0
0x01DB	0x06F0      	XORWF      R0, 1
0x01DC	0x084B      	MOVF       _rfid+7, 0
0x01DD	0x0670      	XORWF      R0, 0
0x01DE	0x00F1      	MOVWF      R1
0x01DF	0x084D      	MOVF       _rfid+9, 0
0x01E0	0x064F      	XORWF      _rfid+11, 0
0x01E1	0x3001      	MOVLW      1
0x01E2	0x1D03      	BTFSS      STATUS, 2
0x01E3	0x3000      	MOVLW      0
0x01E4	0x00F0      	MOVWF      R0
0x01E5	0x0871      	MOVF       R1, 0
0x01E6	0x06F0      	XORWF      R0, 1
0x01E7	0x1903      	BTFSC      STATUS, 2
0x01E8	0x2A77      	GOTO       L_main12
L__main24:
;rfid.c,52 :: 		Lcd_Out(2,1,rfid);
0x01E9	0x3002      	MOVLW      2
0x01EA	0x00D0      	MOVWF      FARG_Lcd_Out_row
0x01EB	0x3001      	MOVLW      1
0x01EC	0x00D1      	MOVWF      FARG_Lcd_Out_column
0x01ED	0x30C4      	MOVLW      _rfid
0x01EE	0x00D2      	MOVWF      FARG_Lcd_Out_text
0x01EF	0x208F      	CALL       _Lcd_Out
;rfid.c,53 :: 		delay_ms(1000);
0x01F0	0x3006      	MOVLW      6
0x01F1	0x00FB      	MOVWF      R11
0x01F2	0x3013      	MOVLW      19
0x01F3	0x00FC      	MOVWF      R12
0x01F4	0x30AD      	MOVLW      173
0x01F5	0x00FD      	MOVWF      R13
L_main13:
0x01F6	0x0BFD      	DECFSZ     R13, 1
0x01F7	0x29F6      	GOTO       L_main13
0x01F8	0x0BFC      	DECFSZ     R12, 1
0x01F9	0x29F6      	GOTO       L_main13
0x01FA	0x0BFB      	DECFSZ     R11, 1
0x01FB	0x29F6      	GOTO       L_main13
0x01FC	0x0000      	NOP
0x01FD	0x0000      	NOP
;rfid.c,54 :: 		if(rfid[0] == '1' && rfid[1] == '3' && rfid[2] == '0' && rfid[3] == '0' && rfid[4] == '4' &&  rfid[5] == 'A' && rfid[6] == '0' && rfid[7] == '4' && rfid[8] == 'A' && rfid[9] == 'B'  && rfid[10] == 'F' && rfid[11] == '6' )
0x01FE	0x1683      	BSF        STATUS, 5
0x01FF	0x0844      	MOVF       _rfid, 0
0x0200	0x3A31      	XORLW      49
0x0201	0x1D03      	BTFSS      STATUS, 2
0x0202	0x2A5D      	GOTO       L_main16
0x0203	0x0845      	MOVF       _rfid+1, 0
0x0204	0x3A33      	XORLW      51
0x0205	0x1D03      	BTFSS      STATUS, 2
0x0206	0x2A5D      	GOTO       L_main16
0x0207	0x0846      	MOVF       _rfid+2, 0
0x0208	0x3A30      	XORLW      48
0x0209	0x1D03      	BTFSS      STATUS, 2
0x020A	0x2A5D      	GOTO       L_main16
0x020B	0x0847      	MOVF       _rfid+3, 0
0x020C	0x3A30      	XORLW      48
0x020D	0x1D03      	BTFSS      STATUS, 2
0x020E	0x2A5D      	GOTO       L_main16
0x020F	0x0848      	MOVF       _rfid+4, 0
0x0210	0x3A34      	XORLW      52
0x0211	0x1D03      	BTFSS      STATUS, 2
0x0212	0x2A5D      	GOTO       L_main16
0x0213	0x0849      	MOVF       _rfid+5, 0
0x0214	0x3A41      	XORLW      65
0x0215	0x1D03      	BTFSS      STATUS, 2
0x0216	0x2A5D      	GOTO       L_main16
0x0217	0x084A      	MOVF       _rfid+6, 0
0x0218	0x3A30      	XORLW      48
0x0219	0x1D03      	BTFSS      STATUS, 2
0x021A	0x2A5D      	GOTO       L_main16
0x021B	0x084B      	MOVF       _rfid+7, 0
0x021C	0x3A34      	XORLW      52
0x021D	0x1D03      	BTFSS      STATUS, 2
0x021E	0x2A5D      	GOTO       L_main16
0x021F	0x084C      	MOVF       _rfid+8, 0
0x0220	0x3A41      	XORLW      65
0x0221	0x1D03      	BTFSS      STATUS, 2
0x0222	0x2A5D      	GOTO       L_main16
0x0223	0x084D      	MOVF       _rfid+9, 0
0x0224	0x3A42      	XORLW      66
0x0225	0x1D03      	BTFSS      STATUS, 2
0x0226	0x2A5D      	GOTO       L_main16
0x0227	0x084E      	MOVF       _rfid+10, 0
0x0228	0x3A46      	XORLW      70
0x0229	0x1D03      	BTFSS      STATUS, 2
0x022A	0x2A5D      	GOTO       L_main16
0x022B	0x084F      	MOVF       _rfid+11, 0
0x022C	0x3A36      	XORLW      54
0x022D	0x1D03      	BTFSS      STATUS, 2
0x022E	0x2A5D      	GOTO       L_main16
L__main23:
;rfid.c,56 :: 		Lcd_Cmd(_LCD_CLEAR); // Clear display
0x022F	0x3001      	MOVLW      1
0x0230	0x00D3      	MOVWF      FARG_Lcd_Cmd_out_char
0x0231	0x2018      	CALL       _Lcd_Cmd
;rfid.c,57 :: 		Lcd_Cmd(_LCD_CURSOR_OFF); // Cursor off
0x0232	0x300C      	MOVLW      12
0x0233	0x1683      	BSF        STATUS, 5
0x0234	0x00D3      	MOVWF      FARG_Lcd_Cmd_out_char
0x0235	0x2018      	CALL       _Lcd_Cmd
;rfid.c,58 :: 		Lcd_Out(1,1,"ACCESS GRANTED");//Write text'Hello World' in first row
0x0236	0x3001      	MOVLW      1
0x0237	0x1683      	BSF        STATUS, 5
0x0238	0x00D0      	MOVWF      FARG_Lcd_Out_row
0x0239	0x3001      	MOVLW      1
0x023A	0x00D1      	MOVWF      FARG_Lcd_Out_column
0x023B	0x303F      	MOVLW      ?lstr5_rfid
0x023C	0x00D2      	MOVWF      FARG_Lcd_Out_text
0x023D	0x208F      	CALL       _Lcd_Out
;rfid.c,59 :: 		portb.rb0=0xff;
0x023E	0x1406      	BSF        PORTB, 0
;rfid.c,60 :: 		delay_ms(2000);
0x023F	0x300B      	MOVLW      11
0x0240	0x00FB      	MOVWF      R11
0x0241	0x3026      	MOVLW      38
0x0242	0x00FC      	MOVWF      R12
0x0243	0x305D      	MOVLW      93
0x0244	0x00FD      	MOVWF      R13
L_main17:
0x0245	0x0BFD      	DECFSZ     R13, 1
0x0246	0x2A45      	GOTO       L_main17
0x0247	0x0BFC      	DECFSZ     R12, 1
0x0248	0x2A45      	GOTO       L_main17
0x0249	0x0BFB      	DECFSZ     R11, 1
0x024A	0x2A45      	GOTO       L_main17
0x024B	0x0000      	NOP
0x024C	0x0000      	NOP
;rfid.c,61 :: 		portb.rb0=0x00;
0x024D	0x1006      	BCF        PORTB, 0
;rfid.c,62 :: 		delay_ms(2000);
0x024E	0x300B      	MOVLW      11
0x024F	0x00FB      	MOVWF      R11
0x0250	0x3026      	MOVLW      38
0x0251	0x00FC      	MOVWF      R12
0x0252	0x305D      	MOVLW      93
0x0253	0x00FD      	MOVWF      R13
L_main18:
0x0254	0x0BFD      	DECFSZ     R13, 1
0x0255	0x2A54      	GOTO       L_main18
0x0256	0x0BFC      	DECFSZ     R12, 1
0x0257	0x2A54      	GOTO       L_main18
0x0258	0x0BFB      	DECFSZ     R11, 1
0x0259	0x2A54      	GOTO       L_main18
0x025A	0x0000      	NOP
0x025B	0x0000      	NOP
;rfid.c,63 :: 		}
0x025C	0x2A77      	GOTO       L_main19
L_main16:
;rfid.c,66 :: 		Lcd_Cmd(_LCD_CLEAR);
0x025D	0x3001      	MOVLW      1
0x025E	0x1683      	BSF        STATUS, 5
0x025F	0x00D3      	MOVWF      FARG_Lcd_Cmd_out_char
0x0260	0x2018      	CALL       _Lcd_Cmd
;rfid.c,67 :: 		Lcd_Out(1,1,"ACCESS DENIED");//Write text'Hello World' in first row
0x0261	0x3001      	MOVLW      1
0x0262	0x1683      	BSF        STATUS, 5
0x0263	0x00D0      	MOVWF      FARG_Lcd_Out_row
0x0264	0x3001      	MOVLW      1
0x0265	0x00D1      	MOVWF      FARG_Lcd_Out_column
0x0266	0x3031      	MOVLW      ?lstr6_rfid
0x0267	0x00D2      	MOVWF      FARG_Lcd_Out_text
0x0268	0x208F      	CALL       _Lcd_Out
;rfid.c,68 :: 		delay_ms(2000);
0x0269	0x300B      	MOVLW      11
0x026A	0x00FB      	MOVWF      R11
0x026B	0x3026      	MOVLW      38
0x026C	0x00FC      	MOVWF      R12
0x026D	0x305D      	MOVLW      93
0x026E	0x00FD      	MOVWF      R13
L_main20:
0x026F	0x0BFD      	DECFSZ     R13, 1
0x0270	0x2A6F      	GOTO       L_main20
0x0271	0x0BFC      	DECFSZ     R12, 1
0x0272	0x2A6F      	GOTO       L_main20
0x0273	0x0BFB      	DECFSZ     R11, 1
0x0274	0x2A6F      	GOTO       L_main20
0x0275	0x0000      	NOP
0x0276	0x0000      	NOP
;rfid.c,69 :: 		}
L_main19:
;rfid.c,70 :: 		}
L_main12:
;rfid.c,71 :: 		delay_ms(1000);
0x0277	0x3006      	MOVLW      6
0x0278	0x00FB      	MOVWF      R11
0x0279	0x3013      	MOVLW      19
0x027A	0x00FC      	MOVWF      R12
0x027B	0x30AD      	MOVLW      173
0x027C	0x00FD      	MOVWF      R13
L_main21:
0x027D	0x0BFD      	DECFSZ     R13, 1
0x027E	0x2A7D      	GOTO       L_main21
0x027F	0x0BFC      	DECFSZ     R12, 1
0x0280	0x2A7D      	GOTO       L_main21
0x0281	0x0BFB      	DECFSZ     R11, 1
0x0282	0x2A7D      	GOTO       L_main21
0x0283	0x0000      	NOP
0x0284	0x0000      	NOP
;rfid.c,72 :: 		Lcd_Cmd(_LCD_CLEAR);
0x0285	0x3001      	MOVLW      1
0x0286	0x1683      	BSF        STATUS, 5
0x0287	0x00D3      	MOVWF      FARG_Lcd_Cmd_out_char
0x0288	0x2018      	CALL       _Lcd_Cmd
;rfid.c,73 :: 		Lcd_Out(1,1,"PLZ Show RFID ");//Write text'Hello World' in first row
0x0289	0x3001      	MOVLW      1
0x028A	0x1683      	BSF        STATUS, 5
0x028B	0x00D0      	MOVWF      FARG_Lcd_Out_row
0x028C	0x3001      	MOVLW      1
0x028D	0x00D1      	MOVWF      FARG_Lcd_Out_column
0x028E	0x304E      	MOVLW      ?lstr7_rfid
0x028F	0x00D2      	MOVWF      FARG_Lcd_Out_text
0x0290	0x208F      	CALL       _Lcd_Out
;rfid.c,74 :: 		delay_ms(2000);
0x0291	0x300B      	MOVLW      11
0x0292	0x00FB      	MOVWF      R11
0x0293	0x3026      	MOVLW      38
0x0294	0x00FC      	MOVWF      R12
0x0295	0x305D      	MOVLW      93
0x0296	0x00FD      	MOVWF      R13
L_main22:
0x0297	0x0BFD      	DECFSZ     R13, 1
0x0298	0x2A97      	GOTO       L_main22
0x0299	0x0BFC      	DECFSZ     R12, 1
0x029A	0x2A97      	GOTO       L_main22
0x029B	0x0BFB      	DECFSZ     R11, 1
0x029C	0x2A97      	GOTO       L_main22
0x029D	0x0000      	NOP
0x029E	0x0000      	NOP
;rfid.c,75 :: 		Lcd_Out(2,1,"Card ");//Write text'Hello World' in first row
0x029F	0x3002      	MOVLW      2
0x02A0	0x1683      	BSF        STATUS, 5
0x02A1	0x00D0      	MOVWF      FARG_Lcd_Out_row
0x02A2	0x3001      	MOVLW      1
0x02A3	0x00D1      	MOVWF      FARG_Lcd_Out_column
0x02A4	0x305D      	MOVLW      ?lstr8_rfid
0x02A5	0x00D2      	MOVWF      FARG_Lcd_Out_text
0x02A6	0x208F      	CALL       _Lcd_Out
;rfid.c,77 :: 		}
L_main5:
;rfid.c,78 :: 		}
0x02A7	0x29A3      	GOTO       L_main3
;rfid.c,79 :: 		}
L_end_main:
0x02A8	0x2AA8      	GOTO       $+0
; end of _main
0x031A	0x3020      	MOVLW      32
0x031B	0x0084      	MOVWF      FSR
0x031C	0x3043      	MOVLW      67
0x031D	0x1283      	BCF        STATUS, 5
0x031E	0x1303      	BCF        STATUS, 6
0x031F	0x00F0      	MOVWF      R0
0x0320	0x30AE      	MOVLW      174
0x0321	0x00E8      	MOVWF      ___DoICPAddr
0x0322	0x3002      	MOVLW      2
0x0323	0x00E9      	MOVWF      105
0x0324	0x2134      	CALL       308
0x0325	0x30A0      	MOVLW      160
0x0326	0x0084      	MOVWF      FSR
0x0327	0x3024      	MOVLW      36
0x0328	0x00F0      	MOVWF      R0
0x0329	0x30F1      	MOVLW      241
0x032A	0x00E8      	MOVWF      ___DoICPAddr
0x032B	0x3002      	MOVLW      2
0x032C	0x00E9      	MOVWF      105
0x032D	0x2134      	CALL       308
0x032E	0x3063      	MOVLW      99
0x032F	0x0084      	MOVWF      FSR
0x0330	0x3005      	MOVLW      5
0x0331	0x00F0      	MOVWF      R0
0x0332	0x3015      	MOVLW      21
0x0333	0x00E8      	MOVWF      ___DoICPAddr
0x0334	0x3003      	MOVLW      3
0x0335	0x00E9      	MOVWF      105
0x0336	0x2134      	CALL       308
0x0337	0x0008      	RETURN
;rfid.c,0 :: ?ICS?lstr1_rfid
0x02AE	0x3457 ;?ICS?lstr1_rfid+0
0x02AF	0x3465 ;?ICS?lstr1_rfid+1
0x02B0	0x346C ;?ICS?lstr1_rfid+2
0x02B1	0x3463 ;?ICS?lstr1_rfid+3
0x02B2	0x346F ;?ICS?lstr1_rfid+4
0x02B3	0x346D ;?ICS?lstr1_rfid+5
0x02B4	0x3465 ;?ICS?lstr1_rfid+6
0x02B5	0x3420 ;?ICS?lstr1_rfid+7
0x02B6	0x3474 ;?ICS?lstr1_rfid+8
0x02B7	0x346F ;?ICS?lstr1_rfid+9
0x02B8	0x3420 ;?ICS?lstr1_rfid+10
0x02B9	0x3452 ;?ICS?lstr1_rfid+11
0x02BA	0x3446 ;?ICS?lstr1_rfid+12
0x02BB	0x3449 ;?ICS?lstr1_rfid+13
0x02BC	0x3444 ;?ICS?lstr1_rfid+14
0x02BD	0x3420 ;?ICS?lstr1_rfid+15
0x02BE	0x3400 ;?ICS?lstr1_rfid+16
; end of ?ICS?lstr1_rfid
;rfid.c,0 :: ?ICS?lstr6_rfid
0x02BF	0x3441 ;?ICS?lstr6_rfid+0
0x02C0	0x3443 ;?ICS?lstr6_rfid+1
0x02C1	0x3443 ;?ICS?lstr6_rfid+2
0x02C2	0x3445 ;?ICS?lstr6_rfid+3
0x02C3	0x3453 ;?ICS?lstr6_rfid+4
0x02C4	0x3453 ;?ICS?lstr6_rfid+5
0x02C5	0x3420 ;?ICS?lstr6_rfid+6
0x02C6	0x3444 ;?ICS?lstr6_rfid+7
0x02C7	0x3445 ;?ICS?lstr6_rfid+8
0x02C8	0x344E ;?ICS?lstr6_rfid+9
0x02C9	0x3449 ;?ICS?lstr6_rfid+10
0x02CA	0x3445 ;?ICS?lstr6_rfid+11
0x02CB	0x3444 ;?ICS?lstr6_rfid+12
0x02CC	0x3400 ;?ICS?lstr6_rfid+13
; end of ?ICS?lstr6_rfid
;rfid.c,0 :: ?ICS?lstr5_rfid
0x02CD	0x3441 ;?ICS?lstr5_rfid+0
0x02CE	0x3443 ;?ICS?lstr5_rfid+1
0x02CF	0x3443 ;?ICS?lstr5_rfid+2
0x02D0	0x3445 ;?ICS?lstr5_rfid+3
0x02D1	0x3453 ;?ICS?lstr5_rfid+4
0x02D2	0x3453 ;?ICS?lstr5_rfid+5
0x02D3	0x3420 ;?ICS?lstr5_rfid+6
0x02D4	0x3447 ;?ICS?lstr5_rfid+7
0x02D5	0x3452 ;?ICS?lstr5_rfid+8
0x02D6	0x3441 ;?ICS?lstr5_rfid+9
0x02D7	0x344E ;?ICS?lstr5_rfid+10
0x02D8	0x3454 ;?ICS?lstr5_rfid+11
0x02D9	0x3445 ;?ICS?lstr5_rfid+12
0x02DA	0x3444 ;?ICS?lstr5_rfid+13
0x02DB	0x3400 ;?ICS?lstr5_rfid+14
; end of ?ICS?lstr5_rfid
;rfid.c,0 :: ?ICS?lstr7_rfid
0x02DC	0x3450 ;?ICS?lstr7_rfid+0
0x02DD	0x344C ;?ICS?lstr7_rfid+1
0x02DE	0x345A ;?ICS?lstr7_rfid+2
0x02DF	0x3420 ;?ICS?lstr7_rfid+3
0x02E0	0x3453 ;?ICS?lstr7_rfid+4
0x02E1	0x3468 ;?ICS?lstr7_rfid+5
0x02E2	0x346F ;?ICS?lstr7_rfid+6
0x02E3	0x3477 ;?ICS?lstr7_rfid+7
0x02E4	0x3420 ;?ICS?lstr7_rfid+8
0x02E5	0x3452 ;?ICS?lstr7_rfid+9
0x02E6	0x3446 ;?ICS?lstr7_rfid+10
0x02E7	0x3449 ;?ICS?lstr7_rfid+11
0x02E8	0x3444 ;?ICS?lstr7_rfid+12
0x02E9	0x3420 ;?ICS?lstr7_rfid+13
0x02EA	0x3400 ;?ICS?lstr7_rfid+14
; end of ?ICS?lstr7_rfid
;rfid.c,0 :: ?ICS?lstr8_rfid
0x02EB	0x3443 ;?ICS?lstr8_rfid+0
0x02EC	0x3461 ;?ICS?lstr8_rfid+1
0x02ED	0x3472 ;?ICS?lstr8_rfid+2
0x02EE	0x3464 ;?ICS?lstr8_rfid+3
0x02EF	0x3420 ;?ICS?lstr8_rfid+4
0x02F0	0x3400 ;?ICS?lstr8_rfid+5
; end of ?ICS?lstr8_rfid
;rfid.c,0 :: ?ICS?lstr2_rfid
0x02F1	0x3453 ;?ICS?lstr2_rfid+0
0x02F2	0x3465 ;?ICS?lstr2_rfid+1
0x02F3	0x3463 ;?ICS?lstr2_rfid+2
0x02F4	0x3475 ;?ICS?lstr2_rfid+3
0x02F5	0x3472 ;?ICS?lstr2_rfid+4
0x02F6	0x3469 ;?ICS?lstr2_rfid+5
0x02F7	0x3474 ;?ICS?lstr2_rfid+6
0x02F8	0x3479 ;?ICS?lstr2_rfid+7
0x02F9	0x3420 ;?ICS?lstr2_rfid+8
0x02FA	0x3453 ;?ICS?lstr2_rfid+9
0x02FB	0x3479 ;?ICS?lstr2_rfid+10
0x02FC	0x3473 ;?ICS?lstr2_rfid+11
0x02FD	0x3474 ;?ICS?lstr2_rfid+12
0x02FE	0x3465 ;?ICS?lstr2_rfid+13
0x02FF	0x346D ;?ICS?lstr2_rfid+14
0x0300	0x3400 ;?ICS?lstr2_rfid+15
; end of ?ICS?lstr2_rfid
;rfid.c,0 :: ?ICS?lstr3_rfid
0x0301	0x3450 ;?ICS?lstr3_rfid+0
0x0302	0x344C ;?ICS?lstr3_rfid+1
0x0303	0x345A ;?ICS?lstr3_rfid+2
0x0304	0x3420 ;?ICS?lstr3_rfid+3
0x0305	0x3453 ;?ICS?lstr3_rfid+4
0x0306	0x3468 ;?ICS?lstr3_rfid+5
0x0307	0x346F ;?ICS?lstr3_rfid+6
0x0308	0x3477 ;?ICS?lstr3_rfid+7
0x0309	0x3420 ;?ICS?lstr3_rfid+8
0x030A	0x3459 ;?ICS?lstr3_rfid+9
0x030B	0x346F ;?ICS?lstr3_rfid+10
0x030C	0x3475 ;?ICS?lstr3_rfid+11
0x030D	0x3472 ;?ICS?lstr3_rfid+12
0x030E	0x3420 ;?ICS?lstr3_rfid+13
0x030F	0x3452 ;?ICS?lstr3_rfid+14
0x0310	0x3446 ;?ICS?lstr3_rfid+15
0x0311	0x3449 ;?ICS?lstr3_rfid+16
0x0312	0x3444 ;?ICS?lstr3_rfid+17
0x0313	0x3420 ;?ICS?lstr3_rfid+18
0x0314	0x3400 ;?ICS?lstr3_rfid+19
; end of ?ICS?lstr3_rfid
;rfid.c,0 :: ?ICS?lstr4_rfid
0x0315	0x3443 ;?ICS?lstr4_rfid+0
0x0316	0x3461 ;?ICS?lstr4_rfid+1
0x0317	0x3472 ;?ICS?lstr4_rfid+2
0x0318	0x3464 ;?ICS?lstr4_rfid+3
0x0319	0x3400 ;?ICS?lstr4_rfid+4
; end of ?ICS?lstr4_rfid
Symbol List:
//** Routines locations **
//ADDRESS    SIZE    PROCEDURE
//----------------------------------------------
0x0003       [8]    _Delay_50us
0x000B       [2]    _Delay_1us
0x000D      [11]    _Delay_5500us
0x0018      [87]    _Lcd_Cmd
0x006F       [9]    _Lcd_Chr_CP
0x0078       [7]    _____DoICP
0x007F      [16]    _UART1_Init
0x008F      [69]    _Lcd_Out
0x00D4      [78]    _Lcd_Init
0x0122       [7]    _UART1_Data_Ready
0x0129      [11]    _UART1_Read
0x0134      [12]    ___CC2DW
0x0140     [360]    _main
//** Variables locations ** 
//ADDRESS    SIZE    VARIABLE
//----------------------------------------------
0x0000       [1]    INDF
0x0002       [1]    PCL
0x0003       [1]    STATUS
0x0004       [1]    FSR
0x0006       [0]    RB6_bit
0x0006       [0]    RB7_bit
0x0006       [0]    LCD_D6
0x0006       [0]    LCD_D7
0x0006       [1]    PORTB
0x0007       [0]    RC5_bit
0x0007       [0]    LCD_D4
0x0007       [0]    LCD_D5
0x0007       [0]    LCD_RS
0x0007       [0]    LCD_EN
0x0007       [0]    RC3_bit
0x0007       [0]    RC4_bit
0x0007       [0]    RC2_bit
0x000A       [1]    PCLATH
0x000C       [1]    PIR1
0x0018       [1]    RCSTA
0x001A       [1]    RCREG
0x0020      [17]    ?lstr1_rfid
0x0031      [14]    ?lstr6_rfid
0x003F      [15]    ?lstr5_rfid
0x004E      [15]    ?lstr7_rfid
0x005D       [6]    ?lstr8_rfid
0x0063       [5]    ?lstr4_rfid
0x0068       [2]    ___DoICPAddr
0x006A       [0]    __Lib_Lcd_cmd_status
0x006B       [2]    main_i_L0
0x006D       [1]    FLOC__main
0x006E       [1]    Lcd_Out_i_L0
0x006F       [1]    FARG_Lcd_Chr_CP_out_char
0x0070       [1]    R0
0x0071       [1]    R1
0x0072       [1]    R2
0x0073       [1]    R3
0x0074       [1]    R4
0x0075       [1]    R5
0x0076       [1]    R6
0x0077       [1]    R7
0x0078       [1]    R8
0x0079       [1]    R9
0x007A       [1]    R10
0x007B       [1]    R11
0x007C       [1]    R12
0x007D       [1]    R13
0x007E       [1]    R14
0x007F       [1]    R15
0x0086       [0]    TRISB7_bit
0x0086       [1]    TRISB
0x0086       [0]    TRISB6_bit
0x0086       [0]    LCD_D6_Direction
0x0086       [0]    LCD_D7_Direction
0x0087       [0]    LCD_EN_Direction
0x0087       [0]    LCD_RS_Direction
0x0087       [0]    LCD_D4_Direction
0x0087       [0]    LCD_D5_Direction
0x0087       [0]    TRISC5_bit
0x0087       [0]    TRISC6_bit
0x0087       [0]    TRISC7_bit
0x0087       [0]    TRISC4_bit
0x0087       [0]    TRISC2_bit
0x0087       [0]    TRISC3_bit
0x0098       [1]    TXSTA
0x0099       [1]    SPBRG
0x00A0      [16]    ?lstr2_rfid
0x00B0      [20]    ?lstr3_rfid
0x00C4      [12]    _rfid
0x00D0       [1]    FARG_Lcd_Out_row
0x00D1       [1]    FARG_Lcd_Out_column
0x00D2       [1]    FARG_Lcd_Out_text
0x00D3       [1]    FARG_Lcd_Cmd_out_char
//** Constants locations ** 
//ADDRESS    SIZE    CONSTANT
//----------------------------------------------
0x02AE      [17]    ?ICS?lstr1_rfid
0x02BF      [14]    ?ICS?lstr6_rfid
0x02CD      [15]    ?ICS?lstr5_rfid
0x02DC      [15]    ?ICS?lstr7_rfid
0x02EB       [6]    ?ICS?lstr8_rfid
0x02F1      [16]    ?ICS?lstr2_rfid
0x0301      [20]    ?ICS?lstr3_rfid
0x0315       [5]    ?ICS?lstr4_rfid
//** Label List: ** 
//----------------------------------------------
  L_main0
  L_main1
  L_main2
  L_main3
  L_main4
  L_main5
  L_main6
  L_main7
  L_main8
  L_main9
  L_main10
  L_main11
  L_main12
  L_main13
  L_main14
  L_main15
  L_main16
  L_main17
  L_main18
  L_main19
  L_main20
  L_main21
  L_main22
  L__main23
  L__main24
  L_end_main
  _main
  L__main26
  L_Delay_10us0
  L_Delay_22us1
  L_Delay_50us2
  L_Delay_80us3
  L_Delay_500us4
  L_Delay_5500us5
  L_Delay_1ms6
  L_Delay_5ms7
  L_Delay_8ms8
  L_Delay_10ms9
  L_Delay_100ms10
  L_Delay_1sec11
  L_boot16_Delay_5ms12
  L_Delay_Cyc13
  L_Delay_Cyc14
  L_VDelay_ms15
  L_VDelay_ms16
  L_VDelay_ms17
  L_VDelay_Advanced_ms18
  L_VDelay_Advanced_ms19
  L_VDelay_Advanced_ms20
  L_end_Get_Fosc_kHz
  _Get_Fosc_kHz
  L_end_Delay_1us
  _Delay_1us
  L_end_Delay_10us
  _Delay_10us
  L_end_Delay_22us
  _Delay_22us
  L_end_Delay_50us
  _Delay_50us
  L_end_Delay_80us
  _Delay_80us
  L_end_Delay_500us
  _Delay_500us
  L_end_Delay_5500us
  _Delay_5500us
  L_end_Delay_1ms
  _Delay_1ms
  L_end_Delay_5ms
  _Delay_5ms
  L_end_Delay_8ms
  _Delay_8ms
  L_end_Delay_10ms
  _Delay_10ms
  L_end_Delay_100ms
  _Delay_100ms
  L_end_Delay_1sec
  _Delay_1sec
  L_end_boot16_Delay_5ms
  _boot16_Delay_5ms
  L_end_Delay_Cyc
  _Delay_Cyc
  L_end_VDelay_ms
  _VDelay_ms
  L__VDelay_ms38
  L__VDelay_ms39
  L__VDelay_ms40
  L_end_VDelay_Advanced_ms
  _VDelay_Advanced_ms
  L__VDelay_Advanced_ms42
  L__VDelay_Advanced_ms43
  L__VDelay_Advanced_ms44
  L_Lcd_Cmd0
  L_Lcd_Cmd1
  L_Lcd_Out_CP2
  L_Lcd_Out_CP3
  L_Lcd_Chr4
  L_Lcd_Chr5
  L_Lcd_Chr6
  L_Lcd_Chr7
  L_Lcd_Chr8
  L_Lcd_Chr9
  L_Lcd_Chr10
  L_Lcd_Out11
  L_Lcd_Out12
  L_Lcd_Out13
  L_Lcd_Out14
  L_Lcd_Out15
  L_Lcd_Out16
  L_Lcd_Out17
  L_Lcd_Out18
  L_Lcd_Out19
  L_end_Lcd_Cmd
  _Lcd_Cmd
  L__Lcd_Cmd21
  L__Lcd_Cmd22
  L__Lcd_Cmd23
  L__Lcd_Cmd24
  L__Lcd_Cmd25
  L__Lcd_Cmd26
  L__Lcd_Cmd27
  L__Lcd_Cmd28
  L__Lcd_Cmd29
  L__Lcd_Cmd30
  L__Lcd_Cmd31
  L__Lcd_Cmd32
  L__Lcd_Cmd33
  L__Lcd_Cmd34
  L__Lcd_Cmd35
  L__Lcd_Cmd36
  L__Lcd_Cmd37
  L__Lcd_Cmd38
  L__Lcd_Cmd39
  L__Lcd_Cmd40
  L_end_Lcd_Chr_CP
  _Lcd_Chr_CP
  L_end_Lcd_Out_CP
  _Lcd_Out_CP
  L_end_Lcd_Chr
  _Lcd_Chr
  L_end_Lcd_Init
  _Lcd_Init
  L_end_Lcd_Out
  _Lcd_Out
  L_loopCA2AWs
  L_CA2AWend
  _CCA2AW_Loop1
  L_loopCS2Ss
  L_CS2Send
  _CCS2S_Loop1
  L_CCS2Send
  L_loopFZinSWs
  L_FZinSend
  _CC2D_Loop1
  L_end_____DoICP
  _____DoICP
  L_end_____DoIFC
  _____DoIFC
  L_end___CA2AW
  ___CA2AW
  L_end___CCA2AW
  ___CCA2AW
  L_end___CS2S
  ___CS2S
  L_end___CCS2S
  ___CCS2S
  L_end___FZinS
  ___FZinS
  L_end___CC2DW
  ___CC2DW
  L_end_Swap
  _Swap
  L_UART1_Init0
  L_UART1_Init1
  L_UART1_Read2
  L_UART1_Write3
  L_UART1_Write4
  L_UART1_Write_Text5
  L_UART1_Write_Text6
  L_UART1_Read_Text7
  L_UART1_Read_Text8
  L_UART1_Read_Text9
  L_UART1_Read_Text10
  L_UART1_Read_Text11
  L_UART1_Read_Text12
  L_UART1_Read_Text13
  L_UART1_Read_Text14
  L_UART1_Read_Text15
  L_end_UART1_Init
  _UART1_Init
  L_end_UART1_Data_Ready
  _UART1_Data_Ready
  L_end_UART1_Read
  _UART1_Read
  L_end_UART1_Tx_Idle
  _UART1_Tx_Idle
  L_end_UART1_Write
  _UART1_Write
  L_end_UART1_Write_Text
  _UART1_Write_Text
  L_end_UART1_Read_Text
  _UART1_Read_Text
