

HI-TECH Software PICC Macro Assembler V9.50PL2
                                                      Sat Feb 21 12:05:18 2015


     1                           	processor	16F877A
     2                           	opt	pw 79
     3                           	psect	text0,local,class=CODE,delta=2
     4                           	psect	text1,local,class=CODE,delta=2
     5                           	psect	text2,local,class=CODE,delta=2
     6                           	psect	text3,local,class=CODE,delta=2
     7                           	psect	text4,local,class=CODE,delta=2
     8                           	psect	text5,local,class=CODE,delta=2
     9                           	psect	text6,local,class=CODE,delta=2
    10  0000                     
    11  0000                     
    12  0000                     
    13  0000                     
    14  0000                     
    15  0000                     
    16  0000                     
    17  0000                     
    18  0000                     
    19  0000                     
    20                           
    21                           	psect	text0
    22  07AF                     _lcd_write
    23                           ;	_c assigned to ?a_lcd_write+0
    24  0000                     _lcd_write$c	set	?a_lcd_write
    25                           ;	__dcnt assigned to ?a_lcd_write+1
    26  0000                     _lcd_write$_dcnt	set	?a_lcd_write+1
    27                           ;_c stored from w
    28  07AF  0183               	clrf	3	;select bank 0
    29  07B0  00A0               	movwf	?a_lcd_write
    30                           ;lcd.c: 36: void
    31  07B1  300D               	movlw	13
    32  07B2  00A1               	movwf	?a_lcd_write+1
    33  07B3                     l2
    34  07B3  0BA1               	decfsz	?a_lcd_write+1
    35  07B4  2FB3               	goto	l2
    36                           ;lcd.c: 40: PORTD = ( ( c >> 4 ) & 0x0F );
    37  07B5  0E20               	swapf	?a_lcd_write,w
    38  07B6  390F               	andlw	15
    39  07B7  0088               	movwf	8	;volatile
    40                           ;lcd.c: 41: ((RA1 = 1),(RA1=0));
    41  07B8  1485               	bsf	5,1
    42  07B9  1085               	bcf	5,1
    43                           ;lcd.c: 42: PORTD = ( c & 0x0F );
    44  07BA  0820               	movf	?a_lcd_write,w
    45  07BB  390F               	andlw	15
    46  07BC  0088               	movwf	8	;volatile
    47                           ;lcd.c: 43: ((RA1 = 1),(RA1=0));
    48  07BD  1485               	bsf	5,1
    49  07BE  1085               	bcf	5,1
    50                           ;lcd.c: 44: }
    51  07BF  0008               	return	;W free
    52                           
    53                           	psect	text1
    54  079C                     _lcd_clear
    55                           ;lcd.c: 50: void
    56  079C  0183               	clrf	3	;select bank 0
    57  079D  1185               	bcf	5,3
    58                           ;lcd.c: 54: lcd_write(0x1);
    59  079E  3001               	movlw	1
    60  079F  27AF               	call	_lcd_write
    61                           ;lcd.c: 55: DelayMs(2);
    62  07A0  3002               	movlw	2
    63  07A1  2FA2               	goto	_DelayMs
    64                           
    65                           	psect	text2
    66  07C0                     _lcd_puts
    67                           ;lcd.c: 60: void
    68  07C0  0183               	clrf	3	;select bank 0
    69  07C1  1585               	bsf	5,3
    70                           ;lcd.c: 64: while(*s)
    71  07C2  2FCB               	goto	l7
    72  07C3                     l8
    73                           ;lcd.c: 65: lcd_write(*s++);
    74  07C3  0821               	movf	?_lcd_puts+1,w
    75  07C4  00A4               	movwf	code_ptr+1
    76  07C5  0820               	movf	?_lcd_puts,w
    77  07C6  0AA0               	incf	?_lcd_puts
    78  07C7  1903               	btfsc	3,2
    79  07C8  0AA1               	incf	?_lcd_puts+1
    80  07C9  2004               	call	string_table
    81  07CA  27AF               	call	_lcd_write
    82  07CB                     l7
    83  07CB  0821               	movf	?_lcd_puts+1,w
    84  07CC  00A4               	movwf	code_ptr+1
    85  07CD  0820               	movf	?_lcd_puts,w
    86  07CE  2004               	call	string_table
    87  07CF  3800               	iorlw	0
    88  07D0  1903               	btfsc	3,2
    89  07D1  0008               	return
    90  07D2  2FC3               	goto	l8
    91                           
    92                           	psect	text3
    93  0793                     _lcd_putch
    94                           ;	_c assigned to ?a_lcd_putch+0
    95  0000                     _lcd_putch$c	set	?a_lcd_putch
    96                           ;_c stored from w
    97  0793  0183               	clrf	3	;select bank 0
    98  0794  00A0               	movwf	?a_lcd_putch
    99                           ;lcd.c: 70: void
   100  0795  1585               	bsf	5,3
   101                           ;lcd.c: 74: lcd_write( c );
   102  0796  2FAF               	goto	_lcd_write
   103                           
   104                           	psect	text4
   105  0797                     _lcd_goto
   106                           ;	_pos assigned to ?a_lcd_goto+0
   107  0000                     _lcd_goto$pos	set	?a_lcd_goto
   108                           ;_pos stored from w
   109  0797  0183               	clrf	3	;select bank 0
   110  0798  00A0               	movwf	?a_lcd_goto
   111                           ;lcd.c: 82: void
   112  0799  1185               	bcf	5,3
   113                           ;lcd.c: 86: lcd_write(0x80+pos);
   114  079A  3E80               	addlw	-128
   115  079B  2FAF               	goto	_lcd_write
   116                           
   117                           	psect	text5
   118  07D3                     _lcd_init
   119                           ;	_init_value assigned to ?a_lcd_init+0
   120  0000                     _lcd_init$init_value	set	?a_lcd_init
   121                           ;	__dcnt assigned to ?a_lcd_init+1
   122  0000                     _lcd_init$_dcnt	set	?a_lcd_init+1
   123                           ;	__dcnt assigned to ?a_lcd_init+1
   124  0000                     _lcd_init$_dcnt	set	?a_lcd_init+1
   125                           ;lcd.c: 90: void
   126  07D3  3006               	movlw	6
   127  07D4  1683               	bsf	3,5
   128  07D5  1303               	bcf	3,6	;carry unused
   129  07D6  009F               	movwf	31	;volatile
   130                           ;lcd.c: 97: init_value = 0x3;
   131  07D7  3003               	movlw	3
   132  07D8  1283               	bcf	3,5
   133  07D9  00A0               	movwf	?a_lcd_init
   134                           ;lcd.c: 98: TRISA=0;
   135  07DA  1683               	bsf	3,5
   136  07DB  0185               	clrf	5	;volatile
   137                           ;lcd.c: 99: TRISD=0;
   138  07DC  0188               	clrf	8	;volatile
   139                           ;lcd.c: 100: RA3 = 0;
   140  07DD  1283               	bcf	3,5
   141  07DE  1185               	bcf	5,3
   142                           ;lcd.c: 101: RA1 = 0;
   143  07DF  1085               	bcf	5,1
   144                           ;lcd.c: 102: RA2 = 0;
   145  07E0  1105               	bcf	5,2
   146                           ;lcd.c: 104: DelayMs(15);
   147  07E1  300F               	movlw	15
   148  07E2  27A2               	call	_DelayMs
   149                           ;lcd.c: 105: PORTD = init_value;
   150  07E3  3003               	movlw	3
   151  07E4  0088               	movwf	8	;volatile
   152                           ;lcd.c: 106: ((RA1 = 1),(RA1=0));
   153  07E5  1485               	bsf	5,1
   154  07E6  1085               	bcf	5,1
   155                           ;lcd.c: 107: DelayMs(5);
   156  07E7  3005               	movlw	5
   157  07E8  27A2               	call	_DelayMs
   158                           ;lcd.c: 108: ((RA1 = 1),(RA1=0));
   159  07E9  1485               	bsf	5,1
   160  07EA  1085               	bcf	5,1
   161                           ;lcd.c: 109: { unsigned char _dcnt; _dcnt = (20
      +                          0)/((12*1000L)/(4*1000L))|1; while(--_dcnt != 0
      +                          ) continue; };
   162  07EB  3043               	movlw	67
   163  07EC  00A1               	movwf	?a_lcd_init+1
   164  07ED                     l13
   165  07ED  0BA1               	decfsz	?a_lcd_init+1
   166  07EE  2FED               	goto	l13
   167                           ;lcd.c: 110: ((RA1 = 1),(RA1=0));
   168  07EF  1485               	bsf	5,1
   169  07F0  1085               	bcf	5,1
   170                           ;lcd.c: 111: { unsigned char _dcnt; _dcnt = (20
      +                          0)/((12*1000L)/(4*1000L))|1; while(--_dcnt != 0
      +                          ) continue; };
   171  07F1  3043               	movlw	67
   172  07F2  00A1               	movwf	?a_lcd_init+1
   173  07F3                     l17
   174  07F3  0BA1               	decfsz	?a_lcd_init+1
   175  07F4  2FF3               	goto	l17
   176                           ;lcd.c: 112: PORTD = 2;
   177  07F5  3002               	movlw	2
   178  07F6  0088               	movwf	8	;volatile
   179                           ;lcd.c: 113: ((RA1 = 1),(RA1=0));
   180  07F7  1485               	bsf	5,1
   181  07F8  1085               	bcf	5,1
   182                           ;lcd.c: 115: lcd_write(0x28);
   183  07F9  3028               	movlw	40
   184  07FA  27AF               	call	_lcd_write
   185                           ;lcd.c: 116: lcd_write(0xF);
   186  07FB  300F               	movlw	15
   187  07FC  27AF               	call	_lcd_write
   188                           ;lcd.c: 117: lcd_clear();
   189  07FD  279C               	call	_lcd_clear
   190                           ;lcd.c: 118: lcd_write(0x6);
   191  07FE  3006               	movlw	6
   192  07FF  2FAF               	goto	_lcd_write
   193                           
   194                           	psect	text6
   195  0000                     
   196  0000                     
   197  0000                     
   198  0000                     
   199  0000                     
   200  0000                     
   201  0000                     
   202  0000                     
   203  0000                     
   204  0000                     
   205  0000                     
   206  0000                     
   207  0000                     
   208  0000                     
   209  0000                     
   210  0000                     
   211  0000                     
   212  0000                     
   213  0000                     
   214  0000                     
   215  0000                     
   216  0000                     
   217  0000                     
   218  0000                     
   219  0000                     
   220  0000                     
   221  0000                     
   222  0000                     
   223  0000                     
   224  0000                     
   225  0000                     
   226  0000                     
   227  0000                     
   228  0000                     
   229  0000                     
   230  0000                     
   231  0000                     
   232  0000                     
   233  0000                     
   234  0000                     
   235  0000                     
   236  0000                     
   237  0000                     
   238  0000                     
   239  0000                     
   240  0000                     
   241  0000                     
   242  0000                     
   243  0000                     
   244  0000                     
   245  0000                     
   246  0000                     
   247  0000                     
   248  0000                     
   249  0000                     
   250  0000                     
   251  0000                     
   252  0000                     
   253  0000                     
   254  0000                     
   255  0000                     
   256  0000                     
   257  0000                     
   258  0000                     
   259  0000                     
   260  0000                     
   261  0000                     
   262  0000                     
   263  0000                     
   264  0000                     
   265  0000                     
   266  0000                     
   267  0000                     
   268  0000                     
   269  0000                     
   270  0000                     
   271  0000                     
   272  0000                     
   273  0000                     
   274  0000                     
   275  0000                     
   276  0000                     
   277  0000                     
   278  0000                     
   279  0000                     
   280  0000                     
   281  0000                     
   282  0000                     
   283  0000                     
   284  0000                     
   285  0000                     
   286  0000                     
   287  0000                     
   288  0000                     
   289  0000                     
   290  0000                     
   291  0000                     
   292  0000                     
   293  0000                     
   294  0000                     
   295  0000                     
   296  0000                     
   297  0000                     
   298  0000                     
   299  0000                     
   300  0000                     
   301  0000                     
   302  0000                     
   303  0000                     
   304  0000                     
   305  0000                     
   306  0000                     
   307  0000                     
   308  0000                     
   309  0000                     
   310  0000                     
   311  0000                     
   312  0000                     
   313  0000                     
   314  0000                     
   315  0000                     
   316  0000                     
   317  0000                     
   318  0000                     
   319  0000                     
   320  0000                     
   321  0000                     
   322  0000                     
   323  0000                     
   324  0000                     
   325  0000                     
   326  0000                     
   327  0000                     
   328  0000                     
   329  0000                     
   330  0000                     
   331  0000                     
   332  0000                     
   333  0000                     
   334  0000                     
   335  0000                     
   336  0000                     
   337  0000                     
   338  0000                     
   339  0000                     
   340  0000                     
   341  0000                     
   342  0000                     
   343  0000                     
   344  0000                     
   345  0000                     
   346  0000                     
   347  0000                     
   348  0000                     
   349  0000                     
   350  0000                     
   351  0000                     
   352  0000                     
   353  0000                     
   354  0000                     
   355  0000                     
   356  0000                     
   357  0000                     
   358  0000                     
   359  0000                     
   360  0000                     
   361  0000                     
   362  0000                     
   363  0000                     
   364  0000                     
   365  0000                     
   366  0000                     
   367  0000                     
   368  0000                     
   369  0000                     
   370  0000                     
   371  0000                     
   372  0000                     
   373  0000                     
   374  0000                     
   375  0000                     
   376  0000                     
   377  0000                     
   378  0000                     
   379  0000                     
   380  0000                     
   381  0000                     
   382  0000                     
   383  0000                     
   384  0000                     
   385  0000                     
   386  0000                     
   387  0000                     
   388  0000                     
   389  0000                     
   390  0000                     
   391  0000                     
   392  0000                     
   393  0000                     
   394  0000                     
   395  0000                     
   396  0000                     
   397  0000                     
   398  0000                     
   399  0000                     
   400  0000                     
   401  0000                     
   402  0000                     
   403  0000                     
   404  0000                     
   405  0000                     
   406  0000                     
   407  0000                     
   408  0000                     
   409  0000                     
   410  0000                     
   411  0000                     
   412  0000                     
   413  0000                     
   414  0000                     
   415  0000                     
   416  0000                     
   417  0000                     
   418  0000                     
   419  0000                     
   420  0000                     
   421  0000                     
   422  0000                     
   423  0000                     
   424  0000                     
   425  0000                     
   426  0000                     
   427  0000                     
   428  0000                     
   429  0000                     
   430  0000                     
   431  0000                     
   432  0000                     
   433  0000                     
   434  0000                     
   435  0000                     
   436  0000                     
   437  0000                     
   438  0000                     
   439  0000                     
   440  0000                     
   441  0000                     
   442  0000                     
   443  0000                     
   444  0000                     
   445  0000                     
   446  0000                     
   447  0000                     
   448  0000                     
   449  0000                     
   450  0000                     
   451  0000                     
   452  0000                     
   453  0000                     
   454  0000                     
   455  0000                     
   456  0000                     
   457  0000                     
   458  0000                     
   459  0000                     
   460  0000                     
   461  0000                     
   462  0000                     
   463  0000                     
   464  0000                     
   465  0000                     
   466  0000                     
   467  0000                     
   468  0000                     
   469  0000                     
   470  0000                     


HI-TECH Software PICC Macro Assembler V9.50PL2
Symbol Table                                          Sat Feb 21 12:05:18 2015

        ?a_lcd_putch 0020          ?a_lcd_write 0020  
                  l2 07B3                    l7 07CB  
                  l8 07C3                   l13 07ED  
                 l17 07F3             _lcd_init 07D3  
           _lcd_goto 0797             _lcd_puts 07C0  
          _lcd_clear 079C            _lcd_putch 0793  
          _lcd_write 07AF              _DelayMs 07A2  
          ?_lcd_puts 0020           ?a_lcd_init 0020  
         ?a_lcd_goto 0020              code_ptr 0023  
        string_table 0004                status 0003  
       used_code_ptr 0001  
