;  LST file generated by mikroListExporter - v.2.0 
; Date/Time: 3/14/2015 5:43:19 PM
;----------------------------------------------

;Address Opcode 	ASM
0x0000	0x2816      	GOTO       22
_____DoICP:
;__Lib_System.c,6 :: 		
;__Lib_System.c,9 :: 		
0x0003	0x1283      	BCF        STATUS, 5
0x0004	0x1303      	BCF        STATUS, 6
0x0005	0x0821      	MOVF       ___DoICPAddr+1, 0
0x0006	0x008A      	MOVWF      PCLATH
;__Lib_System.c,10 :: 		
0x0007	0x0820      	MOVF       ___DoICPAddr, 0
0x0008	0x0082      	MOVWF      PCL
;__Lib_System.c,12 :: 		
L_end_____DoICP:
0x0009	0x0008      	RETURN
; end of _____DoICP
___CC2DW:
;__Lib_System.c,134 :: 		
;__Lib_System.c,137 :: 		
_CC2D_Loop1:
;__Lib_System.c,139 :: 		
0x000A	0x2003      	CALL       _____DoICP
0x000B	0x118A      	BCF        PCLATH, 3
0x000C	0x120A      	BCF        PCLATH, 4
;__Lib_System.c,141 :: 		
0x000D	0x0080      	MOVWF      INDF
;__Lib_System.c,142 :: 		
0x000E	0x0A84      	INCF       FSR, 1
;__Lib_System.c,143 :: 		
0x000F	0x0AA0      	INCF       ___DoICPAddr, 1
;__Lib_System.c,145 :: 		
0x0010	0x1903      	BTFSC      STATUS, 2
;__Lib_System.c,146 :: 		
0x0011	0x0AA1      	INCF       ___DoICPAddr+1, 1
;__Lib_System.c,147 :: 		
0x0012	0x03F0      	DECF       R0, 1
;__Lib_System.c,149 :: 		
0x0013	0x1D03      	BTFSS      STATUS, 2
;__Lib_System.c,150 :: 		
0x0014	0x280A      	GOTO       _CC2D_Loop1
;__Lib_System.c,152 :: 		
L_end___CC2DW:
0x0015	0x0008      	RETURN
; end of ___CC2DW
_main:
;ir_module_use _led_on_and_off.c,4 :: 		void main()
;ir_module_use _led_on_and_off.c,11 :: 		TRISD = 0xFF; // PORTD as input
0x0016	0x30FF      	MOVLW      255
0x0017	0x1683      	BSF        STATUS, 5
0x0018	0x1303      	BCF        STATUS, 6
0x0019	0x0088      	MOVWF      TRISD
;ir_module_use _led_on_and_off.c,12 :: 		TRISC = 0x00; // PORTC as output
0x001A	0x0187      	CLRF       TRISC
;ir_module_use _led_on_and_off.c,22 :: 		RC0_bit=1;
0x001B	0x1283      	BCF        STATUS, 5
0x001C	0x1407      	BSF        RC0_bit, 0
;ir_module_use _led_on_and_off.c,23 :: 		RC1_bit=0;
0x001D	0x1087      	BCF        RC1_bit, 1
;ir_module_use _led_on_and_off.c,24 :: 		RC2_bit=0;
0x001E	0x1107      	BCF        RC2_bit, 2
;ir_module_use _led_on_and_off.c,25 :: 		RC3_bit=0;
0x001F	0x1187      	BCF        RC3_bit, 3
;ir_module_use _led_on_and_off.c,26 :: 		RC4_bit=0;
0x0020	0x1207      	BCF        RC4_bit, 4
;ir_module_use _led_on_and_off.c,28 :: 		while (1)        // endless loop
L_main0:
;ir_module_use _led_on_and_off.c,30 :: 		if (RD0_bit == 1)   // if button on RD0 pressed
0x0021	0x1C08      	BTFSS      RD0_bit, 0
0x0022	0x2826      	GOTO       L_main2
;ir_module_use _led_on_and_off.c,32 :: 		RC1_bit=1;
0x0023	0x1487      	BSF        RC1_bit, 1
;ir_module_use _led_on_and_off.c,33 :: 		RC0_bit=0;
0x0024	0x1007      	BCF        RC0_bit, 0
;ir_module_use _led_on_and_off.c,34 :: 		}
0x0025	0x2839      	GOTO       L_main3
L_main2:
;ir_module_use _led_on_and_off.c,35 :: 		else if (RD1_bit == 1)               // button on RD1 pressed
0x0026	0x1C88      	BTFSS      RD1_bit, 1
0x0027	0x282B      	GOTO       L_main4
;ir_module_use _led_on_and_off.c,37 :: 		RC2_bit=1;
0x0028	0x1507      	BSF        RC2_bit, 2
;ir_module_use _led_on_and_off.c,38 :: 		RC1_bit=0;
0x0029	0x1087      	BCF        RC1_bit, 1
;ir_module_use _led_on_and_off.c,39 :: 		}
0x002A	0x2839      	GOTO       L_main5
L_main4:
;ir_module_use _led_on_and_off.c,40 :: 		else if (RD2_bit == 1)               // button on RD1 pressed
0x002B	0x1D08      	BTFSS      RD2_bit, 2
0x002C	0x2830      	GOTO       L_main6
;ir_module_use _led_on_and_off.c,42 :: 		RC3_bit=1;
0x002D	0x1587      	BSF        RC3_bit, 3
;ir_module_use _led_on_and_off.c,43 :: 		RC2_bit=0;
0x002E	0x1107      	BCF        RC2_bit, 2
;ir_module_use _led_on_and_off.c,44 :: 		}
0x002F	0x2839      	GOTO       L_main7
L_main6:
;ir_module_use _led_on_and_off.c,45 :: 		else if (RD3_bit == 1)               // button on RD1 pressed
0x0030	0x1D88      	BTFSS      RD3_bit, 3
0x0031	0x2835      	GOTO       L_main8
;ir_module_use _led_on_and_off.c,47 :: 		RC4_bit=1;
0x0032	0x1607      	BSF        RC4_bit, 4
;ir_module_use _led_on_and_off.c,48 :: 		RC3_bit=0;
0x0033	0x1187      	BCF        RC3_bit, 3
;ir_module_use _led_on_and_off.c,49 :: 		}
0x0034	0x2839      	GOTO       L_main9
L_main8:
;ir_module_use _led_on_and_off.c,50 :: 		else if (RD4_bit == 1)               // button on RD1 pressed
0x0035	0x1E08      	BTFSS      RD4_bit, 4
0x0036	0x2839      	GOTO       L_main10
;ir_module_use _led_on_and_off.c,52 :: 		RC4_bit=0;
0x0037	0x1207      	BCF        RC4_bit, 4
;ir_module_use _led_on_and_off.c,53 :: 		RC0_bit=1;
0x0038	0x1407      	BSF        RC0_bit, 0
;ir_module_use _led_on_and_off.c,54 :: 		}
L_main10:
L_main9:
L_main7:
L_main5:
L_main3:
;ir_module_use _led_on_and_off.c,55 :: 		Delay_ms(5);      // slow down change pace a little
0x0039	0x3007      	MOVLW      7
0x003A	0x00FC      	MOVWF      R12
0x003B	0x307D      	MOVLW      125
0x003C	0x00FD      	MOVWF      R13
L_main11:
0x003D	0x0BFD      	DECFSZ     R13, 1
0x003E	0x283D      	GOTO       L_main11
0x003F	0x0BFC      	DECFSZ     R12, 1
0x0040	0x283D      	GOTO       L_main11
;ir_module_use _led_on_and_off.c,56 :: 		}
0x0041	0x2821      	GOTO       L_main0
;ir_module_use _led_on_and_off.c,57 :: 		}
L_end_main:
0x0042	0x2842      	GOTO       $+0
; end of _main
Symbol List:
//** Routines locations **
//ADDRESS    SIZE    PROCEDURE
//----------------------------------------------
0x0003       [7]    _____DoICP
0x000A      [12]    ___CC2DW
0x0016      [45]    _main
//** Variables locations ** 
//ADDRESS    SIZE    VARIABLE
//----------------------------------------------
0x0000       [1]    INDF
0x0002       [1]    PCL
0x0003       [1]    STATUS
0x0004       [1]    FSR
0x0007       [0]    RC1_bit
0x0007       [0]    RC2_bit
0x0007       [0]    RC0_bit
0x0007       [0]    RC3_bit
0x0007       [0]    RC4_bit
0x0008       [0]    RD2_bit
0x0008       [0]    RD3_bit
0x0008       [0]    RD0_bit
0x0008       [0]    RD1_bit
0x0008       [0]    RD4_bit
0x000A       [1]    PCLATH
0x0020       [2]    ___DoICPAddr
0x0070       [1]    R0
0x0071       [1]    R1
0x0072       [1]    R2
0x0073       [1]    R3
0x0074       [1]    R4
0x0075       [1]    R5
0x0076       [1]    R6
0x0077       [1]    R7
0x0078       [1]    R8
0x0079       [1]    R9
0x007A       [1]    R10
0x007B       [1]    R11
0x007C       [1]    R12
0x007D       [1]    R13
0x007E       [1]    R14
0x007F       [1]    R15
0x0087       [1]    TRISC
0x0088       [1]    TRISD
//** Label List: ** 
//----------------------------------------------
  L_main0
  L_main1
  L_main2
  L_main3
  L_main4
  L_main5
  L_main6
  L_main7
  L_main8
  L_main9
  L_main10
  L_main11
  L_end_main
  _main
  L_loopCA2AWs
  L_CA2AWend
  _CCA2AW_Loop1
  L_loopCS2Ss
  L_CS2Send
  _CCS2S_Loop1
  L_CCS2Send
  L_loopFZinSWs
  L_FZinSend
  _CC2D_Loop1
  L_end_____DoICP
  _____DoICP
  L_end_____DoIFC
  _____DoIFC
  L_end___CA2AW
  ___CA2AW
  L_end___CCA2AW
  ___CCA2AW
  L_end___CS2S
  ___CS2S
  L_end___CCS2S
  ___CCS2S
  L_end___FZinS
  ___FZinS
  L_end___CC2DW
  ___CC2DW
  L_end_Swap
  _Swap
