C51 COMPILER V9.52.0.0   AC                                                                10/29/2014 15:46:39 PAGE 1   


C51 COMPILER V9.52.0.0, COMPILATION OF MODULE AC
OBJECT MODULE PLACED IN ac.OBJ
COMPILER INVOKED BY: G:\Program Files\Keil\C51\BIN\C51.EXE ac.c BROWSE DEBUG OBJECTEXTEND TABS(2)

line level    source

   1          #include<reg52.h> 
   2          #include<lcd.h>
   3          //LCD Module Connections
   4          sbit RS = P0^0;                                                                   
   5          sbit EN = P0^1;                            
   6          sbit D0 = P2^0;
   7          sbit D1 = P2^1;
   8          sbit D2 = P2^2;
   9          sbit D3 = P2^3;
  10          sbit D4 = P2^4;
  11          sbit D5 = P2^5;
  12          sbit D6 = P2^6;
  13          sbit D7 = P2^7;
  14          
  15          //INPUT PIN
  16          sbit INPUT1 = P1^0;
  17          sbit INPUT2 = P1^1;
  18          sbit INPUT3 = P1^2;
  19          sbit INPUT4 = P1^3;
  20          
  21          //OUTPUT PIN
  22          sbit OUTPUT1 = P3^3;
  23          sbit OUTPUT2 = P3^4;
  24          sbit OUTPUT3 = P3^5;
  25          sbit OUTPUT4 = P3^6;
  26          sbit OUTPUT5 = P3^7;
  27          
  28          int s1 =1;
  29          int s2 =1;
  30          int s3 =1;
  31          int s4 =1;
  32          
  33           void Delay(int a)
  34             {
  35   1          int j;
  36   1          int i;
  37   1          for(i=0;i<a;i++)
  38   1          {
  39   2              for(j=0;j<100;j++)
  40   2              {
  41   3              }
  42   2          }
  43   1        }
  44             
  45          
  46           void main()
  47          {
  48   1          int i;
  49   1          P1 = 0xFF; //Por1 used as a Input Port
  50   1          Delay(10);
  51   1          P3 = 0x00;  //Por1 used as a Output Port
  52   1          Delay(10);
  53   1          Lcd8_init();
*** WARNING C206 IN LINE 53 OF ac.c: 'Lcd8_init': missing function-prototype
  54   1          Lcd8_Set_Cursor(1,1);
C51 COMPILER V9.52.0.0   AC                                                                10/29/2014 15:46:39 PAGE 2   

  55   1          Lcd8_Write_String("DTMF Based");
  56   1          Delay(1000);
  57   1          Lcd8_Set_Cursor(2,1);
  58   1          Lcd8_Write_String("Appliance Cntrl");
  59   1          Delay(500);
  60   1          
  61   1          while(1)
  62   1        {
  63   2          if(INPUT1==0 && INPUT2==1 && INPUT3==1 && INPUT4==1)  // 1 - on
  64   2          {
  65   3      
  66   3             OUTPUT4 = 1;
  67   3             Delay(100);
  68   3             OUTPUT1 = 0;
  69   3             OUTPUT2 = 0;
  70   3             OUTPUT3 = 0;
  71   3             OUTPUT5 = 0;
  72   3             Delay(100);
  73   3             Lcd8_Clear();  
  74   3             Lcd8_Set_Cursor(1,1);
  75   3             Lcd8_Write_String("Appliance Bulb"); 
  76   3             Delay(100);
  77   3             Lcd8_Set_Cursor(2,1);
  78   3             Lcd8_Write_String("ON");
  79   3             s1=0;
  80   3      
  81   3          }
  82   2          else if(INPUT1==1 && INPUT2==0 && INPUT3==1 && INPUT4==1) // 2 - off
  83   2          {
  84   3            
  85   3             OUTPUT4 = 0;
  86   3             Delay(100);
  87   3             OUTPUT1 = 0;
  88   3             OUTPUT2 = 0;
  89   3             OUTPUT3 = 0;
  90   3             OUTPUT5 = 0;
  91   3             Delay(100);
  92   3             Lcd8_Clear();  
  93   3             Lcd8_Set_Cursor(1,1);
  94   3             Lcd8_Write_String("Appliance Bulb"); 
  95   3             Delay(100);
  96   3             Lcd8_Set_Cursor(2,1);
  97   3             Lcd8_Write_String("OFF");
  98   3             Delay(100);
  99   3              s1=1;
 100   3            }
 101   2             Delay(500);
 102   2          }
 103   1        }
*** WARNING C280 IN LINE 48 OF ac.c: 'i': unreferenced local variable
 104          
 105              
 106           /* while(1)
 107            {                                   
 108              Lcd8_Set_Cursor(1,1);
 109              Lcd8_Write_String("DTMF Based");
 110              Delay(1000);
 111              Lcd8_Set_Cursor(2,1);
 112              Lcd8_Write_String("Appliance Cntrl");
 113              Delay(1000);
 114              if(INPUT1==0 && INPUT2==1 && INPUT3==1 && INPUT4==1)
 115              {
C51 COMPILER V9.52.0.0   AC                                                                10/29/2014 15:46:39 PAGE 3   

 116                 OUTPUT4 = 1;
 117                  Delay(100);
 118                 OUTPUT1 = 0;
 119                 OUTPUT2 = 0;
 120                 OUTPUT3 = 0;
 121                 OUTPUT5 = 0;
 122                 Delay(2000);
 123                 Lcd8_Clear();  
 124                 Lcd8_Set_Cursor(1,1);
 125                 Lcd8_Write_String("Appliance Bulb"); 
 126                 Delay(1000);
 127                 Lcd8_Set_Cursor(2,1);
 128                 Lcd8_Write_String("ON");
 129                 Delay(1000);
 130                 
 131          
 132                } 
 133                if(INPUT1 == 0 && INPUT2==0 && INPUT3==1 && INPUT4==1 )
 134                {
 135                     pwm_width--;
 136                   //pwm_width++;
 137                  if(pwm_width >= 30)
 138                  pwm_width=0;
 139                    OUTPUT4 = 0;
 140                   // OUTPUT1 = 0;
 141                    OUTPUT2 = 0;
 142                    OUTPUT3 = 0;
 143                    OUTPUT5 = 0;
 144                    Delay(2000);
 145                }
 146              else if(INPUT1==0 && INPUT2==0 && INPUT3==1 && INPUT4==1)
 147                {
 148                  OUTPUT4 = 1;
 149                  Delay(100);
 150                  OUTPUT3 = 0;
 151                  OUTPUT1 = 0;
 152                  OUTPUT2 = 0;
 153                  OUTPUT5 =0;
 154                   Delay(100);
 155                 Lcd8_Clear();  
 156                 Lcd8_Set_Cursor(1,1);
 157                 Lcd8_Write_String("Appliance Two"); 
 158                 Delay(1000);
 159                 Lcd8_Set_Cursor(2,1);
 160                 Lcd8_Write_String("ON");
 161                 Delay(1000);
 162                 
 163                }
 164                else if(INPUT3==0 && INPUT1==1 && INPUT2==1 && INPUT4==1)
 165                {
 166                 OUTPUT5 = 1;
 167                 Delay(100);
 168                 OUTPUT3 =0;
 169                 OUTPUT1 = 0;
 170                 OUTPUT2 = 0;
 171                 OUTPUT4 = 0;
 172                 Delay(100);
 173                 Lcd8_Clear();  
 174                 Lcd8_Set_Cursor(1,1);
 175                 Lcd8_Write_String("Appliance Three"); 
 176                 Delay(1000);
 177                 Lcd8_Set_Cursor(2,1);
C51 COMPILER V9.52.0.0   AC                                                                10/29/2014 15:46:39 PAGE 4   

 178                 Lcd8_Write_String("ON");
 179                 Delay(1000);
 180                
 181                }
 182                 else if(INPUT2==0 && INPUT3==0 && INPUT1==1 && INPUT4==1)
 183                {
 184                 OUTPUT1= 0;
 185                 Delay(1000);
 186                 OUTPUT2 = 1;
 187                 Delay(10);
 188                 OUTPUT3 = 0;
 189                 OUTPUT4 = 0;
 190                 OUTPUT5 = 0;
 191                 Delay(100);
 192                 Lcd8_Clear();  
 193                 Lcd8_Set_Cursor(1,1);
 194                 Lcd8_Write_String("Motor On"); 
 195                 Delay(1000);
 196                 Lcd8_Set_Cursor(2,1);
 197                 Lcd8_Write_String("Left");
 198                 Delay(1000);
 199                }
 200                
 201                else if(INPUT1==0 && INPUT3==0 && INPUT2==1 && INPUT4==1)  // for motor
 202                {
 203                  pwm_setup();
 204                   pwm_width--;
 205                  if(pwm_width <= 0)
 206                  pwm_width=255;
 207                 Delay(100);
 208                 OUTPUT2 = 0;
 209                  Delay(10);
 210                  OUTPUT3 =0;
 211                  Delay(10);
 212                  OUTPUT5 = 0;
 213                  OUTPUT4 = 0;
 214                 Delay(100);
 215                 Lcd8_Clear();  
 216                 Lcd8_Set_Cursor(1,1);
 217                 Lcd8_Write_String("Motor On"); 
 218                 Delay(1000);
 219                 Lcd8_Set_Cursor(2,1);
 220                 Lcd8_Write_String("Right");
 221                 Delay(1000);
 222                }
 223              }
 224                
 225            }*/
*** WARNING C290 IN LINE 84 OF ac.c: missing return value
*** WARNING C290 IN LINE 176 OF ac.c: missing return value


MODULE INFORMATION:   STATIC OVERLAYABLE
   CODE SIZE        =    808    ----
   CONSTANT SIZE    =     49    ----
   XDATA SIZE       =   ----    ----
   PDATA SIZE       =   ----    ----
   DATA SIZE        =      8      17
   IDATA SIZE       =   ----    ----
   BIT SIZE         =   ----    ----
END OF MODULE INFORMATION.


C51 COMPILATION COMPLETE.  4 WARNING(S),  0 ERROR(S)
