C51 COMPILER V9.52.0.0   2_WAY_SOUND_DIRECTION_INDICATOR                                   02/08/2015 14:12:14 PAGE 1   


C51 COMPILER V9.52.0.0, COMPILATION OF MODULE 2_WAY_SOUND_DIRECTION_INDICATOR
OBJECT MODULE PLACED IN 2 way sound direction indicator.OBJ
COMPILER INVOKED BY: D:\C51\BIN\C51.EXE 2 way sound direction indicator.c BROWSE DEBUG OBJECTEXTEND TABS(2)

line level    source

   1          #include<reg52.h> /* special function register declarations   */
   2                            /* for the intended 8051 derivative         */
   3          #include<stdio.h> /* prototype declarations for I/O functions */
   4          
   5          sbit LED1_pin = P2^0;     //Defining LED PIN
   6          sbit LED2_pin = P2^1;     //Defining LED PIN
   7          sbit mic1_pin = P0^0;  //Defining mic PIN
   8          sbit mic2_pin = P0^1;  //Defining mic PIN
   9          
  10          void Delay(int); //Function prototype declaration
  11          void main (void) 
  12          {
  13   1         mic1_pin = 0; // Making mic PIN input
  14   1         LED1_pin = 1;    //Making LED pin output
  15   1        mic2_pin = 0; // Making mic PIN input
  16   1         LED2_pin = 1;    //Making LED pin output
  17   1      
  18   1         while(1)     //infinite loop 
  19   1         {
  20   2            if(mic1_pin == 1) //If mic high
  21   2            {
  22   3         LED1_pin = 0; //LED ON
  23   3         Delay(1000); //Delay
  24   3         LED1_pin = 1; //LED OFF  
  25   3            }
  26   2              if(mic2_pin == 1) //If mic high
  27   2            {
  28   3         LED2_pin = 0; //LED ON
  29   3         Delay(1000); //Delay
  30   3         LED2_pin = 1; //LED OFF  
  31   3            }
  32   2         }
  33   1      }
  34          
  35          void Delay(int k)
  36          {
  37   1          int j;
  38   1          int i;
  39   1          for(i=0;i<k;i++)
  40   1          {
  41   2              for(j=0;j<100;j++)
  42   2              {
  43   3              }
  44   2          }
  45   1      }


MODULE INFORMATION:   STATIC OVERLAYABLE
   CODE SIZE        =     76    ----
   CONSTANT SIZE    =   ----    ----
   XDATA SIZE       =   ----    ----
   PDATA SIZE       =   ----    ----
   DATA SIZE        =   ----    ----
   IDATA SIZE       =   ----    ----
   BIT SIZE         =   ----    ----
C51 COMPILER V9.52.0.0   2_WAY_SOUND_DIRECTION_INDICATOR                                   02/08/2015 14:12:14 PAGE 2   

END OF MODULE INFORMATION.


C51 COMPILATION COMPLETE.  0 WARNING(S),  0 ERROR(S)
