;  LST file generated by mikroListExporter - v.2.0 
; Date/Time: 3/19/2015 1:42:07 PM
;----------------------------------------------

;Address Opcode 	ASM
0x0000	0x2862      	GOTO       98
_____DoICP:
;__Lib_System.c,6 :: 		
;__Lib_System.c,9 :: 		
0x0003	0x1283      	BCF        STATUS, 5
0x0004	0x1303      	BCF        STATUS, 6
0x0005	0x0821      	MOVF       ___DoICPAddr+1, 0
0x0006	0x008A      	MOVWF      PCLATH
;__Lib_System.c,10 :: 		
0x0007	0x0820      	MOVF       ___DoICPAddr, 0
0x0008	0x0082      	MOVWF      PCL
;__Lib_System.c,12 :: 		
L_end_____DoICP:
0x0009	0x0008      	RETURN
; end of _____DoICP
_Mask_7seg:
;seven_segment_display.c,5 :: 		unsigned short Mask_7seg(unsigned short num) {
;seven_segment_display.c,6 :: 		switch (num) {
0x000A	0x282B      	GOTO       L_Mask_7seg0
;seven_segment_display.c,7 :: 		case 0: return 0x3F;
L_Mask_7seg2:
0x000B	0x303F      	MOVLW      63
0x000C	0x1283      	BCF        STATUS, 5
0x000D	0x1303      	BCF        STATUS, 6
0x000E	0x00F0      	MOVWF      R0
0x000F	0x2855      	GOTO       L_end_Mask_7seg
;seven_segment_display.c,8 :: 		case 1: return 0x06;
L_Mask_7seg3:
0x0010	0x3006      	MOVLW      6
0x0011	0x00F0      	MOVWF      R0
0x0012	0x2855      	GOTO       L_end_Mask_7seg
;seven_segment_display.c,9 :: 		case 2: return 0x5B;
L_Mask_7seg4:
0x0013	0x305B      	MOVLW      91
0x0014	0x00F0      	MOVWF      R0
0x0015	0x2855      	GOTO       L_end_Mask_7seg
;seven_segment_display.c,10 :: 		case 3: return 0x4F;
L_Mask_7seg5:
0x0016	0x304F      	MOVLW      79
0x0017	0x00F0      	MOVWF      R0
0x0018	0x2855      	GOTO       L_end_Mask_7seg
;seven_segment_display.c,11 :: 		case 4: return 0x66;
L_Mask_7seg6:
0x0019	0x3066      	MOVLW      102
0x001A	0x00F0      	MOVWF      R0
0x001B	0x2855      	GOTO       L_end_Mask_7seg
;seven_segment_display.c,12 :: 		case 5: return 0x6D;
L_Mask_7seg7:
0x001C	0x306D      	MOVLW      109
0x001D	0x00F0      	MOVWF      R0
0x001E	0x2855      	GOTO       L_end_Mask_7seg
;seven_segment_display.c,13 :: 		case 6: return 0x7D;
L_Mask_7seg8:
0x001F	0x307D      	MOVLW      125
0x0020	0x00F0      	MOVWF      R0
0x0021	0x2855      	GOTO       L_end_Mask_7seg
;seven_segment_display.c,14 :: 		case 7: return 0x07;
L_Mask_7seg9:
0x0022	0x3007      	MOVLW      7
0x0023	0x00F0      	MOVWF      R0
0x0024	0x2855      	GOTO       L_end_Mask_7seg
;seven_segment_display.c,15 :: 		case 8: return 0x7F;
L_Mask_7seg10:
0x0025	0x307F      	MOVLW      127
0x0026	0x00F0      	MOVWF      R0
0x0027	0x2855      	GOTO       L_end_Mask_7seg
;seven_segment_display.c,16 :: 		case 9: return 0x6F;
L_Mask_7seg11:
0x0028	0x306F      	MOVLW      111
0x0029	0x00F0      	MOVWF      R0
0x002A	0x2855      	GOTO       L_end_Mask_7seg
;seven_segment_display.c,17 :: 		}
L_Mask_7seg0:
0x002B	0x1283      	BCF        STATUS, 5
0x002C	0x1303      	BCF        STATUS, 6
0x002D	0x0823      	MOVF       FARG_Mask_7seg_num, 0
0x002E	0x3A00      	XORLW      0
0x002F	0x1903      	BTFSC      STATUS, 2
0x0030	0x280B      	GOTO       L_Mask_7seg2
0x0031	0x0823      	MOVF       FARG_Mask_7seg_num, 0
0x0032	0x3A01      	XORLW      1
0x0033	0x1903      	BTFSC      STATUS, 2
0x0034	0x2810      	GOTO       L_Mask_7seg3
0x0035	0x0823      	MOVF       FARG_Mask_7seg_num, 0
0x0036	0x3A02      	XORLW      2
0x0037	0x1903      	BTFSC      STATUS, 2
0x0038	0x2813      	GOTO       L_Mask_7seg4
0x0039	0x0823      	MOVF       FARG_Mask_7seg_num, 0
0x003A	0x3A03      	XORLW      3
0x003B	0x1903      	BTFSC      STATUS, 2
0x003C	0x2816      	GOTO       L_Mask_7seg5
0x003D	0x0823      	MOVF       FARG_Mask_7seg_num, 0
0x003E	0x3A04      	XORLW      4
0x003F	0x1903      	BTFSC      STATUS, 2
0x0040	0x2819      	GOTO       L_Mask_7seg6
0x0041	0x0823      	MOVF       FARG_Mask_7seg_num, 0
0x0042	0x3A05      	XORLW      5
0x0043	0x1903      	BTFSC      STATUS, 2
0x0044	0x281C      	GOTO       L_Mask_7seg7
0x0045	0x0823      	MOVF       FARG_Mask_7seg_num, 0
0x0046	0x3A06      	XORLW      6
0x0047	0x1903      	BTFSC      STATUS, 2
0x0048	0x281F      	GOTO       L_Mask_7seg8
0x0049	0x0823      	MOVF       FARG_Mask_7seg_num, 0
0x004A	0x3A07      	XORLW      7
0x004B	0x1903      	BTFSC      STATUS, 2
0x004C	0x2822      	GOTO       L_Mask_7seg9
0x004D	0x0823      	MOVF       FARG_Mask_7seg_num, 0
0x004E	0x3A08      	XORLW      8
0x004F	0x1903      	BTFSC      STATUS, 2
0x0050	0x2825      	GOTO       L_Mask_7seg10
0x0051	0x0823      	MOVF       FARG_Mask_7seg_num, 0
0x0052	0x3A09      	XORLW      9
0x0053	0x1903      	BTFSC      STATUS, 2
0x0054	0x2828      	GOTO       L_Mask_7seg11
;seven_segment_display.c,18 :: 		}//~
L_end_Mask_7seg:
0x0055	0x0008      	RETURN
; end of _Mask_7seg
___CC2DW:
;__Lib_System.c,134 :: 		
;__Lib_System.c,137 :: 		
_CC2D_Loop1:
;__Lib_System.c,139 :: 		
0x0056	0x2003      	CALL       _____DoICP
0x0057	0x118A      	BCF        PCLATH, 3
0x0058	0x120A      	BCF        PCLATH, 4
;__Lib_System.c,141 :: 		
0x0059	0x0080      	MOVWF      INDF
;__Lib_System.c,142 :: 		
0x005A	0x0A84      	INCF       FSR, 1
;__Lib_System.c,143 :: 		
0x005B	0x0AA0      	INCF       ___DoICPAddr, 1
;__Lib_System.c,145 :: 		
0x005C	0x1903      	BTFSC      STATUS, 2
;__Lib_System.c,146 :: 		
0x005D	0x0AA1      	INCF       ___DoICPAddr+1, 1
;__Lib_System.c,147 :: 		
0x005E	0x03F0      	DECF       R0, 1
;__Lib_System.c,149 :: 		
0x005F	0x1D03      	BTFSS      STATUS, 2
;__Lib_System.c,150 :: 		
0x0060	0x2856      	GOTO       _CC2D_Loop1
;__Lib_System.c,152 :: 		
L_end___CC2DW:
0x0061	0x0008      	RETURN
; end of ___CC2DW
_main:
;seven_segment_display.c,20 :: 		void main() {
;seven_segment_display.c,21 :: 		INTCON = 0;  // Disable PEIE, INTE, RBIE, T0IE
0x0062	0x018B      	CLRF       INTCON
;seven_segment_display.c,22 :: 		TRISA  = 0;
0x0063	0x1683      	BSF        STATUS, 5
0x0064	0x1303      	BCF        STATUS, 6
0x0065	0x0185      	CLRF       TRISA
;seven_segment_display.c,23 :: 		TRISB  = 0;
0x0066	0x0186      	CLRF       TRISB
;seven_segment_display.c,24 :: 		PORTB  = 0;
0x0067	0x1283      	BCF        STATUS, 5
0x0068	0x0186      	CLRF       PORTB
;seven_segment_display.c,25 :: 		PORTA  = 2;
0x0069	0x3002      	MOVLW      2
0x006A	0x0085      	MOVWF      PORTA
;seven_segment_display.c,28 :: 		do {
L_main12:
;seven_segment_display.c,29 :: 		for (i = 0; i <= 9u; i++) {
0x006B	0x01A2      	CLRF       _i
L_main15:
0x006C	0x0822      	MOVF       _i, 0
0x006D	0x3C09      	SUBLW      9
0x006E	0x1C03      	BTFSS      STATUS, 0
0x006F	0x2887      	GOTO       L_main16
;seven_segment_display.c,30 :: 		PORTB = Mask_7seg(i);  // Display digit on 7seg display
0x0070	0x0822      	MOVF       _i, 0
0x0071	0x00A3      	MOVWF      FARG_Mask_7seg_num
0x0072	0x200A      	CALL       _Mask_7seg
0x0073	0x1283      	BCF        STATUS, 5
0x0074	0x1303      	BCF        STATUS, 6
0x0075	0x0870      	MOVF       R0, 0
0x0076	0x0086      	MOVWF      PORTB
;seven_segment_display.c,31 :: 		Delay_ms(1000);        // 1 second pause
0x0077	0x3006      	MOVLW      6
0x0078	0x00FB      	MOVWF      R11
0x0079	0x3013      	MOVLW      19
0x007A	0x00FC      	MOVWF      R12
0x007B	0x30AD      	MOVLW      173
0x007C	0x00FD      	MOVWF      R13
L_main18:
0x007D	0x0BFD      	DECFSZ     R13, 1
0x007E	0x287D      	GOTO       L_main18
0x007F	0x0BFC      	DECFSZ     R12, 1
0x0080	0x287D      	GOTO       L_main18
0x0081	0x0BFB      	DECFSZ     R11, 1
0x0082	0x287D      	GOTO       L_main18
0x0083	0x0000      	NOP
0x0084	0x0000      	NOP
;seven_segment_display.c,29 :: 		for (i = 0; i <= 9u; i++) {
0x0085	0x0AA2      	INCF       _i, 1
;seven_segment_display.c,32 :: 		}
0x0086	0x286C      	GOTO       L_main15
L_main16:
;seven_segment_display.c,33 :: 		} while (1);
0x0087	0x286B      	GOTO       L_main12
;seven_segment_display.c,34 :: 		}//~!
L_end_main:
0x0088	0x2888      	GOTO       $+0
; end of _main
Symbol List:
//** Routines locations **
//ADDRESS    SIZE    PROCEDURE
//----------------------------------------------
0x0003       [7]    _____DoICP
0x000A      [76]    _Mask_7seg
0x0056      [12]    ___CC2DW
0x0062      [39]    _main
//** Variables locations ** 
//ADDRESS    SIZE    VARIABLE
//----------------------------------------------
0x0000       [1]    INDF
0x0002       [1]    PCL
0x0003       [1]    STATUS
0x0004       [1]    FSR
0x0005       [1]    PORTA
0x0006       [1]    PORTB
0x000A       [1]    PCLATH
0x000B       [1]    INTCON
0x0020       [2]    ___DoICPAddr
0x0022       [1]    _i
0x0023       [1]    FARG_Mask_7seg_num
0x0070       [1]    R0
0x0071       [1]    R1
0x0072       [1]    R2
0x0073       [1]    R3
0x0074       [1]    R4
0x0075       [1]    R5
0x0076       [1]    R6
0x0077       [1]    R7
0x0078       [1]    R8
0x0079       [1]    R9
0x007A       [1]    R10
0x007B       [1]    R11
0x007C       [1]    R12
0x007D       [1]    R13
0x007E       [1]    R14
0x007F       [1]    R15
0x0085       [1]    TRISA
0x0086       [1]    TRISB
//** Label List: ** 
//----------------------------------------------
  L_Mask_7seg0
  L_Mask_7seg1
  L_Mask_7seg2
  L_Mask_7seg3
  L_Mask_7seg4
  L_Mask_7seg5
  L_Mask_7seg6
  L_Mask_7seg7
  L_Mask_7seg8
  L_Mask_7seg9
  L_Mask_7seg10
  L_Mask_7seg11
  L_main12
  L_main13
  L_main14
  L_main15
  L_main16
  L_main17
  L_main18
  L_end_Mask_7seg
  _Mask_7seg
  L_end_main
  _main
  L_loopCA2AWs
  L_CA2AWend
  _CCA2AW_Loop1
  L_loopCS2Ss
  L_CS2Send
  _CCS2S_Loop1
  L_CCS2Send
  L_loopFZinSWs
  L_FZinSend
  _CC2D_Loop1
  L_end_____DoICP
  _____DoICP
  L_end_____DoIFC
  _____DoIFC
  L_end___CA2AW
  ___CA2AW
  L_end___CCA2AW
  ___CCA2AW
  L_end___CS2S
  ___CS2S
  L_end___CCS2S
  ___CCS2S
  L_end___FZinS
  ___FZinS
  L_end___CC2DW
  ___CC2DW
  L_end_Swap
  _Swap
