C51 COMPILER V9.52.0.0   GSM_WITH_8051                                                     05/07/2015 11:29:55 PAGE 1   


C51 COMPILER V9.52.0.0, COMPILATION OF MODULE GSM_WITH_8051
OBJECT MODULE PLACED IN gsm_with_8051.OBJ
COMPILER INVOKED BY: C:\Keil\C51\BIN\C51.EXE gsm_with_8051.c BROWSE DEBUG OBJECTEXTEND TABS(2)

line level    source

   1          #include <REG51.H>         /* special function register declarations   */
   2          #include <stdio.h>         /* prototype declarations for I/O functions */
   3          #include<lcd.h>
   4          sbit sensor=P0^7;          /* Sensor connected to port 0 7th pin number */
   5          //LCD Module Connections
   6          sbit RS = P0^0;
   7          sbit EN = P0^1;                            
   8          sbit D0 = P2^0;
   9          sbit D1 = P2^1;
  10          sbit D2 = P2^2;
  11          sbit D3 = P2^3;
  12          sbit D4 = P2^4;
  13          sbit D5 = P2^5;
  14          sbit D6 = P2^6;
  15          sbit D7 = P2^7;
  16          //End LCD Module Connections
  17          
  18          void Delay(int a)
  19          {
  20   1          int j;
  21   1          int i;
  22   1          for(i=0;i<a;i++)
  23   1          {
  24   2              for(j=0;j<100;j++)
  25   2              {
  26   3              }
  27   2          }
  28   1      }
  29           
  30          void serial_init(void);
  31          unsigned int j;
  32          //Setup the serial port for 9600 baud at 11.0592MHz.
  33          //-------------------------------------------------
  34          void serial_init(void)
  35          {
  36   1         SCON = 0x50;                 /* SCON: mode 1, 8-bit UART, enable rcvr */
  37   1         TMOD |= 0x20;               /* TMOD: timer 1, mode 2, 8-bit reload */
  38   1         TH1   = 0xFD;              /* TH1: reload value for 9600 baud @ 11.0592MHz*/
  39   1         TR1   = 1;                /* TR1: timer 1 run*/
  40   1         TI   = 1;                /* TI:   set TI to send first char of UART*/
  41   1      }
  42           
  43           
  44          //Delay Routine start here
  45          void delay1(int n)
  46          {
  47   1         int i;
  48   1         for(i=0;i<n;i++);
  49   1      }
  50           
  51          void delay2(int n)
  52          {
  53   1         int i;
  54   1        for(i=0;i<n;i++)
  55   1        delay1(1000);
C51 COMPILER V9.52.0.0   GSM_WITH_8051                                                     05/07/2015 11:29:55 PAGE 2   

  56   1      }
  57           
  58          //-------------------------------------
  59          // Main program starts here
  60          //-------------------------------------
  61          void main(void)
  62          {
  63   1                  serial_init();                        //serial initialization
  64   1                  Lcd8_init();
*** WARNING C206 IN LINE 64 OF gsm_with_8051.c: 'Lcd8_init': missing function-prototype
  65   1                  P0=0x00;
  66   1                  while(1)
  67   1                  {
  68   2                  Lcd8_Set_Cursor(1,1);
  69   2                  Lcd8_Write_String("Welcome To GSM");
  70   2                  Lcd8_Set_Cursor(2,1);
  71   2                  Lcd8_Write_String(".Module Test.");
  72   2                  Delay(1000);
  73   2                  if(sensor==1)
  74   2                  { 
  75   3                  Lcd8_Clear(); 
  76   3                  Lcd8_Write_String("Message sending...");
  77   3                  Delay(1000);
  78   3                  printf("AT+CMGF=1%c",13);
  79   3                  delay2(20);                           
  80   3                  printf("AT+CMGS=\"7827855025\"%c",13);//Text Mode| hex value of 13 is 0x0D (CR ) 
  81   3                  delay2(20);                           //Type your mobile number Eg : "9884467058"
  82   3                  printf("This is Message From GSM Modem");      //Type text as u want         
  83   3                  delay2(20);                                 
  84   3                  printf("%c",0x1A);                    //line feed command 
  85   3                  delay2(20);
  86   3                  } 
  87   2                 else
  88   2        
  89   2                  {
  90   3                  Lcd8_Clear();
  91   3                  Lcd8_Set_Cursor(1,1);
  92   3                  Lcd8_Write_String("msg not sending");
  93   3                  Delay(1000);
  94   3                  Lcd8_Clear();
  95   3                  Lcd8_Set_Cursor(1,1);
  96   3                  Lcd8_Write_String("Welcome To My");
  97   3                  Lcd8_Set_Cursor(2,1);
  98   3                  Lcd8_Write_String("....Home...");
  99   3                  Delay(1000);
 100   3                  }
 101   2                }           
 102   1                 
 103   1             Delay(500);
 104   1      }
 105           
 106          
*** WARNING C290 IN LINE 84 OF gsm_with_8051.c: missing return value
*** WARNING C290 IN LINE 176 OF gsm_with_8051.c: missing return value
*** WARNING C294 IN LINE 103 OF gsm_with_8051.c: unreachable code


MODULE INFORMATION:   STATIC OVERLAYABLE
   CODE SIZE        =    861    ----
   CONSTANT SIZE    =    159    ----
   XDATA SIZE       =   ----    ----
   PDATA SIZE       =   ----    ----
C51 COMPILER V9.52.0.0   GSM_WITH_8051                                                     05/07/2015 11:29:55 PAGE 3   

   DATA SIZE        =      2      15
   IDATA SIZE       =   ----    ----
   BIT SIZE         =   ----    ----
END OF MODULE INFORMATION.


C51 COMPILATION COMPLETE.  4 WARNING(S),  0 ERROR(S)
