C51 COMPILER V9.53.0.0   MOTOR                                                             03/12/2015 02:09:33 PAGE 1   


C51 COMPILER V9.53.0.0, COMPILATION OF MODULE MOTOR
OBJECT MODULE PLACED IN motor.OBJ
COMPILER INVOKED BY: C:\Keil_v5\C51\BIN\C51.EXE motor.c OPTIMIZE(8,SPEED) BROWSE DEBUG OBJECTEXTEND

line level    source

   1          #include<reg52.h>
   2          sbit motor_pin_1 = P3^0;
   3          sbit motor_pin_2 = P3^1;
   4          void msDelay(unsigned int x)
   5          { 
   6   1              unsigned int i,j;
   7   1              for(i=0;i<x;i++)
   8   1              for(j=0;j<1275;j++);
   9   1      }
  10          
  11          void main()
  12          {
  13   1        P3 = 0x00;
  14   1              while(1)
  15   1        {
  16   2          motor_pin_1 = 1;
  17   2          motor_pin_2 = 0; //Rotates Motor Anit Clockwise
  18   2          msDelay(1000);
  19   2          motor_pin_1 = 1;
  20   2          motor_pin_2 = 1; //Stops Motor
  21   2          msDelay(1000);
  22   2          motor_pin_1 = 0;
  23   2          motor_pin_2 = 1; //Rotates Motor Clockwise
  24   2          msDelay(1000);
  25   2          motor_pin_1 = 0;
  26   2          motor_pin_2 = 0; //Stops Motor
  27   2          msDelay(1000);
  28   2              }
  29   1      }
  30          
  31          
  32          
  33          
  34              
  35              
  36            


MODULE INFORMATION:   STATIC OVERLAYABLE
   CODE SIZE        =     69    ----
   CONSTANT SIZE    =   ----    ----
   XDATA SIZE       =   ----    ----
   PDATA SIZE       =   ----    ----
   DATA SIZE        =   ----    ----
   IDATA SIZE       =   ----    ----
   BIT SIZE         =   ----    ----
END OF MODULE INFORMATION.


C51 COMPILATION COMPLETE.  0 WARNING(S),  0 ERROR(S)
