;  LST file generated by mikroListExporter - v.2.0 
; Date/Time: 4/29/2015 9:09:01 PM
;----------------------------------------------

;Address Opcode 	ASM
0x0000	0x2ADB      	GOTO       731
_Delay_1us:
;__Lib_Delays.c,7 :: 		void Delay_1us() {
;__Lib_Delays.c,8 :: 		Delay_us(1);
0x0003	0x0000      	NOP
;__Lib_Delays.c,9 :: 		}
L_end_Delay_1us:
0x0004	0x0008      	RETURN
; end of _Delay_1us
_Delay_50us:
;__Lib_Delays.c,19 :: 		void Delay_50us() {
;__Lib_Delays.c,20 :: 		Delay_us(50);
0x0005	0x3010      	MOVLW      16
0x0006	0x1283      	BCF        STATUS, 5
0x0007	0x1303      	BCF        STATUS, 6
0x0008	0x00FD      	MOVWF      R13
L_Delay_50us2:
0x0009	0x0BFD      	DECFSZ     R13, 1
0x000A	0x2809      	GOTO       L_Delay_50us2
0x000B	0x0000      	NOP
;__Lib_Delays.c,21 :: 		}
L_end_Delay_50us:
0x000C	0x0008      	RETURN
; end of _Delay_50us
_Delay_5500us:
;__Lib_Delays.c,31 :: 		void Delay_5500us() {
;__Lib_Delays.c,32 :: 		Delay_us(5500);
0x000D	0x3008      	MOVLW      8
0x000E	0x1283      	BCF        STATUS, 5
0x000F	0x1303      	BCF        STATUS, 6
0x0010	0x00FC      	MOVWF      R12
0x0011	0x3023      	MOVLW      35
0x0012	0x00FD      	MOVWF      R13
L_Delay_5500us5:
0x0013	0x0BFD      	DECFSZ     R13, 1
0x0014	0x2813      	GOTO       L_Delay_5500us5
0x0015	0x0BFC      	DECFSZ     R12, 1
0x0016	0x2813      	GOTO       L_Delay_5500us5
;__Lib_Delays.c,33 :: 		}
L_end_Delay_5500us:
0x0017	0x0008      	RETURN
; end of _Delay_5500us
_Lcd_Cmd:
;__Lib_Lcd.c,18 :: 		
;__Lib_Lcd.c,20 :: 		
0x0018	0x1283      	BCF        STATUS, 5
0x0019	0x1303      	BCF        STATUS, 6
0x001A	0x1BD4      	BTFSC      FARG_Lcd_Cmd_out_char, 7
0x001B	0x281E      	GOTO       L__Lcd_Cmd21
0x001C	0x1387      	BCF        LCD_D7, BitPos(LCD_D7+0)
0x001D	0x281F      	GOTO       L__Lcd_Cmd22
L__Lcd_Cmd21:
0x001E	0x1787      	BSF        LCD_D7, BitPos(LCD_D7+0)
L__Lcd_Cmd22:
;__Lib_Lcd.c,21 :: 		
0x001F	0x1B54      	BTFSC      FARG_Lcd_Cmd_out_char, 6
0x0020	0x2823      	GOTO       L__Lcd_Cmd23
0x0021	0x1307      	BCF        LCD_D6, BitPos(LCD_D6+0)
0x0022	0x2824      	GOTO       L__Lcd_Cmd24
L__Lcd_Cmd23:
0x0023	0x1707      	BSF        LCD_D6, BitPos(LCD_D6+0)
L__Lcd_Cmd24:
;__Lib_Lcd.c,22 :: 		
0x0024	0x1AD4      	BTFSC      FARG_Lcd_Cmd_out_char, 5
0x0025	0x2828      	GOTO       L__Lcd_Cmd25
0x0026	0x1287      	BCF        LCD_D5, BitPos(LCD_D5+0)
0x0027	0x2829      	GOTO       L__Lcd_Cmd26
L__Lcd_Cmd25:
0x0028	0x1687      	BSF        LCD_D5, BitPos(LCD_D5+0)
L__Lcd_Cmd26:
;__Lib_Lcd.c,23 :: 		
0x0029	0x1A54      	BTFSC      FARG_Lcd_Cmd_out_char, 4
0x002A	0x282D      	GOTO       L__Lcd_Cmd27
0x002B	0x1207      	BCF        LCD_D4, BitPos(LCD_D4+0)
0x002C	0x282E      	GOTO       L__Lcd_Cmd28
L__Lcd_Cmd27:
0x002D	0x1607      	BSF        LCD_D4, BitPos(LCD_D4+0)
L__Lcd_Cmd28:
;__Lib_Lcd.c,25 :: 		
0x002E	0x184A      	BTFSC      __Lib_Lcd_cmd_status, BitPos(__Lib_Lcd_cmd_status+0)
0x002F	0x2832      	GOTO       L__Lcd_Cmd29
0x0030	0x1507      	BSF        LCD_RS, BitPos(LCD_RS+0)
0x0031	0x2833      	GOTO       L__Lcd_Cmd30
L__Lcd_Cmd29:
0x0032	0x1107      	BCF        LCD_RS, BitPos(LCD_RS+0)
L__Lcd_Cmd30:
;__Lib_Lcd.c,28 :: 		
0x0033	0x1587      	BSF        LCD_EN, BitPos(LCD_EN+0)
;__Lib_Lcd.c,29 :: 		
0x0034	0x2003      	CALL       _Delay_1us
;__Lib_Lcd.c,30 :: 		
0x0035	0x1187      	BCF        LCD_EN, BitPos(LCD_EN+0)
;__Lib_Lcd.c,33 :: 		
0x0036	0x19D4      	BTFSC      FARG_Lcd_Cmd_out_char, 3
0x0037	0x283A      	GOTO       L__Lcd_Cmd31
0x0038	0x1387      	BCF        LCD_D7, BitPos(LCD_D7+0)
0x0039	0x283B      	GOTO       L__Lcd_Cmd32
L__Lcd_Cmd31:
0x003A	0x1787      	BSF        LCD_D7, BitPos(LCD_D7+0)
L__Lcd_Cmd32:
;__Lib_Lcd.c,34 :: 		
0x003B	0x1954      	BTFSC      FARG_Lcd_Cmd_out_char, 2
0x003C	0x283F      	GOTO       L__Lcd_Cmd33
0x003D	0x1307      	BCF        LCD_D6, BitPos(LCD_D6+0)
0x003E	0x2840      	GOTO       L__Lcd_Cmd34
L__Lcd_Cmd33:
0x003F	0x1707      	BSF        LCD_D6, BitPos(LCD_D6+0)
L__Lcd_Cmd34:
;__Lib_Lcd.c,35 :: 		
0x0040	0x18D4      	BTFSC      FARG_Lcd_Cmd_out_char, 1
0x0041	0x2844      	GOTO       L__Lcd_Cmd35
0x0042	0x1287      	BCF        LCD_D5, BitPos(LCD_D5+0)
0x0043	0x2845      	GOTO       L__Lcd_Cmd36
L__Lcd_Cmd35:
0x0044	0x1687      	BSF        LCD_D5, BitPos(LCD_D5+0)
L__Lcd_Cmd36:
;__Lib_Lcd.c,36 :: 		
0x0045	0x1854      	BTFSC      FARG_Lcd_Cmd_out_char, 0
0x0046	0x2849      	GOTO       L__Lcd_Cmd37
0x0047	0x1207      	BCF        LCD_D4, BitPos(LCD_D4+0)
0x0048	0x284A      	GOTO       L__Lcd_Cmd38
L__Lcd_Cmd37:
0x0049	0x1607      	BSF        LCD_D4, BitPos(LCD_D4+0)
L__Lcd_Cmd38:
;__Lib_Lcd.c,38 :: 		
0x004A	0x184A      	BTFSC      __Lib_Lcd_cmd_status, BitPos(__Lib_Lcd_cmd_status+0)
0x004B	0x284E      	GOTO       L__Lcd_Cmd39
0x004C	0x1507      	BSF        LCD_RS, BitPos(LCD_RS+0)
0x004D	0x284F      	GOTO       L__Lcd_Cmd40
L__Lcd_Cmd39:
0x004E	0x1107      	BCF        LCD_RS, BitPos(LCD_RS+0)
L__Lcd_Cmd40:
;__Lib_Lcd.c,40 :: 		
0x004F	0x1587      	BSF        LCD_EN, BitPos(LCD_EN+0)
;__Lib_Lcd.c,41 :: 		
0x0050	0x2003      	CALL       _Delay_1us
;__Lib_Lcd.c,42 :: 		
0x0051	0x1187      	BCF        LCD_EN, BitPos(LCD_EN+0)
;__Lib_Lcd.c,44 :: 		
0x0052	0x1C4A      	BTFSS      __Lib_Lcd_cmd_status, BitPos(__Lib_Lcd_cmd_status+0)
0x0053	0x2856      	GOTO       L_Lcd_Cmd0
;__Lib_Lcd.c,45 :: 		
0x0054	0x200D      	CALL       _Delay_5500us
0x0055	0x2857      	GOTO       L_Lcd_Cmd1
L_Lcd_Cmd0:
;__Lib_Lcd.c,47 :: 		
0x0056	0x2005      	CALL       _Delay_50us
L_Lcd_Cmd1:
;__Lib_Lcd.c,48 :: 		
L_end_Lcd_Cmd:
0x0057	0x0008      	RETURN
; end of _Lcd_Cmd
_Delay_22us:
;__Lib_Delays.c,15 :: 		void Delay_22us() {
;__Lib_Delays.c,16 :: 		Delay_us(22);
0x0058	0x3007      	MOVLW      7
0x0059	0x1283      	BCF        STATUS, 5
0x005A	0x1303      	BCF        STATUS, 6
0x005B	0x00FD      	MOVWF      R13
L_Delay_22us1:
0x005C	0x0BFD      	DECFSZ     R13, 1
0x005D	0x285C      	GOTO       L_Delay_22us1
;__Lib_Delays.c,17 :: 		}
L_end_Delay_22us:
0x005E	0x0008      	RETURN
; end of _Delay_22us
_Lcd_Chr_CP:
;__Lib_Lcd.c,50 :: 		
;__Lib_Lcd.c,52 :: 		
0x005F	0x1283      	BCF        STATUS, 5
0x0060	0x1303      	BCF        STATUS, 6
0x0061	0x104A      	BCF        __Lib_Lcd_cmd_status, BitPos(__Lib_Lcd_cmd_status+0)
;__Lib_Lcd.c,53 :: 		
0x0062	0x0853      	MOVF       FARG_Lcd_Chr_CP_out_char, 0
0x0063	0x00D4      	MOVWF      FARG_Lcd_Cmd_out_char
0x0064	0x2018      	CALL       _Lcd_Cmd
;__Lib_Lcd.c,54 :: 		
0x0065	0x144A      	BSF        __Lib_Lcd_cmd_status, BitPos(__Lib_Lcd_cmd_status+0)
;__Lib_Lcd.c,55 :: 		
L_end_Lcd_Chr_CP:
0x0066	0x0008      	RETURN
; end of _Lcd_Chr_CP
_____DoICP:
;__Lib_System.c,6 :: 		
;__Lib_System.c,9 :: 		
0x0067	0x1283      	BCF        STATUS, 5
0x0068	0x1303      	BCF        STATUS, 6
0x0069	0x0845      	MOVF       ___DoICPAddr+1, 0
0x006A	0x008A      	MOVWF      PCLATH
;__Lib_System.c,10 :: 		
0x006B	0x0844      	MOVF       ___DoICPAddr, 0
0x006C	0x0082      	MOVWF      PCL
;__Lib_System.c,12 :: 		
L_end_____DoICP:
0x006D	0x0008      	RETURN
; end of _____DoICP
_ADC_Read:
;__Lib_ADC_A_C.c,45 :: 		
;__Lib_ADC_A_C.c,47 :: 		
0x006E	0x1283      	BCF        STATUS, 5
0x006F	0x1303      	BCF        STATUS, 6
0x0070	0x019F      	CLRF       ADCON0
;__Lib_ADC_A_C.c,48 :: 		
0x0071	0x30C0      	MOVLW      192
0x0072	0x049F      	IORWF      ADCON0, 1
;__Lib_ADC_A_C.c,49 :: 		
0x0073	0x1683      	BSF        STATUS, 5
0x0074	0x171F      	BSF        ADCON1, 6
;__Lib_ADC_A_C.c,50 :: 		
0x0075	0x179F      	BSF        ADCON1, 7
;__Lib_ADC_A_C.c,51 :: 		
0x0076	0x1283      	BCF        STATUS, 5
0x0077	0x084F      	MOVF       FARG_ADC_Read_channel, 0
0x0078	0x00F0      	MOVWF      R0
0x0079	0x0DF0      	RLF        R0, 1
0x007A	0x1070      	BCF        R0, 0
0x007B	0x0DF0      	RLF        R0, 1
0x007C	0x1070      	BCF        R0, 0
0x007D	0x0DF0      	RLF        R0, 1
0x007E	0x1070      	BCF        R0, 0
0x007F	0x0870      	MOVF       R0, 0
0x0080	0x049F      	IORWF      ADCON0, 1
;__Lib_ADC_A_C.c,54 :: 		
0x0081	0x141F      	BSF        ADCON0, 0
;__Lib_ADC_A_C.c,57 :: 		
0x0082	0x2058      	CALL       _Delay_22us
;__Lib_ADC_A_C.c,60 :: 		
0x0083	0x151F      	BSF        ADCON0, 2
;__Lib_ADC_A_C.c,63 :: 		
L_ADC_Read2:
0x0084	0x1D1F      	BTFSS      ADCON0, 2
0x0085	0x2888      	GOTO       L_ADC_Read3
;__Lib_ADC_A_C.c,64 :: 		
0x0086	0x0000      	NOP
0x0087	0x2884      	GOTO       L_ADC_Read2
L_ADC_Read3:
;__Lib_ADC_A_C.c,67 :: 		
0x0088	0x101F      	BCF        ADCON0, 0
;__Lib_ADC_A_C.c,70 :: 		
0x0089	0x081E      	MOVF       ADRESH, 0
0x008A	0x00F1      	MOVWF      R0+1
0x008B	0x01F0      	CLRF       R0
0x008C	0x1683      	BSF        STATUS, 5
0x008D	0x081E      	MOVF       ADRESL, 0
0x008E	0x04F0      	IORWF      R0, 1
0x008F	0x3000      	MOVLW      0
0x0090	0x04F1      	IORWF      R0+1, 1
;__Lib_ADC_A_C.c,71 :: 		
L_end_ADC_Read:
0x0091	0x0008      	RETURN
; end of _ADC_Read
_Mul_32x32_U:
;__Lib_Math.c,1774 :: 		
;__Lib_Math.c,1789 :: 		
0x0092	0x1283      	BCF        STATUS, 5
;__Lib_Math.c,1790 :: 		
0x0093	0x1303      	BCF        STATUS, 6
;__Lib_Math.c,1791 :: 		
0x0094	0x3022      	MOVLW      34
;__Lib_Math.c,1792 :: 		
0x0095	0x00FC      	MOVWF      R12
;__Lib_Math.c,1793 :: 		
0x0096	0x01F8      	CLRF       R8
;__Lib_Math.c,1794 :: 		
0x0097	0x01F9      	CLRF       R9
;__Lib_Math.c,1795 :: 		
0x0098	0x01FA      	CLRF       R10
;__Lib_Math.c,1796 :: 		
0x0099	0x01FB      	CLRF       R11
;__Lib_Math.c,1798 :: 		
_NEXT:
;__Lib_Math.c,1802 :: 		
0x009A	0x03FC      	DECF       R12, 1
;__Lib_Math.c,1803 :: 		
0x009B	0x1903      	BTFSC      STATUS, 2
;__Lib_Math.c,1804 :: 		
0x009C	0x28C8      	GOTO       _EXIT2
;__Lib_Math.c,1805 :: 		
0x009D	0x1003      	BCF        STATUS, 0
;__Lib_Math.c,1807 :: 		
_LOOP:
;__Lib_Math.c,1816 :: 		
0x009E	0x0CFB      	RRF        R11, 1
;__Lib_Math.c,1817 :: 		
0x009F	0x0CFA      	RRF        R10, 1
;__Lib_Math.c,1818 :: 		
0x00A0	0x0CF9      	RRF        R9, 1
;__Lib_Math.c,1819 :: 		
0x00A1	0x0CF8      	RRF        R8, 1
;__Lib_Math.c,1820 :: 		
0x00A2	0x0CF3      	RRF        R3, 1
;__Lib_Math.c,1821 :: 		
0x00A3	0x0CF2      	RRF        R2, 1
;__Lib_Math.c,1822 :: 		
0x00A4	0x0CF1      	RRF        R1, 1
;__Lib_Math.c,1823 :: 		
0x00A5	0x0CF0      	RRF        R0, 1
;__Lib_Math.c,1828 :: 		
0x00A6	0x1C03      	BTFSS      STATUS, 0
;__Lib_Math.c,1829 :: 		
0x00A7	0x289A      	GOTO       _NEXT
;__Lib_Math.c,1830 :: 		
0x00A8	0x03FC      	DECF       R12, 1
;__Lib_Math.c,1831 :: 		
0x00A9	0x1903      	BTFSC      STATUS, 2
;__Lib_Math.c,1832 :: 		
0x00AA	0x28BA      	GOTO       _EXIT1
;__Lib_Math.c,1839 :: 		
0x00AB	0x0874      	MOVF       R4, 0
;__Lib_Math.c,1840 :: 		
0x00AC	0x07F8      	ADDWF      R8, 1
;__Lib_Math.c,1841 :: 		
0x00AD	0x0875      	MOVF       R5, 0
;__Lib_Math.c,1842 :: 		
0x00AE	0x1803      	BTFSC      STATUS, 0
;__Lib_Math.c,1843 :: 		
0x00AF	0x0F75      	INCFSZ     R5, 0
;__Lib_Math.c,1844 :: 		
0x00B0	0x07F9      	ADDWF      R9, 1
;__Lib_Math.c,1845 :: 		
0x00B1	0x0876      	MOVF       R6, 0
;__Lib_Math.c,1846 :: 		
0x00B2	0x1803      	BTFSC      STATUS, 0
;__Lib_Math.c,1847 :: 		
0x00B3	0x0F76      	INCFSZ     R6, 0
;__Lib_Math.c,1848 :: 		
0x00B4	0x07FA      	ADDWF      R10, 1
;__Lib_Math.c,1849 :: 		
0x00B5	0x0877      	MOVF       R7, 0
;__Lib_Math.c,1850 :: 		
0x00B6	0x1803      	BTFSC      STATUS, 0
;__Lib_Math.c,1851 :: 		
0x00B7	0x0F77      	INCFSZ     R7, 0
;__Lib_Math.c,1852 :: 		
0x00B8	0x07FB      	ADDWF      R11, 1
;__Lib_Math.c,1854 :: 		
0x00B9	0x289E      	GOTO       _LOOP
;__Lib_Math.c,1856 :: 		
_EXIT1:
;__Lib_Math.c,1861 :: 		
0x00BA	0x0874      	MOVF       R4, 0
;__Lib_Math.c,1862 :: 		
0x00BB	0x07F8      	ADDWF      R8, 1
;__Lib_Math.c,1863 :: 		
0x00BC	0x0875      	MOVF       R5, 0
;__Lib_Math.c,1864 :: 		
0x00BD	0x1803      	BTFSC      STATUS, 0
;__Lib_Math.c,1865 :: 		
0x00BE	0x0F75      	INCFSZ     R5, 0
;__Lib_Math.c,1866 :: 		
0x00BF	0x07F9      	ADDWF      R9, 1
;__Lib_Math.c,1867 :: 		
0x00C0	0x0876      	MOVF       R6, 0
;__Lib_Math.c,1868 :: 		
0x00C1	0x1803      	BTFSC      STATUS, 0
;__Lib_Math.c,1869 :: 		
0x00C2	0x0F76      	INCFSZ     R6, 0
;__Lib_Math.c,1870 :: 		
0x00C3	0x07FA      	ADDWF      R10, 1
;__Lib_Math.c,1871 :: 		
0x00C4	0x0877      	MOVF       R7, 0
;__Lib_Math.c,1872 :: 		
0x00C5	0x1803      	BTFSC      STATUS, 0
;__Lib_Math.c,1873 :: 		
0x00C6	0x0F77      	INCFSZ     R7, 0
;__Lib_Math.c,1874 :: 		
0x00C7	0x07FB      	ADDWF      R11, 1
;__Lib_Math.c,1877 :: 		
_EXIT2:
;__Lib_Math.c,1879 :: 		
L_end_Mul_32x32_U:
0x00C8	0x0008      	RETURN
; end of _Mul_32x32_U
_Div_32x32_U:
;__Lib_Math.c,1317 :: 		
;__Lib_Math.c,1326 :: 		
;__Lib_Math.c,1328 :: 		
0x00C9	0x1283      	BCF        STATUS, 5
;__Lib_Math.c,1329 :: 		
0x00CA	0x1303      	BCF        STATUS, 6
;__Lib_Math.c,1330 :: 		
0x00CB	0x01FB      	CLRF       R11
;__Lib_Math.c,1331 :: 		
0x00CC	0x01FA      	CLRF       R10
;__Lib_Math.c,1332 :: 		
0x00CD	0x01F9      	CLRF       R9
;__Lib_Math.c,1333 :: 		
0x00CE	0x01F8      	CLRF       R8
;__Lib_Math.c,1335 :: 		
0x00CF	0x01A0      	CLRF       ___math_tempb
;__Lib_Math.c,1337 :: 		
0x00D0	0x0D73      	RLF        R3, 0
;__Lib_Math.c,1338 :: 		
0x00D1	0x0DF8      	RLF        R8, 1
;__Lib_Math.c,1339 :: 		
0x00D2	0x0874      	MOVF       R4, 0
;__Lib_Math.c,1340 :: 		
0x00D3	0x02F8      	SUBWF      R8, 1
;__Lib_Math.c,1341 :: 		
0x00D4	0x0875      	MOVF       R5, 0
;__Lib_Math.c,1342 :: 		
0x00D5	0x1C03      	BTFSS      STATUS, 0
;__Lib_Math.c,1343 :: 		
0x00D6	0x0F75      	INCFSZ     R5, 0
;__Lib_Math.c,1344 :: 		
0x00D7	0x02F9      	SUBWF      R9, 1
;__Lib_Math.c,1345 :: 		
0x00D8	0x0876      	MOVF       R6, 0
;__Lib_Math.c,1346 :: 		
0x00D9	0x1C03      	BTFSS      STATUS, 0
;__Lib_Math.c,1347 :: 		
0x00DA	0x0F76      	INCFSZ     R6, 0
;__Lib_Math.c,1348 :: 		
0x00DB	0x02FA      	SUBWF      R10, 1
;__Lib_Math.c,1349 :: 		
0x00DC	0x0877      	MOVF       R7, 0
;__Lib_Math.c,1350 :: 		
0x00DD	0x1C03      	BTFSS      STATUS, 0
;__Lib_Math.c,1351 :: 		
0x00DE	0x0F77      	INCFSZ     R7, 0
;__Lib_Math.c,1352 :: 		
0x00DF	0x02FB      	SUBWF      R11, 1
;__Lib_Math.c,1354 :: 		
0x00E0	0x0100      	CLRW
;__Lib_Math.c,1355 :: 		
0x00E1	0x1C03      	BTFSS      STATUS, 0
;__Lib_Math.c,1356 :: 		
0x00E2	0x3001      	MOVLW      1
;__Lib_Math.c,1357 :: 		
0x00E3	0x02A0      	SUBWF      ___math_tempb, 1
;__Lib_Math.c,1358 :: 		
0x00E4	0x0DF3      	RLF        R3, 1
;__Lib_Math.c,1360 :: 		
0x00E5	0x3007      	MOVLW      7
;__Lib_Math.c,1361 :: 		
0x00E6	0x00FC      	MOVWF      R12
;__Lib_Math.c,1363 :: 		
LOOPU3232A:
;__Lib_Math.c,1364 :: 		
0x00E7	0x0D73      	RLF        R3, 0
;__Lib_Math.c,1365 :: 		
0x00E8	0x0DF8      	RLF        R8, 1
;__Lib_Math.c,1366 :: 		
0x00E9	0x0DF9      	RLF        R9, 1
;__Lib_Math.c,1367 :: 		
0x00EA	0x0DFA      	RLF        R10, 1
;__Lib_Math.c,1368 :: 		
0x00EB	0x0DFB      	RLF        R11, 1
;__Lib_Math.c,1369 :: 		
0x00EC	0x0DA0      	RLF        ___math_tempb, 1
;__Lib_Math.c,1370 :: 		
0x00ED	0x0874      	MOVF       R4, 0
;__Lib_Math.c,1371 :: 		
0x00EE	0x1C73      	BTFSS      R3, 0
;__Lib_Math.c,1372 :: 		
0x00EF	0x2902      	GOTO       UADD22LA
;__Lib_Math.c,1374 :: 		
0x00F0	0x02F8      	SUBWF      R8, 1
;__Lib_Math.c,1375 :: 		
0x00F1	0x0875      	MOVF       R5, 0
;__Lib_Math.c,1376 :: 		
0x00F2	0x1C03      	BTFSS      STATUS, 0
;__Lib_Math.c,1377 :: 		
0x00F3	0x0F75      	INCFSZ     R5, 0
;__Lib_Math.c,1378 :: 		
0x00F4	0x02F9      	SUBWF      R9, 1
;__Lib_Math.c,1379 :: 		
0x00F5	0x0876      	MOVF       R6, 0
;__Lib_Math.c,1380 :: 		
0x00F6	0x1C03      	BTFSS      STATUS, 0
;__Lib_Math.c,1381 :: 		
0x00F7	0x0F76      	INCFSZ     R6, 0
;__Lib_Math.c,1382 :: 		
0x00F8	0x02FA      	SUBWF      R10, 1
;__Lib_Math.c,1383 :: 		
0x00F9	0x0877      	MOVF       R7, 0
;__Lib_Math.c,1384 :: 		
0x00FA	0x1C03      	BTFSS      STATUS, 0
;__Lib_Math.c,1385 :: 		
0x00FB	0x0F77      	INCFSZ     R7, 0
;__Lib_Math.c,1386 :: 		
0x00FC	0x02FB      	SUBWF      R11, 1
;__Lib_Math.c,1387 :: 		
0x00FD	0x0100      	CLRW
;__Lib_Math.c,1388 :: 		
0x00FE	0x1C03      	BTFSS      STATUS, 0
;__Lib_Math.c,1389 :: 		
0x00FF	0x3001      	MOVLW      1
;__Lib_Math.c,1390 :: 		
0x0100	0x02A0      	SUBWF      ___math_tempb, 1
;__Lib_Math.c,1391 :: 		
0x0101	0x2913      	GOTO       UOK22LA
;__Lib_Math.c,1393 :: 		
UADD22LA:
;__Lib_Math.c,1394 :: 		
0x0102	0x07F8      	ADDWF      R8, 1
;__Lib_Math.c,1395 :: 		
0x0103	0x0875      	MOVF       R5, 0
;__Lib_Math.c,1396 :: 		
0x0104	0x1803      	BTFSC      STATUS, 0
;__Lib_Math.c,1397 :: 		
0x0105	0x0F75      	INCFSZ     R5, 0
;__Lib_Math.c,1398 :: 		
0x0106	0x07F9      	ADDWF      R9, 1
;__Lib_Math.c,1399 :: 		
0x0107	0x0876      	MOVF       R6, 0
;__Lib_Math.c,1400 :: 		
0x0108	0x1803      	BTFSC      STATUS, 0
;__Lib_Math.c,1401 :: 		
0x0109	0x0F76      	INCFSZ     R6, 0
;__Lib_Math.c,1402 :: 		
0x010A	0x07FA      	ADDWF      R10, 1
;__Lib_Math.c,1403 :: 		
0x010B	0x0877      	MOVF       R7, 0
;__Lib_Math.c,1404 :: 		
0x010C	0x1803      	BTFSC      STATUS, 0
;__Lib_Math.c,1405 :: 		
0x010D	0x0F77      	INCFSZ     R7, 0
;__Lib_Math.c,1406 :: 		
0x010E	0x07FB      	ADDWF      R11, 1
;__Lib_Math.c,1407 :: 		
0x010F	0x0100      	CLRW
;__Lib_Math.c,1408 :: 		
0x0110	0x1803      	BTFSC      STATUS, 0
;__Lib_Math.c,1409 :: 		
0x0111	0x3001      	MOVLW      1
;__Lib_Math.c,1410 :: 		
0x0112	0x07A0      	ADDWF      ___math_tempb, 1
;__Lib_Math.c,1412 :: 		
UOK22LA:
;__Lib_Math.c,1413 :: 		
0x0113	0x0DF3      	RLF        R3, 1
;__Lib_Math.c,1415 :: 		
0x0114	0x0BFC      	DECFSZ     R12, 1
;__Lib_Math.c,1416 :: 		
0x0115	0x28E7      	GOTO       LOOPU3232A
;__Lib_Math.c,1418 :: 		
0x0116	0x0D72      	RLF        R2, 0
;__Lib_Math.c,1419 :: 		
0x0117	0x0DF8      	RLF        R8, 1
;__Lib_Math.c,1420 :: 		
0x0118	0x0DF9      	RLF        R9, 1
;__Lib_Math.c,1421 :: 		
0x0119	0x0DFA      	RLF        R10, 1
;__Lib_Math.c,1422 :: 		
0x011A	0x0DFB      	RLF        R11, 1
;__Lib_Math.c,1423 :: 		
0x011B	0x0DA0      	RLF        ___math_tempb, 1
;__Lib_Math.c,1424 :: 		
0x011C	0x0874      	MOVF       R4, 0
;__Lib_Math.c,1425 :: 		
0x011D	0x1C73      	BTFSS      R3, 0
;__Lib_Math.c,1426 :: 		
0x011E	0x2931      	GOTO       UADD22L8
;__Lib_Math.c,1428 :: 		
0x011F	0x02F8      	SUBWF      R8, 1
;__Lib_Math.c,1429 :: 		
0x0120	0x0875      	MOVF       R5, 0
;__Lib_Math.c,1430 :: 		
0x0121	0x1C03      	BTFSS      STATUS, 0
;__Lib_Math.c,1431 :: 		
0x0122	0x0F75      	INCFSZ     R5, 0
;__Lib_Math.c,1432 :: 		
0x0123	0x02F9      	SUBWF      R9, 1
;__Lib_Math.c,1433 :: 		
0x0124	0x0876      	MOVF       R6, 0
;__Lib_Math.c,1434 :: 		
0x0125	0x1C03      	BTFSS      STATUS, 0
;__Lib_Math.c,1435 :: 		
0x0126	0x0F76      	INCFSZ     R6, 0
;__Lib_Math.c,1436 :: 		
0x0127	0x02FA      	SUBWF      R10, 1
;__Lib_Math.c,1437 :: 		
0x0128	0x0877      	MOVF       R7, 0
;__Lib_Math.c,1438 :: 		
0x0129	0x1C03      	BTFSS      STATUS, 0
;__Lib_Math.c,1439 :: 		
0x012A	0x0F77      	INCFSZ     R7, 0
;__Lib_Math.c,1440 :: 		
0x012B	0x02FB      	SUBWF      R11, 1
;__Lib_Math.c,1441 :: 		
0x012C	0x0100      	CLRW
;__Lib_Math.c,1442 :: 		
0x012D	0x1C03      	BTFSS      STATUS, 0
;__Lib_Math.c,1443 :: 		
0x012E	0x3001      	MOVLW      1
;__Lib_Math.c,1444 :: 		
0x012F	0x02A0      	SUBWF      ___math_tempb, 1
;__Lib_Math.c,1445 :: 		
0x0130	0x2942      	GOTO       UOK22L8
;__Lib_Math.c,1447 :: 		
UADD22L8:
;__Lib_Math.c,1448 :: 		
0x0131	0x07F8      	ADDWF      R8, 1
;__Lib_Math.c,1449 :: 		
0x0132	0x0875      	MOVF       R5, 0
;__Lib_Math.c,1450 :: 		
0x0133	0x1803      	BTFSC      STATUS, 0
;__Lib_Math.c,1451 :: 		
0x0134	0x0F75      	INCFSZ     R5, 0
;__Lib_Math.c,1452 :: 		
0x0135	0x07F9      	ADDWF      R9, 1
;__Lib_Math.c,1453 :: 		
0x0136	0x0876      	MOVF       R6, 0
;__Lib_Math.c,1454 :: 		
0x0137	0x1803      	BTFSC      STATUS, 0
;__Lib_Math.c,1455 :: 		
0x0138	0x0F76      	INCFSZ     R6, 0
;__Lib_Math.c,1456 :: 		
0x0139	0x07FA      	ADDWF      R10, 1
;__Lib_Math.c,1457 :: 		
0x013A	0x0877      	MOVF       R7, 0
;__Lib_Math.c,1458 :: 		
0x013B	0x1803      	BTFSC      STATUS, 0
;__Lib_Math.c,1459 :: 		
0x013C	0x0F77      	INCFSZ     R7, 0
;__Lib_Math.c,1460 :: 		
0x013D	0x07FB      	ADDWF      R11, 1
;__Lib_Math.c,1461 :: 		
0x013E	0x0100      	CLRW
;__Lib_Math.c,1462 :: 		
0x013F	0x1803      	BTFSC      STATUS, 0
;__Lib_Math.c,1463 :: 		
0x0140	0x3001      	MOVLW      1
;__Lib_Math.c,1464 :: 		
0x0141	0x07A0      	ADDWF      ___math_tempb, 1
;__Lib_Math.c,1466 :: 		
UOK22L8:
;__Lib_Math.c,1467 :: 		
0x0142	0x0DF2      	RLF        R2, 1
;__Lib_Math.c,1469 :: 		
0x0143	0x3007      	MOVLW      7
;__Lib_Math.c,1470 :: 		
0x0144	0x00FC      	MOVWF      R12
;__Lib_Math.c,1472 :: 		
LOOPU3232B:
;__Lib_Math.c,1473 :: 		
0x0145	0x0D72      	RLF        R2, 0
;__Lib_Math.c,1474 :: 		
0x0146	0x0DF8      	RLF        R8, 1
;__Lib_Math.c,1475 :: 		
0x0147	0x0DF9      	RLF        R9, 1
;__Lib_Math.c,1476 :: 		
0x0148	0x0DFA      	RLF        R10, 1
;__Lib_Math.c,1477 :: 		
0x0149	0x0DFB      	RLF        R11, 1
;__Lib_Math.c,1478 :: 		
0x014A	0x0DA0      	RLF        ___math_tempb, 1
;__Lib_Math.c,1479 :: 		
0x014B	0x0874      	MOVF       R4, 0
;__Lib_Math.c,1480 :: 		
0x014C	0x1C72      	BTFSS      R2, 0
;__Lib_Math.c,1481 :: 		
0x014D	0x2960      	GOTO       UADD22LB
;__Lib_Math.c,1483 :: 		
0x014E	0x02F8      	SUBWF      R8, 1
;__Lib_Math.c,1484 :: 		
0x014F	0x0875      	MOVF       R5, 0
;__Lib_Math.c,1485 :: 		
0x0150	0x1C03      	BTFSS      STATUS, 0
;__Lib_Math.c,1486 :: 		
0x0151	0x0F75      	INCFSZ     R5, 0
;__Lib_Math.c,1487 :: 		
0x0152	0x02F9      	SUBWF      R9, 1
;__Lib_Math.c,1488 :: 		
0x0153	0x0876      	MOVF       R6, 0
;__Lib_Math.c,1489 :: 		
0x0154	0x1C03      	BTFSS      STATUS, 0
;__Lib_Math.c,1490 :: 		
0x0155	0x0F76      	INCFSZ     R6, 0
;__Lib_Math.c,1491 :: 		
0x0156	0x02FA      	SUBWF      R10, 1
;__Lib_Math.c,1492 :: 		
0x0157	0x0877      	MOVF       R7, 0
;__Lib_Math.c,1493 :: 		
0x0158	0x1C03      	BTFSS      STATUS, 0
;__Lib_Math.c,1494 :: 		
0x0159	0x0F77      	INCFSZ     R7, 0
;__Lib_Math.c,1495 :: 		
0x015A	0x02FB      	SUBWF      R11, 1
;__Lib_Math.c,1496 :: 		
0x015B	0x0100      	CLRW
;__Lib_Math.c,1497 :: 		
0x015C	0x1C03      	BTFSS      STATUS, 0
;__Lib_Math.c,1498 :: 		
0x015D	0x3001      	MOVLW      1
;__Lib_Math.c,1499 :: 		
0x015E	0x02A0      	SUBWF      ___math_tempb, 1
;__Lib_Math.c,1500 :: 		
0x015F	0x2971      	GOTO       UOK22LB
;__Lib_Math.c,1502 :: 		
UADD22LB:
;__Lib_Math.c,1503 :: 		
0x0160	0x07F8      	ADDWF      R8, 1
;__Lib_Math.c,1504 :: 		
0x0161	0x0875      	MOVF       R5, 0
;__Lib_Math.c,1505 :: 		
0x0162	0x1803      	BTFSC      STATUS, 0
;__Lib_Math.c,1506 :: 		
0x0163	0x0F75      	INCFSZ     R5, 0
;__Lib_Math.c,1507 :: 		
0x0164	0x07F9      	ADDWF      R9, 1
;__Lib_Math.c,1508 :: 		
0x0165	0x0876      	MOVF       R6, 0
;__Lib_Math.c,1509 :: 		
0x0166	0x1803      	BTFSC      STATUS, 0
;__Lib_Math.c,1510 :: 		
0x0167	0x0F76      	INCFSZ     R6, 0
;__Lib_Math.c,1511 :: 		
0x0168	0x07FA      	ADDWF      R10, 1
;__Lib_Math.c,1512 :: 		
0x0169	0x0877      	MOVF       R7, 0
;__Lib_Math.c,1513 :: 		
0x016A	0x1803      	BTFSC      STATUS, 0
;__Lib_Math.c,1514 :: 		
0x016B	0x0F77      	INCFSZ     R7, 0
;__Lib_Math.c,1515 :: 		
0x016C	0x07FB      	ADDWF      R11, 1
;__Lib_Math.c,1516 :: 		
0x016D	0x0100      	CLRW
;__Lib_Math.c,1517 :: 		
0x016E	0x1803      	BTFSC      STATUS, 0
;__Lib_Math.c,1518 :: 		
0x016F	0x3001      	MOVLW      1
;__Lib_Math.c,1519 :: 		
0x0170	0x07A0      	ADDWF      ___math_tempb, 1
;__Lib_Math.c,1521 :: 		
UOK22LB:
;__Lib_Math.c,1522 :: 		
0x0171	0x0DF2      	RLF        R2, 1
;__Lib_Math.c,1524 :: 		
0x0172	0x0BFC      	DECFSZ     R12, 1
;__Lib_Math.c,1525 :: 		
0x0173	0x2945      	GOTO       LOOPU3232B
;__Lib_Math.c,1527 :: 		
0x0174	0x0D71      	RLF        R1, 0
;__Lib_Math.c,1528 :: 		
0x0175	0x0DF8      	RLF        R8, 1
;__Lib_Math.c,1529 :: 		
0x0176	0x0DF9      	RLF        R9, 1
;__Lib_Math.c,1530 :: 		
0x0177	0x0DFA      	RLF        R10, 1
;__Lib_Math.c,1531 :: 		
0x0178	0x0DFB      	RLF        R11, 1
;__Lib_Math.c,1532 :: 		
0x0179	0x0DA0      	RLF        ___math_tempb, 1
;__Lib_Math.c,1533 :: 		
0x017A	0x0874      	MOVF       R4, 0
;__Lib_Math.c,1534 :: 		
0x017B	0x1C72      	BTFSS      R2, 0
;__Lib_Math.c,1535 :: 		
0x017C	0x298F      	GOTO       UADD22L16
;__Lib_Math.c,1537 :: 		
0x017D	0x02F8      	SUBWF      R8, 1
;__Lib_Math.c,1538 :: 		
0x017E	0x0875      	MOVF       R5, 0
;__Lib_Math.c,1539 :: 		
0x017F	0x1C03      	BTFSS      STATUS, 0
;__Lib_Math.c,1540 :: 		
0x0180	0x0F75      	INCFSZ     R5, 0
;__Lib_Math.c,1541 :: 		
0x0181	0x02F9      	SUBWF      R9, 1
;__Lib_Math.c,1542 :: 		
0x0182	0x0876      	MOVF       R6, 0
;__Lib_Math.c,1543 :: 		
0x0183	0x1C03      	BTFSS      STATUS, 0
;__Lib_Math.c,1544 :: 		
0x0184	0x0F76      	INCFSZ     R6, 0
;__Lib_Math.c,1545 :: 		
0x0185	0x02FA      	SUBWF      R10, 1
;__Lib_Math.c,1546 :: 		
0x0186	0x0877      	MOVF       R7, 0
;__Lib_Math.c,1547 :: 		
0x0187	0x1C03      	BTFSS      STATUS, 0
;__Lib_Math.c,1548 :: 		
0x0188	0x0F77      	INCFSZ     R7, 0
;__Lib_Math.c,1549 :: 		
0x0189	0x02FB      	SUBWF      R11, 1
;__Lib_Math.c,1550 :: 		
0x018A	0x0100      	CLRW
;__Lib_Math.c,1551 :: 		
0x018B	0x1C03      	BTFSS      STATUS, 0
;__Lib_Math.c,1552 :: 		
0x018C	0x3001      	MOVLW      1
;__Lib_Math.c,1553 :: 		
0x018D	0x02A0      	SUBWF      ___math_tempb, 1
;__Lib_Math.c,1554 :: 		
0x018E	0x29A0      	GOTO       UOK22L16
;__Lib_Math.c,1556 :: 		
UADD22L16:
;__Lib_Math.c,1557 :: 		
0x018F	0x07F8      	ADDWF      R8, 1
;__Lib_Math.c,1558 :: 		
0x0190	0x0875      	MOVF       R5, 0
;__Lib_Math.c,1559 :: 		
0x0191	0x1803      	BTFSC      STATUS, 0
;__Lib_Math.c,1560 :: 		
0x0192	0x0F75      	INCFSZ     R5, 0
;__Lib_Math.c,1561 :: 		
0x0193	0x07F9      	ADDWF      R9, 1
;__Lib_Math.c,1562 :: 		
0x0194	0x0876      	MOVF       R6, 0
;__Lib_Math.c,1563 :: 		
0x0195	0x1803      	BTFSC      STATUS, 0
;__Lib_Math.c,1564 :: 		
0x0196	0x0F76      	INCFSZ     R6, 0
;__Lib_Math.c,1565 :: 		
0x0197	0x07FA      	ADDWF      R10, 1
;__Lib_Math.c,1566 :: 		
0x0198	0x0877      	MOVF       R7, 0
;__Lib_Math.c,1567 :: 		
0x0199	0x1803      	BTFSC      STATUS, 0
;__Lib_Math.c,1568 :: 		
0x019A	0x0F77      	INCFSZ     R7, 0
;__Lib_Math.c,1569 :: 		
0x019B	0x07FB      	ADDWF      R11, 1
;__Lib_Math.c,1570 :: 		
0x019C	0x0100      	CLRW
;__Lib_Math.c,1571 :: 		
0x019D	0x1803      	BTFSC      STATUS, 0
;__Lib_Math.c,1572 :: 		
0x019E	0x3001      	MOVLW      1
;__Lib_Math.c,1573 :: 		
0x019F	0x07A0      	ADDWF      ___math_tempb, 1
;__Lib_Math.c,1575 :: 		
UOK22L16:
;__Lib_Math.c,1576 :: 		
0x01A0	0x0DF1      	RLF        R1, 1
;__Lib_Math.c,1578 :: 		
0x01A1	0x3007      	MOVLW      7
;__Lib_Math.c,1579 :: 		
0x01A2	0x00FC      	MOVWF      R12
;__Lib_Math.c,1581 :: 		
LOOPU3232C:
;__Lib_Math.c,1582 :: 		
0x01A3	0x0D71      	RLF        R1, 0
;__Lib_Math.c,1583 :: 		
0x01A4	0x0DF8      	RLF        R8, 1
;__Lib_Math.c,1584 :: 		
0x01A5	0x0DF9      	RLF        R9, 1
;__Lib_Math.c,1585 :: 		
0x01A6	0x0DFA      	RLF        R10, 1
;__Lib_Math.c,1586 :: 		
0x01A7	0x0DFB      	RLF        R11, 1
;__Lib_Math.c,1587 :: 		
0x01A8	0x0DA0      	RLF        ___math_tempb, 1
;__Lib_Math.c,1588 :: 		
0x01A9	0x0874      	MOVF       R4, 0
;__Lib_Math.c,1589 :: 		
0x01AA	0x1C71      	BTFSS      R1, 0
;__Lib_Math.c,1590 :: 		
0x01AB	0x29BE      	GOTO       UADD22LC
;__Lib_Math.c,1592 :: 		
0x01AC	0x02F8      	SUBWF      R8, 1
;__Lib_Math.c,1593 :: 		
0x01AD	0x0875      	MOVF       R5, 0
;__Lib_Math.c,1594 :: 		
0x01AE	0x1C03      	BTFSS      STATUS, 0
;__Lib_Math.c,1595 :: 		
0x01AF	0x0F75      	INCFSZ     R5, 0
;__Lib_Math.c,1596 :: 		
0x01B0	0x02F9      	SUBWF      R9, 1
;__Lib_Math.c,1597 :: 		
0x01B1	0x0876      	MOVF       R6, 0
;__Lib_Math.c,1598 :: 		
0x01B2	0x1C03      	BTFSS      STATUS, 0
;__Lib_Math.c,1599 :: 		
0x01B3	0x0F76      	INCFSZ     R6, 0
;__Lib_Math.c,1600 :: 		
0x01B4	0x02FA      	SUBWF      R10, 1
;__Lib_Math.c,1601 :: 		
0x01B5	0x0877      	MOVF       R7, 0
;__Lib_Math.c,1602 :: 		
0x01B6	0x1C03      	BTFSS      STATUS, 0
;__Lib_Math.c,1603 :: 		
0x01B7	0x0F77      	INCFSZ     R7, 0
;__Lib_Math.c,1604 :: 		
0x01B8	0x02FB      	SUBWF      R11, 1
;__Lib_Math.c,1605 :: 		
0x01B9	0x0100      	CLRW
;__Lib_Math.c,1606 :: 		
0x01BA	0x1C03      	BTFSS      STATUS, 0
;__Lib_Math.c,1607 :: 		
0x01BB	0x3001      	MOVLW      1
;__Lib_Math.c,1608 :: 		
0x01BC	0x02A0      	SUBWF      ___math_tempb, 1
;__Lib_Math.c,1609 :: 		
0x01BD	0x29CF      	GOTO       UOK22LC
;__Lib_Math.c,1611 :: 		
UADD22LC:
;__Lib_Math.c,1612 :: 		
0x01BE	0x07F8      	ADDWF      R8, 1
;__Lib_Math.c,1613 :: 		
0x01BF	0x0875      	MOVF       R5, 0
;__Lib_Math.c,1614 :: 		
0x01C0	0x1803      	BTFSC      STATUS, 0
;__Lib_Math.c,1615 :: 		
0x01C1	0x0F75      	INCFSZ     R5, 0
;__Lib_Math.c,1616 :: 		
0x01C2	0x07F9      	ADDWF      R9, 1
;__Lib_Math.c,1617 :: 		
0x01C3	0x0876      	MOVF       R6, 0
;__Lib_Math.c,1618 :: 		
0x01C4	0x1803      	BTFSC      STATUS, 0
;__Lib_Math.c,1619 :: 		
0x01C5	0x0F76      	INCFSZ     R6, 0
;__Lib_Math.c,1620 :: 		
0x01C6	0x07FA      	ADDWF      R10, 1
;__Lib_Math.c,1621 :: 		
0x01C7	0x0877      	MOVF       R7, 0
;__Lib_Math.c,1622 :: 		
0x01C8	0x1803      	BTFSC      STATUS, 0
;__Lib_Math.c,1623 :: 		
0x01C9	0x0F77      	INCFSZ     R7, 0
;__Lib_Math.c,1624 :: 		
0x01CA	0x07FB      	ADDWF      R11, 1
;__Lib_Math.c,1625 :: 		
0x01CB	0x0100      	CLRW
;__Lib_Math.c,1626 :: 		
0x01CC	0x1803      	BTFSC      STATUS, 0
;__Lib_Math.c,1627 :: 		
0x01CD	0x3001      	MOVLW      1
;__Lib_Math.c,1628 :: 		
0x01CE	0x07A0      	ADDWF      ___math_tempb, 1
;__Lib_Math.c,1630 :: 		
UOK22LC:
;__Lib_Math.c,1631 :: 		
0x01CF	0x0DF1      	RLF        R1, 1
;__Lib_Math.c,1633 :: 		
0x01D0	0x0BFC      	DECFSZ     R12, 1
;__Lib_Math.c,1634 :: 		
0x01D1	0x29A3      	GOTO       LOOPU3232C
;__Lib_Math.c,1636 :: 		
0x01D2	0x0D70      	RLF        R0, 0
;__Lib_Math.c,1637 :: 		
0x01D3	0x0DF8      	RLF        R8, 1
;__Lib_Math.c,1638 :: 		
0x01D4	0x0DF9      	RLF        R9, 1
;__Lib_Math.c,1639 :: 		
0x01D5	0x0DFA      	RLF        R10, 1
;__Lib_Math.c,1640 :: 		
0x01D6	0x0DFB      	RLF        R11, 1
;__Lib_Math.c,1641 :: 		
0x01D7	0x0DA0      	RLF        ___math_tempb, 1
;__Lib_Math.c,1642 :: 		
0x01D8	0x0874      	MOVF       R4, 0
;__Lib_Math.c,1643 :: 		
0x01D9	0x1C71      	BTFSS      R1, 0
;__Lib_Math.c,1644 :: 		
0x01DA	0x29ED      	GOTO       UADD22L24
;__Lib_Math.c,1646 :: 		
0x01DB	0x02F8      	SUBWF      R8, 1
;__Lib_Math.c,1647 :: 		
0x01DC	0x0875      	MOVF       R5, 0
;__Lib_Math.c,1648 :: 		
0x01DD	0x1C03      	BTFSS      STATUS, 0
;__Lib_Math.c,1649 :: 		
0x01DE	0x0F75      	INCFSZ     R5, 0
;__Lib_Math.c,1650 :: 		
0x01DF	0x02F9      	SUBWF      R9, 1
;__Lib_Math.c,1651 :: 		
0x01E0	0x0876      	MOVF       R6, 0
;__Lib_Math.c,1652 :: 		
0x01E1	0x1C03      	BTFSS      STATUS, 0
;__Lib_Math.c,1653 :: 		
0x01E2	0x0F76      	INCFSZ     R6, 0
;__Lib_Math.c,1654 :: 		
0x01E3	0x02FA      	SUBWF      R10, 1
;__Lib_Math.c,1655 :: 		
0x01E4	0x0877      	MOVF       R7, 0
;__Lib_Math.c,1656 :: 		
0x01E5	0x1C03      	BTFSS      STATUS, 0
;__Lib_Math.c,1657 :: 		
0x01E6	0x0F77      	INCFSZ     R7, 0
;__Lib_Math.c,1658 :: 		
0x01E7	0x02FB      	SUBWF      R11, 1
;__Lib_Math.c,1659 :: 		
0x01E8	0x0100      	CLRW
;__Lib_Math.c,1660 :: 		
0x01E9	0x1C03      	BTFSS      STATUS, 0
;__Lib_Math.c,1661 :: 		
0x01EA	0x3001      	MOVLW      1
;__Lib_Math.c,1662 :: 		
0x01EB	0x02A0      	SUBWF      ___math_tempb, 1
;__Lib_Math.c,1663 :: 		
0x01EC	0x29FE      	GOTO       UOK22L24
;__Lib_Math.c,1665 :: 		
UADD22L24:
;__Lib_Math.c,1666 :: 		
0x01ED	0x07F8      	ADDWF      R8, 1
;__Lib_Math.c,1667 :: 		
0x01EE	0x0875      	MOVF       R5, 0
;__Lib_Math.c,1668 :: 		
0x01EF	0x1803      	BTFSC      STATUS, 0
;__Lib_Math.c,1669 :: 		
0x01F0	0x0F75      	INCFSZ     R5, 0
;__Lib_Math.c,1670 :: 		
0x01F1	0x07F9      	ADDWF      R9, 1
;__Lib_Math.c,1671 :: 		
0x01F2	0x0876      	MOVF       R6, 0
;__Lib_Math.c,1672 :: 		
0x01F3	0x1803      	BTFSC      STATUS, 0
;__Lib_Math.c,1673 :: 		
0x01F4	0x0F76      	INCFSZ     R6, 0
;__Lib_Math.c,1674 :: 		
0x01F5	0x07FA      	ADDWF      R10, 1
;__Lib_Math.c,1675 :: 		
0x01F6	0x0877      	MOVF       R7, 0
;__Lib_Math.c,1676 :: 		
0x01F7	0x1803      	BTFSC      STATUS, 0
;__Lib_Math.c,1677 :: 		
0x01F8	0x0F77      	INCFSZ     R7, 0
;__Lib_Math.c,1678 :: 		
0x01F9	0x07FB      	ADDWF      R11, 1
;__Lib_Math.c,1679 :: 		
0x01FA	0x0100      	CLRW
;__Lib_Math.c,1680 :: 		
0x01FB	0x1803      	BTFSC      STATUS, 0
;__Lib_Math.c,1681 :: 		
0x01FC	0x3001      	MOVLW      1
;__Lib_Math.c,1682 :: 		
0x01FD	0x07A0      	ADDWF      ___math_tempb, 1
;__Lib_Math.c,1684 :: 		
UOK22L24:
;__Lib_Math.c,1685 :: 		
0x01FE	0x0DF0      	RLF        R0, 1
;__Lib_Math.c,1687 :: 		
0x01FF	0x3007      	MOVLW      7
;__Lib_Math.c,1688 :: 		
0x0200	0x00FC      	MOVWF      R12
;__Lib_Math.c,1690 :: 		
LOOPU3232D:
;__Lib_Math.c,1691 :: 		
0x0201	0x0D70      	RLF        R0, 0
;__Lib_Math.c,1692 :: 		
0x0202	0x0DF8      	RLF        R8, 1
;__Lib_Math.c,1693 :: 		
0x0203	0x0DF9      	RLF        R9, 1
;__Lib_Math.c,1694 :: 		
0x0204	0x0DFA      	RLF        R10, 1
;__Lib_Math.c,1695 :: 		
0x0205	0x0DFB      	RLF        R11, 1
;__Lib_Math.c,1696 :: 		
0x0206	0x0DA0      	RLF        ___math_tempb, 1
;__Lib_Math.c,1697 :: 		
0x0207	0x0874      	MOVF       R4, 0
;__Lib_Math.c,1698 :: 		
0x0208	0x1C70      	BTFSS      R0, 0
;__Lib_Math.c,1699 :: 		
0x0209	0x2A1C      	GOTO       UADD22LD
;__Lib_Math.c,1701 :: 		
0x020A	0x02F8      	SUBWF      R8, 1
;__Lib_Math.c,1702 :: 		
0x020B	0x0875      	MOVF       R5, 0
;__Lib_Math.c,1703 :: 		
0x020C	0x1C03      	BTFSS      STATUS, 0
;__Lib_Math.c,1704 :: 		
0x020D	0x0F75      	INCFSZ     R5, 0
;__Lib_Math.c,1705 :: 		
0x020E	0x02F9      	SUBWF      R9, 1
;__Lib_Math.c,1706 :: 		
0x020F	0x0876      	MOVF       R6, 0
;__Lib_Math.c,1707 :: 		
0x0210	0x1C03      	BTFSS      STATUS, 0
;__Lib_Math.c,1708 :: 		
0x0211	0x0F76      	INCFSZ     R6, 0
;__Lib_Math.c,1709 :: 		
0x0212	0x02FA      	SUBWF      R10, 1
;__Lib_Math.c,1710 :: 		
0x0213	0x0877      	MOVF       R7, 0
;__Lib_Math.c,1711 :: 		
0x0214	0x1C03      	BTFSS      STATUS, 0
;__Lib_Math.c,1712 :: 		
0x0215	0x0F77      	INCFSZ     R7, 0
;__Lib_Math.c,1713 :: 		
0x0216	0x02FB      	SUBWF      R11, 1
;__Lib_Math.c,1714 :: 		
0x0217	0x0100      	CLRW
;__Lib_Math.c,1715 :: 		
0x0218	0x1C03      	BTFSS      STATUS, 0
;__Lib_Math.c,1716 :: 		
0x0219	0x3001      	MOVLW      1
;__Lib_Math.c,1717 :: 		
0x021A	0x02A0      	SUBWF      ___math_tempb, 1
;__Lib_Math.c,1718 :: 		
0x021B	0x2A2D      	GOTO       UOK22LD
;__Lib_Math.c,1720 :: 		
UADD22LD:
;__Lib_Math.c,1721 :: 		
0x021C	0x07F8      	ADDWF      R8, 1
;__Lib_Math.c,1722 :: 		
0x021D	0x0875      	MOVF       R5, 0
;__Lib_Math.c,1723 :: 		
0x021E	0x1803      	BTFSC      STATUS, 0
;__Lib_Math.c,1724 :: 		
0x021F	0x0F75      	INCFSZ     R5, 0
;__Lib_Math.c,1725 :: 		
0x0220	0x07F9      	ADDWF      R9, 1
;__Lib_Math.c,1726 :: 		
0x0221	0x0876      	MOVF       R6, 0
;__Lib_Math.c,1727 :: 		
0x0222	0x1803      	BTFSC      STATUS, 0
;__Lib_Math.c,1728 :: 		
0x0223	0x0F76      	INCFSZ     R6, 0
;__Lib_Math.c,1729 :: 		
0x0224	0x07FA      	ADDWF      R10, 1
;__Lib_Math.c,1730 :: 		
0x0225	0x0877      	MOVF       R7, 0
;__Lib_Math.c,1731 :: 		
0x0226	0x1803      	BTFSC      STATUS, 0
;__Lib_Math.c,1732 :: 		
0x0227	0x0F77      	INCFSZ     R7, 0
;__Lib_Math.c,1733 :: 		
0x0228	0x07FB      	ADDWF      R11, 1
;__Lib_Math.c,1734 :: 		
0x0229	0x0100      	CLRW
;__Lib_Math.c,1735 :: 		
0x022A	0x1803      	BTFSC      STATUS, 0
;__Lib_Math.c,1736 :: 		
0x022B	0x3001      	MOVLW      1
;__Lib_Math.c,1737 :: 		
0x022C	0x07A0      	ADDWF      ___math_tempb, 1
;__Lib_Math.c,1739 :: 		
UOK22LD:
;__Lib_Math.c,1740 :: 		
0x022D	0x0DF0      	RLF        R0, 1
;__Lib_Math.c,1742 :: 		
0x022E	0x0BFC      	DECFSZ     R12, 1
;__Lib_Math.c,1743 :: 		
0x022F	0x2A01      	GOTO       LOOPU3232D
;__Lib_Math.c,1745 :: 		
0x0230	0x1870      	BTFSC      R0, 0
;__Lib_Math.c,1746 :: 		
0x0231	0x2A40      	GOTO       UOK22L
;__Lib_Math.c,1747 :: 		
0x0232	0x0874      	MOVF       R4, 0
;__Lib_Math.c,1748 :: 		
0x0233	0x07F8      	ADDWF      R8, 1
;__Lib_Math.c,1749 :: 		
0x0234	0x0875      	MOVF       R5, 0
;__Lib_Math.c,1750 :: 		
0x0235	0x1803      	BTFSC      STATUS, 0
;__Lib_Math.c,1751 :: 		
0x0236	0x0F75      	INCFSZ     R5, 0
;__Lib_Math.c,1752 :: 		
0x0237	0x07F9      	ADDWF      R9, 1
;__Lib_Math.c,1753 :: 		
0x0238	0x0876      	MOVF       R6, 0
;__Lib_Math.c,1754 :: 		
0x0239	0x1803      	BTFSC      STATUS, 0
;__Lib_Math.c,1755 :: 		
0x023A	0x0F76      	INCFSZ     R6, 0
;__Lib_Math.c,1756 :: 		
0x023B	0x07FA      	ADDWF      R10, 1
;__Lib_Math.c,1757 :: 		
0x023C	0x0877      	MOVF       R7, 0
;__Lib_Math.c,1758 :: 		
0x023D	0x1803      	BTFSC      STATUS, 0
;__Lib_Math.c,1759 :: 		
0x023E	0x0F77      	INCFSZ     R7, 0
;__Lib_Math.c,1760 :: 		
0x023F	0x07FB      	ADDWF      R11, 1
;__Lib_Math.c,1762 :: 		
UOK22L:
;__Lib_Math.c,1765 :: 		
L_end_Div_32x32_U:
0x0240	0x0008      	RETURN
; end of _Div_32x32_U
___CC2DW:
;__Lib_System.c,134 :: 		
;__Lib_System.c,137 :: 		
_CC2D_Loop1:
;__Lib_System.c,139 :: 		
0x0241	0x2067      	CALL       _____DoICP
0x0242	0x118A      	BCF        PCLATH, 3
0x0243	0x120A      	BCF        PCLATH, 4
;__Lib_System.c,141 :: 		
0x0244	0x0080      	MOVWF      INDF
;__Lib_System.c,142 :: 		
0x0245	0x0A84      	INCF       FSR, 1
;__Lib_System.c,143 :: 		
0x0246	0x0AC4      	INCF       ___DoICPAddr, 1
;__Lib_System.c,145 :: 		
0x0247	0x1903      	BTFSC      STATUS, 2
;__Lib_System.c,146 :: 		
0x0248	0x0AC5      	INCF       ___DoICPAddr+1, 1
;__Lib_System.c,147 :: 		
0x0249	0x03F0      	DECF       R0, 1
;__Lib_System.c,149 :: 		
0x024A	0x1D03      	BTFSS      STATUS, 2
;__Lib_System.c,150 :: 		
0x024B	0x2A41      	GOTO       _CC2D_Loop1
;__Lib_System.c,152 :: 		
L_end___CC2DW:
0x024C	0x0008      	RETURN
; end of ___CC2DW
_Lcd_Init:
;__Lib_Lcd.c,84 :: 		
;__Lib_Lcd.c,86 :: 		
0x024D	0x1683      	BSF        STATUS, 5
0x024E	0x1303      	BCF        STATUS, 6
0x024F	0x1187      	BCF        LCD_EN_Direction, BitPos(LCD_EN_Direction+0)
;__Lib_Lcd.c,87 :: 		
0x0250	0x1107      	BCF        LCD_RS_Direction, BitPos(LCD_RS_Direction+0)
;__Lib_Lcd.c,88 :: 		
0x0251	0x1207      	BCF        LCD_D4_Direction, BitPos(LCD_D4_Direction+0)
;__Lib_Lcd.c,89 :: 		
0x0252	0x1287      	BCF        LCD_D5_Direction, BitPos(LCD_D5_Direction+0)
;__Lib_Lcd.c,90 :: 		
0x0253	0x1307      	BCF        LCD_D6_Direction, BitPos(LCD_D6_Direction+0)
;__Lib_Lcd.c,91 :: 		
0x0254	0x1387      	BCF        LCD_D7_Direction, BitPos(LCD_D7_Direction+0)
;__Lib_Lcd.c,93 :: 		
0x0255	0x1283      	BCF        STATUS, 5
0x0256	0x1187      	BCF        LCD_EN, BitPos(LCD_EN+0)
;__Lib_Lcd.c,94 :: 		
0x0257	0x1107      	BCF        LCD_RS, BitPos(LCD_RS+0)
;__Lib_Lcd.c,95 :: 		
0x0258	0x1387      	BCF        LCD_D7, BitPos(LCD_D7+0)
;__Lib_Lcd.c,96 :: 		
0x0259	0x1307      	BCF        LCD_D6, BitPos(LCD_D6+0)
;__Lib_Lcd.c,97 :: 		
0x025A	0x1287      	BCF        LCD_D5, BitPos(LCD_D5+0)
;__Lib_Lcd.c,98 :: 		
0x025B	0x1207      	BCF        LCD_D4, BitPos(LCD_D4+0)
;__Lib_Lcd.c,100 :: 		
0x025C	0x200D      	CALL       _Delay_5500us
;__Lib_Lcd.c,101 :: 		
0x025D	0x200D      	CALL       _Delay_5500us
;__Lib_Lcd.c,102 :: 		
0x025E	0x200D      	CALL       _Delay_5500us
;__Lib_Lcd.c,105 :: 		
0x025F	0x1687      	BSF        LCD_D5, BitPos(LCD_D5+0)
;__Lib_Lcd.c,106 :: 		
0x0260	0x1607      	BSF        LCD_D4, BitPos(LCD_D4+0)
;__Lib_Lcd.c,107 :: 		
0x0261	0x1587      	BSF        LCD_EN, BitPos(LCD_EN+0)
;__Lib_Lcd.c,108 :: 		
0x0262	0x2003      	CALL       _Delay_1us
;__Lib_Lcd.c,109 :: 		
0x0263	0x1187      	BCF        LCD_EN, BitPos(LCD_EN+0)
;__Lib_Lcd.c,110 :: 		
0x0264	0x200D      	CALL       _Delay_5500us
;__Lib_Lcd.c,112 :: 		
0x0265	0x1587      	BSF        LCD_EN, BitPos(LCD_EN+0)
;__Lib_Lcd.c,113 :: 		
0x0266	0x2003      	CALL       _Delay_1us
;__Lib_Lcd.c,114 :: 		
0x0267	0x1187      	BCF        LCD_EN, BitPos(LCD_EN+0)
;__Lib_Lcd.c,115 :: 		
0x0268	0x200D      	CALL       _Delay_5500us
;__Lib_Lcd.c,117 :: 		
0x0269	0x1587      	BSF        LCD_EN, BitPos(LCD_EN+0)
;__Lib_Lcd.c,118 :: 		
0x026A	0x2003      	CALL       _Delay_1us
;__Lib_Lcd.c,119 :: 		
0x026B	0x1187      	BCF        LCD_EN, BitPos(LCD_EN+0)
;__Lib_Lcd.c,120 :: 		
0x026C	0x200D      	CALL       _Delay_5500us
;__Lib_Lcd.c,123 :: 		
0x026D	0x1207      	BCF        LCD_D4, BitPos(LCD_D4+0)
;__Lib_Lcd.c,124 :: 		
0x026E	0x1587      	BSF        LCD_EN, BitPos(LCD_EN+0)
;__Lib_Lcd.c,125 :: 		
0x026F	0x2003      	CALL       _Delay_1us
;__Lib_Lcd.c,126 :: 		
0x0270	0x1187      	BCF        LCD_EN, BitPos(LCD_EN+0)
;__Lib_Lcd.c,127 :: 		
0x0271	0x200D      	CALL       _Delay_5500us
;__Lib_Lcd.c,130 :: 		
0x0272	0x1587      	BSF        LCD_EN, BitPos(LCD_EN+0)
;__Lib_Lcd.c,131 :: 		
0x0273	0x2003      	CALL       _Delay_1us
;__Lib_Lcd.c,132 :: 		
0x0274	0x1187      	BCF        LCD_EN, BitPos(LCD_EN+0)
;__Lib_Lcd.c,134 :: 		
0x0275	0x1287      	BCF        LCD_D5, BitPos(LCD_D5+0)
;__Lib_Lcd.c,135 :: 		
0x0276	0x1787      	BSF        LCD_D7, BitPos(LCD_D7+0)
;__Lib_Lcd.c,136 :: 		
0x0277	0x1587      	BSF        LCD_EN, BitPos(LCD_EN+0)
;__Lib_Lcd.c,137 :: 		
0x0278	0x2003      	CALL       _Delay_1us
;__Lib_Lcd.c,138 :: 		
0x0279	0x1187      	BCF        LCD_EN, BitPos(LCD_EN+0)
;__Lib_Lcd.c,139 :: 		
0x027A	0x200D      	CALL       _Delay_5500us
;__Lib_Lcd.c,142 :: 		
0x027B	0x1387      	BCF        LCD_D7, BitPos(LCD_D7+0)
;__Lib_Lcd.c,143 :: 		
0x027C	0x1607      	BSF        LCD_D4, BitPos(LCD_D4+0)
;__Lib_Lcd.c,144 :: 		
0x027D	0x1587      	BSF        LCD_EN, BitPos(LCD_EN+0)
;__Lib_Lcd.c,145 :: 		
0x027E	0x2003      	CALL       _Delay_1us
;__Lib_Lcd.c,146 :: 		
0x027F	0x1187      	BCF        LCD_EN, BitPos(LCD_EN+0)
;__Lib_Lcd.c,148 :: 		
0x0280	0x1207      	BCF        LCD_D4, BitPos(LCD_D4+0)
;__Lib_Lcd.c,149 :: 		
0x0281	0x1587      	BSF        LCD_EN, BitPos(LCD_EN+0)
;__Lib_Lcd.c,150 :: 		
0x0282	0x2003      	CALL       _Delay_1us
;__Lib_Lcd.c,151 :: 		
0x0283	0x1187      	BCF        LCD_EN, BitPos(LCD_EN+0)
;__Lib_Lcd.c,152 :: 		
0x0284	0x200D      	CALL       _Delay_5500us
;__Lib_Lcd.c,155 :: 		
0x0285	0x1587      	BSF        LCD_EN, BitPos(LCD_EN+0)
;__Lib_Lcd.c,156 :: 		
0x0286	0x2003      	CALL       _Delay_1us
;__Lib_Lcd.c,157 :: 		
0x0287	0x1187      	BCF        LCD_EN, BitPos(LCD_EN+0)
;__Lib_Lcd.c,159 :: 		
0x0288	0x1607      	BSF        LCD_D4, BitPos(LCD_D4+0)
;__Lib_Lcd.c,160 :: 		
0x0289	0x1587      	BSF        LCD_EN, BitPos(LCD_EN+0)
;__Lib_Lcd.c,161 :: 		
0x028A	0x2003      	CALL       _Delay_1us
;__Lib_Lcd.c,162 :: 		
0x028B	0x1187      	BCF        LCD_EN, BitPos(LCD_EN+0)
;__Lib_Lcd.c,163 :: 		
0x028C	0x200D      	CALL       _Delay_5500us
;__Lib_Lcd.c,166 :: 		
0x028D	0x1207      	BCF        LCD_D4, BitPos(LCD_D4+0)
;__Lib_Lcd.c,167 :: 		
0x028E	0x1587      	BSF        LCD_EN, BitPos(LCD_EN+0)
;__Lib_Lcd.c,168 :: 		
0x028F	0x2003      	CALL       _Delay_1us
;__Lib_Lcd.c,169 :: 		
0x0290	0x1187      	BCF        LCD_EN, BitPos(LCD_EN+0)
;__Lib_Lcd.c,171 :: 		
0x0291	0x1787      	BSF        LCD_D7, BitPos(LCD_D7+0)
;__Lib_Lcd.c,172 :: 		
0x0292	0x1707      	BSF        LCD_D6, BitPos(LCD_D6+0)
;__Lib_Lcd.c,173 :: 		
0x0293	0x1687      	BSF        LCD_D5, BitPos(LCD_D5+0)
;__Lib_Lcd.c,174 :: 		
0x0294	0x1607      	BSF        LCD_D4, BitPos(LCD_D4+0)
;__Lib_Lcd.c,175 :: 		
0x0295	0x1587      	BSF        LCD_EN, BitPos(LCD_EN+0)
;__Lib_Lcd.c,176 :: 		
0x0296	0x2003      	CALL       _Delay_1us
;__Lib_Lcd.c,177 :: 		
0x0297	0x1187      	BCF        LCD_EN, BitPos(LCD_EN+0)
;__Lib_Lcd.c,179 :: 		
0x0298	0x200D      	CALL       _Delay_5500us
;__Lib_Lcd.c,181 :: 		
0x0299	0x144A      	BSF        __Lib_Lcd_cmd_status, BitPos(__Lib_Lcd_cmd_status+0)
;__Lib_Lcd.c,182 :: 		
L_end_Lcd_Init:
0x029A	0x0008      	RETURN
; end of _Lcd_Init
_Lcd_Out:
;__Lib_Lcd.c,184 :: 		
;__Lib_Lcd.c,187 :: 		
0x029B	0x2AAD      	GOTO       L_Lcd_Out11
;__Lib_Lcd.c,188 :: 		
L_Lcd_Out13:
0x029C	0x3080      	MOVLW      128
0x029D	0x1283      	BCF        STATUS, 5
0x029E	0x1303      	BCF        STATUS, 6
0x029F	0x00CF      	MOVWF      FARG_Lcd_Out_row
0x02A0	0x2AC0      	GOTO       L_Lcd_Out12
;__Lib_Lcd.c,189 :: 		
L_Lcd_Out14:
0x02A1	0x30C0      	MOVLW      192
0x02A2	0x00CF      	MOVWF      FARG_Lcd_Out_row
0x02A3	0x2AC0      	GOTO       L_Lcd_Out12
;__Lib_Lcd.c,190 :: 		
L_Lcd_Out15:
0x02A4	0x3094      	MOVLW      148
0x02A5	0x00CF      	MOVWF      FARG_Lcd_Out_row
0x02A6	0x2AC0      	GOTO       L_Lcd_Out12
;__Lib_Lcd.c,191 :: 		
L_Lcd_Out16:
0x02A7	0x30D4      	MOVLW      212
0x02A8	0x00CF      	MOVWF      FARG_Lcd_Out_row
0x02A9	0x2AC0      	GOTO       L_Lcd_Out12
;__Lib_Lcd.c,192 :: 		
L_Lcd_Out17:
0x02AA	0x3080      	MOVLW      128
0x02AB	0x00CF      	MOVWF      FARG_Lcd_Out_row
;__Lib_Lcd.c,193 :: 		
0x02AC	0x2AC0      	GOTO       L_Lcd_Out12
L_Lcd_Out11:
0x02AD	0x1283      	BCF        STATUS, 5
0x02AE	0x1303      	BCF        STATUS, 6
0x02AF	0x084F      	MOVF       FARG_Lcd_Out_row, 0
0x02B0	0x3A01      	XORLW      1
0x02B1	0x1903      	BTFSC      STATUS, 2
0x02B2	0x2A9C      	GOTO       L_Lcd_Out13
0x02B3	0x084F      	MOVF       FARG_Lcd_Out_row, 0
0x02B4	0x3A02      	XORLW      2
0x02B5	0x1903      	BTFSC      STATUS, 2
0x02B6	0x2AA1      	GOTO       L_Lcd_Out14
0x02B7	0x084F      	MOVF       FARG_Lcd_Out_row, 0
0x02B8	0x3A03      	XORLW      3
0x02B9	0x1903      	BTFSC      STATUS, 2
0x02BA	0x2AA4      	GOTO       L_Lcd_Out15
0x02BB	0x084F      	MOVF       FARG_Lcd_Out_row, 0
0x02BC	0x3A04      	XORLW      4
0x02BD	0x1903      	BTFSC      STATUS, 2
0x02BE	0x2AA7      	GOTO       L_Lcd_Out16
0x02BF	0x2AAA      	GOTO       L_Lcd_Out17
L_Lcd_Out12:
;__Lib_Lcd.c,194 :: 		
0x02C0	0x0350      	DECF       FARG_Lcd_Out_column, 0
0x02C1	0x00F0      	MOVWF      R0
0x02C2	0x084F      	MOVF       FARG_Lcd_Out_row, 0
0x02C3	0x07F0      	ADDWF      R0, 1
0x02C4	0x0870      	MOVF       R0, 0
0x02C5	0x00CF      	MOVWF      FARG_Lcd_Out_row
;__Lib_Lcd.c,196 :: 		
0x02C6	0x0870      	MOVF       R0, 0
0x02C7	0x00D4      	MOVWF      FARG_Lcd_Cmd_out_char
0x02C8	0x2018      	CALL       _Lcd_Cmd
;__Lib_Lcd.c,197 :: 		
0x02C9	0x104A      	BCF        __Lib_Lcd_cmd_status, BitPos(__Lib_Lcd_cmd_status+0)
;__Lib_Lcd.c,198 :: 		
0x02CA	0x01D2      	CLRF       Lcd_Out_i_L0
;__Lib_Lcd.c,199 :: 		
L_Lcd_Out18:
0x02CB	0x0852      	MOVF       Lcd_Out_i_L0, 0
0x02CC	0x0751      	ADDWF      FARG_Lcd_Out_text, 0
0x02CD	0x0084      	MOVWF      FSR
0x02CE	0x0800      	MOVF       INDF, 0
0x02CF	0x1903      	BTFSC      STATUS, 2
0x02D0	0x2AD9      	GOTO       L_Lcd_Out19
;__Lib_Lcd.c,200 :: 		
0x02D1	0x0852      	MOVF       Lcd_Out_i_L0, 0
0x02D2	0x0751      	ADDWF      FARG_Lcd_Out_text, 0
0x02D3	0x0084      	MOVWF      FSR
0x02D4	0x0800      	MOVF       INDF, 0
0x02D5	0x00D3      	MOVWF      FARG_Lcd_Chr_CP_out_char
0x02D6	0x205F      	CALL       _Lcd_Chr_CP
0x02D7	0x0AD2      	INCF       Lcd_Out_i_L0, 1
0x02D8	0x2ACB      	GOTO       L_Lcd_Out18
L_Lcd_Out19:
;__Lib_Lcd.c,201 :: 		
0x02D9	0x144A      	BSF        __Lib_Lcd_cmd_status, BitPos(__Lib_Lcd_cmd_status+0)
;__Lib_Lcd.c,202 :: 		
L_end_Lcd_Out:
0x02DA	0x0008      	RETURN
; end of _Lcd_Out
_main:
0x02DB	0x23F4      	CALL       1012
;digital_voltmeter.c,25 :: 		void main() {
;digital_voltmeter.c,28 :: 		TRISA=0xFF;
0x02DC	0x30FF      	MOVLW      255
0x02DD	0x1683      	BSF        STATUS, 5
0x02DE	0x1303      	BCF        STATUS, 6
0x02DF	0x0085      	MOVWF      TRISA
;digital_voltmeter.c,31 :: 		ADCON0=0x01;
0x02E0	0x3001      	MOVLW      1
0x02E1	0x1283      	BCF        STATUS, 5
0x02E2	0x009F      	MOVWF      ADCON0
;digital_voltmeter.c,32 :: 		ADCON1=0x0E;
0x02E3	0x300E      	MOVLW      14
0x02E4	0x1683      	BSF        STATUS, 5
0x02E5	0x009F      	MOVWF      ADCON1
;digital_voltmeter.c,36 :: 		Lcd_Init();                        // Initialize LCD
0x02E6	0x224D      	CALL       _Lcd_Init
;digital_voltmeter.c,38 :: 		Lcd_Cmd(_LCD_CLEAR);               // Clear display
0x02E7	0x3001      	MOVLW      1
0x02E8	0x00D4      	MOVWF      FARG_Lcd_Cmd_out_char
0x02E9	0x2018      	CALL       _Lcd_Cmd
;digital_voltmeter.c,39 :: 		Lcd_Cmd(_LCD_CURSOR_OFF);          // Cursor off
0x02EA	0x300C      	MOVLW      12
0x02EB	0x00D4      	MOVWF      FARG_Lcd_Cmd_out_char
0x02EC	0x2018      	CALL       _Lcd_Cmd
;digital_voltmeter.c,40 :: 		LCD_Out(1,1,"EMBEDDED");
0x02ED	0x3001      	MOVLW      1
0x02EE	0x00CF      	MOVWF      FARG_Lcd_Out_row
0x02EF	0x3001      	MOVLW      1
0x02F0	0x00D0      	MOVWF      FARG_Lcd_Out_column
0x02F1	0x302F      	MOVLW      ?lstr1_digital_voltmeter
0x02F2	0x00D1      	MOVWF      FARG_Lcd_Out_text
0x02F3	0x229B      	CALL       _Lcd_Out
;digital_voltmeter.c,41 :: 		LCD_Out(2,1,"PROJECTS BLOG");
0x02F4	0x3002      	MOVLW      2
0x02F5	0x00CF      	MOVWF      FARG_Lcd_Out_row
0x02F6	0x3001      	MOVLW      1
0x02F7	0x00D0      	MOVWF      FARG_Lcd_Out_column
0x02F8	0x3021      	MOVLW      ?lstr2_digital_voltmeter
0x02F9	0x00D1      	MOVWF      FARG_Lcd_Out_text
0x02FA	0x229B      	CALL       _Lcd_Out
;digital_voltmeter.c,42 :: 		Delay_ms(1000);
0x02FB	0x3006      	MOVLW      6
0x02FC	0x00FB      	MOVWF      R11
0x02FD	0x3013      	MOVLW      19
0x02FE	0x00FC      	MOVWF      R12
0x02FF	0x30AD      	MOVLW      173
0x0300	0x00FD      	MOVWF      R13
L_main0:
0x0301	0x0BFD      	DECFSZ     R13, 1
0x0302	0x2B01      	GOTO       L_main0
0x0303	0x0BFC      	DECFSZ     R12, 1
0x0304	0x2B01      	GOTO       L_main0
0x0305	0x0BFB      	DECFSZ     R11, 1
0x0306	0x2B01      	GOTO       L_main0
0x0307	0x0000      	NOP
0x0308	0x0000      	NOP
;digital_voltmeter.c,44 :: 		do {
L_main1:
;digital_voltmeter.c,45 :: 		temp = ADC_Read(0);   // Get 10-bit results of AD conversion
0x0309	0x01CF      	CLRF       FARG_ADC_Read_channel
0x030A	0x206E      	CALL       _ADC_Read
0x030B	0x0870      	MOVF       R0, 0
0x030C	0x1283      	BCF        STATUS, 5
0x030D	0x00C6      	MOVWF      _temp
0x030E	0x0871      	MOVF       R0+1, 0
0x030F	0x00C7      	MOVWF      _temp+1
0x0310	0x01C8      	CLRF       _temp+2
0x0311	0x01C9      	CLRF       _temp+3
;digital_voltmeter.c,46 :: 		temp=temp*5000/1023;   //Convert ADC value to mV
0x0312	0x0846      	MOVF       _temp, 0
0x0313	0x00F0      	MOVWF      R0
0x0314	0x0847      	MOVF       _temp+1, 0
0x0315	0x00F1      	MOVWF      R0+1
0x0316	0x0848      	MOVF       _temp+2, 0
0x0317	0x00F2      	MOVWF      R0+2
0x0318	0x0849      	MOVF       _temp+3, 0
0x0319	0x00F3      	MOVWF      R0+3
0x031A	0x3088      	MOVLW      136
0x031B	0x00F4      	MOVWF      R4
0x031C	0x3013      	MOVLW      19
0x031D	0x00F5      	MOVWF      R4+1
0x031E	0x01F6      	CLRF       R4+2
0x031F	0x01F7      	CLRF       R4+3
0x0320	0x2092      	CALL       _Mul_32x32_U
0x0321	0x30FF      	MOVLW      255
0x0322	0x00F4      	MOVWF      R4
0x0323	0x3003      	MOVLW      3
0x0324	0x00F5      	MOVWF      R4+1
0x0325	0x01F6      	CLRF       R4+2
0x0326	0x01F7      	CLRF       R4+3
0x0327	0x20C9      	CALL       _Div_32x32_U
0x0328	0x0870      	MOVF       R0, 0
0x0329	0x00C6      	MOVWF      _temp
0x032A	0x0871      	MOVF       R0+1, 0
0x032B	0x00C7      	MOVWF      _temp+1
0x032C	0x0872      	MOVF       R0+2, 0
0x032D	0x00C8      	MOVWF      _temp+2
0x032E	0x0873      	MOVF       R0+3, 0
0x032F	0x00C9      	MOVWF      _temp+3
;digital_voltmeter.c,50 :: 		digit[0]=(temp/1000)+48;
0x0330	0x30E8      	MOVLW      232
0x0331	0x00F4      	MOVWF      R4
0x0332	0x3003      	MOVLW      3
0x0333	0x00F5      	MOVWF      R4+1
0x0334	0x01F6      	CLRF       R4+2
0x0335	0x01F7      	CLRF       R4+3
0x0336	0x20C9      	CALL       _Div_32x32_U
0x0337	0x3030      	MOVLW      48
0x0338	0x0770      	ADDWF      R0, 0
0x0339	0x00B8      	MOVWF      _digit
;digital_voltmeter.c,51 :: 		digit[2]=((temp%1000)/100)+48;
0x033A	0x30E8      	MOVLW      232
0x033B	0x00F4      	MOVWF      R4
0x033C	0x3003      	MOVLW      3
0x033D	0x00F5      	MOVWF      R4+1
0x033E	0x01F6      	CLRF       R4+2
0x033F	0x01F7      	CLRF       R4+3
0x0340	0x0846      	MOVF       _temp, 0
0x0341	0x00F0      	MOVWF      R0
0x0342	0x0847      	MOVF       _temp+1, 0
0x0343	0x00F1      	MOVWF      R0+1
0x0344	0x0848      	MOVF       _temp+2, 0
0x0345	0x00F2      	MOVWF      R0+2
0x0346	0x0849      	MOVF       _temp+3, 0
0x0347	0x00F3      	MOVWF      R0+3
0x0348	0x20C9      	CALL       _Div_32x32_U
0x0349	0x0878      	MOVF       R8, 0
0x034A	0x00F0      	MOVWF      R0
0x034B	0x0879      	MOVF       R8+1, 0
0x034C	0x00F1      	MOVWF      R0+1
0x034D	0x087A      	MOVF       R8+2, 0
0x034E	0x00F2      	MOVWF      R0+2
0x034F	0x087B      	MOVF       R8+3, 0
0x0350	0x00F3      	MOVWF      R0+3
0x0351	0x0870      	MOVF       R0, 0
0x0352	0x00CB      	MOVWF      FLOC__main
0x0353	0x0871      	MOVF       R0+1, 0
0x0354	0x00CC      	MOVWF      FLOC__main+1
0x0355	0x0872      	MOVF       R0+2, 0
0x0356	0x00CD      	MOVWF      FLOC__main+2
0x0357	0x0873      	MOVF       R0+3, 0
0x0358	0x00CE      	MOVWF      FLOC__main+3
0x0359	0x3064      	MOVLW      100
0x035A	0x00F4      	MOVWF      R4
0x035B	0x01F5      	CLRF       R4+1
0x035C	0x01F6      	CLRF       R4+2
0x035D	0x01F7      	CLRF       R4+3
0x035E	0x084B      	MOVF       FLOC__main, 0
0x035F	0x00F0      	MOVWF      R0
0x0360	0x084C      	MOVF       FLOC__main+1, 0
0x0361	0x00F1      	MOVWF      R0+1
0x0362	0x084D      	MOVF       FLOC__main+2, 0
0x0363	0x00F2      	MOVWF      R0+2
0x0364	0x084E      	MOVF       FLOC__main+3, 0
0x0365	0x00F3      	MOVWF      R0+3
0x0366	0x20C9      	CALL       _Div_32x32_U
0x0367	0x3030      	MOVLW      48
0x0368	0x0770      	ADDWF      R0, 0
0x0369	0x00BA      	MOVWF      _digit+2
;digital_voltmeter.c,52 :: 		digit[3]=(((temp%1000)%100)/10)+48;
0x036A	0x3064      	MOVLW      100
0x036B	0x00F4      	MOVWF      R4
0x036C	0x01F5      	CLRF       R4+1
0x036D	0x01F6      	CLRF       R4+2
0x036E	0x01F7      	CLRF       R4+3
0x036F	0x084B      	MOVF       FLOC__main, 0
0x0370	0x00F0      	MOVWF      R0
0x0371	0x084C      	MOVF       FLOC__main+1, 0
0x0372	0x00F1      	MOVWF      R0+1
0x0373	0x084D      	MOVF       FLOC__main+2, 0
0x0374	0x00F2      	MOVWF      R0+2
0x0375	0x084E      	MOVF       FLOC__main+3, 0
0x0376	0x00F3      	MOVWF      R0+3
0x0377	0x20C9      	CALL       _Div_32x32_U
0x0378	0x0878      	MOVF       R8, 0
0x0379	0x00F0      	MOVWF      R0
0x037A	0x0879      	MOVF       R8+1, 0
0x037B	0x00F1      	MOVWF      R0+1
0x037C	0x087A      	MOVF       R8+2, 0
0x037D	0x00F2      	MOVWF      R0+2
0x037E	0x087B      	MOVF       R8+3, 0
0x037F	0x00F3      	MOVWF      R0+3
0x0380	0x0870      	MOVF       R0, 0
0x0381	0x00CB      	MOVWF      FLOC__main
0x0382	0x0871      	MOVF       R0+1, 0
0x0383	0x00CC      	MOVWF      FLOC__main+1
0x0384	0x0872      	MOVF       R0+2, 0
0x0385	0x00CD      	MOVWF      FLOC__main+2
0x0386	0x0873      	MOVF       R0+3, 0
0x0387	0x00CE      	MOVWF      FLOC__main+3
0x0388	0x300A      	MOVLW      10
0x0389	0x00F4      	MOVWF      R4
0x038A	0x01F5      	CLRF       R4+1
0x038B	0x01F6      	CLRF       R4+2
0x038C	0x01F7      	CLRF       R4+3
0x038D	0x084B      	MOVF       FLOC__main, 0
0x038E	0x00F0      	MOVWF      R0
0x038F	0x084C      	MOVF       FLOC__main+1, 0
0x0390	0x00F1      	MOVWF      R0+1
0x0391	0x084D      	MOVF       FLOC__main+2, 0
0x0392	0x00F2      	MOVWF      R0+2
0x0393	0x084E      	MOVF       FLOC__main+3, 0
0x0394	0x00F3      	MOVWF      R0+3
0x0395	0x20C9      	CALL       _Div_32x32_U
0x0396	0x3030      	MOVLW      48
0x0397	0x0770      	ADDWF      R0, 0
0x0398	0x00BB      	MOVWF      _digit+3
;digital_voltmeter.c,53 :: 		digit[4]=(((temp%1000)%100)%10)+48;
0x0399	0x300A      	MOVLW      10
0x039A	0x00F4      	MOVWF      R4
0x039B	0x01F5      	CLRF       R4+1
0x039C	0x01F6      	CLRF       R4+2
0x039D	0x01F7      	CLRF       R4+3
0x039E	0x084B      	MOVF       FLOC__main, 0
0x039F	0x00F0      	MOVWF      R0
0x03A0	0x084C      	MOVF       FLOC__main+1, 0
0x03A1	0x00F1      	MOVWF      R0+1
0x03A2	0x084D      	MOVF       FLOC__main+2, 0
0x03A3	0x00F2      	MOVWF      R0+2
0x03A4	0x084E      	MOVF       FLOC__main+3, 0
0x03A5	0x00F3      	MOVWF      R0+3
0x03A6	0x20C9      	CALL       _Div_32x32_U
0x03A7	0x0878      	MOVF       R8, 0
0x03A8	0x00F0      	MOVWF      R0
0x03A9	0x0879      	MOVF       R8+1, 0
0x03AA	0x00F1      	MOVWF      R0+1
0x03AB	0x087A      	MOVF       R8+2, 0
0x03AC	0x00F2      	MOVWF      R0+2
0x03AD	0x087B      	MOVF       R8+3, 0
0x03AE	0x00F3      	MOVWF      R0+3
0x03AF	0x3030      	MOVLW      48
0x03B0	0x0770      	ADDWF      R0, 0
0x03B1	0x00BC      	MOVWF      _digit+4
;digital_voltmeter.c,55 :: 		LCD_Cmd(_LCD_CLEAR);
0x03B2	0x3001      	MOVLW      1
0x03B3	0x00D4      	MOVWF      FARG_Lcd_Cmd_out_char
0x03B4	0x2018      	CALL       _Lcd_Cmd
;digital_voltmeter.c,56 :: 		LCD_Out(1,1,digit);
0x03B5	0x3001      	MOVLW      1
0x03B6	0x00CF      	MOVWF      FARG_Lcd_Out_row
0x03B7	0x3001      	MOVLW      1
0x03B8	0x00D0      	MOVWF      FARG_Lcd_Out_column
0x03B9	0x3038      	MOVLW      _digit
0x03BA	0x00D1      	MOVWF      FARG_Lcd_Out_text
0x03BB	0x229B      	CALL       _Lcd_Out
;digital_voltmeter.c,59 :: 		Delay_ms(500);
0x03BC	0x3003      	MOVLW      3
0x03BD	0x00FB      	MOVWF      R11
0x03BE	0x308A      	MOVLW      138
0x03BF	0x00FC      	MOVWF      R12
0x03C0	0x3055      	MOVLW      85
0x03C1	0x00FD      	MOVWF      R13
L_main4:
0x03C2	0x0BFD      	DECFSZ     R13, 1
0x03C3	0x2BC2      	GOTO       L_main4
0x03C4	0x0BFC      	DECFSZ     R12, 1
0x03C5	0x2BC2      	GOTO       L_main4
0x03C6	0x0BFB      	DECFSZ     R11, 1
0x03C7	0x2BC2      	GOTO       L_main4
0x03C8	0x0000      	NOP
0x03C9	0x0000      	NOP
;digital_voltmeter.c,61 :: 		} while(1);
0x03CA	0x2B09      	GOTO       L_main1
;digital_voltmeter.c,62 :: 		}
L_end_main:
0x03CB	0x2BCB      	GOTO       $+0
; end of _main
0x03F4	0x3021      	MOVLW      33
0x03F5	0x0084      	MOVWF      FSR
0x03F6	0x3023      	MOVLW      35
0x03F7	0x1283      	BCF        STATUS, 5
0x03F8	0x1303      	BCF        STATUS, 6
0x03F9	0x00F0      	MOVWF      R0
0x03FA	0x30D1      	MOVLW      209
0x03FB	0x00C4      	MOVWF      ___DoICPAddr
0x03FC	0x3003      	MOVLW      3
0x03FD	0x00C5      	MOVWF      69
0x03FE	0x2241      	CALL       577
0x03FF	0x0008      	RETURN
;digital_voltmeter.c,0 :: ?ICS?lstr2_digital_voltmeter
0x03D1	0x3450 ;?ICS?lstr2_digital_voltmeter+0
0x03D2	0x3452 ;?ICS?lstr2_digital_voltmeter+1
0x03D3	0x344F ;?ICS?lstr2_digital_voltmeter+2
0x03D4	0x344A ;?ICS?lstr2_digital_voltmeter+3
0x03D5	0x3445 ;?ICS?lstr2_digital_voltmeter+4
0x03D6	0x3443 ;?ICS?lstr2_digital_voltmeter+5
0x03D7	0x3454 ;?ICS?lstr2_digital_voltmeter+6
0x03D8	0x3453 ;?ICS?lstr2_digital_voltmeter+7
0x03D9	0x3420 ;?ICS?lstr2_digital_voltmeter+8
0x03DA	0x3442 ;?ICS?lstr2_digital_voltmeter+9
0x03DB	0x344C ;?ICS?lstr2_digital_voltmeter+10
0x03DC	0x344F ;?ICS?lstr2_digital_voltmeter+11
0x03DD	0x3447 ;?ICS?lstr2_digital_voltmeter+12
0x03DE	0x3400 ;?ICS?lstr2_digital_voltmeter+13
; end of ?ICS?lstr2_digital_voltmeter
;digital_voltmeter.c,0 :: ?ICS?lstr1_digital_voltmeter
0x03DF	0x3445 ;?ICS?lstr1_digital_voltmeter+0
0x03E0	0x344D ;?ICS?lstr1_digital_voltmeter+1
0x03E1	0x3442 ;?ICS?lstr1_digital_voltmeter+2
0x03E2	0x3445 ;?ICS?lstr1_digital_voltmeter+3
0x03E3	0x3444 ;?ICS?lstr1_digital_voltmeter+4
0x03E4	0x3444 ;?ICS?lstr1_digital_voltmeter+5
0x03E5	0x3445 ;?ICS?lstr1_digital_voltmeter+6
0x03E6	0x3444 ;?ICS?lstr1_digital_voltmeter+7
0x03E7	0x3400 ;?ICS?lstr1_digital_voltmeter+8
; end of ?ICS?lstr1_digital_voltmeter
;digital_voltmeter.c,0 :: ?ICS_digit
0x03E8	0x3430 ;?ICS_digit+0
0x03E9	0x342E ;?ICS_digit+1
0x03EA	0x3430 ;?ICS_digit+2
0x03EB	0x3430 ;?ICS_digit+3
0x03EC	0x3430 ;?ICS_digit+4
0x03ED	0x3420 ;?ICS_digit+5
0x03EE	0x3456 ;?ICS_digit+6
0x03EF	0x344F ;?ICS_digit+7
0x03F0	0x344C ;?ICS_digit+8
0x03F1	0x3454 ;?ICS_digit+9
0x03F2	0x3453 ;?ICS_digit+10
0x03F3	0x3400 ;?ICS_digit+11
; end of ?ICS_digit
Symbol List:
//** Routines locations **
//ADDRESS    SIZE    PROCEDURE
//----------------------------------------------
0x0003       [2]    _Delay_1us
0x0005       [8]    _Delay_50us
0x000D      [11]    _Delay_5500us
0x0018      [64]    _Lcd_Cmd
0x0058       [7]    _Delay_22us
0x005F       [8]    _Lcd_Chr_CP
0x0067       [7]    _____DoICP
0x006E      [36]    _ADC_Read
0x0092      [55]    _Mul_32x32_U
0x00C9     [376]    _Div_32x32_U
0x0241      [12]    ___CC2DW
0x024D      [78]    _Lcd_Init
0x029B      [64]    _Lcd_Out
0x02DB     [240]    _main
//** Variables locations ** 
//ADDRESS    SIZE    VARIABLE
//----------------------------------------------
0x0000       [1]    INDF
0x0002       [1]    PCL
0x0003       [1]    STATUS
0x0004       [1]    FSR
0x0007       [0]    LCD_EN
0x0007       [0]    LCD_RS
0x0007       [0]    RC7_bit
0x0007       [0]    LCD_D4
0x0007       [0]    LCD_D7
0x0007       [0]    LCD_D6
0x0007       [0]    LCD_D5
0x0007       [0]    RC2_bit
0x0007       [0]    RC3_bit
0x0007       [0]    RC6_bit
0x0007       [0]    RC5_bit
0x0007       [0]    RC4_bit
0x000A       [1]    PCLATH
0x001E       [1]    ADRESH
0x001F       [1]    ADCON0
0x0020       [1]    ___math_tempb
0x0021      [14]    ?lstr2_digital_voltmeter
0x002F       [9]    ?lstr1_digital_voltmeter
0x0038      [12]    _digit
0x0044       [2]    ___DoICPAddr
0x0046       [4]    _temp
0x004A       [0]    __Lib_Lcd_cmd_status
0x004B       [4]    FLOC__main
0x004F       [1]    FARG_Lcd_Out_row
0x004F       [1]    FARG_ADC_Read_channel
0x0050       [1]    FARG_Lcd_Out_column
0x0051       [1]    FARG_Lcd_Out_text
0x0052       [1]    Lcd_Out_i_L0
0x0053       [1]    FARG_Lcd_Chr_CP_out_char
0x0054       [1]    FARG_Lcd_Cmd_out_char
0x0070       [1]    R0
0x0071       [1]    R1
0x0072       [1]    R2
0x0073       [1]    R3
0x0074       [1]    R4
0x0075       [1]    R5
0x0076       [1]    R6
0x0077       [1]    R7
0x0078       [1]    R8
0x0079       [1]    R9
0x007A       [1]    R10
0x007B       [1]    R11
0x007C       [1]    R12
0x007D       [1]    R13
0x007E       [1]    R14
0x007F       [1]    R15
0x0085       [1]    TRISA
0x0087       [0]    LCD_D4_Direction
0x0087       [0]    LCD_EN_Direction
0x0087       [0]    LCD_RS_Direction
0x0087       [0]    LCD_D5_Direction
0x0087       [0]    LCD_D7_Direction
0x0087       [0]    LCD_D6_Direction
0x0087       [0]    TRISC5_bit
0x0087       [0]    TRISC6_bit
0x0087       [0]    TRISC7_bit
0x0087       [0]    TRISC4_bit
0x0087       [0]    TRISC2_bit
0x0087       [0]    TRISC3_bit
0x009E       [1]    ADRESL
0x009F       [1]    ADCON1
//** Constants locations ** 
//ADDRESS    SIZE    CONSTANT
//----------------------------------------------
0x03D1      [14]    ?ICS?lstr2_digital_voltmeter
0x03DF       [9]    ?ICS?lstr1_digital_voltmeter
0x03E8      [12]    ?ICS_digit
//** Label List: ** 
//----------------------------------------------
  L_main0
  L_main1
  L_main2
  L_main3
  L_main4
  L_end_main
  _main
  L_ADC_Get_Sample0
  L_ADC_Get_Sample1
  L_ADC_Read2
  L_ADC_Read3
  L_end_ADC_Init
  _ADC_Init
  L_end_ADC_Get_Sample
  _ADC_Get_Sample
  L_end_ADC_Read
  _ADC_Read
  L_Delay_10us0
  L_Delay_22us1
  L_Delay_50us2
  L_Delay_80us3
  L_Delay_500us4
  L_Delay_5500us5
  L_Delay_1ms6
  L_Delay_5ms7
  L_Delay_8ms8
  L_Delay_10ms9
  L_Delay_100ms10
  L_Delay_1sec11
  L_boot16_Delay_5ms12
  L_Delay_Cyc13
  L_Delay_Cyc14
  L_VDelay_ms15
  L_VDelay_ms16
  L_VDelay_ms17
  L_VDelay_Advanced_ms18
  L_VDelay_Advanced_ms19
  L_VDelay_Advanced_ms20
  L_end_Get_Fosc_kHz
  _Get_Fosc_kHz
  L_end_Delay_1us
  _Delay_1us
  L_end_Delay_10us
  _Delay_10us
  L_end_Delay_22us
  _Delay_22us
  L_end_Delay_50us
  _Delay_50us
  L_end_Delay_80us
  _Delay_80us
  L_end_Delay_500us
  _Delay_500us
  L_end_Delay_5500us
  _Delay_5500us
  L_end_Delay_1ms
  _Delay_1ms
  L_end_Delay_5ms
  _Delay_5ms
  L_end_Delay_8ms
  _Delay_8ms
  L_end_Delay_10ms
  _Delay_10ms
  L_end_Delay_100ms
  _Delay_100ms
  L_end_Delay_1sec
  _Delay_1sec
  L_end_boot16_Delay_5ms
  _boot16_Delay_5ms
  L_end_Delay_Cyc
  _Delay_Cyc
  L_end_VDelay_ms
  _VDelay_ms
  L__VDelay_ms38
  L__VDelay_ms39
  L__VDelay_ms40
  L_end_VDelay_Advanced_ms
  _VDelay_Advanced_ms
  L__VDelay_Advanced_ms42
  L__VDelay_Advanced_ms43
  L__VDelay_Advanced_ms44
  L_Lcd_Cmd0
  L_Lcd_Cmd1
  L_Lcd_Out_CP2
  L_Lcd_Out_CP3
  L_Lcd_Chr4
  L_Lcd_Chr5
  L_Lcd_Chr6
  L_Lcd_Chr7
  L_Lcd_Chr8
  L_Lcd_Chr9
  L_Lcd_Chr10
  L_Lcd_Out11
  L_Lcd_Out12
  L_Lcd_Out13
  L_Lcd_Out14
  L_Lcd_Out15
  L_Lcd_Out16
  L_Lcd_Out17
  L_Lcd_Out18
  L_Lcd_Out19
  L_end_Lcd_Cmd
  _Lcd_Cmd
  L__Lcd_Cmd21
  L__Lcd_Cmd22
  L__Lcd_Cmd23
  L__Lcd_Cmd24
  L__Lcd_Cmd25
  L__Lcd_Cmd26
  L__Lcd_Cmd27
  L__Lcd_Cmd28
  L__Lcd_Cmd29
  L__Lcd_Cmd30
  L__Lcd_Cmd31
  L__Lcd_Cmd32
  L__Lcd_Cmd33
  L__Lcd_Cmd34
  L__Lcd_Cmd35
  L__Lcd_Cmd36
  L__Lcd_Cmd37
  L__Lcd_Cmd38
  L__Lcd_Cmd39
  L__Lcd_Cmd40
  L_end_Lcd_Chr_CP
  _Lcd_Chr_CP
  L_end_Lcd_Out_CP
  _Lcd_Out_CP
  L_end_Lcd_Chr
  _Lcd_Chr
  L_end_Lcd_Init
  _Lcd_Init
  L_end_Lcd_Out
  _Lcd_Out
  L_Div_16x16_S0
  L_Div_16x16_S1
  LOOPS3232A
  SADD22LA
  SOK22LA
  SADD22L8
  SOK22L8
  LOOPS3232B
  SADD22LB
  SOK22LB
  SADD22L16
  SOK22L16
  LOOPS3232C
  SADD22LC
  SOK22LC
  SADD22L24
  SOK22L24
  LOOPS3232D
  SADD22LD
  SOK22LD
  SOK22L
  L_Div_32x32_S6
  L_Div_32x32_S7
  L_Div_32x32_S8
  L_Div_32x32_S9
  FXD3232S
  END_ALL
  CA3232S
  C3232SX
  C3232SX1
  C3232S
  C3232S2
  C3232SX4
  C3232SOK
  C3232SX3
  C3232SX2
  avoid_comfrem
  LOOPU3232A
  UADD22LA
  UOK22LA
  UADD22L8
  UOK22L8
  LOOPU3232B
  UADD22LB
  UOK22LB
  UADD22L16
  UOK22L16
  LOOPU3232C
  UADD22LC
  UOK22LC
  UADD22L24
  UOK22L24
  LOOPU3232D
  UADD22LD
  UOK22LD
  UOK22L
  _NEXT
  _EXIT2
  _LOOP
  _EXIT1
  _IF_FIRST
  _IF_SECOND
  _INVERCE_FIRST
  _MULT
  _INBERSE_SECOND
  _EXIT
  L_end_Mul_8x8_U
  _Mul_8x8_U
  L_end_Mul_16x16_U
  _Mul_16x16_U
  L_end_Div_8x8_U
  _Div_8x8_U
  L_end_Div_16x16_U
  _Div_16x16_U
  L_end_Mul_8x8_S
  _Mul_8x8_S
  L_end_Mul_16x16_S
  _Mul_16x16_S
  L_end_Div_16x16_S_L
  _Div_16x16_S_L
  L_end_Div_16x16_S
  _Div_16x16_S
  L_end_Div_8x8_S
  _Div_8x8_S
  L_end_SDIV3232L
  _SDIV3232L
  L_end_COMFREM
  _COMFREM
  L_end_Div_32x32_S
  _Div_32x32_S
  L_end_Div_32x32_U
  _Div_32x32_U
  L_end_Mul_32x32_U
  _Mul_32x32_U
  L_end_Mul_32x32_S
  _Mul_32x32_S
  L_loopCA2AWs
  L_CA2AWend
  _CCA2AW_Loop1
  L_loopCS2Ss
  L_CS2Send
  _CCS2S_Loop1
  L_CCS2Send
  L_loopFZinSWs
  L_FZinSend
  _CC2D_Loop1
  L_end_____DoICP
  _____DoICP
  L_end_____DoIFC
  _____DoIFC
  L_end___CA2AW
  ___CA2AW
  L_end___CCA2AW
  ___CCA2AW
  L_end___CS2S
  ___CS2S
  L_end___CCS2S
  ___CCS2S
  L_end___FZinS
  ___FZinS
  L_end___CC2DW
  ___CC2DW
  L_end_Swap
  _Swap
