C51 COMPILER V9.53.0.0   PUSH_SWITCH                                                       02/28/2015 07:08:15 PAGE 1   


C51 COMPILER V9.53.0.0, COMPILATION OF MODULE PUSH_SWITCH
OBJECT MODULE PLACED IN push switch.OBJ
COMPILER INVOKED BY: C:\Keil_v5\C51\BIN\C51.EXE push switch.c OPTIMIZE(8,SPEED) BROWSE DEBUG OBJECTEXTEND

line level    source

   1          #include<reg52.h> /* special function register declarations   */
   2                            /* for the intended 8051 derivative         */
   3          #include<stdio.h> /* prototype declarations for I/O functions */
   4          
   5          sbit buzzer_pin = P2^0;     //Defining LED PIN
   6          sbit switch_pin = P0^0;  //Defining Switch PIN
   7          
   8          void Delay(int); //Function prototype declaration
   9          void main (void) 
  10          {
  11   1              P2 = 0;
  12   1              P0 = 1;
  13   1         switch_pin = 1; // Making Switch PIN input
  14   1         buzzer_pin = 0;    //Making LED pin output
  15   1      
  16   1         while(1)     //infinite loop 
  17   1         {
  18   2            if(switch_pin == 1) //If switch pressed
  19   2            {
  20   3               buzzer_pin = 1; //LED ON
  21   3               Delay(1000); //Delay
  22   3               buzzer_pin = 0; //LED OFF      
  23   3            }
  24   2         }
  25   1      }
  26          
  27          void Delay(int k)
  28          {
  29   1          int j;
  30   1          int i;
  31   1          for(i=0;i<k;i++)
  32   1          {
  33   2              for(j=0;j<100;j++)
  34   2              {
  35   3              }
  36   2          }
  37   1      }


MODULE INFORMATION:   STATIC OVERLAYABLE
   CODE SIZE        =     64    ----
   CONSTANT SIZE    =   ----    ----
   XDATA SIZE       =   ----    ----
   PDATA SIZE       =   ----    ----
   DATA SIZE        =   ----    ----
   IDATA SIZE       =   ----    ----
   BIT SIZE         =   ----    ----
END OF MODULE INFORMATION.


C51 COMPILATION COMPLETE.  0 WARNING(S),  0 ERROR(S)
