;  LST file generated by mikroListExporter - v.2.0 
; Date/Time: 5/28/2015 7:38:06 PM
;----------------------------------------------

;Address Opcode 	ASM
0x0000	0x2816      	GOTO       22
_____DoICP:
;__Lib_System.c,6 :: 		
;__Lib_System.c,9 :: 		
0x0003	0x1283      	BCF        STATUS, 5
0x0004	0x1303      	BCF        STATUS, 6
0x0005	0x085D      	MOVF       ___DoICPAddr+1, 0
0x0006	0x008A      	MOVWF      PCLATH
;__Lib_System.c,10 :: 		
0x0007	0x085C      	MOVF       ___DoICPAddr, 0
0x0008	0x0082      	MOVWF      PCL
;__Lib_System.c,12 :: 		
L_end_____DoICP:
0x0009	0x0008      	RETURN
; end of _____DoICP
___CC2DW:
;__Lib_System.c,134 :: 		
;__Lib_System.c,137 :: 		
_CC2D_Loop1:
;__Lib_System.c,139 :: 		
0x000A	0x2003      	CALL       _____DoICP
0x000B	0x118A      	BCF        PCLATH, 3
0x000C	0x120A      	BCF        PCLATH, 4
;__Lib_System.c,141 :: 		
0x000D	0x0080      	MOVWF      INDF
;__Lib_System.c,142 :: 		
0x000E	0x0A84      	INCF       FSR, 1
;__Lib_System.c,143 :: 		
0x000F	0x0ADC      	INCF       ___DoICPAddr, 1
;__Lib_System.c,145 :: 		
0x0010	0x1903      	BTFSC      STATUS, 2
;__Lib_System.c,146 :: 		
0x0011	0x0ADD      	INCF       ___DoICPAddr+1, 1
;__Lib_System.c,147 :: 		
0x0012	0x03F0      	DECF       R0, 1
;__Lib_System.c,149 :: 		
0x0013	0x1D03      	BTFSS      STATUS, 2
;__Lib_System.c,150 :: 		
0x0014	0x280A      	GOTO       _CC2D_Loop1
;__Lib_System.c,152 :: 		
L_end___CC2DW:
0x0015	0x0008      	RETURN
; end of ___CC2DW
_main:
0x0016	0x2094      	CALL       148
;dot_matrix.c,14 :: 		void main() {
;dot_matrix.c,16 :: 		unsigned char k,l,m=0,n;
0x0017	0x1283      	BCF        STATUS, 5
0x0018	0x1303      	BCF        STATUS, 6
0x0019	0x01DE      	CLRF       main_m_L0
;dot_matrix.c,17 :: 		trisb=0;
0x001A	0x1683      	BSF        STATUS, 5
0x001B	0x0186      	CLRF       TRISB
;dot_matrix.c,18 :: 		trisd=0;
0x001C	0x0188      	CLRF       TRISD
;dot_matrix.c,19 :: 		while(1)
L_main0:
;dot_matrix.c,22 :: 		for(n=0;n<100;n++)
0x001D	0x01F3      	CLRF       R3
L_main2:
0x001E	0x3064      	MOVLW      100
0x001F	0x0273      	SUBWF      R3, 0
0x0020	0x1803      	BTFSC      STATUS, 0
0x0021	0x284D      	GOTO       L_main3
;dot_matrix.c,24 :: 		for(k=0;k<6;k++)
0x0022	0x01F1      	CLRF       R1
L_main5:
0x0023	0x3006      	MOVLW      6
0x0024	0x0271      	SUBWF      R1, 0
0x0025	0x1803      	BTFSC      STATUS, 0
0x0026	0x2843      	GOTO       L_main6
;dot_matrix.c,26 :: 		portb=b[l];
0x0027	0x0872      	MOVF       R2, 0
0x0028	0x3E2A      	ADDLW      _b
0x0029	0x0084      	MOVWF      FSR
0x002A	0x0800      	MOVF       INDF, 0
0x002B	0x1283      	BCF        STATUS, 5
0x002C	0x0086      	MOVWF      PORTB
;dot_matrix.c,27 :: 		portd=ch[k];
0x002D	0x0871      	MOVF       R1, 0
0x002E	0x3E20      	ADDLW      _ch
0x002F	0x0084      	MOVWF      FSR
0x0030	0x0800      	MOVF       INDF, 0
0x0031	0x0088      	MOVWF      PORTD
;dot_matrix.c,29 :: 		delay_ms(3);
0x0032	0x3004      	MOVLW      4
0x0033	0x00FC      	MOVWF      R12
0x0034	0x30E4      	MOVLW      228
0x0035	0x00FD      	MOVWF      R13
L_main8:
0x0036	0x0BFD      	DECFSZ     R13, 1
0x0037	0x2836      	GOTO       L_main8
0x0038	0x0BFC      	DECFSZ     R12, 1
0x0039	0x2836      	GOTO       L_main8
0x003A	0x0000      	NOP
;dot_matrix.c,30 :: 		l++;
0x003B	0x0AF2      	INCF       R2, 1
;dot_matrix.c,31 :: 		if(l==29){l=0;}
0x003C	0x0872      	MOVF       R2, 0
0x003D	0x3A1D      	XORLW      29
0x003E	0x1D03      	BTFSS      STATUS, 2
0x003F	0x2841      	GOTO       L_main9
0x0040	0x01F2      	CLRF       R2
L_main9:
;dot_matrix.c,24 :: 		for(k=0;k<6;k++)
0x0041	0x0AF1      	INCF       R1, 1
;dot_matrix.c,32 :: 		}
0x0042	0x2823      	GOTO       L_main5
L_main6:
0x0043	0x1283      	BCF        STATUS, 5
;dot_matrix.c,33 :: 		l=m;
0x0044	0x085E      	MOVF       main_m_L0, 0
0x0045	0x00F2      	MOVWF      R2
;dot_matrix.c,34 :: 		if(m==29){m=0;}
0x0046	0x085E      	MOVF       main_m_L0, 0
0x0047	0x3A1D      	XORLW      29
0x0048	0x1D03      	BTFSS      STATUS, 2
0x0049	0x284B      	GOTO       L_main10
0x004A	0x01DE      	CLRF       main_m_L0
L_main10:
;dot_matrix.c,22 :: 		for(n=0;n<100;n++)
0x004B	0x0AF3      	INCF       R3, 1
;dot_matrix.c,35 :: 		}
0x004C	0x281E      	GOTO       L_main2
L_main3:
0x004D	0x1283      	BCF        STATUS, 5
;dot_matrix.c,36 :: 		m++;
0x004E	0x0ADE      	INCF       main_m_L0, 1
;dot_matrix.c,37 :: 		l=m;
0x004F	0x085E      	MOVF       main_m_L0, 0
0x0050	0x00F2      	MOVWF      R2
;dot_matrix.c,38 :: 		}
0x0051	0x281D      	GOTO       L_main0
;dot_matrix.c,39 :: 		}
L_end_main:
0x0052	0x2852      	GOTO       $+0
; end of _main
0x0094	0x3020      	MOVLW      32
0x0095	0x0084      	MOVWF      FSR
0x0096	0x303C      	MOVLW      60
0x0097	0x1283      	BCF        STATUS, 5
0x0098	0x1303      	BCF        STATUS, 6
0x0099	0x00F0      	MOVWF      R0
0x009A	0x3058      	MOVLW      88
0x009B	0x00DC      	MOVWF      ___DoICPAddr
0x009C	0x3000      	MOVLW      0
0x009D	0x00DD      	MOVWF      93
0x009E	0x200A      	CALL       10
0x009F	0x0008      	RETURN
;dot_matrix.c,0 :: ?ICS_ch
0x0058	0x3401 ;?ICS_ch+0
0x0059	0x3402 ;?ICS_ch+1
0x005A	0x3404 ;?ICS_ch+2
0x005B	0x3408 ;?ICS_ch+3
0x005C	0x3410 ;?ICS_ch+4
0x005D	0x3400 ;?ICS_ch+5
0x005E	0x3400 ;?ICS_ch+6
0x005F	0x3400 ;?ICS_ch+7
0x0060	0x3400 ;?ICS_ch+8
0x0061	0x3400 ;?ICS_ch+9
; end of ?ICS_ch
;dot_matrix.c,0 :: ?ICS_b
0x0062	0x34C1 ;?ICS_b+0
0x0063	0x34B7 ;?ICS_b+1
0x0064	0x34B7 ;?ICS_b+2
0x0065	0x34C1 ;?ICS_b+3
0x0066	0x34FF ;?ICS_b+4
0x0067	0x3481 ;?ICS_b+5
0x0068	0x34BD ;?ICS_b+6
0x0069	0x34BD ;?ICS_b+7
0x006A	0x34C3 ;?ICS_b+8
0x006B	0x34FF ;?ICS_b+9
0x006C	0x34FF ;?ICS_b+10
0x006D	0x34BD ;?ICS_b+11
0x006E	0x3481 ;?ICS_b+12
0x006F	0x34BD ;?ICS_b+13
0x0070	0x34FF ;?ICS_b+14
0x0071	0x34FF ;?ICS_b+15
0x0072	0x34BF ;?ICS_b+16
0x0073	0x3481 ;?ICS_b+17
0x0074	0x34BF ;?ICS_b+18
0x0075	0x34FF ;?ICS_b+19
0x0076	0x3481 ;?ICS_b+20
0x0077	0x34B7 ;?ICS_b+21
0x0078	0x34B3 ;?ICS_b+22
0x0079	0x34CD ;?ICS_b+23
0x007A	0x34FF ;?ICS_b+24
0x007B	0x3499 ;?ICS_b+25
0x007C	0x34E7 ;?ICS_b+26
0x007D	0x34E7 ;?ICS_b+27
0x007E	0x3499 ;?ICS_b+28
0x007F	0x34FF ;?ICS_b+29
0x0080	0x3481 ;?ICS_b+30
0x0081	0x34E7 ;?ICS_b+31
0x0082	0x34DB ;?ICS_b+32
0x0083	0x34BD ;?ICS_b+33
0x0084	0x34FF ;?ICS_b+34
0x0085	0x3400 ;?ICS_b+35
0x0086	0x3400 ;?ICS_b+36
0x0087	0x3400 ;?ICS_b+37
0x0088	0x3400 ;?ICS_b+38
0x0089	0x3400 ;?ICS_b+39
0x008A	0x3400 ;?ICS_b+40
0x008B	0x3400 ;?ICS_b+41
0x008C	0x3400 ;?ICS_b+42
0x008D	0x3400 ;?ICS_b+43
0x008E	0x3400 ;?ICS_b+44
0x008F	0x3400 ;?ICS_b+45
0x0090	0x3400 ;?ICS_b+46
0x0091	0x3400 ;?ICS_b+47
0x0092	0x3400 ;?ICS_b+48
0x0093	0x3400 ;?ICS_b+49
; end of ?ICS_b
Symbol List:
//** Routines locations **
//ADDRESS    SIZE    PROCEDURE
//----------------------------------------------
0x0003       [7]    _____DoICP
0x000A      [12]    ___CC2DW
0x0016      [60]    _main
//** Variables locations ** 
//ADDRESS    SIZE    VARIABLE
//----------------------------------------------
0x0000       [1]    INDF
0x0002       [1]    PCL
0x0003       [1]    STATUS
0x0004       [1]    FSR
0x0006       [1]    PORTB
0x0008       [1]    PORTD
0x000A       [1]    PCLATH
0x0020      [10]    _ch
0x002A      [50]    _b
0x005C       [2]    ___DoICPAddr
0x005E       [1]    main_m_L0
0x0070       [1]    R0
0x0071       [1]    R1
0x0072       [1]    R2
0x0073       [1]    R3
0x0074       [1]    R4
0x0075       [1]    R5
0x0076       [1]    R6
0x0077       [1]    R7
0x0078       [1]    R8
0x0079       [1]    R9
0x007A       [1]    R10
0x007B       [1]    R11
0x007C       [1]    R12
0x007D       [1]    R13
0x007E       [1]    R14
0x007F       [1]    R15
0x0086       [1]    TRISB
0x0088       [1]    TRISD
//** Constants locations ** 
//ADDRESS    SIZE    CONSTANT
//----------------------------------------------
0x0058      [10]    ?ICS_ch
0x0062      [50]    ?ICS_b
//** Label List: ** 
//----------------------------------------------
  L_main0
  L_main1
  L_main2
  L_main3
  L_main4
  L_main5
  L_main6
  L_main7
  L_main8
  L_main9
  L_main10
  L_end_main
  _main
  L_loopCA2AWs
  L_CA2AWend
  _CCA2AW_Loop1
  L_loopCS2Ss
  L_CS2Send
  _CCS2S_Loop1
  L_CCS2Send
  L_loopFZinSWs
  L_FZinSend
  _CC2D_Loop1
  L_end_____DoICP
  _____DoICP
  L_end_____DoIFC
  _____DoIFC
  L_end___CA2AW
  ___CA2AW
  L_end___CCA2AW
  ___CCA2AW
  L_end___CS2S
  ___CS2S
  L_end___CCS2S
  ___CCS2S
  L_end___FZinS
  ___FZinS
  L_end___CC2DW
  ___CC2DW
  L_end_Swap
  _Swap
