;  LST file generated by mikroListExporter - v.2.0 
; Date/Time: 5/8/2015 6:27:00 PM
;----------------------------------------------

;Address Opcode 	ASM
0x0000	0x2877      	GOTO       119
_UART1_Write:
;__Lib_UART_c67.c,39 :: 		
;__Lib_UART_c67.c,40 :: 		
L_UART1_Write3:
0x0003	0x1683      	BSF        STATUS, 5
0x0004	0x1303      	BCF        STATUS, 6
0x0005	0x1898      	BTFSC      TXSTA, 1
0x0006	0x2809      	GOTO       L_UART1_Write4
;__Lib_UART_c67.c,41 :: 		
0x0007	0x0000      	NOP
0x0008	0x2803      	GOTO       L_UART1_Write3
L_UART1_Write4:
;__Lib_UART_c67.c,42 :: 		
0x0009	0x0821      	MOVF       FARG_UART1_Write_data_, 0
0x000A	0x1283      	BCF        STATUS, 5
0x000B	0x0099      	MOVWF      TXREG
;__Lib_UART_c67.c,43 :: 		
L_end_UART1_Write:
0x000C	0x0008      	RETURN
; end of _UART1_Write
_send_to_modem1:
;keypad.c,15 :: 		void send_to_modem1(char *s)
;keypad.c,17 :: 		while(*s)
L_send_to_modem12:
0x000D	0x1683      	BSF        STATUS, 5
0x000E	0x1303      	BCF        STATUS, 6
0x000F	0x0820      	MOVF       FARG_send_to_modem1_s, 0
0x0010	0x0084      	MOVWF      FSR
0x0011	0x0800      	MOVF       INDF, 0
0x0012	0x1903      	BTFSC      STATUS, 2
0x0013	0x281C      	GOTO       L_send_to_modem13
;keypad.c,18 :: 		UART1_WRITE(*s++);
0x0014	0x0820      	MOVF       FARG_send_to_modem1_s, 0
0x0015	0x0084      	MOVWF      FSR
0x0016	0x0800      	MOVF       INDF, 0
0x0017	0x00A1      	MOVWF      FARG_UART1_Write_data_
0x0018	0x2003      	CALL       _UART1_Write
0x0019	0x1683      	BSF        STATUS, 5
0x001A	0x0AA0      	INCF       FARG_send_to_modem1_s, 1
0x001B	0x280D      	GOTO       L_send_to_modem12
L_send_to_modem13:
;keypad.c,19 :: 		}
L_end_send_to_modem1:
0x001C	0x0008      	RETURN
; end of _send_to_modem1
_____DoICP:
;__Lib_System.c,6 :: 		
;__Lib_System.c,9 :: 		
0x001D	0x1283      	BCF        STATUS, 5
0x001E	0x1303      	BCF        STATUS, 6
0x001F	0x086E      	MOVF       ___DoICPAddr+1, 0
0x0020	0x008A      	MOVWF      PCLATH
;__Lib_System.c,10 :: 		
0x0021	0x086D      	MOVF       ___DoICPAddr, 0
0x0022	0x0082      	MOVWF      PCL
;__Lib_System.c,12 :: 		
L_end_____DoICP:
0x0023	0x0008      	RETURN
; end of _____DoICP
___CC2DW:
;__Lib_System.c,134 :: 		
;__Lib_System.c,137 :: 		
_CC2D_Loop1:
;__Lib_System.c,139 :: 		
0x0024	0x201D      	CALL       _____DoICP
0x0025	0x118A      	BCF        PCLATH, 3
0x0026	0x120A      	BCF        PCLATH, 4
;__Lib_System.c,141 :: 		
0x0027	0x0080      	MOVWF      INDF
;__Lib_System.c,142 :: 		
0x0028	0x0A84      	INCF       FSR, 1
;__Lib_System.c,143 :: 		
0x0029	0x0AED      	INCF       ___DoICPAddr, 1
;__Lib_System.c,145 :: 		
0x002A	0x1903      	BTFSC      STATUS, 2
;__Lib_System.c,146 :: 		
0x002B	0x0AEE      	INCF       ___DoICPAddr+1, 1
;__Lib_System.c,147 :: 		
0x002C	0x03F0      	DECF       R0, 1
;__Lib_System.c,149 :: 		
0x002D	0x1D03      	BTFSS      STATUS, 2
;__Lib_System.c,150 :: 		
0x002E	0x2824      	GOTO       _CC2D_Loop1
;__Lib_System.c,152 :: 		
L_end___CC2DW:
0x002F	0x0008      	RETURN
; end of ___CC2DW
_send_to_modem:
;keypad.c,9 :: 		void send_to_modem(char *s)   //function to write anything serially
;keypad.c,11 :: 		while(*s)
L_send_to_modem0:
0x0030	0x1283      	BCF        STATUS, 5
0x0031	0x1303      	BCF        STATUS, 6
0x0032	0x086F      	MOVF       FARG_send_to_modem_s, 0
0x0033	0x0084      	MOVWF      FSR
0x0034	0x0800      	MOVF       INDF, 0
0x0035	0x1903      	BTFSC      STATUS, 2
0x0036	0x283F      	GOTO       L_send_to_modem1
;keypad.c,12 :: 		UART1_WRITE(*s++);
0x0037	0x086F      	MOVF       FARG_send_to_modem_s, 0
0x0038	0x0084      	MOVWF      FSR
0x0039	0x0800      	MOVF       INDF, 0
0x003A	0x1683      	BSF        STATUS, 5
0x003B	0x00A1      	MOVWF      FARG_UART1_Write_data_
0x003C	0x2003      	CALL       _UART1_Write
0x003D	0x0AEF      	INCF       FARG_send_to_modem_s, 1
0x003E	0x2830      	GOTO       L_send_to_modem0
L_send_to_modem1:
;keypad.c,13 :: 		UART1_WRITE(0X0D);
0x003F	0x300D      	MOVLW      13
0x0040	0x1683      	BSF        STATUS, 5
0x0041	0x00A1      	MOVWF      FARG_UART1_Write_data_
0x0042	0x2003      	CALL       _UART1_Write
;keypad.c,14 :: 		}
L_end_send_to_modem:
0x0043	0x0008      	RETURN
; end of _send_to_modem
_send_sms:
;keypad.c,20 :: 		void send_sms()
;keypad.c,23 :: 		send_to_modem1(mesg);
0x0044	0x303A      	MOVLW      _mesg
0x0045	0x1683      	BSF        STATUS, 5
0x0046	0x1303      	BCF        STATUS, 6
0x0047	0x00A0      	MOVWF      FARG_send_to_modem1_s
0x0048	0x200D      	CALL       _send_to_modem1
;keypad.c,24 :: 		delay_ms(100);
0x0049	0x3082      	MOVLW      130
0x004A	0x00FC      	MOVWF      R12
0x004B	0x30DD      	MOVLW      221
0x004C	0x00FD      	MOVWF      R13
L_send_sms4:
0x004D	0x0BFD      	DECFSZ     R13, 1
0x004E	0x284D      	GOTO       L_send_sms4
0x004F	0x0BFC      	DECFSZ     R12, 1
0x0050	0x284D      	GOTO       L_send_sms4
0x0051	0x0000      	NOP
0x0052	0x0000      	NOP
;keypad.c,25 :: 		uart1_write(terminator);
0x0053	0x1283      	BCF        STATUS, 5
0x0054	0x085D      	MOVF       _terminator, 0
0x0055	0x1683      	BSF        STATUS, 5
0x0056	0x00A1      	MOVWF      FARG_UART1_Write_data_
0x0057	0x2003      	CALL       _UART1_Write
;keypad.c,26 :: 		delay_ms(1000);
0x0058	0x3006      	MOVLW      6
0x0059	0x00FB      	MOVWF      R11
0x005A	0x3013      	MOVLW      19
0x005B	0x00FC      	MOVWF      R12
0x005C	0x30AD      	MOVLW      173
0x005D	0x00FD      	MOVWF      R13
L_send_sms5:
0x005E	0x0BFD      	DECFSZ     R13, 1
0x005F	0x285E      	GOTO       L_send_sms5
0x0060	0x0BFC      	DECFSZ     R12, 1
0x0061	0x285E      	GOTO       L_send_sms5
0x0062	0x0BFB      	DECFSZ     R11, 1
0x0063	0x285E      	GOTO       L_send_sms5
0x0064	0x0000      	NOP
0x0065	0x0000      	NOP
;keypad.c,27 :: 		}
L_end_send_sms:
0x0066	0x0008      	RETURN
; end of _send_sms
_UART1_Init:
;__Lib_UART_c67.c,2 :: 		
;__Lib_UART_c67.c,5 :: 		
0x0067	0x1683      	BSF        STATUS, 5
0x0068	0x1303      	BCF        STATUS, 6
0x0069	0x1698      	BSF        TXSTA, 5
;__Lib_UART_c67.c,6 :: 		
0x006A	0x3090      	MOVLW      144
0x006B	0x1283      	BCF        STATUS, 5
0x006C	0x0098      	MOVWF      RCSTA
;__Lib_UART_c67.c,7 :: 		
0x006D	0x1683      	BSF        STATUS, 5
0x006E	0x1787      	BSF        TRISC7_bit, BitPos(TRISC7_bit+0)
;__Lib_UART_c67.c,8 :: 		
0x006F	0x1307      	BCF        TRISC6_bit, BitPos(TRISC6_bit+0)
;__Lib_UART_c67.c,10 :: 		
L_UART1_Init0:
0x0070	0x1283      	BCF        STATUS, 5
0x0071	0x1E8C      	BTFSS      PIR1, 5
0x0072	0x2876      	GOTO       L_UART1_Init1
;__Lib_UART_c67.c,11 :: 		
0x0073	0x081A      	MOVF       RCREG, 0
0x0074	0x00F0      	MOVWF      R0
0x0075	0x2870      	GOTO       L_UART1_Init0
L_UART1_Init1:
;__Lib_UART_c67.c,12 :: 		
L_end_UART1_Init:
0x0076	0x0008      	RETURN
; end of _UART1_Init
_main:
0x0077	0x2116      	CALL       278
;keypad.c,28 :: 		void main()
;keypad.c,31 :: 		UART1_INIT(9600);
0x0078	0x3019      	MOVLW      25
0x0079	0x1683      	BSF        STATUS, 5
0x007A	0x1303      	BCF        STATUS, 6
0x007B	0x0099      	MOVWF      SPBRG
0x007C	0x1518      	BSF        TXSTA, 2
0x007D	0x2067      	CALL       _UART1_Init
;keypad.c,32 :: 		send_to_modem(AT);
0x007E	0x3020      	MOVLW      _AT
0x007F	0x00EF      	MOVWF      FARG_send_to_modem_s
0x0080	0x2030      	CALL       _send_to_modem
;keypad.c,33 :: 		delay_ms(2000);
0x0081	0x300B      	MOVLW      11
0x0082	0x00FB      	MOVWF      R11
0x0083	0x3026      	MOVLW      38
0x0084	0x00FC      	MOVWF      R12
0x0085	0x305D      	MOVLW      93
0x0086	0x00FD      	MOVWF      R13
L_main6:
0x0087	0x0BFD      	DECFSZ     R13, 1
0x0088	0x2887      	GOTO       L_main6
0x0089	0x0BFC      	DECFSZ     R12, 1
0x008A	0x2887      	GOTO       L_main6
0x008B	0x0BFB      	DECFSZ     R11, 1
0x008C	0x2887      	GOTO       L_main6
0x008D	0x0000      	NOP
0x008E	0x0000      	NOP
;keypad.c,34 :: 		send_to_modem(noecho);
0x008F	0x305E      	MOVLW      _noecho
0x0090	0x00EF      	MOVWF      FARG_send_to_modem_s
0x0091	0x2030      	CALL       _send_to_modem
;keypad.c,35 :: 		delay_ms(2000);
0x0092	0x300B      	MOVLW      11
0x0093	0x00FB      	MOVWF      R11
0x0094	0x3026      	MOVLW      38
0x0095	0x00FC      	MOVWF      R12
0x0096	0x305D      	MOVLW      93
0x0097	0x00FD      	MOVWF      R13
L_main7:
0x0098	0x0BFD      	DECFSZ     R13, 1
0x0099	0x2898      	GOTO       L_main7
0x009A	0x0BFC      	DECFSZ     R12, 1
0x009B	0x2898      	GOTO       L_main7
0x009C	0x0BFB      	DECFSZ     R11, 1
0x009D	0x2898      	GOTO       L_main7
0x009E	0x0000      	NOP
0x009F	0x0000      	NOP
;keypad.c,36 :: 		send_to_modem(mode_text);
0x00A0	0x3063      	MOVLW      _mode_text
0x00A1	0x00EF      	MOVWF      FARG_send_to_modem_s
0x00A2	0x2030      	CALL       _send_to_modem
;keypad.c,37 :: 		delay_ms(2000);
0x00A3	0x300B      	MOVLW      11
0x00A4	0x00FB      	MOVWF      R11
0x00A5	0x3026      	MOVLW      38
0x00A6	0x00FC      	MOVWF      R12
0x00A7	0x305D      	MOVLW      93
0x00A8	0x00FD      	MOVWF      R13
L_main8:
0x00A9	0x0BFD      	DECFSZ     R13, 1
0x00AA	0x28A9      	GOTO       L_main8
0x00AB	0x0BFC      	DECFSZ     R12, 1
0x00AC	0x28A9      	GOTO       L_main8
0x00AD	0x0BFB      	DECFSZ     R11, 1
0x00AE	0x28A9      	GOTO       L_main8
0x00AF	0x0000      	NOP
0x00B0	0x0000      	NOP
;keypad.c,38 :: 		send_to_modem(mobile_no);
0x00B1	0x3023      	MOVLW      _mobile_no
0x00B2	0x00EF      	MOVWF      FARG_send_to_modem_s
0x00B3	0x2030      	CALL       _send_to_modem
;keypad.c,39 :: 		delay_ms(2000);
0x00B4	0x300B      	MOVLW      11
0x00B5	0x00FB      	MOVWF      R11
0x00B6	0x3026      	MOVLW      38
0x00B7	0x00FC      	MOVWF      R12
0x00B8	0x305D      	MOVLW      93
0x00B9	0x00FD      	MOVWF      R13
L_main9:
0x00BA	0x0BFD      	DECFSZ     R13, 1
0x00BB	0x28BA      	GOTO       L_main9
0x00BC	0x0BFC      	DECFSZ     R12, 1
0x00BD	0x28BA      	GOTO       L_main9
0x00BE	0x0BFB      	DECFSZ     R11, 1
0x00BF	0x28BA      	GOTO       L_main9
0x00C0	0x0000      	NOP
0x00C1	0x0000      	NOP
;keypad.c,40 :: 		send_sms();
0x00C2	0x2044      	CALL       _send_sms
;keypad.c,41 :: 		}
L_end_main:
0x00C3	0x28C3      	GOTO       $+0
; end of _main
0x0116	0x3020      	MOVLW      32
0x0117	0x0084      	MOVWF      FSR
0x0118	0x304D      	MOVLW      77
0x0119	0x1283      	BCF        STATUS, 5
0x011A	0x1303      	BCF        STATUS, 6
0x011B	0x00F0      	MOVWF      R0
0x011C	0x30C9      	MOVLW      201
0x011D	0x00ED      	MOVWF      ___DoICPAddr
0x011E	0x3000      	MOVLW      0
0x011F	0x00EE      	MOVWF      110
0x0120	0x2024      	CALL       36
0x0121	0x0008      	RETURN
;keypad.c,0 :: ?ICS_AT
0x00C9	0x3441 ;?ICS_AT+0
0x00CA	0x3454 ;?ICS_AT+1
0x00CB	0x3400 ;?ICS_AT+2
; end of ?ICS_AT
;keypad.c,0 :: ?ICS_mobile_no
0x00CC	0x3441 ;?ICS_mobile_no+0
0x00CD	0x3454 ;?ICS_mobile_no+1
0x00CE	0x342B ;?ICS_mobile_no+2
0x00CF	0x3443 ;?ICS_mobile_no+3
0x00D0	0x344D ;?ICS_mobile_no+4
0x00D1	0x3447 ;?ICS_mobile_no+5
0x00D2	0x3453 ;?ICS_mobile_no+6
0x00D3	0x343D ;?ICS_mobile_no+7
0x00D4	0x3422 ;?ICS_mobile_no+8
0x00D5	0x342B ;?ICS_mobile_no+9
0x00D6	0x3439 ;?ICS_mobile_no+10
0x00D7	0x3432 ;?ICS_mobile_no+11
0x00D8	0x3430 ;?ICS_mobile_no+12
0x00D9	0x3439 ;?ICS_mobile_no+13
0x00DA	0x3430 ;?ICS_mobile_no+14
0x00DB	0x3430 ;?ICS_mobile_no+15
0x00DC	0x3437 ;?ICS_mobile_no+16
0x00DD	0x3438 ;?ICS_mobile_no+17
0x00DE	0x3436 ;?ICS_mobile_no+18
0x00DF	0x3430 ;?ICS_mobile_no+19
0x00E0	0x3431 ;?ICS_mobile_no+20
0x00E1	0x3422 ;?ICS_mobile_no+21
0x00E2	0x3400 ;?ICS_mobile_no+22
; end of ?ICS_mobile_no
;keypad.c,0 :: ?ICS_mesg
0x00E3	0x3477 ;?ICS_mesg+0
0x00E4	0x3465 ;?ICS_mesg+1
0x00E5	0x346C ;?ICS_mesg+2
0x00E6	0x3463 ;?ICS_mesg+3
0x00E7	0x346F ;?ICS_mesg+4
0x00E8	0x346D ;?ICS_mesg+5
0x00E9	0x3465 ;?ICS_mesg+6
0x00EA	0x3420 ;?ICS_mesg+7
0x00EB	0x3474 ;?ICS_mesg+8
0x00EC	0x346F ;?ICS_mesg+9
0x00ED	0x3420 ;?ICS_mesg+10
0x00EE	0x346D ;?ICS_mesg+11
0x00EF	0x3469 ;?ICS_mesg+12
0x00F0	0x3463 ;?ICS_mesg+13
0x00F1	0x3472 ;?ICS_mesg+14
0x00F2	0x346F ;?ICS_mesg+15
0x00F3	0x3463 ;?ICS_mesg+16
0x00F4	0x346F ;?ICS_mesg+17
0x00F5	0x346E ;?ICS_mesg+18
0x00F6	0x3474 ;?ICS_mesg+19
0x00F7	0x3472 ;?ICS_mesg+20
0x00F8	0x346F ;?ICS_mesg+21
0x00F9	0x346C ;?ICS_mesg+22
0x00FA	0x346C ;?ICS_mesg+23
0x00FB	0x3465 ;?ICS_mesg+24
0x00FC	0x3472 ;?ICS_mesg+25
0x00FD	0x3473 ;?ICS_mesg+26
0x00FE	0x346C ;?ICS_mesg+27
0x00FF	0x3461 ;?ICS_mesg+28
0x0100	0x3462 ;?ICS_mesg+29
0x0101	0x342E ;?ICS_mesg+30
0x0102	0x3463 ;?ICS_mesg+31
0x0103	0x346F ;?ICS_mesg+32
0x0104	0x346D ;?ICS_mesg+33
0x0105	0x3400 ;?ICS_mesg+34
; end of ?ICS_mesg
;keypad.c,0 :: ?ICS_terminator
0x0106	0x341A ;?ICS_terminator+0
; end of ?ICS_terminator
;keypad.c,0 :: ?ICS_noecho
0x0107	0x3441 ;?ICS_noecho+0
0x0108	0x3454 ;?ICS_noecho+1
0x0109	0x3445 ;?ICS_noecho+2
0x010A	0x3430 ;?ICS_noecho+3
0x010B	0x3400 ;?ICS_noecho+4
; end of ?ICS_noecho
;keypad.c,0 :: ?ICS_mode_text
0x010C	0x3441 ;?ICS_mode_text+0
0x010D	0x3454 ;?ICS_mode_text+1
0x010E	0x342B ;?ICS_mode_text+2
0x010F	0x3443 ;?ICS_mode_text+3
0x0110	0x344D ;?ICS_mode_text+4
0x0111	0x3447 ;?ICS_mode_text+5
0x0112	0x3446 ;?ICS_mode_text+6
0x0113	0x343D ;?ICS_mode_text+7
0x0114	0x3431 ;?ICS_mode_text+8
0x0115	0x3400 ;?ICS_mode_text+9
; end of ?ICS_mode_text
Symbol List:
//** Routines locations **
//ADDRESS    SIZE    PROCEDURE
//----------------------------------------------
0x0003      [10]    _UART1_Write
0x000D      [16]    _send_to_modem1
0x001D       [7]    _____DoICP
0x0024      [12]    ___CC2DW
0x0030      [20]    _send_to_modem
0x0044      [35]    _send_sms
0x0067      [16]    _UART1_Init
0x0077      [76]    _main
//** Variables locations ** 
//ADDRESS    SIZE    VARIABLE
//----------------------------------------------
0x0000       [1]    INDF
0x0002       [1]    PCL
0x0003       [1]    STATUS
0x0004       [1]    FSR
0x000A       [1]    PCLATH
0x000C       [1]    PIR1
0x0018       [1]    RCSTA
0x0019       [1]    TXREG
0x001A       [1]    RCREG
0x0020       [3]    _AT
0x0023      [23]    _mobile_no
0x003A      [35]    _mesg
0x005D       [1]    _terminator
0x005E       [5]    _noecho
0x0063      [10]    _mode_text
0x006D       [2]    ___DoICPAddr
0x006F       [1]    FARG_send_to_modem_s
0x0070       [1]    R0
0x0071       [1]    R1
0x0072       [1]    R2
0x0073       [1]    R3
0x0074       [1]    R4
0x0075       [1]    R5
0x0076       [1]    R6
0x0077       [1]    R7
0x0078       [1]    R8
0x0079       [1]    R9
0x007A       [1]    R10
0x007B       [1]    R11
0x007C       [1]    R12
0x007D       [1]    R13
0x007E       [1]    R14
0x007F       [1]    R15
0x0087       [0]    TRISC6_bit
0x0087       [0]    TRISC7_bit
0x0098       [1]    TXSTA
0x0099       [1]    SPBRG
0x00A0       [1]    FARG_send_to_modem1_s
0x00A1       [1]    FARG_UART1_Write_data_
//** Constants locations ** 
//ADDRESS    SIZE    CONSTANT
//----------------------------------------------
0x00C9       [3]    ?ICS_AT
0x00CC      [23]    ?ICS_mobile_no
0x00E3      [35]    ?ICS_mesg
0x0106       [1]    ?ICS_terminator
0x0107       [5]    ?ICS_noecho
0x010C      [10]    ?ICS_mode_text
//** Label List: ** 
//----------------------------------------------
  L_send_to_modem0
  L_send_to_modem1
  L_send_to_modem12
  L_send_to_modem13
  L_send_sms4
  L_send_sms5
  L_main6
  L_main7
  L_main8
  L_main9
  L_end_send_to_modem
  _send_to_modem
  L_end_send_to_modem1
  _send_to_modem1
  L_end_send_sms
  _send_sms
  L_end_main
  _main
  L_loopCA2AWs
  L_CA2AWend
  _CCA2AW_Loop1
  L_loopCS2Ss
  L_CS2Send
  _CCS2S_Loop1
  L_CCS2Send
  L_loopFZinSWs
  L_FZinSend
  _CC2D_Loop1
  L_end_____DoICP
  _____DoICP
  L_end_____DoIFC
  _____DoIFC
  L_end___CA2AW
  ___CA2AW
  L_end___CCA2AW
  ___CCA2AW
  L_end___CS2S
  ___CS2S
  L_end___CCS2S
  ___CCS2S
  L_end___FZinS
  ___FZinS
  L_end___CC2DW
  ___CC2DW
  L_end_Swap
  _Swap
  L_UART1_Init0
  L_UART1_Init1
  L_UART1_Read2
  L_UART1_Write3
  L_UART1_Write4
  L_UART1_Write_Text5
  L_UART1_Write_Text6
  L_UART1_Read_Text7
  L_UART1_Read_Text8
  L_UART1_Read_Text9
  L_UART1_Read_Text10
  L_UART1_Read_Text11
  L_UART1_Read_Text12
  L_UART1_Read_Text13
  L_UART1_Read_Text14
  L_UART1_Read_Text15
  L_end_UART1_Init
  _UART1_Init
  L_end_UART1_Data_Ready
  _UART1_Data_Ready
  L_end_UART1_Read
  _UART1_Read
  L_end_UART1_Tx_Idle
  _UART1_Tx_Idle
  L_end_UART1_Write
  _UART1_Write
  L_end_UART1_Write_Text
  _UART1_Write_Text
  L_end_UART1_Read_Text
  _UART1_Read_Text
