C51 COMPILER V9.52.0.0   RF                                                                01/09/2015 18:43:55 PAGE 1   


C51 COMPILER V9.52.0.0, COMPILATION OF MODULE RF
OBJECT MODULE PLACED IN rf.OBJ
COMPILER INVOKED BY: C:\Keil\C51\BIN\C51.EXE rf.c BROWSE DEBUG OBJECTEXTEND TABS(2)

line level    source

   1          #include<reg52.h>
   2          //INPUT PIN
   3          sbit INPUT1 = P0^0;
   4          sbit INPUT2 = P0^1;
   5          sbit INPUT3 = P0^2;
   6          sbit INPUT4 = P0^3;
   7          //OUTPUT PIN
   8          sbit OUTPUT1 = P2^1;
   9          sbit OUTPUT2 = P2^2;
  10          sbit OUTPUT3 = P2^3;
  11          sbit OUTPUT4 = P2^4;
  12          int relay1 = 0;
  13          int relay2 = 0;
  14           void Delay(int a)
  15           
  16             {
  17   1          int j;
  18   1          int i;
  19   1          for(i=0;i<a;i++)
  20   1          {
  21   2              for(j=0;j<100;j++)
  22   2              {
  23   3              }
  24   2          }
  25   1        }
  26              void main()
  27          {
  28   1          int relay1 = 0;
  29   1        int relay2 = 0;
  30   1          int i;
  31   1          P0 = 0xFF; //Por0 used as a Input Port
  32   1          Delay(10);
  33   1          P2 = 0x00;  //Por3 used as a Output Port
  34   1          Delay(10);
  35   1          
  36   1            while(1)
  37   1        {
  38   2          if(INPUT1==0 && INPUT2==1 && INPUT3==1 && INPUT4==1)  // 1 - on
  39   2          {
  40   3               
  41   3               if(relay1==0)
  42   3               {
  43   4                OUTPUT2 = 1;
  44   4                Delay(100);
  45   4                OUTPUT1 = 0;
  46   4                OUTPUT3 = 0;
  47   4                OUTPUT4 = 0;
  48   4                Delay(100);
  49   4                 relay1 = 1;
  50   4               }
  51   3              else
  52   3              {
  53   4                
  54   4                OUTPUT2 = 0;
  55   4                Delay(100);
C51 COMPILER V9.52.0.0   RF                                                                01/09/2015 18:43:55 PAGE 2   

  56   4                OUTPUT1 = 0;
  57   4                OUTPUT3 = 0;
  58   4                OUTPUT4 = 0;
  59   4                Delay(100);
  60   4                 relay1 = 0;
  61   4              }       
  62   3              Delay(1000);
  63   3              
  64   3            }
  65   2            
  66   2          if(INPUT1==1 && INPUT2==0 && INPUT3==1 && INPUT4==1)  // 1 - on
  67   2          {
  68   3               
  69   3               if(relay2==0)
  70   3               {
  71   4                OUTPUT4 = 1;
  72   4                Delay(100);
  73   4                OUTPUT1 = 0;
  74   4                OUTPUT2 = 0;
  75   4                OUTPUT3 = 0;
  76   4                Delay(100);
  77   4                 relay2 = 1;
  78   4               }
  79   3              else
  80   3              {
  81   4                
  82   4                OUTPUT4 = 0;
  83   4                Delay(100);
  84   4                OUTPUT1 = 0;
  85   4                OUTPUT2 = 0;
  86   4                OUTPUT3 = 0;
  87   4                Delay(100);
  88   4                 relay2 = 0;
  89   4              }       
  90   3              Delay(1000);
  91   3              
  92   3            }
  93   2            
  94   2        
  95   2          }
  96   1        }
*** WARNING C280 IN LINE 30 OF rf.c: 'i': unreferenced local variable


MODULE INFORMATION:   STATIC OVERLAYABLE
   CODE SIZE        =    197    ----
   CONSTANT SIZE    =   ----    ----
   XDATA SIZE       =   ----    ----
   PDATA SIZE       =   ----    ----
   DATA SIZE        =      4       4
   IDATA SIZE       =   ----    ----
   BIT SIZE         =   ----    ----
END OF MODULE INFORMATION.


C51 COMPILATION COMPLETE.  1 WARNING(S),  0 ERROR(S)
