;  LST file generated by mikroListExporter - v.2.0 
; Date/Time: 4/12/2015 11:35:39 PM
;----------------------------------------------

;Address Opcode 	ASM
0x0000	0x2923      	GOTO       291
_Delay_1us:
;__Lib_Delays.c,7 :: 		void Delay_1us() {
;__Lib_Delays.c,8 :: 		Delay_us(1);
0x0003	0x0000      	NOP
;__Lib_Delays.c,9 :: 		}
L_end_Delay_1us:
0x0004	0x0008      	RETURN
; end of _Delay_1us
_Delay_50us:
;__Lib_Delays.c,19 :: 		void Delay_50us() {
;__Lib_Delays.c,20 :: 		Delay_us(50);
0x0005	0x3010      	MOVLW      16
0x0006	0x1283      	BCF        STATUS, 5
0x0007	0x1303      	BCF        STATUS, 6
0x0008	0x00FD      	MOVWF      R13
L_Delay_50us2:
0x0009	0x0BFD      	DECFSZ     R13, 1
0x000A	0x2809      	GOTO       L_Delay_50us2
0x000B	0x0000      	NOP
;__Lib_Delays.c,21 :: 		}
L_end_Delay_50us:
0x000C	0x0008      	RETURN
; end of _Delay_50us
_Delay_5500us:
;__Lib_Delays.c,31 :: 		void Delay_5500us() {
;__Lib_Delays.c,32 :: 		Delay_us(5500);
0x000D	0x3008      	MOVLW      8
0x000E	0x1283      	BCF        STATUS, 5
0x000F	0x1303      	BCF        STATUS, 6
0x0010	0x00FC      	MOVWF      R12
0x0011	0x3023      	MOVLW      35
0x0012	0x00FD      	MOVWF      R13
L_Delay_5500us5:
0x0013	0x0BFD      	DECFSZ     R13, 1
0x0014	0x2813      	GOTO       L_Delay_5500us5
0x0015	0x0BFC      	DECFSZ     R12, 1
0x0016	0x2813      	GOTO       L_Delay_5500us5
;__Lib_Delays.c,33 :: 		}
L_end_Delay_5500us:
0x0017	0x0008      	RETURN
; end of _Delay_5500us
_Lcd_Cmd:
;__Lib_Lcd.c,18 :: 		
;__Lib_Lcd.c,20 :: 		
0x0018	0x1283      	BCF        STATUS, 5
0x0019	0x1303      	BCF        STATUS, 6
0x001A	0x1BCE      	BTFSC      FARG_Lcd_Cmd_out_char, 7
0x001B	0x281E      	GOTO       L__Lcd_Cmd21
0x001C	0x1386      	BCF        LCD_D7, BitPos(LCD_D7+0)
0x001D	0x281F      	GOTO       L__Lcd_Cmd22
L__Lcd_Cmd21:
0x001E	0x1786      	BSF        LCD_D7, BitPos(LCD_D7+0)
L__Lcd_Cmd22:
;__Lib_Lcd.c,21 :: 		
0x001F	0x1B4E      	BTFSC      FARG_Lcd_Cmd_out_char, 6
0x0020	0x2823      	GOTO       L__Lcd_Cmd23
0x0021	0x1306      	BCF        LCD_D6, BitPos(LCD_D6+0)
0x0022	0x2824      	GOTO       L__Lcd_Cmd24
L__Lcd_Cmd23:
0x0023	0x1706      	BSF        LCD_D6, BitPos(LCD_D6+0)
L__Lcd_Cmd24:
;__Lib_Lcd.c,22 :: 		
0x0024	0x1ACE      	BTFSC      FARG_Lcd_Cmd_out_char, 5
0x0025	0x2828      	GOTO       L__Lcd_Cmd25
0x0026	0x1286      	BCF        LCD_D5, BitPos(LCD_D5+0)
0x0027	0x2829      	GOTO       L__Lcd_Cmd26
L__Lcd_Cmd25:
0x0028	0x1686      	BSF        LCD_D5, BitPos(LCD_D5+0)
L__Lcd_Cmd26:
;__Lib_Lcd.c,23 :: 		
0x0029	0x1A4E      	BTFSC      FARG_Lcd_Cmd_out_char, 4
0x002A	0x282D      	GOTO       L__Lcd_Cmd27
0x002B	0x1206      	BCF        LCD_D4, BitPos(LCD_D4+0)
0x002C	0x282E      	GOTO       L__Lcd_Cmd28
L__Lcd_Cmd27:
0x002D	0x1606      	BSF        LCD_D4, BitPos(LCD_D4+0)
L__Lcd_Cmd28:
;__Lib_Lcd.c,25 :: 		
0x002E	0x1839      	BTFSC      __Lib_Lcd_cmd_status, BitPos(__Lib_Lcd_cmd_status+0)
0x002F	0x2832      	GOTO       L__Lcd_Cmd29
0x0030	0x1506      	BSF        LCD_RS, BitPos(LCD_RS+0)
0x0031	0x2833      	GOTO       L__Lcd_Cmd30
L__Lcd_Cmd29:
0x0032	0x1106      	BCF        LCD_RS, BitPos(LCD_RS+0)
L__Lcd_Cmd30:
;__Lib_Lcd.c,28 :: 		
0x0033	0x1586      	BSF        LCD_EN, BitPos(LCD_EN+0)
;__Lib_Lcd.c,29 :: 		
0x0034	0x2003      	CALL       _Delay_1us
;__Lib_Lcd.c,30 :: 		
0x0035	0x1186      	BCF        LCD_EN, BitPos(LCD_EN+0)
;__Lib_Lcd.c,33 :: 		
0x0036	0x19CE      	BTFSC      FARG_Lcd_Cmd_out_char, 3
0x0037	0x283A      	GOTO       L__Lcd_Cmd31
0x0038	0x1386      	BCF        LCD_D7, BitPos(LCD_D7+0)
0x0039	0x283B      	GOTO       L__Lcd_Cmd32
L__Lcd_Cmd31:
0x003A	0x1786      	BSF        LCD_D7, BitPos(LCD_D7+0)
L__Lcd_Cmd32:
;__Lib_Lcd.c,34 :: 		
0x003B	0x194E      	BTFSC      FARG_Lcd_Cmd_out_char, 2
0x003C	0x283F      	GOTO       L__Lcd_Cmd33
0x003D	0x1306      	BCF        LCD_D6, BitPos(LCD_D6+0)
0x003E	0x2840      	GOTO       L__Lcd_Cmd34
L__Lcd_Cmd33:
0x003F	0x1706      	BSF        LCD_D6, BitPos(LCD_D6+0)
L__Lcd_Cmd34:
;__Lib_Lcd.c,35 :: 		
0x0040	0x18CE      	BTFSC      FARG_Lcd_Cmd_out_char, 1
0x0041	0x2844      	GOTO       L__Lcd_Cmd35
0x0042	0x1286      	BCF        LCD_D5, BitPos(LCD_D5+0)
0x0043	0x2845      	GOTO       L__Lcd_Cmd36
L__Lcd_Cmd35:
0x0044	0x1686      	BSF        LCD_D5, BitPos(LCD_D5+0)
L__Lcd_Cmd36:
;__Lib_Lcd.c,36 :: 		
0x0045	0x184E      	BTFSC      FARG_Lcd_Cmd_out_char, 0
0x0046	0x2849      	GOTO       L__Lcd_Cmd37
0x0047	0x1206      	BCF        LCD_D4, BitPos(LCD_D4+0)
0x0048	0x284A      	GOTO       L__Lcd_Cmd38
L__Lcd_Cmd37:
0x0049	0x1606      	BSF        LCD_D4, BitPos(LCD_D4+0)
L__Lcd_Cmd38:
;__Lib_Lcd.c,38 :: 		
0x004A	0x1839      	BTFSC      __Lib_Lcd_cmd_status, BitPos(__Lib_Lcd_cmd_status+0)
0x004B	0x284E      	GOTO       L__Lcd_Cmd39
0x004C	0x1506      	BSF        LCD_RS, BitPos(LCD_RS+0)
0x004D	0x284F      	GOTO       L__Lcd_Cmd40
L__Lcd_Cmd39:
0x004E	0x1106      	BCF        LCD_RS, BitPos(LCD_RS+0)
L__Lcd_Cmd40:
;__Lib_Lcd.c,40 :: 		
0x004F	0x1586      	BSF        LCD_EN, BitPos(LCD_EN+0)
;__Lib_Lcd.c,41 :: 		
0x0050	0x2003      	CALL       _Delay_1us
;__Lib_Lcd.c,42 :: 		
0x0051	0x1186      	BCF        LCD_EN, BitPos(LCD_EN+0)
;__Lib_Lcd.c,44 :: 		
0x0052	0x1C39      	BTFSS      __Lib_Lcd_cmd_status, BitPos(__Lib_Lcd_cmd_status+0)
0x0053	0x2856      	GOTO       L_Lcd_Cmd0
;__Lib_Lcd.c,45 :: 		
0x0054	0x200D      	CALL       _Delay_5500us
0x0055	0x2857      	GOTO       L_Lcd_Cmd1
L_Lcd_Cmd0:
;__Lib_Lcd.c,47 :: 		
0x0056	0x2005      	CALL       _Delay_50us
L_Lcd_Cmd1:
;__Lib_Lcd.c,48 :: 		
L_end_Lcd_Cmd:
0x0057	0x0008      	RETURN
; end of _Lcd_Cmd
_Lcd_Chr_CP:
;__Lib_Lcd.c,50 :: 		
;__Lib_Lcd.c,52 :: 		
0x0058	0x1283      	BCF        STATUS, 5
0x0059	0x1303      	BCF        STATUS, 6
0x005A	0x1039      	BCF        __Lib_Lcd_cmd_status, BitPos(__Lib_Lcd_cmd_status+0)
;__Lib_Lcd.c,53 :: 		
0x005B	0x084D      	MOVF       FARG_Lcd_Chr_CP_out_char, 0
0x005C	0x00CE      	MOVWF      FARG_Lcd_Cmd_out_char
0x005D	0x2018      	CALL       _Lcd_Cmd
;__Lib_Lcd.c,54 :: 		
0x005E	0x1439      	BSF        __Lib_Lcd_cmd_status, BitPos(__Lib_Lcd_cmd_status+0)
;__Lib_Lcd.c,55 :: 		
L_end_Lcd_Chr_CP:
0x005F	0x0008      	RETURN
; end of _Lcd_Chr_CP
_____DoICP:
;__Lib_System.c,6 :: 		
;__Lib_System.c,9 :: 		
0x0060	0x1283      	BCF        STATUS, 5
0x0061	0x1303      	BCF        STATUS, 6
0x0062	0x0838      	MOVF       ___DoICPAddr+1, 0
0x0063	0x008A      	MOVWF      PCLATH
;__Lib_System.c,10 :: 		
0x0064	0x0837      	MOVF       ___DoICPAddr, 0
0x0065	0x0082      	MOVWF      PCL
;__Lib_System.c,12 :: 		
L_end_____DoICP:
0x0066	0x0008      	RETURN
; end of _____DoICP
_Lcd_Init:
;__Lib_Lcd.c,84 :: 		
;__Lib_Lcd.c,86 :: 		
0x0067	0x1683      	BSF        STATUS, 5
0x0068	0x1303      	BCF        STATUS, 6
0x0069	0x1186      	BCF        LCD_EN_Direction, BitPos(LCD_EN_Direction+0)
;__Lib_Lcd.c,87 :: 		
0x006A	0x1106      	BCF        LCD_RS_Direction, BitPos(LCD_RS_Direction+0)
;__Lib_Lcd.c,88 :: 		
0x006B	0x1206      	BCF        LCD_D4_Direction, BitPos(LCD_D4_Direction+0)
;__Lib_Lcd.c,89 :: 		
0x006C	0x1286      	BCF        LCD_D5_Direction, BitPos(LCD_D5_Direction+0)
;__Lib_Lcd.c,90 :: 		
0x006D	0x1306      	BCF        LCD_D6_Direction, BitPos(LCD_D6_Direction+0)
;__Lib_Lcd.c,91 :: 		
0x006E	0x1386      	BCF        LCD_D7_Direction, BitPos(LCD_D7_Direction+0)
;__Lib_Lcd.c,93 :: 		
0x006F	0x1283      	BCF        STATUS, 5
0x0070	0x1186      	BCF        LCD_EN, BitPos(LCD_EN+0)
;__Lib_Lcd.c,94 :: 		
0x0071	0x1106      	BCF        LCD_RS, BitPos(LCD_RS+0)
;__Lib_Lcd.c,95 :: 		
0x0072	0x1386      	BCF        LCD_D7, BitPos(LCD_D7+0)
;__Lib_Lcd.c,96 :: 		
0x0073	0x1306      	BCF        LCD_D6, BitPos(LCD_D6+0)
;__Lib_Lcd.c,97 :: 		
0x0074	0x1286      	BCF        LCD_D5, BitPos(LCD_D5+0)
;__Lib_Lcd.c,98 :: 		
0x0075	0x1206      	BCF        LCD_D4, BitPos(LCD_D4+0)
;__Lib_Lcd.c,100 :: 		
0x0076	0x200D      	CALL       _Delay_5500us
;__Lib_Lcd.c,101 :: 		
0x0077	0x200D      	CALL       _Delay_5500us
;__Lib_Lcd.c,102 :: 		
0x0078	0x200D      	CALL       _Delay_5500us
;__Lib_Lcd.c,105 :: 		
0x0079	0x1686      	BSF        LCD_D5, BitPos(LCD_D5+0)
;__Lib_Lcd.c,106 :: 		
0x007A	0x1606      	BSF        LCD_D4, BitPos(LCD_D4+0)
;__Lib_Lcd.c,107 :: 		
0x007B	0x1586      	BSF        LCD_EN, BitPos(LCD_EN+0)
;__Lib_Lcd.c,108 :: 		
0x007C	0x2003      	CALL       _Delay_1us
;__Lib_Lcd.c,109 :: 		
0x007D	0x1186      	BCF        LCD_EN, BitPos(LCD_EN+0)
;__Lib_Lcd.c,110 :: 		
0x007E	0x200D      	CALL       _Delay_5500us
;__Lib_Lcd.c,112 :: 		
0x007F	0x1586      	BSF        LCD_EN, BitPos(LCD_EN+0)
;__Lib_Lcd.c,113 :: 		
0x0080	0x2003      	CALL       _Delay_1us
;__Lib_Lcd.c,114 :: 		
0x0081	0x1186      	BCF        LCD_EN, BitPos(LCD_EN+0)
;__Lib_Lcd.c,115 :: 		
0x0082	0x200D      	CALL       _Delay_5500us
;__Lib_Lcd.c,117 :: 		
0x0083	0x1586      	BSF        LCD_EN, BitPos(LCD_EN+0)
;__Lib_Lcd.c,118 :: 		
0x0084	0x2003      	CALL       _Delay_1us
;__Lib_Lcd.c,119 :: 		
0x0085	0x1186      	BCF        LCD_EN, BitPos(LCD_EN+0)
;__Lib_Lcd.c,120 :: 		
0x0086	0x200D      	CALL       _Delay_5500us
;__Lib_Lcd.c,123 :: 		
0x0087	0x1206      	BCF        LCD_D4, BitPos(LCD_D4+0)
;__Lib_Lcd.c,124 :: 		
0x0088	0x1586      	BSF        LCD_EN, BitPos(LCD_EN+0)
;__Lib_Lcd.c,125 :: 		
0x0089	0x2003      	CALL       _Delay_1us
;__Lib_Lcd.c,126 :: 		
0x008A	0x1186      	BCF        LCD_EN, BitPos(LCD_EN+0)
;__Lib_Lcd.c,127 :: 		
0x008B	0x200D      	CALL       _Delay_5500us
;__Lib_Lcd.c,130 :: 		
0x008C	0x1586      	BSF        LCD_EN, BitPos(LCD_EN+0)
;__Lib_Lcd.c,131 :: 		
0x008D	0x2003      	CALL       _Delay_1us
;__Lib_Lcd.c,132 :: 		
0x008E	0x1186      	BCF        LCD_EN, BitPos(LCD_EN+0)
;__Lib_Lcd.c,134 :: 		
0x008F	0x1286      	BCF        LCD_D5, BitPos(LCD_D5+0)
;__Lib_Lcd.c,135 :: 		
0x0090	0x1786      	BSF        LCD_D7, BitPos(LCD_D7+0)
;__Lib_Lcd.c,136 :: 		
0x0091	0x1586      	BSF        LCD_EN, BitPos(LCD_EN+0)
;__Lib_Lcd.c,137 :: 		
0x0092	0x2003      	CALL       _Delay_1us
;__Lib_Lcd.c,138 :: 		
0x0093	0x1186      	BCF        LCD_EN, BitPos(LCD_EN+0)
;__Lib_Lcd.c,139 :: 		
0x0094	0x200D      	CALL       _Delay_5500us
;__Lib_Lcd.c,142 :: 		
0x0095	0x1386      	BCF        LCD_D7, BitPos(LCD_D7+0)
;__Lib_Lcd.c,143 :: 		
0x0096	0x1606      	BSF        LCD_D4, BitPos(LCD_D4+0)
;__Lib_Lcd.c,144 :: 		
0x0097	0x1586      	BSF        LCD_EN, BitPos(LCD_EN+0)
;__Lib_Lcd.c,145 :: 		
0x0098	0x2003      	CALL       _Delay_1us
;__Lib_Lcd.c,146 :: 		
0x0099	0x1186      	BCF        LCD_EN, BitPos(LCD_EN+0)
;__Lib_Lcd.c,148 :: 		
0x009A	0x1206      	BCF        LCD_D4, BitPos(LCD_D4+0)
;__Lib_Lcd.c,149 :: 		
0x009B	0x1586      	BSF        LCD_EN, BitPos(LCD_EN+0)
;__Lib_Lcd.c,150 :: 		
0x009C	0x2003      	CALL       _Delay_1us
;__Lib_Lcd.c,151 :: 		
0x009D	0x1186      	BCF        LCD_EN, BitPos(LCD_EN+0)
;__Lib_Lcd.c,152 :: 		
0x009E	0x200D      	CALL       _Delay_5500us
;__Lib_Lcd.c,155 :: 		
0x009F	0x1586      	BSF        LCD_EN, BitPos(LCD_EN+0)
;__Lib_Lcd.c,156 :: 		
0x00A0	0x2003      	CALL       _Delay_1us
;__Lib_Lcd.c,157 :: 		
0x00A1	0x1186      	BCF        LCD_EN, BitPos(LCD_EN+0)
;__Lib_Lcd.c,159 :: 		
0x00A2	0x1606      	BSF        LCD_D4, BitPos(LCD_D4+0)
;__Lib_Lcd.c,160 :: 		
0x00A3	0x1586      	BSF        LCD_EN, BitPos(LCD_EN+0)
;__Lib_Lcd.c,161 :: 		
0x00A4	0x2003      	CALL       _Delay_1us
;__Lib_Lcd.c,162 :: 		
0x00A5	0x1186      	BCF        LCD_EN, BitPos(LCD_EN+0)
;__Lib_Lcd.c,163 :: 		
0x00A6	0x200D      	CALL       _Delay_5500us
;__Lib_Lcd.c,166 :: 		
0x00A7	0x1206      	BCF        LCD_D4, BitPos(LCD_D4+0)
;__Lib_Lcd.c,167 :: 		
0x00A8	0x1586      	BSF        LCD_EN, BitPos(LCD_EN+0)
;__Lib_Lcd.c,168 :: 		
0x00A9	0x2003      	CALL       _Delay_1us
;__Lib_Lcd.c,169 :: 		
0x00AA	0x1186      	BCF        LCD_EN, BitPos(LCD_EN+0)
;__Lib_Lcd.c,171 :: 		
0x00AB	0x1786      	BSF        LCD_D7, BitPos(LCD_D7+0)
;__Lib_Lcd.c,172 :: 		
0x00AC	0x1706      	BSF        LCD_D6, BitPos(LCD_D6+0)
;__Lib_Lcd.c,173 :: 		
0x00AD	0x1686      	BSF        LCD_D5, BitPos(LCD_D5+0)
;__Lib_Lcd.c,174 :: 		
0x00AE	0x1606      	BSF        LCD_D4, BitPos(LCD_D4+0)
;__Lib_Lcd.c,175 :: 		
0x00AF	0x1586      	BSF        LCD_EN, BitPos(LCD_EN+0)
;__Lib_Lcd.c,176 :: 		
0x00B0	0x2003      	CALL       _Delay_1us
;__Lib_Lcd.c,177 :: 		
0x00B1	0x1186      	BCF        LCD_EN, BitPos(LCD_EN+0)
;__Lib_Lcd.c,179 :: 		
0x00B2	0x200D      	CALL       _Delay_5500us
;__Lib_Lcd.c,181 :: 		
0x00B3	0x1439      	BSF        __Lib_Lcd_cmd_status, BitPos(__Lib_Lcd_cmd_status+0)
;__Lib_Lcd.c,182 :: 		
L_end_Lcd_Init:
0x00B4	0x0008      	RETURN
; end of _Lcd_Init
_UART1_Data_Ready:
;__Lib_UART_c67.c,16 :: 		
;__Lib_UART_c67.c,17 :: 		
0x00B5	0x3000      	MOVLW      0
0x00B6	0x1283      	BCF        STATUS, 5
0x00B7	0x1303      	BCF        STATUS, 6
0x00B8	0x1A8C      	BTFSC      PIR1, 5
0x00B9	0x3001      	MOVLW      1
0x00BA	0x00F0      	MOVWF      R0
;__Lib_UART_c67.c,18 :: 		
L_end_UART1_Data_Ready:
0x00BB	0x0008      	RETURN
; end of _UART1_Data_Ready
_UART1_Read:
;__Lib_UART_c67.c,21 :: 		
;__Lib_UART_c67.c,24 :: 		
0x00BC	0x1283      	BCF        STATUS, 5
0x00BD	0x1303      	BCF        STATUS, 6
0x00BE	0x081A      	MOVF       RCREG, 0
0x00BF	0x00F1      	MOVWF      R1
;__Lib_UART_c67.c,25 :: 		
0x00C0	0x1C98      	BTFSS      RCSTA, 1
0x00C1	0x28C4      	GOTO       L_UART1_Read2
;__Lib_UART_c67.c,26 :: 		
0x00C2	0x1218      	BCF        RCSTA, 4
;__Lib_UART_c67.c,27 :: 		
0x00C3	0x1618      	BSF        RCSTA, 4
;__Lib_UART_c67.c,28 :: 		
L_UART1_Read2:
;__Lib_UART_c67.c,29 :: 		
0x00C4	0x0871      	MOVF       R1, 0
0x00C5	0x00F0      	MOVWF      R0
;__Lib_UART_c67.c,30 :: 		
L_end_UART1_Read:
0x00C6	0x0008      	RETURN
; end of _UART1_Read
_UART1_Init:
;__Lib_UART_c67.c,2 :: 		
;__Lib_UART_c67.c,5 :: 		
0x00C7	0x1683      	BSF        STATUS, 5
0x00C8	0x1303      	BCF        STATUS, 6
0x00C9	0x1698      	BSF        TXSTA, 5
;__Lib_UART_c67.c,6 :: 		
0x00CA	0x3090      	MOVLW      144
0x00CB	0x1283      	BCF        STATUS, 5
0x00CC	0x0098      	MOVWF      RCSTA
;__Lib_UART_c67.c,7 :: 		
0x00CD	0x1683      	BSF        STATUS, 5
0x00CE	0x1787      	BSF        TRISC7_bit, BitPos(TRISC7_bit+0)
;__Lib_UART_c67.c,8 :: 		
0x00CF	0x1307      	BCF        TRISC6_bit, BitPos(TRISC6_bit+0)
;__Lib_UART_c67.c,10 :: 		
L_UART1_Init0:
0x00D0	0x1283      	BCF        STATUS, 5
0x00D1	0x1E8C      	BTFSS      PIR1, 5
0x00D2	0x28D6      	GOTO       L_UART1_Init1
;__Lib_UART_c67.c,11 :: 		
0x00D3	0x081A      	MOVF       RCREG, 0
0x00D4	0x00F0      	MOVWF      R0
0x00D5	0x28D0      	GOTO       L_UART1_Init0
L_UART1_Init1:
;__Lib_UART_c67.c,12 :: 		
L_end_UART1_Init:
0x00D6	0x0008      	RETURN
; end of _UART1_Init
___CC2DW:
;__Lib_System.c,134 :: 		
;__Lib_System.c,137 :: 		
_CC2D_Loop1:
;__Lib_System.c,139 :: 		
0x00D7	0x2060      	CALL       _____DoICP
0x00D8	0x118A      	BCF        PCLATH, 3
0x00D9	0x120A      	BCF        PCLATH, 4
;__Lib_System.c,141 :: 		
0x00DA	0x0080      	MOVWF      INDF
;__Lib_System.c,142 :: 		
0x00DB	0x0A84      	INCF       FSR, 1
;__Lib_System.c,143 :: 		
0x00DC	0x0AB7      	INCF       ___DoICPAddr, 1
;__Lib_System.c,145 :: 		
0x00DD	0x1903      	BTFSC      STATUS, 2
;__Lib_System.c,146 :: 		
0x00DE	0x0AB8      	INCF       ___DoICPAddr+1, 1
;__Lib_System.c,147 :: 		
0x00DF	0x03F0      	DECF       R0, 1
;__Lib_System.c,149 :: 		
0x00E0	0x1D03      	BTFSS      STATUS, 2
;__Lib_System.c,150 :: 		
0x00E1	0x28D7      	GOTO       _CC2D_Loop1
;__Lib_System.c,152 :: 		
L_end___CC2DW:
0x00E2	0x0008      	RETURN
; end of ___CC2DW
_Lcd_Out:
;__Lib_Lcd.c,184 :: 		
;__Lib_Lcd.c,187 :: 		
0x00E3	0x28F5      	GOTO       L_Lcd_Out11
;__Lib_Lcd.c,188 :: 		
L_Lcd_Out13:
0x00E4	0x3080      	MOVLW      128
0x00E5	0x1283      	BCF        STATUS, 5
0x00E6	0x1303      	BCF        STATUS, 6
0x00E7	0x00C9      	MOVWF      FARG_Lcd_Out_row
0x00E8	0x2908      	GOTO       L_Lcd_Out12
;__Lib_Lcd.c,189 :: 		
L_Lcd_Out14:
0x00E9	0x30C0      	MOVLW      192
0x00EA	0x00C9      	MOVWF      FARG_Lcd_Out_row
0x00EB	0x2908      	GOTO       L_Lcd_Out12
;__Lib_Lcd.c,190 :: 		
L_Lcd_Out15:
0x00EC	0x3094      	MOVLW      148
0x00ED	0x00C9      	MOVWF      FARG_Lcd_Out_row
0x00EE	0x2908      	GOTO       L_Lcd_Out12
;__Lib_Lcd.c,191 :: 		
L_Lcd_Out16:
0x00EF	0x30D4      	MOVLW      212
0x00F0	0x00C9      	MOVWF      FARG_Lcd_Out_row
0x00F1	0x2908      	GOTO       L_Lcd_Out12
;__Lib_Lcd.c,192 :: 		
L_Lcd_Out17:
0x00F2	0x3080      	MOVLW      128
0x00F3	0x00C9      	MOVWF      FARG_Lcd_Out_row
;__Lib_Lcd.c,193 :: 		
0x00F4	0x2908      	GOTO       L_Lcd_Out12
L_Lcd_Out11:
0x00F5	0x1283      	BCF        STATUS, 5
0x00F6	0x1303      	BCF        STATUS, 6
0x00F7	0x0849      	MOVF       FARG_Lcd_Out_row, 0
0x00F8	0x3A01      	XORLW      1
0x00F9	0x1903      	BTFSC      STATUS, 2
0x00FA	0x28E4      	GOTO       L_Lcd_Out13
0x00FB	0x0849      	MOVF       FARG_Lcd_Out_row, 0
0x00FC	0x3A02      	XORLW      2
0x00FD	0x1903      	BTFSC      STATUS, 2
0x00FE	0x28E9      	GOTO       L_Lcd_Out14
0x00FF	0x0849      	MOVF       FARG_Lcd_Out_row, 0
0x0100	0x3A03      	XORLW      3
0x0101	0x1903      	BTFSC      STATUS, 2
0x0102	0x28EC      	GOTO       L_Lcd_Out15
0x0103	0x0849      	MOVF       FARG_Lcd_Out_row, 0
0x0104	0x3A04      	XORLW      4
0x0105	0x1903      	BTFSC      STATUS, 2
0x0106	0x28EF      	GOTO       L_Lcd_Out16
0x0107	0x28F2      	GOTO       L_Lcd_Out17
L_Lcd_Out12:
;__Lib_Lcd.c,194 :: 		
0x0108	0x034A      	DECF       FARG_Lcd_Out_column, 0
0x0109	0x00F0      	MOVWF      R0
0x010A	0x0849      	MOVF       FARG_Lcd_Out_row, 0
0x010B	0x07F0      	ADDWF      R0, 1
0x010C	0x0870      	MOVF       R0, 0
0x010D	0x00C9      	MOVWF      FARG_Lcd_Out_row
;__Lib_Lcd.c,196 :: 		
0x010E	0x0870      	MOVF       R0, 0
0x010F	0x00CE      	MOVWF      FARG_Lcd_Cmd_out_char
0x0110	0x2018      	CALL       _Lcd_Cmd
;__Lib_Lcd.c,197 :: 		
0x0111	0x1039      	BCF        __Lib_Lcd_cmd_status, BitPos(__Lib_Lcd_cmd_status+0)
;__Lib_Lcd.c,198 :: 		
0x0112	0x01CC      	CLRF       Lcd_Out_i_L0
;__Lib_Lcd.c,199 :: 		
L_Lcd_Out18:
0x0113	0x084C      	MOVF       Lcd_Out_i_L0, 0
0x0114	0x074B      	ADDWF      FARG_Lcd_Out_text, 0
0x0115	0x0084      	MOVWF      FSR
0x0116	0x0800      	MOVF       INDF, 0
0x0117	0x1903      	BTFSC      STATUS, 2
0x0118	0x2921      	GOTO       L_Lcd_Out19
;__Lib_Lcd.c,200 :: 		
0x0119	0x084C      	MOVF       Lcd_Out_i_L0, 0
0x011A	0x074B      	ADDWF      FARG_Lcd_Out_text, 0
0x011B	0x0084      	MOVWF      FSR
0x011C	0x0800      	MOVF       INDF, 0
0x011D	0x00CD      	MOVWF      FARG_Lcd_Chr_CP_out_char
0x011E	0x2058      	CALL       _Lcd_Chr_CP
0x011F	0x0ACC      	INCF       Lcd_Out_i_L0, 1
0x0120	0x2913      	GOTO       L_Lcd_Out18
L_Lcd_Out19:
;__Lib_Lcd.c,201 :: 		
0x0121	0x1439      	BSF        __Lib_Lcd_cmd_status, BitPos(__Lib_Lcd_cmd_status+0)
;__Lib_Lcd.c,202 :: 		
L_end_Lcd_Out:
0x0122	0x0008      	RETURN
; end of _Lcd_Out
_main:
0x0123	0x3072      	MOVLW      114
0x0124	0x1283      	BCF        STATUS, 5
0x0125	0x1303      	BCF        STATUS, 6
0x0126	0x00A0      	MOVWF      ?lstr1_rfid
0x0127	0x3066      	MOVLW      102
0x0128	0x00A1      	MOVWF      33
0x0129	0x3069      	MOVLW      105
0x012A	0x00A2      	MOVWF      34
0x012B	0x3064      	MOVLW      100
0x012C	0x00A3      	MOVWF      35
0x012D	0x3020      	MOVLW      32
0x012E	0x00A4      	MOVWF      36
0x012F	0x3074      	MOVLW      116
0x0130	0x00A5      	MOVWF      37
0x0131	0x3061      	MOVLW      97
0x0132	0x00A6      	MOVWF      38
0x0133	0x3067      	MOVLW      103
0x0134	0x00A7      	MOVWF      39
0x0135	0x3020      	MOVLW      32
0x0136	0x00A8      	MOVWF      40
0x0137	0x3072      	MOVLW      114
0x0138	0x00A9      	MOVWF      41
0x0139	0x3065      	MOVLW      101
0x013A	0x00AA      	MOVWF      42
0x013B	0x3061      	MOVLW      97
0x013C	0x00AB      	MOVWF      43
0x013D	0x3064      	MOVLW      100
0x013E	0x00AC      	MOVWF      44
0x013F	0x3065      	MOVLW      101
0x0140	0x00AD      	MOVWF      45
0x0141	0x3072      	MOVLW      114
0x0142	0x00AE      	MOVWF      46
0x0143	0x01AF      	CLRF       47
0x0144	0x3045      	MOVLW      69
0x0145	0x00B0      	MOVWF      ?lstr2_rfid
0x0146	0x3072      	MOVLW      114
0x0147	0x00B1      	MOVWF      49
0x0148	0x3072      	MOVLW      114
0x0149	0x00B2      	MOVWF      50
0x014A	0x306F      	MOVLW      111
0x014B	0x00B3      	MOVWF      51
0x014C	0x3072      	MOVLW      114
0x014D	0x00B4      	MOVWF      52
0x014E	0x3020      	MOVLW      32
0x014F	0x00B5      	MOVWF      53
0x0150	0x01B6      	CLRF       54
;rfid.c,17 :: 		void main()
;rfid.c,20 :: 		Lcd_Init(); // Initialize LCD
0x0151	0x2067      	CALL       _Lcd_Init
;rfid.c,21 :: 		Lcd_Cmd(_LCD_CLEAR); // Clear display
0x0152	0x3001      	MOVLW      1
0x0153	0x00CE      	MOVWF      FARG_Lcd_Cmd_out_char
0x0154	0x2018      	CALL       _Lcd_Cmd
;rfid.c,22 :: 		Lcd_Cmd(_LCD_CURSOR_OFF); // Cursor off
0x0155	0x300C      	MOVLW      12
0x0156	0x00CE      	MOVWF      FARG_Lcd_Cmd_out_char
0x0157	0x2018      	CALL       _Lcd_Cmd
;rfid.c,23 :: 		Lcd_Out(1,1,"rfid tag reader");//Write text'Hello World' in first row
0x0158	0x3001      	MOVLW      1
0x0159	0x00C9      	MOVWF      FARG_Lcd_Out_row
0x015A	0x3001      	MOVLW      1
0x015B	0x00CA      	MOVWF      FARG_Lcd_Out_column
0x015C	0x3020      	MOVLW      ?lstr1_rfid
0x015D	0x00CB      	MOVWF      FARG_Lcd_Out_text
0x015E	0x20E3      	CALL       _Lcd_Out
;rfid.c,25 :: 		UART1_Init(9600);                 // Initialize UART, 9600 baud rate
0x015F	0x3019      	MOVLW      25
0x0160	0x1683      	BSF        STATUS, 5
0x0161	0x0099      	MOVWF      SPBRG
0x0162	0x1518      	BSF        TXSTA, 2
0x0163	0x20C7      	CALL       _UART1_Init
;rfid.c,27 :: 		rfid[12] = '\0';                  // String Terminating Character
0x0164	0x01C7      	CLRF       main_rfid_L0+12
;rfid.c,29 :: 		while(1)                          // Infinite Loop
L_main0:
;rfid.c,31 :: 		if(UART1_Data_Ready())          // If UART Data Ready
0x0165	0x20B5      	CALL       _UART1_Data_Ready
0x0166	0x0870      	MOVF       R0, 0
0x0167	0x1903      	BTFSC      STATUS, 2
0x0168	0x29AF      	GOTO       L_main2
;rfid.c,33 :: 		for(i=0;i<12;)                // To Read 12 characters
0x0169	0x01BA      	CLRF       main_i_L0
L_main3:
0x016A	0x300C      	MOVLW      12
0x016B	0x023A      	SUBWF      main_i_L0, 0
0x016C	0x1803      	BTFSC      STATUS, 0
0x016D	0x297C      	GOTO       L_main4
;rfid.c,35 :: 		if(UART1_Data_Ready())
0x016E	0x20B5      	CALL       _UART1_Data_Ready
0x016F	0x0870      	MOVF       R0, 0
0x0170	0x1903      	BTFSC      STATUS, 2
0x0171	0x297B      	GOTO       L_main6
;rfid.c,37 :: 		rfid[i] = UART1_Read();
0x0172	0x083A      	MOVF       main_i_L0, 0
0x0173	0x3E3B      	ADDLW      main_rfid_L0
0x0174	0x00C8      	MOVWF      FLOC__main
0x0175	0x20BC      	CALL       _UART1_Read
0x0176	0x0848      	MOVF       FLOC__main, 0
0x0177	0x0084      	MOVWF      FSR
0x0178	0x0870      	MOVF       R0, 0
0x0179	0x0080      	MOVWF      INDF
;rfid.c,38 :: 		i++;
0x017A	0x0ABA      	INCF       main_i_L0, 1
;rfid.c,39 :: 		}
L_main6:
;rfid.c,40 :: 		}
0x017B	0x296A      	GOTO       L_main3
L_main4:
;rfid.c,42 :: 		if((rfid[0] ^ rfid[2] ^ rfid[4] ^ rfid[6] ^ rfid[8] == rfid[10]) && (rfid[1] ^ rfid[3] ^ rfid[5] ^ rfid[7] ^ rfid[9] == rfid[11]))
0x017C	0x083D      	MOVF       main_rfid_L0+2, 0
0x017D	0x063B      	XORWF      main_rfid_L0, 0
0x017E	0x00F0      	MOVWF      R0
0x017F	0x083F      	MOVF       main_rfid_L0+4, 0
0x0180	0x06F0      	XORWF      R0, 1
0x0181	0x0841      	MOVF       main_rfid_L0+6, 0
0x0182	0x0670      	XORWF      R0, 0
0x0183	0x00F1      	MOVWF      R1
0x0184	0x0843      	MOVF       main_rfid_L0+8, 0
0x0185	0x0645      	XORWF      main_rfid_L0+10, 0
0x0186	0x3001      	MOVLW      1
0x0187	0x1D03      	BTFSS      STATUS, 2
0x0188	0x3000      	MOVLW      0
0x0189	0x00F0      	MOVWF      R0
0x018A	0x0871      	MOVF       R1, 0
0x018B	0x06F0      	XORWF      R0, 1
0x018C	0x1903      	BTFSC      STATUS, 2
0x018D	0x29A8      	GOTO       L_main9
0x018E	0x083E      	MOVF       main_rfid_L0+3, 0
0x018F	0x063C      	XORWF      main_rfid_L0+1, 0
0x0190	0x00F0      	MOVWF      R0
0x0191	0x0840      	MOVF       main_rfid_L0+5, 0
0x0192	0x06F0      	XORWF      R0, 1
0x0193	0x0842      	MOVF       main_rfid_L0+7, 0
0x0194	0x0670      	XORWF      R0, 0
0x0195	0x00F1      	MOVWF      R1
0x0196	0x0844      	MOVF       main_rfid_L0+9, 0
0x0197	0x0646      	XORWF      main_rfid_L0+11, 0
0x0198	0x3001      	MOVLW      1
0x0199	0x1D03      	BTFSS      STATUS, 2
0x019A	0x3000      	MOVLW      0
0x019B	0x00F0      	MOVWF      R0
0x019C	0x0871      	MOVF       R1, 0
0x019D	0x06F0      	XORWF      R0, 1
0x019E	0x1903      	BTFSC      STATUS, 2
0x019F	0x29A8      	GOTO       L_main9
L__main11:
;rfid.c,44 :: 		Lcd_Out(2,1,rfid);
0x01A0	0x3002      	MOVLW      2
0x01A1	0x00C9      	MOVWF      FARG_Lcd_Out_row
0x01A2	0x3001      	MOVLW      1
0x01A3	0x00CA      	MOVWF      FARG_Lcd_Out_column
0x01A4	0x303B      	MOVLW      main_rfid_L0
0x01A5	0x00CB      	MOVWF      FARG_Lcd_Out_text
0x01A6	0x20E3      	CALL       _Lcd_Out
;rfid.c,45 :: 		}
0x01A7	0x29AF      	GOTO       L_main10
L_main9:
;rfid.c,48 :: 		Lcd_Out(2,1,"Error ");
0x01A8	0x3002      	MOVLW      2
0x01A9	0x00C9      	MOVWF      FARG_Lcd_Out_row
0x01AA	0x3001      	MOVLW      1
0x01AB	0x00CA      	MOVWF      FARG_Lcd_Out_column
0x01AC	0x3030      	MOVLW      ?lstr2_rfid
0x01AD	0x00CB      	MOVWF      FARG_Lcd_Out_text
0x01AE	0x20E3      	CALL       _Lcd_Out
;rfid.c,49 :: 		}
L_main10:
;rfid.c,50 :: 		}
L_main2:
;rfid.c,51 :: 		}
0x01AF	0x2965      	GOTO       L_main0
;rfid.c,52 :: 		}
L_end_main:
0x01B0	0x29B0      	GOTO       $+0
; end of _main
Symbol List:
//** Routines locations **
//ADDRESS    SIZE    PROCEDURE
//----------------------------------------------
0x0003       [2]    _Delay_1us
0x0005       [8]    _Delay_50us
0x000D      [11]    _Delay_5500us
0x0018      [64]    _Lcd_Cmd
0x0058       [8]    _Lcd_Chr_CP
0x0060       [7]    _____DoICP
0x0067      [78]    _Lcd_Init
0x00B5       [7]    _UART1_Data_Ready
0x00BC      [11]    _UART1_Read
0x00C7      [16]    _UART1_Init
0x00D7      [12]    ___CC2DW
0x00E3      [64]    _Lcd_Out
0x0123     [142]    _main
//** Variables locations ** 
//ADDRESS    SIZE    VARIABLE
//----------------------------------------------
0x0000       [1]    INDF
0x0002       [1]    PCL
0x0003       [1]    STATUS
0x0004       [1]    FSR
0x0006       [0]    LCD_RS
0x0006       [0]    LCD_EN
0x0006       [0]    RB5_bit
0x0006       [0]    RB4_bit
0x0006       [0]    RB7_bit
0x0006       [0]    RB6_bit
0x0006       [0]    LCD_D5
0x0006       [0]    LCD_D4
0x0006       [0]    LCD_D7
0x0006       [0]    LCD_D6
0x0006       [0]    RB3_bit
0x0006       [0]    RB2_bit
0x000A       [1]    PCLATH
0x000C       [1]    PIR1
0x0018       [1]    RCSTA
0x001A       [1]    RCREG
0x0020      [16]    ?lstr1_rfid
0x0030       [7]    ?lstr2_rfid
0x0037       [2]    ___DoICPAddr
0x0039       [0]    __Lib_Lcd_cmd_status
0x003A       [1]    main_i_L0
0x003B      [13]    main_rfid_L0
0x0048       [1]    FLOC__main
0x0049       [1]    FARG_Lcd_Out_row
0x004A       [1]    FARG_Lcd_Out_column
0x004B       [1]    FARG_Lcd_Out_text
0x004C       [1]    Lcd_Out_i_L0
0x004D       [1]    FARG_Lcd_Chr_CP_out_char
0x004E       [1]    FARG_Lcd_Cmd_out_char
0x0070       [1]    R0
0x0071       [1]    R1
0x0072       [1]    R2
0x0073       [1]    R3
0x0074       [1]    R4
0x0075       [1]    R5
0x0076       [1]    R6
0x0077       [1]    R7
0x0078       [1]    R8
0x0079       [1]    R9
0x007A       [1]    R10
0x007B       [1]    R11
0x007C       [1]    R12
0x007D       [1]    R13
0x007E       [1]    R14
0x007F       [1]    R15
0x0086       [0]    TRISB3_bit
0x0086       [0]    LCD_RS_Direction
0x0086       [0]    LCD_EN_Direction
0x0086       [0]    TRISB2_bit
0x0086       [0]    LCD_D4_Direction
0x0086       [0]    TRISB5_bit
0x0086       [0]    TRISB6_bit
0x0086       [0]    TRISB7_bit
0x0086       [0]    TRISB4_bit
0x0086       [0]    LCD_D5_Direction
0x0086       [0]    LCD_D6_Direction
0x0086       [0]    LCD_D7_Direction
0x0087       [0]    TRISC7_bit
0x0087       [0]    TRISC6_bit
0x0098       [1]    TXSTA
0x0099       [1]    SPBRG
//** Label List: ** 
//----------------------------------------------
  L_main0
  L_main1
  L_main2
  L_main3
  L_main4
  L_main5
  L_main6
  L_main7
  L_main8
  L_main9
  L_main10
  L__main11
  L_end_main
  _main
  L_Delay_10us0
  L_Delay_22us1
  L_Delay_50us2
  L_Delay_80us3
  L_Delay_500us4
  L_Delay_5500us5
  L_Delay_1ms6
  L_Delay_5ms7
  L_Delay_8ms8
  L_Delay_10ms9
  L_Delay_100ms10
  L_Delay_1sec11
  L_boot16_Delay_5ms12
  L_Delay_Cyc13
  L_Delay_Cyc14
  L_VDelay_ms15
  L_VDelay_ms16
  L_VDelay_ms17
  L_VDelay_Advanced_ms18
  L_VDelay_Advanced_ms19
  L_VDelay_Advanced_ms20
  L_end_Get_Fosc_kHz
  _Get_Fosc_kHz
  L_end_Delay_1us
  _Delay_1us
  L_end_Delay_10us
  _Delay_10us
  L_end_Delay_22us
  _Delay_22us
  L_end_Delay_50us
  _Delay_50us
  L_end_Delay_80us
  _Delay_80us
  L_end_Delay_500us
  _Delay_500us
  L_end_Delay_5500us
  _Delay_5500us
  L_end_Delay_1ms
  _Delay_1ms
  L_end_Delay_5ms
  _Delay_5ms
  L_end_Delay_8ms
  _Delay_8ms
  L_end_Delay_10ms
  _Delay_10ms
  L_end_Delay_100ms
  _Delay_100ms
  L_end_Delay_1sec
  _Delay_1sec
  L_end_boot16_Delay_5ms
  _boot16_Delay_5ms
  L_end_Delay_Cyc
  _Delay_Cyc
  L_end_VDelay_ms
  _VDelay_ms
  L__VDelay_ms38
  L__VDelay_ms39
  L__VDelay_ms40
  L_end_VDelay_Advanced_ms
  _VDelay_Advanced_ms
  L__VDelay_Advanced_ms42
  L__VDelay_Advanced_ms43
  L__VDelay_Advanced_ms44
  L_Lcd_Cmd0
  L_Lcd_Cmd1
  L_Lcd_Out_CP2
  L_Lcd_Out_CP3
  L_Lcd_Chr4
  L_Lcd_Chr5
  L_Lcd_Chr6
  L_Lcd_Chr7
  L_Lcd_Chr8
  L_Lcd_Chr9
  L_Lcd_Chr10
  L_Lcd_Out11
  L_Lcd_Out12
  L_Lcd_Out13
  L_Lcd_Out14
  L_Lcd_Out15
  L_Lcd_Out16
  L_Lcd_Out17
  L_Lcd_Out18
  L_Lcd_Out19
  L_end_Lcd_Cmd
  _Lcd_Cmd
  L__Lcd_Cmd21
  L__Lcd_Cmd22
  L__Lcd_Cmd23
  L__Lcd_Cmd24
  L__Lcd_Cmd25
  L__Lcd_Cmd26
  L__Lcd_Cmd27
  L__Lcd_Cmd28
  L__Lcd_Cmd29
  L__Lcd_Cmd30
  L__Lcd_Cmd31
  L__Lcd_Cmd32
  L__Lcd_Cmd33
  L__Lcd_Cmd34
  L__Lcd_Cmd35
  L__Lcd_Cmd36
  L__Lcd_Cmd37
  L__Lcd_Cmd38
  L__Lcd_Cmd39
  L__Lcd_Cmd40
  L_end_Lcd_Chr_CP
  _Lcd_Chr_CP
  L_end_Lcd_Out_CP
  _Lcd_Out_CP
  L_end_Lcd_Chr
  _Lcd_Chr
  L_end_Lcd_Init
  _Lcd_Init
  L_end_Lcd_Out
  _Lcd_Out
  L_loopCA2AWs
  L_CA2AWend
  _CCA2AW_Loop1
  L_loopCS2Ss
  L_CS2Send
  _CCS2S_Loop1
  L_CCS2Send
  L_loopFZinSWs
  L_FZinSend
  _CC2D_Loop1
  L_end_____DoICP
  _____DoICP
  L_end_____DoIFC
  _____DoIFC
  L_end___CA2AW
  ___CA2AW
  L_end___CCA2AW
  ___CCA2AW
  L_end___CS2S
  ___CS2S
  L_end___CCS2S
  ___CCS2S
  L_end___FZinS
  ___FZinS
  L_end___CC2DW
  ___CC2DW
  L_end_Swap
  _Swap
  L_UART1_Init0
  L_UART1_Init1
  L_UART1_Read2
  L_UART1_Write3
  L_UART1_Write4
  L_UART1_Write_Text5
  L_UART1_Write_Text6
  L_UART1_Read_Text7
  L_UART1_Read_Text8
  L_UART1_Read_Text9
  L_UART1_Read_Text10
  L_UART1_Read_Text11
  L_UART1_Read_Text12
  L_UART1_Read_Text13
  L_UART1_Read_Text14
  L_UART1_Read_Text15
  L_end_UART1_Init
  _UART1_Init
  L_end_UART1_Data_Ready
  _UART1_Data_Ready
  L_end_UART1_Read
  _UART1_Read
  L_end_UART1_Tx_Idle
  _UART1_Tx_Idle
  L_end_UART1_Write
  _UART1_Write
  L_end_UART1_Write_Text
  _UART1_Write_Text
  L_end_UART1_Read_Text
  _UART1_Read_Text
