C51 COMPILER V9.52.0.0   IR_MODULE                                                         01/07/2015 15:00:17 PAGE 1   


C51 COMPILER V9.52.0.0, COMPILATION OF MODULE IR_MODULE
OBJECT MODULE PLACED IN ir module.OBJ
COMPILER INVOKED BY: C:\Keil\C51\BIN\C51.EXE ir module.c BROWSE DEBUG OBJECTEXTEND TABS(2)

line level    source

   1          #include<reg51.h>
   2          sbit led = P2^0;
   3          sbit module = P0^0;
   4          void msDelay(unsigned int x)
   5          {
   6   1           unsigned int i,j;
   7   1           for(i=0;i<x;i++)
   8   1           for(j=0;j<1275;j++);
   9   1      }
  10          void main()
  11          {
  12   1      P2=0x00;
  13   1      P0=0xFF;
  14   1          while(1)
  15   1           {
  16   2                if( module == 1)
  17   2                {
  18   3                 led = 1;
  19   3                 msDelay(1000);
  20   3                 led = 0;
  21   3                 msDelay(100);
  22   3                 }
  23   2           }
  24   1      }
  25           


MODULE INFORMATION:   STATIC OVERLAYABLE
   CODE SIZE        =     61    ----
   CONSTANT SIZE    =   ----    ----
   XDATA SIZE       =   ----    ----
   PDATA SIZE       =   ----    ----
   DATA SIZE        =   ----    ----
   IDATA SIZE       =   ----    ----
   BIT SIZE         =   ----    ----
END OF MODULE INFORMATION.


C51 COMPILATION COMPLETE.  0 WARNING(S),  0 ERROR(S)
