C51 COMPILER V9.52.0.0   7_SEGMENT_DISPLAY                                                 01/10/2015 17:25:34 PAGE 1   


C51 COMPILER V9.52.0.0, COMPILATION OF MODULE 7_SEGMENT_DISPLAY
OBJECT MODULE PLACED IN 7 segment display.OBJ
COMPILER INVOKED BY: C:\Keil\C51\BIN\C51.EXE 7 segment display.c BROWSE DEBUG OBJECTEXTEND TABS(2)

line level    source

   1          
   2          // Program to interface single seven segment
   3           
   4          #include<reg51.h>
   5          
   6          delay_ms(int time)    // Time delay function
   7          {
   8   1        int i,j;
   9   1        for(i=0;i<time;i++)
  10   1          for(j=0;j<1275;j++);
  11   1      }
  12          
  13          void main()
  14          {
  15   1        char num[]={0x3f,0x06,0x5b,0x4f,0x66,0x6d,0x7d,0x07,0x7f,0x67};   // Hex values corresponding to digits 0 
             -to 9
  16   1        int c;
  17   1        while(1)
  18   1        {
  19   2          for(c=0;c<10;c++)
  20   2          {
  21   3          P2=num[c]; 
  22   3          delay_ms(200);
  23   3          }
  24   2        }
  25   1      }
  26          
*** WARNING C290 IN LINE 11 OF 7 segment display.c: missing return value


MODULE INFORMATION:   STATIC OVERLAYABLE
   CODE SIZE        =     87    ----
   CONSTANT SIZE    =     10    ----
   XDATA SIZE       =   ----    ----
   PDATA SIZE       =   ----    ----
   DATA SIZE        =   ----      10
   IDATA SIZE       =   ----    ----
   BIT SIZE         =   ----    ----
END OF MODULE INFORMATION.


C51 COMPILATION COMPLETE.  1 WARNING(S),  0 ERROR(S)
