C51 COMPILER V9.53.0.0   7_SEGMENT                                                         03/15/2015 22:44:17 PAGE 1   


C51 COMPILER V9.53.0.0, COMPILATION OF MODULE 7_SEGMENT
OBJECT MODULE PLACED IN 7 segment.OBJ
COMPILER INVOKED BY: C:\Keil_v5\C51\BIN\C51.EXE 7 segment.c OPTIMIZE(8,SPEED) BROWSE DEBUG OBJECTEXTEND

line level    source

   1          #include<stdio.h>
   2          #include<reg51.h>
   3          unsigned char SetDisplay(unsigned char);
   4          void delay();
   5          sbit eseg1000 = P3^7;
   6          sbit eseg100  = P3^6;
   7          sbit eseg10   = P3^5;
   8          sbit eseg1    = P3^4;
   9          
  10          unsigned char d0,d1,d2,d3;
  11          
  12          unsigned char SetDisplay(unsigned char value)
  13          {
  14   1              unsigned char segment[]={0x3f,0x06,0x5b,0x4f,0x66,0x6d,0x7d,0x07,0x7f,0x67};  
  15   1              if(value<=10)
  16   1                      return segment[value];
  17   1              else
  18   1                      return 0;
  19   1      }
  20          
  21          //--------------
  22          //Delay Function
  23          //--------------
  24          void delay()
  25          {        
  26   1              int i;          
  27   1              for(i=0; i<50; i++)
  28   1                      i = i + 0;        
  29   1      }                  
  30          
  31          //--------------
  32          //Main Program
  33          //--------------
  34          void main(void)
  35          {
  36   1              unsigned char count = 0;  
  37   1              unsigned long timer = 0;
  38   1              int turn = 1;              
  39   1              P2 = 0xFF;
  40   1              while(1)
  41   1              {
  42   2                      if(turn==1) //7-Seg Display 0
  43   2                      {
  44   3                              eseg1000=0;
  45   3                              eseg100=0;
  46   3                              eseg10=0;
  47   3                              eseg1=1;
  48   3                              P2=SetDisplay(d0);
  49   3                              turn = 2;
  50   3                              delay();
  51   3                      }
  52   2                      else if(turn==2)  //7-Seg Display 1
  53   2                      {
  54   3                              eseg1=0;
  55   3                              eseg1000=0;
C51 COMPILER V9.53.0.0   7_SEGMENT                                                         03/15/2015 22:44:17 PAGE 2   

  56   3                              eseg100=0;
  57   3                              eseg10=1;
  58   3                              P2=SetDisplay(d1);
  59   3                              turn = 3;
  60   3                              delay();
  61   3                      }
  62   2                      else if(turn==3)  //7-Seg Display 2
  63   2                      {
  64   3                              eseg10=0;
  65   3                              eseg1=0;
  66   3                              eseg1000=0;
  67   3                              eseg100=1;
  68   3                              P2=SetDisplay(d2);
  69   3                              turn = 4;
  70   3                              delay();
  71   3                      }
  72   2                      else   //7-Seg Display 3
  73   2                      {
  74   3                              eseg100=0;
  75   3                              eseg10=0;
  76   3                              eseg1=0;
  77   3                              eseg1000=1;
  78   3                          P2=SetDisplay(d3);
  79   3                          turn = 1;
  80   3                          delay();
  81   3                      }
  82   2              if(timer == 100)
  83   2                      {
  84   3                              d0++;
  85   3                              timer=0;
  86   3                              if(d0>=10)
  87   3                              { 
  88   4                                      d0=0;
  89   4                                      d1++;
  90   4                                      if(d1>=10)
  91   4                                      {
  92   5                                              d1=0;
  93   5                                              d2++;
  94   5                                              if(d2>=10)
  95   5                                              {
  96   6                                                      d2=0;
  97   6                                                      d3++;
  98   6                                                      if(d3>=10)
  99   6                                                      {
 100   7                                                              d3=0;
 101   7                                                      }
 102   6                                              }
 103   5                                      }
 104   4                              }
 105   3                      }
 106   2                      timer++;       
 107   2              }
 108   1      }


MODULE INFORMATION:   STATIC OVERLAYABLE
   CODE SIZE        =    278    ----
   CONSTANT SIZE    =     10    ----
   XDATA SIZE       =   ----    ----
   PDATA SIZE       =   ----    ----
   DATA SIZE        =      4      16
   IDATA SIZE       =   ----    ----
C51 COMPILER V9.53.0.0   7_SEGMENT                                                         03/15/2015 22:44:17 PAGE 3   

   BIT SIZE         =   ----    ----
END OF MODULE INFORMATION.


C51 COMPILATION COMPLETE.  0 WARNING(S),  0 ERROR(S)
