;  LST file generated by mikroListExporter - v.2.0 
; Date/Time: 3/1/2015 11:09:35 AM
;----------------------------------------------

;Address Opcode 	ASM
0x0000	0x29DE      	GOTO       478
_Delay_1us:
;__Lib_Delays.c,7 :: 		void Delay_1us() {
;__Lib_Delays.c,8 :: 		Delay_us(1);
0x0003	0x0000      	NOP
0x0004	0x0000      	NOP
;__Lib_Delays.c,9 :: 		}
L_end_Delay_1us:
0x0005	0x0008      	RETURN
; end of _Delay_1us
_Delay_5500us:
;__Lib_Delays.c,31 :: 		void Delay_5500us() {
;__Lib_Delays.c,32 :: 		Delay_us(5500);
0x0006	0x300F      	MOVLW      15
0x0007	0x1283      	BCF        STATUS, 5
0x0008	0x1303      	BCF        STATUS, 6
0x0009	0x00FC      	MOVWF      R12
0x000A	0x3047      	MOVLW      71
0x000B	0x00FD      	MOVWF      R13
L_Delay_5500us5:
0x000C	0x0BFD      	DECFSZ     R13, 1
0x000D	0x280C      	GOTO       L_Delay_5500us5
0x000E	0x0BFC      	DECFSZ     R12, 1
0x000F	0x280C      	GOTO       L_Delay_5500us5
0x0010	0x0000      	NOP
0x0011	0x0000      	NOP
;__Lib_Delays.c,33 :: 		}
L_end_Delay_5500us:
0x0012	0x0008      	RETURN
; end of _Delay_5500us
_Delay_50us:
;__Lib_Delays.c,19 :: 		void Delay_50us() {
;__Lib_Delays.c,20 :: 		Delay_us(50);
0x0013	0x3021      	MOVLW      33
0x0014	0x1283      	BCF        STATUS, 5
0x0015	0x1303      	BCF        STATUS, 6
0x0016	0x00FD      	MOVWF      R13
L_Delay_50us2:
0x0017	0x0BFD      	DECFSZ     R13, 1
0x0018	0x2817      	GOTO       L_Delay_50us2
;__Lib_Delays.c,21 :: 		}
L_end_Delay_50us:
0x0019	0x0008      	RETURN
; end of _Delay_50us
_Lcd_Cmd:
;__Lib_Lcd.c,18 :: 		
;__Lib_Lcd.c,20 :: 		
0x001A	0x1283      	BCF        STATUS, 5
0x001B	0x1303      	BCF        STATUS, 6
0x001C	0x1BC7      	BTFSC      FARG_Lcd_Cmd_out_char, 7
0x001D	0x2820      	GOTO       L__Lcd_Cmd21
0x001E	0x1387      	BCF        LCD_D7, BitPos(LCD_D7+0)
0x001F	0x2821      	GOTO       L__Lcd_Cmd22
L__Lcd_Cmd21:
0x0020	0x1787      	BSF        LCD_D7, BitPos(LCD_D7+0)
L__Lcd_Cmd22:
;__Lib_Lcd.c,21 :: 		
0x0021	0x1B47      	BTFSC      FARG_Lcd_Cmd_out_char, 6
0x0022	0x2825      	GOTO       L__Lcd_Cmd23
0x0023	0x1307      	BCF        LCD_D6, BitPos(LCD_D6+0)
0x0024	0x2826      	GOTO       L__Lcd_Cmd24
L__Lcd_Cmd23:
0x0025	0x1707      	BSF        LCD_D6, BitPos(LCD_D6+0)
L__Lcd_Cmd24:
;__Lib_Lcd.c,22 :: 		
0x0026	0x1AC7      	BTFSC      FARG_Lcd_Cmd_out_char, 5
0x0027	0x282A      	GOTO       L__Lcd_Cmd25
0x0028	0x1287      	BCF        LCD_D5, BitPos(LCD_D5+0)
0x0029	0x282B      	GOTO       L__Lcd_Cmd26
L__Lcd_Cmd25:
0x002A	0x1687      	BSF        LCD_D5, BitPos(LCD_D5+0)
L__Lcd_Cmd26:
;__Lib_Lcd.c,23 :: 		
0x002B	0x1A47      	BTFSC      FARG_Lcd_Cmd_out_char, 4
0x002C	0x282F      	GOTO       L__Lcd_Cmd27
0x002D	0x1207      	BCF        LCD_D4, BitPos(LCD_D4+0)
0x002E	0x2830      	GOTO       L__Lcd_Cmd28
L__Lcd_Cmd27:
0x002F	0x1607      	BSF        LCD_D4, BitPos(LCD_D4+0)
L__Lcd_Cmd28:
;__Lib_Lcd.c,25 :: 		
0x0030	0x1833      	BTFSC      __Lib_Lcd_cmd_status, BitPos(__Lib_Lcd_cmd_status+0)
0x0031	0x2834      	GOTO       L__Lcd_Cmd29
0x0032	0x1508      	BSF        LCD_RS, BitPos(LCD_RS+0)
0x0033	0x2835      	GOTO       L__Lcd_Cmd30
L__Lcd_Cmd29:
0x0034	0x1108      	BCF        LCD_RS, BitPos(LCD_RS+0)
L__Lcd_Cmd30:
;__Lib_Lcd.c,28 :: 		
0x0035	0x1588      	BSF        LCD_EN, BitPos(LCD_EN+0)
;__Lib_Lcd.c,29 :: 		
0x0036	0x2003      	CALL       _Delay_1us
;__Lib_Lcd.c,30 :: 		
0x0037	0x1188      	BCF        LCD_EN, BitPos(LCD_EN+0)
;__Lib_Lcd.c,33 :: 		
0x0038	0x19C7      	BTFSC      FARG_Lcd_Cmd_out_char, 3
0x0039	0x283C      	GOTO       L__Lcd_Cmd31
0x003A	0x1387      	BCF        LCD_D7, BitPos(LCD_D7+0)
0x003B	0x283D      	GOTO       L__Lcd_Cmd32
L__Lcd_Cmd31:
0x003C	0x1787      	BSF        LCD_D7, BitPos(LCD_D7+0)
L__Lcd_Cmd32:
;__Lib_Lcd.c,34 :: 		
0x003D	0x1947      	BTFSC      FARG_Lcd_Cmd_out_char, 2
0x003E	0x2841      	GOTO       L__Lcd_Cmd33
0x003F	0x1307      	BCF        LCD_D6, BitPos(LCD_D6+0)
0x0040	0x2842      	GOTO       L__Lcd_Cmd34
L__Lcd_Cmd33:
0x0041	0x1707      	BSF        LCD_D6, BitPos(LCD_D6+0)
L__Lcd_Cmd34:
;__Lib_Lcd.c,35 :: 		
0x0042	0x18C7      	BTFSC      FARG_Lcd_Cmd_out_char, 1
0x0043	0x2846      	GOTO       L__Lcd_Cmd35
0x0044	0x1287      	BCF        LCD_D5, BitPos(LCD_D5+0)
0x0045	0x2847      	GOTO       L__Lcd_Cmd36
L__Lcd_Cmd35:
0x0046	0x1687      	BSF        LCD_D5, BitPos(LCD_D5+0)
L__Lcd_Cmd36:
;__Lib_Lcd.c,36 :: 		
0x0047	0x1847      	BTFSC      FARG_Lcd_Cmd_out_char, 0
0x0048	0x284B      	GOTO       L__Lcd_Cmd37
0x0049	0x1207      	BCF        LCD_D4, BitPos(LCD_D4+0)
0x004A	0x284C      	GOTO       L__Lcd_Cmd38
L__Lcd_Cmd37:
0x004B	0x1607      	BSF        LCD_D4, BitPos(LCD_D4+0)
L__Lcd_Cmd38:
;__Lib_Lcd.c,38 :: 		
0x004C	0x1833      	BTFSC      __Lib_Lcd_cmd_status, BitPos(__Lib_Lcd_cmd_status+0)
0x004D	0x2850      	GOTO       L__Lcd_Cmd39
0x004E	0x1508      	BSF        LCD_RS, BitPos(LCD_RS+0)
0x004F	0x2851      	GOTO       L__Lcd_Cmd40
L__Lcd_Cmd39:
0x0050	0x1108      	BCF        LCD_RS, BitPos(LCD_RS+0)
L__Lcd_Cmd40:
;__Lib_Lcd.c,40 :: 		
0x0051	0x1588      	BSF        LCD_EN, BitPos(LCD_EN+0)
;__Lib_Lcd.c,41 :: 		
0x0052	0x2003      	CALL       _Delay_1us
;__Lib_Lcd.c,42 :: 		
0x0053	0x1188      	BCF        LCD_EN, BitPos(LCD_EN+0)
;__Lib_Lcd.c,44 :: 		
0x0054	0x1C33      	BTFSS      __Lib_Lcd_cmd_status, BitPos(__Lib_Lcd_cmd_status+0)
0x0055	0x2858      	GOTO       L_Lcd_Cmd0
;__Lib_Lcd.c,45 :: 		
0x0056	0x2006      	CALL       _Delay_5500us
0x0057	0x2859      	GOTO       L_Lcd_Cmd1
L_Lcd_Cmd0:
;__Lib_Lcd.c,47 :: 		
0x0058	0x2013      	CALL       _Delay_50us
L_Lcd_Cmd1:
;__Lib_Lcd.c,48 :: 		
L_end_Lcd_Cmd:
0x0059	0x0008      	RETURN
; end of _Lcd_Cmd
_Delay_10us:
;__Lib_Delays.c,11 :: 		void Delay_10us() {
;__Lib_Delays.c,12 :: 		Delay_us(10);
0x005A	0x3006      	MOVLW      6
0x005B	0x1283      	BCF        STATUS, 5
0x005C	0x1303      	BCF        STATUS, 6
0x005D	0x00FD      	MOVWF      R13
L_Delay_10us0:
0x005E	0x0BFD      	DECFSZ     R13, 1
0x005F	0x285E      	GOTO       L_Delay_10us0
0x0060	0x0000      	NOP
;__Lib_Delays.c,13 :: 		}
L_end_Delay_10us:
0x0061	0x0008      	RETURN
; end of _Delay_10us
_____DoICP:
;__Lib_System.c,6 :: 		
;__Lib_System.c,9 :: 		
0x0062	0x1283      	BCF        STATUS, 5
0x0063	0x1303      	BCF        STATUS, 6
0x0064	0x083C      	MOVF       ___DoICPAddr+1, 0
0x0065	0x008A      	MOVWF      PCLATH
;__Lib_System.c,10 :: 		
0x0066	0x083B      	MOVF       ___DoICPAddr, 0
0x0067	0x0082      	MOVWF      PCL
;__Lib_System.c,12 :: 		
L_end_____DoICP:
0x0068	0x0008      	RETURN
; end of _____DoICP
_Keypad_Key_Press:
;__Lib_Keypad4x4.c,38 :: 		
;__Lib_Keypad4x4.c,42 :: 		
0x0069	0x1283      	BCF        STATUS, 5
0x006A	0x1303      	BCF        STATUS, 6
0x006B	0x01C2      	CLRF       Keypad_Key_Press_rslt_L0
;__Lib_Keypad4x4.c,43 :: 		
0x006C	0x01C4      	CLRF       Keypad_Key_Press_loc_L0
;__Lib_Keypad4x4.c,44 :: 		
0x006D	0x01C5      	CLRF       Keypad_Key_Press_rowcnt_L0
;__Lib_Keypad4x4.c,45 :: 		
0x006E	0x3010      	MOVLW      16
0x006F	0x00C6      	MOVWF      Keypad_Key_Press_shifter_L0
;__Lib_Keypad4x4.c,47 :: 		
L_Keypad_Key_Press0:
0x0070	0x3004      	MOVLW      4
0x0071	0x0245      	SUBWF      Keypad_Key_Press_rowcnt_L0, 0
0x0072	0x1803      	BTFSC      STATUS, 0
0x0073	0x2895      	GOTO       L_Keypad_Key_Press1
;__Lib_Keypad4x4.c,49 :: 		
0x0074	0x30F0      	MOVLW      240
0x0075	0x0086      	MOVWF      keypadPort
;__Lib_Keypad4x4.c,50 :: 		
0x0076	0x0946      	COMF       Keypad_Key_Press_shifter_L0, 0
0x0077	0x1683      	BSF        STATUS, 5
0x0078	0x0086      	MOVWF      keypadPort+128
;__Lib_Keypad4x4.c,54 :: 		
0x0079	0x2003      	CALL       _Delay_1us
;__Lib_Keypad4x4.c,55 :: 		
0x007A	0x2003      	CALL       _Delay_1us
;__Lib_Keypad4x4.c,56 :: 		
0x007B	0x300F      	MOVLW      15
0x007C	0x1283      	BCF        STATUS, 5
0x007D	0x0506      	ANDWF      keypadPort, 0
0x007E	0x00F0      	MOVWF      R0
0x007F	0x0870      	MOVF       R0, 0
0x0080	0x00C3      	MOVWF      Keypad_Key_Press_kdata_L0
;__Lib_Keypad4x4.c,57 :: 		
0x0081	0x0870      	MOVF       R0, 0
0x0082	0x1903      	BTFSC      STATUS, 2
0x0083	0x288F      	GOTO       L_Keypad_Key_Press2
;__Lib_Keypad4x4.c,59 :: 		
0x0084	0x0844      	MOVF       Keypad_Key_Press_loc_L0, 0
0x0085	0x00C2      	MOVWF      Keypad_Key_Press_rslt_L0
;__Lib_Keypad4x4.c,60 :: 		
L_Keypad_Key_Press3:
0x0086	0x0843      	MOVF       Keypad_Key_Press_kdata_L0, 0
0x0087	0x1903      	BTFSC      STATUS, 2
0x0088	0x288D      	GOTO       L_Keypad_Key_Press4
;__Lib_Keypad4x4.c,61 :: 		
0x0089	0x0CC3      	RRF        Keypad_Key_Press_kdata_L0, 1
0x008A	0x13C3      	BCF        Keypad_Key_Press_kdata_L0, 7
;__Lib_Keypad4x4.c,62 :: 		
0x008B	0x0AC2      	INCF       Keypad_Key_Press_rslt_L0, 1
;__Lib_Keypad4x4.c,63 :: 		
0x008C	0x2886      	GOTO       L_Keypad_Key_Press3
L_Keypad_Key_Press4:
;__Lib_Keypad4x4.c,65 :: 		
0x008D	0x3004      	MOVLW      4
0x008E	0x00C5      	MOVWF      Keypad_Key_Press_rowcnt_L0
;__Lib_Keypad4x4.c,66 :: 		
L_Keypad_Key_Press2:
;__Lib_Keypad4x4.c,67 :: 		
0x008F	0x0DC6      	RLF        Keypad_Key_Press_shifter_L0, 1
0x0090	0x1046      	BCF        Keypad_Key_Press_shifter_L0, 0
;__Lib_Keypad4x4.c,68 :: 		
0x0091	0x3004      	MOVLW      4
0x0092	0x07C4      	ADDWF      Keypad_Key_Press_loc_L0, 1
;__Lib_Keypad4x4.c,69 :: 		
0x0093	0x0AC5      	INCF       Keypad_Key_Press_rowcnt_L0, 1
;__Lib_Keypad4x4.c,70 :: 		
0x0094	0x2870      	GOTO       L_Keypad_Key_Press0
L_Keypad_Key_Press1:
;__Lib_Keypad4x4.c,72 :: 		
0x0095	0x0842      	MOVF       Keypad_Key_Press_rslt_L0, 0
0x0096	0x00F0      	MOVWF      R0
;__Lib_Keypad4x4.c,73 :: 		
L_end_Keypad_Key_Press:
0x0097	0x0008      	RETURN
; end of _Keypad_Key_Press
_Lcd_Chr_CP:
;__Lib_Lcd.c,50 :: 		
;__Lib_Lcd.c,52 :: 		
0x0098	0x1283      	BCF        STATUS, 5
0x0099	0x1303      	BCF        STATUS, 6
0x009A	0x1033      	BCF        __Lib_Lcd_cmd_status, BitPos(__Lib_Lcd_cmd_status+0)
;__Lib_Lcd.c,53 :: 		
0x009B	0x0842      	MOVF       FARG_Lcd_Chr_CP_out_char, 0
0x009C	0x00C7      	MOVWF      FARG_Lcd_Cmd_out_char
0x009D	0x201A      	CALL       _Lcd_Cmd
;__Lib_Lcd.c,54 :: 		
0x009E	0x1433      	BSF        __Lib_Lcd_cmd_status, BitPos(__Lib_Lcd_cmd_status+0)
;__Lib_Lcd.c,55 :: 		
L_end_Lcd_Chr_CP:
0x009F	0x0008      	RETURN
; end of _Lcd_Chr_CP
_Div_16x16_U:
;__Lib_Math.c,215 :: 		
;__Lib_Math.c,222 :: 		
0x00A0	0x1283      	BCF        STATUS, 5
;__Lib_Math.c,223 :: 		
0x00A1	0x1303      	BCF        STATUS, 6
;__Lib_Math.c,224 :: 		
0x00A2	0x01F8      	CLRF       R8
;__Lib_Math.c,225 :: 		
0x00A3	0x01F9      	CLRF       R9
;__Lib_Math.c,226 :: 		
0x00A4	0x3010      	MOVLW      16
;__Lib_Math.c,227 :: 		
0x00A5	0x00FC      	MOVWF      R12
;__Lib_Math.c,228 :: 		
0x00A6	0x0D71      	RLF        R1, 0
;__Lib_Math.c,229 :: 		
0x00A7	0x0DF8      	RLF        R8, 1
;__Lib_Math.c,230 :: 		
0x00A8	0x0DF9      	RLF        R9, 1
;__Lib_Math.c,231 :: 		
0x00A9	0x0874      	MOVF       R4, 0
;__Lib_Math.c,232 :: 		
0x00AA	0x02F8      	SUBWF      R8, 1
;__Lib_Math.c,233 :: 		
0x00AB	0x0875      	MOVF       R5, 0
;__Lib_Math.c,234 :: 		
0x00AC	0x1C03      	BTFSS      STATUS, 0
;__Lib_Math.c,235 :: 		
0x00AD	0x0F75      	INCFSZ     R5, 0
;__Lib_Math.c,236 :: 		
0x00AE	0x02F9      	SUBWF      R9, 1
;__Lib_Math.c,237 :: 		
0x00AF	0x1803      	BTFSC      STATUS, 0
;__Lib_Math.c,238 :: 		
0x00B0	0x28B8      	GOTO       $+8
;__Lib_Math.c,239 :: 		
0x00B1	0x0874      	MOVF       R4, 0
;__Lib_Math.c,240 :: 		
0x00B2	0x07F8      	ADDWF      R8, 1
;__Lib_Math.c,241 :: 		
0x00B3	0x0875      	MOVF       R5, 0
;__Lib_Math.c,242 :: 		
0x00B4	0x1803      	BTFSC      STATUS, 0
;__Lib_Math.c,243 :: 		
0x00B5	0x0F75      	INCFSZ     R5, 0
;__Lib_Math.c,244 :: 		
0x00B6	0x07F9      	ADDWF      R9, 1
;__Lib_Math.c,245 :: 		
0x00B7	0x1003      	BCF        STATUS, 0
;__Lib_Math.c,246 :: 		
0x00B8	0x0DF0      	RLF        R0, 1
;__Lib_Math.c,247 :: 		
0x00B9	0x0DF1      	RLF        R1, 1
;__Lib_Math.c,248 :: 		
0x00BA	0x0BFC      	DECFSZ     R12, 1
;__Lib_Math.c,249 :: 		
0x00BB	0x28A6      	GOTO       $-21
;__Lib_Math.c,251 :: 		
L_end_Div_16x16_U:
0x00BC	0x0008      	RETURN
; end of _Div_16x16_U
_WordToStr:
;__Lib_Conversions.c,84 :: 		
;__Lib_Conversions.c,89 :: 		
0x00BD	0x1283      	BCF        STATUS, 5
0x00BE	0x1303      	BCF        STATUS, 6
0x00BF	0x01C0      	CLRF       WordToStr_len_L0
L_WordToStr6:
0x00C0	0x3005      	MOVLW      5
0x00C1	0x0240      	SUBWF      WordToStr_len_L0, 0
0x00C2	0x1803      	BTFSC      STATUS, 0
0x00C3	0x28CB      	GOTO       L_WordToStr7
;__Lib_Conversions.c,90 :: 		
0x00C4	0x0840      	MOVF       WordToStr_len_L0, 0
0x00C5	0x073F      	ADDWF      FARG_WordToStr_output, 0
0x00C6	0x0084      	MOVWF      FSR
0x00C7	0x3020      	MOVLW      32
0x00C8	0x0080      	MOVWF      INDF
;__Lib_Conversions.c,89 :: 		
0x00C9	0x0AC0      	INCF       WordToStr_len_L0, 1
;__Lib_Conversions.c,90 :: 		
0x00CA	0x28C0      	GOTO       L_WordToStr6
L_WordToStr7:
;__Lib_Conversions.c,91 :: 		
0x00CB	0x0840      	MOVF       WordToStr_len_L0, 0
0x00CC	0x073F      	ADDWF      FARG_WordToStr_output, 0
0x00CD	0x0084      	MOVWF      FSR
0x00CE	0x0180      	CLRF       INDF
0x00CF	0x03C0      	DECF       WordToStr_len_L0, 1
;__Lib_Conversions.c,93 :: 		
L_WordToStr9:
;__Lib_Conversions.c,94 :: 		
0x00D0	0x0840      	MOVF       WordToStr_len_L0, 0
0x00D1	0x073F      	ADDWF      FARG_WordToStr_output, 0
0x00D2	0x00C1      	MOVWF      FLOC__WordToStr
0x00D3	0x300A      	MOVLW      10
0x00D4	0x00F4      	MOVWF      R4
0x00D5	0x01F5      	CLRF       R4+1
0x00D6	0x083D      	MOVF       FARG_WordToStr_input, 0
0x00D7	0x00F0      	MOVWF      R0
0x00D8	0x083E      	MOVF       FARG_WordToStr_input+1, 0
0x00D9	0x00F1      	MOVWF      R0+1
0x00DA	0x20A0      	CALL       _Div_16x16_U
0x00DB	0x0878      	MOVF       R8, 0
0x00DC	0x00F0      	MOVWF      R0
0x00DD	0x0879      	MOVF       R8+1, 0
0x00DE	0x00F1      	MOVWF      R0+1
0x00DF	0x3030      	MOVLW      48
0x00E0	0x07F0      	ADDWF      R0, 1
0x00E1	0x0841      	MOVF       FLOC__WordToStr, 0
0x00E2	0x0084      	MOVWF      FSR
0x00E3	0x0870      	MOVF       R0, 0
0x00E4	0x0080      	MOVWF      INDF
;__Lib_Conversions.c,95 :: 		
0x00E5	0x300A      	MOVLW      10
0x00E6	0x00F4      	MOVWF      R4
0x00E7	0x01F5      	CLRF       R4+1
0x00E8	0x083D      	MOVF       FARG_WordToStr_input, 0
0x00E9	0x00F0      	MOVWF      R0
0x00EA	0x083E      	MOVF       FARG_WordToStr_input+1, 0
0x00EB	0x00F1      	MOVWF      R0+1
0x00EC	0x20A0      	CALL       _Div_16x16_U
0x00ED	0x0870      	MOVF       R0, 0
0x00EE	0x00BD      	MOVWF      FARG_WordToStr_input
0x00EF	0x0871      	MOVF       R0+1, 0
0x00F0	0x00BE      	MOVWF      FARG_WordToStr_input+1
;__Lib_Conversions.c,96 :: 		
0x00F1	0x3000      	MOVLW      0
0x00F2	0x0671      	XORWF      R0+1, 0
0x00F3	0x1D03      	BTFSS      STATUS, 2
0x00F4	0x28F7      	GOTO       L__WordToStr109
0x00F5	0x3000      	MOVLW      0
0x00F6	0x0670      	XORWF      R0, 0
L__WordToStr109:
0x00F7	0x1D03      	BTFSS      STATUS, 2
0x00F8	0x28FA      	GOTO       L_WordToStr11
;__Lib_Conversions.c,97 :: 		
0x00F9	0x28FC      	GOTO       L_WordToStr10
L_WordToStr11:
;__Lib_Conversions.c,98 :: 		
0x00FA	0x03C0      	DECF       WordToStr_len_L0, 1
;__Lib_Conversions.c,99 :: 		
0x00FB	0x28D0      	GOTO       L_WordToStr9
L_WordToStr10:
;__Lib_Conversions.c,100 :: 		
L_end_WordToStr:
0x00FC	0x0008      	RETURN
; end of _WordToStr
_Lcd_Out:
;__Lib_Lcd.c,184 :: 		
;__Lib_Lcd.c,187 :: 		
0x00FD	0x290F      	GOTO       L_Lcd_Out11
;__Lib_Lcd.c,188 :: 		
L_Lcd_Out13:
0x00FE	0x3080      	MOVLW      128
0x00FF	0x1283      	BCF        STATUS, 5
0x0100	0x1303      	BCF        STATUS, 6
0x0101	0x00BD      	MOVWF      FARG_Lcd_Out_row
0x0102	0x2922      	GOTO       L_Lcd_Out12
;__Lib_Lcd.c,189 :: 		
L_Lcd_Out14:
0x0103	0x30C0      	MOVLW      192
0x0104	0x00BD      	MOVWF      FARG_Lcd_Out_row
0x0105	0x2922      	GOTO       L_Lcd_Out12
;__Lib_Lcd.c,190 :: 		
L_Lcd_Out15:
0x0106	0x3094      	MOVLW      148
0x0107	0x00BD      	MOVWF      FARG_Lcd_Out_row
0x0108	0x2922      	GOTO       L_Lcd_Out12
;__Lib_Lcd.c,191 :: 		
L_Lcd_Out16:
0x0109	0x30D4      	MOVLW      212
0x010A	0x00BD      	MOVWF      FARG_Lcd_Out_row
0x010B	0x2922      	GOTO       L_Lcd_Out12
;__Lib_Lcd.c,192 :: 		
L_Lcd_Out17:
0x010C	0x3080      	MOVLW      128
0x010D	0x00BD      	MOVWF      FARG_Lcd_Out_row
;__Lib_Lcd.c,193 :: 		
0x010E	0x2922      	GOTO       L_Lcd_Out12
L_Lcd_Out11:
0x010F	0x1283      	BCF        STATUS, 5
0x0110	0x1303      	BCF        STATUS, 6
0x0111	0x083D      	MOVF       FARG_Lcd_Out_row, 0
0x0112	0x3A01      	XORLW      1
0x0113	0x1903      	BTFSC      STATUS, 2
0x0114	0x28FE      	GOTO       L_Lcd_Out13
0x0115	0x083D      	MOVF       FARG_Lcd_Out_row, 0
0x0116	0x3A02      	XORLW      2
0x0117	0x1903      	BTFSC      STATUS, 2
0x0118	0x2903      	GOTO       L_Lcd_Out14
0x0119	0x083D      	MOVF       FARG_Lcd_Out_row, 0
0x011A	0x3A03      	XORLW      3
0x011B	0x1903      	BTFSC      STATUS, 2
0x011C	0x2906      	GOTO       L_Lcd_Out15
0x011D	0x083D      	MOVF       FARG_Lcd_Out_row, 0
0x011E	0x3A04      	XORLW      4
0x011F	0x1903      	BTFSC      STATUS, 2
0x0120	0x2909      	GOTO       L_Lcd_Out16
0x0121	0x290C      	GOTO       L_Lcd_Out17
L_Lcd_Out12:
;__Lib_Lcd.c,194 :: 		
0x0122	0x033E      	DECF       FARG_Lcd_Out_column, 0
0x0123	0x00F0      	MOVWF      R0
0x0124	0x083D      	MOVF       FARG_Lcd_Out_row, 0
0x0125	0x07F0      	ADDWF      R0, 1
0x0126	0x0870      	MOVF       R0, 0
0x0127	0x00BD      	MOVWF      FARG_Lcd_Out_row
;__Lib_Lcd.c,196 :: 		
0x0128	0x0870      	MOVF       R0, 0
0x0129	0x00C7      	MOVWF      FARG_Lcd_Cmd_out_char
0x012A	0x201A      	CALL       _Lcd_Cmd
;__Lib_Lcd.c,197 :: 		
0x012B	0x1033      	BCF        __Lib_Lcd_cmd_status, BitPos(__Lib_Lcd_cmd_status+0)
;__Lib_Lcd.c,198 :: 		
0x012C	0x01C0      	CLRF       Lcd_Out_i_L0
;__Lib_Lcd.c,199 :: 		
L_Lcd_Out18:
0x012D	0x0840      	MOVF       Lcd_Out_i_L0, 0
0x012E	0x073F      	ADDWF      FARG_Lcd_Out_text, 0
0x012F	0x0084      	MOVWF      FSR
0x0130	0x0800      	MOVF       INDF, 0
0x0131	0x1903      	BTFSC      STATUS, 2
0x0132	0x293B      	GOTO       L_Lcd_Out19
;__Lib_Lcd.c,200 :: 		
0x0133	0x0840      	MOVF       Lcd_Out_i_L0, 0
0x0134	0x073F      	ADDWF      FARG_Lcd_Out_text, 0
0x0135	0x0084      	MOVWF      FSR
0x0136	0x0800      	MOVF       INDF, 0
0x0137	0x00C2      	MOVWF      FARG_Lcd_Chr_CP_out_char
0x0138	0x2098      	CALL       _Lcd_Chr_CP
0x0139	0x0AC0      	INCF       Lcd_Out_i_L0, 1
0x013A	0x292D      	GOTO       L_Lcd_Out18
L_Lcd_Out19:
;__Lib_Lcd.c,201 :: 		
0x013B	0x1433      	BSF        __Lib_Lcd_cmd_status, BitPos(__Lib_Lcd_cmd_status+0)
;__Lib_Lcd.c,202 :: 		
L_end_Lcd_Out:
0x013C	0x0008      	RETURN
; end of _Lcd_Out
_Keypad_Key_Click:
;__Lib_Keypad4x4.c,76 :: 		
;__Lib_Keypad4x4.c,80 :: 		
0x013D	0x2069      	CALL       _Keypad_Key_Press
0x013E	0x0870      	MOVF       R0, 0
0x013F	0x00BD      	MOVWF      Keypad_Key_Click_rslt_L0
;__Lib_Keypad4x4.c,82 :: 		
L_Keypad_Key_Click5:
0x0140	0x300F      	MOVLW      15
0x0141	0x0506      	ANDWF      keypadPort, 0
0x0142	0x00F0      	MOVWF      R0
0x0143	0x1903      	BTFSC      STATUS, 2
0x0144	0x2947      	GOTO       L_Keypad_Key_Click6
;__Lib_Keypad4x4.c,83 :: 		
0x0145	0x205A      	CALL       _Delay_10us
0x0146	0x2940      	GOTO       L_Keypad_Key_Click5
L_Keypad_Key_Click6:
;__Lib_Keypad4x4.c,85 :: 		
0x0147	0x083D      	MOVF       Keypad_Key_Click_rslt_L0, 0
0x0148	0x00F0      	MOVWF      R0
;__Lib_Keypad4x4.c,86 :: 		
L_end_Keypad_Key_Click:
0x0149	0x0008      	RETURN
; end of _Keypad_Key_Click
_Lcd_Chr:
;__Lib_Lcd.c,65 :: 		
;__Lib_Lcd.c,66 :: 		
0x014A	0x295C      	GOTO       L_Lcd_Chr4
;__Lib_Lcd.c,67 :: 		
L_Lcd_Chr6:
0x014B	0x3080      	MOVLW      128
0x014C	0x1283      	BCF        STATUS, 5
0x014D	0x1303      	BCF        STATUS, 6
0x014E	0x00BD      	MOVWF      FARG_Lcd_Chr_row
0x014F	0x296F      	GOTO       L_Lcd_Chr5
;__Lib_Lcd.c,68 :: 		
L_Lcd_Chr7:
0x0150	0x30C0      	MOVLW      192
0x0151	0x00BD      	MOVWF      FARG_Lcd_Chr_row
0x0152	0x296F      	GOTO       L_Lcd_Chr5
;__Lib_Lcd.c,69 :: 		
L_Lcd_Chr8:
0x0153	0x3094      	MOVLW      148
0x0154	0x00BD      	MOVWF      FARG_Lcd_Chr_row
0x0155	0x296F      	GOTO       L_Lcd_Chr5
;__Lib_Lcd.c,70 :: 		
L_Lcd_Chr9:
0x0156	0x30D4      	MOVLW      212
0x0157	0x00BD      	MOVWF      FARG_Lcd_Chr_row
0x0158	0x296F      	GOTO       L_Lcd_Chr5
;__Lib_Lcd.c,71 :: 		
L_Lcd_Chr10:
0x0159	0x3080      	MOVLW      128
0x015A	0x00BD      	MOVWF      FARG_Lcd_Chr_row
;__Lib_Lcd.c,72 :: 		
0x015B	0x296F      	GOTO       L_Lcd_Chr5
L_Lcd_Chr4:
0x015C	0x1283      	BCF        STATUS, 5
0x015D	0x1303      	BCF        STATUS, 6
0x015E	0x083D      	MOVF       FARG_Lcd_Chr_row, 0
0x015F	0x3A01      	XORLW      1
0x0160	0x1903      	BTFSC      STATUS, 2
0x0161	0x294B      	GOTO       L_Lcd_Chr6
0x0162	0x083D      	MOVF       FARG_Lcd_Chr_row, 0
0x0163	0x3A02      	XORLW      2
0x0164	0x1903      	BTFSC      STATUS, 2
0x0165	0x2950      	GOTO       L_Lcd_Chr7
0x0166	0x083D      	MOVF       FARG_Lcd_Chr_row, 0
0x0167	0x3A03      	XORLW      3
0x0168	0x1903      	BTFSC      STATUS, 2
0x0169	0x2953      	GOTO       L_Lcd_Chr8
0x016A	0x083D      	MOVF       FARG_Lcd_Chr_row, 0
0x016B	0x3A04      	XORLW      4
0x016C	0x1903      	BTFSC      STATUS, 2
0x016D	0x2956      	GOTO       L_Lcd_Chr9
0x016E	0x2959      	GOTO       L_Lcd_Chr10
L_Lcd_Chr5:
;__Lib_Lcd.c,74 :: 		
0x016F	0x033E      	DECF       FARG_Lcd_Chr_column, 0
0x0170	0x00F0      	MOVWF      R0
0x0171	0x083D      	MOVF       FARG_Lcd_Chr_row, 0
0x0172	0x07F0      	ADDWF      R0, 1
0x0173	0x0870      	MOVF       R0, 0
0x0174	0x00BD      	MOVWF      FARG_Lcd_Chr_row
;__Lib_Lcd.c,76 :: 		
0x0175	0x1433      	BSF        __Lib_Lcd_cmd_status, BitPos(__Lib_Lcd_cmd_status+0)
;__Lib_Lcd.c,77 :: 		
0x0176	0x0870      	MOVF       R0, 0
0x0177	0x00C7      	MOVWF      FARG_Lcd_Cmd_out_char
0x0178	0x201A      	CALL       _Lcd_Cmd
;__Lib_Lcd.c,79 :: 		
0x0179	0x1033      	BCF        __Lib_Lcd_cmd_status, BitPos(__Lib_Lcd_cmd_status+0)
;__Lib_Lcd.c,80 :: 		
0x017A	0x083F      	MOVF       FARG_Lcd_Chr_out_char, 0
0x017B	0x00C7      	MOVWF      FARG_Lcd_Cmd_out_char
0x017C	0x201A      	CALL       _Lcd_Cmd
;__Lib_Lcd.c,81 :: 		
0x017D	0x1433      	BSF        __Lib_Lcd_cmd_status, BitPos(__Lib_Lcd_cmd_status+0)
;__Lib_Lcd.c,82 :: 		
L_end_Lcd_Chr:
0x017E	0x0008      	RETURN
; end of _Lcd_Chr
_Lcd_Init:
;__Lib_Lcd.c,84 :: 		
;__Lib_Lcd.c,86 :: 		
0x017F	0x1683      	BSF        STATUS, 5
0x0180	0x1303      	BCF        STATUS, 6
0x0181	0x1188      	BCF        LCD_EN_Direction, BitPos(LCD_EN_Direction+0)
;__Lib_Lcd.c,87 :: 		
0x0182	0x1108      	BCF        LCD_RS_Direction, BitPos(LCD_RS_Direction+0)
;__Lib_Lcd.c,88 :: 		
0x0183	0x1207      	BCF        LCD_D4_Direction, BitPos(LCD_D4_Direction+0)
;__Lib_Lcd.c,89 :: 		
0x0184	0x1287      	BCF        LCD_D5_Direction, BitPos(LCD_D5_Direction+0)
;__Lib_Lcd.c,90 :: 		
0x0185	0x1307      	BCF        LCD_D6_Direction, BitPos(LCD_D6_Direction+0)
;__Lib_Lcd.c,91 :: 		
0x0186	0x1387      	BCF        LCD_D7_Direction, BitPos(LCD_D7_Direction+0)
;__Lib_Lcd.c,93 :: 		
0x0187	0x1283      	BCF        STATUS, 5
0x0188	0x1188      	BCF        LCD_EN, BitPos(LCD_EN+0)
;__Lib_Lcd.c,94 :: 		
0x0189	0x1108      	BCF        LCD_RS, BitPos(LCD_RS+0)
;__Lib_Lcd.c,95 :: 		
0x018A	0x1387      	BCF        LCD_D7, BitPos(LCD_D7+0)
;__Lib_Lcd.c,96 :: 		
0x018B	0x1307      	BCF        LCD_D6, BitPos(LCD_D6+0)
;__Lib_Lcd.c,97 :: 		
0x018C	0x1287      	BCF        LCD_D5, BitPos(LCD_D5+0)
;__Lib_Lcd.c,98 :: 		
0x018D	0x1207      	BCF        LCD_D4, BitPos(LCD_D4+0)
;__Lib_Lcd.c,100 :: 		
0x018E	0x2006      	CALL       _Delay_5500us
;__Lib_Lcd.c,101 :: 		
0x018F	0x2006      	CALL       _Delay_5500us
;__Lib_Lcd.c,102 :: 		
0x0190	0x2006      	CALL       _Delay_5500us
;__Lib_Lcd.c,105 :: 		
0x0191	0x1687      	BSF        LCD_D5, BitPos(LCD_D5+0)
;__Lib_Lcd.c,106 :: 		
0x0192	0x1607      	BSF        LCD_D4, BitPos(LCD_D4+0)
;__Lib_Lcd.c,107 :: 		
0x0193	0x1588      	BSF        LCD_EN, BitPos(LCD_EN+0)
;__Lib_Lcd.c,108 :: 		
0x0194	0x2003      	CALL       _Delay_1us
;__Lib_Lcd.c,109 :: 		
0x0195	0x1188      	BCF        LCD_EN, BitPos(LCD_EN+0)
;__Lib_Lcd.c,110 :: 		
0x0196	0x2006      	CALL       _Delay_5500us
;__Lib_Lcd.c,112 :: 		
0x0197	0x1588      	BSF        LCD_EN, BitPos(LCD_EN+0)
;__Lib_Lcd.c,113 :: 		
0x0198	0x2003      	CALL       _Delay_1us
;__Lib_Lcd.c,114 :: 		
0x0199	0x1188      	BCF        LCD_EN, BitPos(LCD_EN+0)
;__Lib_Lcd.c,115 :: 		
0x019A	0x2006      	CALL       _Delay_5500us
;__Lib_Lcd.c,117 :: 		
0x019B	0x1588      	BSF        LCD_EN, BitPos(LCD_EN+0)
;__Lib_Lcd.c,118 :: 		
0x019C	0x2003      	CALL       _Delay_1us
;__Lib_Lcd.c,119 :: 		
0x019D	0x1188      	BCF        LCD_EN, BitPos(LCD_EN+0)
;__Lib_Lcd.c,120 :: 		
0x019E	0x2006      	CALL       _Delay_5500us
;__Lib_Lcd.c,123 :: 		
0x019F	0x1207      	BCF        LCD_D4, BitPos(LCD_D4+0)
;__Lib_Lcd.c,124 :: 		
0x01A0	0x1588      	BSF        LCD_EN, BitPos(LCD_EN+0)
;__Lib_Lcd.c,125 :: 		
0x01A1	0x2003      	CALL       _Delay_1us
;__Lib_Lcd.c,126 :: 		
0x01A2	0x1188      	BCF        LCD_EN, BitPos(LCD_EN+0)
;__Lib_Lcd.c,127 :: 		
0x01A3	0x2006      	CALL       _Delay_5500us
;__Lib_Lcd.c,130 :: 		
0x01A4	0x1588      	BSF        LCD_EN, BitPos(LCD_EN+0)
;__Lib_Lcd.c,131 :: 		
0x01A5	0x2003      	CALL       _Delay_1us
;__Lib_Lcd.c,132 :: 		
0x01A6	0x1188      	BCF        LCD_EN, BitPos(LCD_EN+0)
;__Lib_Lcd.c,134 :: 		
0x01A7	0x1287      	BCF        LCD_D5, BitPos(LCD_D5+0)
;__Lib_Lcd.c,135 :: 		
0x01A8	0x1787      	BSF        LCD_D7, BitPos(LCD_D7+0)
;__Lib_Lcd.c,136 :: 		
0x01A9	0x1588      	BSF        LCD_EN, BitPos(LCD_EN+0)
;__Lib_Lcd.c,137 :: 		
0x01AA	0x2003      	CALL       _Delay_1us
;__Lib_Lcd.c,138 :: 		
0x01AB	0x1188      	BCF        LCD_EN, BitPos(LCD_EN+0)
;__Lib_Lcd.c,139 :: 		
0x01AC	0x2006      	CALL       _Delay_5500us
;__Lib_Lcd.c,142 :: 		
0x01AD	0x1387      	BCF        LCD_D7, BitPos(LCD_D7+0)
;__Lib_Lcd.c,143 :: 		
0x01AE	0x1607      	BSF        LCD_D4, BitPos(LCD_D4+0)
;__Lib_Lcd.c,144 :: 		
0x01AF	0x1588      	BSF        LCD_EN, BitPos(LCD_EN+0)
;__Lib_Lcd.c,145 :: 		
0x01B0	0x2003      	CALL       _Delay_1us
;__Lib_Lcd.c,146 :: 		
0x01B1	0x1188      	BCF        LCD_EN, BitPos(LCD_EN+0)
;__Lib_Lcd.c,148 :: 		
0x01B2	0x1207      	BCF        LCD_D4, BitPos(LCD_D4+0)
;__Lib_Lcd.c,149 :: 		
0x01B3	0x1588      	BSF        LCD_EN, BitPos(LCD_EN+0)
;__Lib_Lcd.c,150 :: 		
0x01B4	0x2003      	CALL       _Delay_1us
;__Lib_Lcd.c,151 :: 		
0x01B5	0x1188      	BCF        LCD_EN, BitPos(LCD_EN+0)
;__Lib_Lcd.c,152 :: 		
0x01B6	0x2006      	CALL       _Delay_5500us
;__Lib_Lcd.c,155 :: 		
0x01B7	0x1588      	BSF        LCD_EN, BitPos(LCD_EN+0)
;__Lib_Lcd.c,156 :: 		
0x01B8	0x2003      	CALL       _Delay_1us
;__Lib_Lcd.c,157 :: 		
0x01B9	0x1188      	BCF        LCD_EN, BitPos(LCD_EN+0)
;__Lib_Lcd.c,159 :: 		
0x01BA	0x1607      	BSF        LCD_D4, BitPos(LCD_D4+0)
;__Lib_Lcd.c,160 :: 		
0x01BB	0x1588      	BSF        LCD_EN, BitPos(LCD_EN+0)
;__Lib_Lcd.c,161 :: 		
0x01BC	0x2003      	CALL       _Delay_1us
;__Lib_Lcd.c,162 :: 		
0x01BD	0x1188      	BCF        LCD_EN, BitPos(LCD_EN+0)
;__Lib_Lcd.c,163 :: 		
0x01BE	0x2006      	CALL       _Delay_5500us
;__Lib_Lcd.c,166 :: 		
0x01BF	0x1207      	BCF        LCD_D4, BitPos(LCD_D4+0)
;__Lib_Lcd.c,167 :: 		
0x01C0	0x1588      	BSF        LCD_EN, BitPos(LCD_EN+0)
;__Lib_Lcd.c,168 :: 		
0x01C1	0x2003      	CALL       _Delay_1us
;__Lib_Lcd.c,169 :: 		
0x01C2	0x1188      	BCF        LCD_EN, BitPos(LCD_EN+0)
;__Lib_Lcd.c,171 :: 		
0x01C3	0x1787      	BSF        LCD_D7, BitPos(LCD_D7+0)
;__Lib_Lcd.c,172 :: 		
0x01C4	0x1707      	BSF        LCD_D6, BitPos(LCD_D6+0)
;__Lib_Lcd.c,173 :: 		
0x01C5	0x1687      	BSF        LCD_D5, BitPos(LCD_D5+0)
;__Lib_Lcd.c,174 :: 		
0x01C6	0x1607      	BSF        LCD_D4, BitPos(LCD_D4+0)
;__Lib_Lcd.c,175 :: 		
0x01C7	0x1588      	BSF        LCD_EN, BitPos(LCD_EN+0)
;__Lib_Lcd.c,176 :: 		
0x01C8	0x2003      	CALL       _Delay_1us
;__Lib_Lcd.c,177 :: 		
0x01C9	0x1188      	BCF        LCD_EN, BitPos(LCD_EN+0)
;__Lib_Lcd.c,179 :: 		
0x01CA	0x2006      	CALL       _Delay_5500us
;__Lib_Lcd.c,181 :: 		
0x01CB	0x1433      	BSF        __Lib_Lcd_cmd_status, BitPos(__Lib_Lcd_cmd_status+0)
;__Lib_Lcd.c,182 :: 		
L_end_Lcd_Init:
0x01CC	0x0008      	RETURN
; end of _Lcd_Init
___CC2DW:
;__Lib_System.c,134 :: 		
;__Lib_System.c,137 :: 		
_CC2D_Loop1:
;__Lib_System.c,139 :: 		
0x01CD	0x2062      	CALL       _____DoICP
0x01CE	0x118A      	BCF        PCLATH, 3
0x01CF	0x120A      	BCF        PCLATH, 4
;__Lib_System.c,141 :: 		
0x01D0	0x0080      	MOVWF      INDF
;__Lib_System.c,142 :: 		
0x01D1	0x0A84      	INCF       FSR, 1
;__Lib_System.c,143 :: 		
0x01D2	0x0ABB      	INCF       ___DoICPAddr, 1
;__Lib_System.c,145 :: 		
0x01D3	0x1903      	BTFSC      STATUS, 2
;__Lib_System.c,146 :: 		
0x01D4	0x0ABC      	INCF       ___DoICPAddr+1, 1
;__Lib_System.c,147 :: 		
0x01D5	0x03F0      	DECF       R0, 1
;__Lib_System.c,149 :: 		
0x01D6	0x1D03      	BTFSS      STATUS, 2
;__Lib_System.c,150 :: 		
0x01D7	0x29CD      	GOTO       _CC2D_Loop1
;__Lib_System.c,152 :: 		
L_end___CC2DW:
0x01D8	0x0008      	RETURN
; end of ___CC2DW
_Keypad_Init:
;__Lib_Keypad4x4.c,33 :: 		
;__Lib_Keypad4x4.c,34 :: 		
0x01D9	0x30FF      	MOVLW      255
0x01DA	0x1683      	BSF        STATUS, 5
0x01DB	0x1303      	BCF        STATUS, 6
0x01DC	0x0086      	MOVWF      keypadPort+128
;__Lib_Keypad4x4.c,35 :: 		
L_end_Keypad_Init:
0x01DD	0x0008      	RETURN
; end of _Keypad_Init
_main:
0x01DE	0x1283      	BCF        STATUS, 5
0x01DF	0x1303      	BCF        STATUS, 6
0x01E0	0x01A0      	CLRF       _oldstate
0x01E1	0x3020      	MOVLW      32
0x01E2	0x00A1      	MOVWF      ?lstr4_keypad_interfacing_pic
0x01E3	0x01A2      	CLRF       34
0x01E4	0x3031      	MOVLW      49
0x01E5	0x00A3      	MOVWF      ?lstr1_keypad_interfacing_pic
0x01E6	0x01A4      	CLRF       36
0x01E7	0x3054      	MOVLW      84
0x01E8	0x00A5      	MOVWF      ?lstr3_keypad_interfacing_pic
0x01E9	0x3069      	MOVLW      105
0x01EA	0x00A6      	MOVWF      38
0x01EB	0x306D      	MOVLW      109
0x01EC	0x00A7      	MOVWF      39
0x01ED	0x3065      	MOVLW      101
0x01EE	0x00A8      	MOVWF      40
0x01EF	0x3073      	MOVLW      115
0x01F0	0x00A9      	MOVWF      41
0x01F1	0x303A      	MOVLW      58
0x01F2	0x00AA      	MOVWF      42
0x01F3	0x01AB      	CLRF       43
0x01F4	0x304B      	MOVLW      75
0x01F5	0x00AC      	MOVWF      ?lstr2_keypad_interfacing_pic
0x01F6	0x3065      	MOVLW      101
0x01F7	0x00AD      	MOVWF      45
0x01F8	0x3079      	MOVLW      121
0x01F9	0x00AE      	MOVWF      46
0x01FA	0x3020      	MOVLW      32
0x01FB	0x00AF      	MOVWF      47
0x01FC	0x303A      	MOVLW      58
0x01FD	0x00B0      	MOVWF      48
0x01FE	0x01B1      	CLRF       49
;keypad_interfacing_pic.c,20 :: 		void main()
;keypad_interfacing_pic.c,22 :: 		cnt = 0; // Reset counter
0x01FF	0x01BA      	CLRF       _cnt
;keypad_interfacing_pic.c,23 :: 		Keypad_Init(); // Initialize Keypad
0x0200	0x21D9      	CALL       _Keypad_Init
;keypad_interfacing_pic.c,24 :: 		Lcd_Init(); // Initialize Lcd
0x0201	0x217F      	CALL       _Lcd_Init
;keypad_interfacing_pic.c,25 :: 		Lcd_Cmd(_LCD_CLEAR); // Clear display
0x0202	0x3001      	MOVLW      1
0x0203	0x00C7      	MOVWF      FARG_Lcd_Cmd_out_char
0x0204	0x201A      	CALL       _Lcd_Cmd
;keypad_interfacing_pic.c,26 :: 		Lcd_Cmd(_LCD_CURSOR_OFF); // Cursor off
0x0205	0x300C      	MOVLW      12
0x0206	0x00C7      	MOVWF      FARG_Lcd_Cmd_out_char
0x0207	0x201A      	CALL       _Lcd_Cmd
;keypad_interfacing_pic.c,27 :: 		Lcd_Out(1, 1, "1");
0x0208	0x3001      	MOVLW      1
0x0209	0x00BD      	MOVWF      FARG_Lcd_Out_row
0x020A	0x3001      	MOVLW      1
0x020B	0x00BE      	MOVWF      FARG_Lcd_Out_column
0x020C	0x3023      	MOVLW      ?lstr1_keypad_interfacing_pic
0x020D	0x00BF      	MOVWF      FARG_Lcd_Out_text
0x020E	0x20FD      	CALL       _Lcd_Out
;keypad_interfacing_pic.c,28 :: 		Lcd_Out(1, 1, "Key :"); // Write message text on Lcd
0x020F	0x3001      	MOVLW      1
0x0210	0x00BD      	MOVWF      FARG_Lcd_Out_row
0x0211	0x3001      	MOVLW      1
0x0212	0x00BE      	MOVWF      FARG_Lcd_Out_column
0x0213	0x302C      	MOVLW      ?lstr2_keypad_interfacing_pic
0x0214	0x00BF      	MOVWF      FARG_Lcd_Out_text
0x0215	0x20FD      	CALL       _Lcd_Out
;keypad_interfacing_pic.c,29 :: 		Lcd_Out(2, 1, "Times:");
0x0216	0x3002      	MOVLW      2
0x0217	0x00BD      	MOVWF      FARG_Lcd_Out_row
0x0218	0x3001      	MOVLW      1
0x0219	0x00BE      	MOVWF      FARG_Lcd_Out_column
0x021A	0x3025      	MOVLW      ?lstr3_keypad_interfacing_pic
0x021B	0x00BF      	MOVWF      FARG_Lcd_Out_text
0x021C	0x20FD      	CALL       _Lcd_Out
;keypad_interfacing_pic.c,30 :: 		do
L_main0:
;keypad_interfacing_pic.c,32 :: 		kp = 0; // Reset key code variable
0x021D	0x01B2      	CLRF       _kp
;keypad_interfacing_pic.c,34 :: 		do
L_main3:
;keypad_interfacing_pic.c,36 :: 		kp = Keypad_Key_Click(); // Store key code in kp variable
0x021E	0x213D      	CALL       _Keypad_Key_Click
0x021F	0x0870      	MOVF       R0, 0
0x0220	0x00B2      	MOVWF      _kp
;keypad_interfacing_pic.c,37 :: 		while (!kp);
0x0221	0x0870      	MOVF       R0, 0
0x0222	0x1903      	BTFSC      STATUS, 2
0x0223	0x2A1E      	GOTO       L_main3
;keypad_interfacing_pic.c,39 :: 		switch (kp)
0x0224	0x2A55      	GOTO       L_main6
;keypad_interfacing_pic.c,41 :: 		case 1: kp = 49; break; // 1
L_main8:
0x0225	0x3031      	MOVLW      49
0x0226	0x00B2      	MOVWF      _kp
0x0227	0x2A95      	GOTO       L_main7
;keypad_interfacing_pic.c,42 :: 		case 2: kp = 50; break; // 2
L_main9:
0x0228	0x3032      	MOVLW      50
0x0229	0x00B2      	MOVWF      _kp
0x022A	0x2A95      	GOTO       L_main7
;keypad_interfacing_pic.c,43 :: 		case 3: kp = 51; break; // 3
L_main10:
0x022B	0x3033      	MOVLW      51
0x022C	0x00B2      	MOVWF      _kp
0x022D	0x2A95      	GOTO       L_main7
;keypad_interfacing_pic.c,44 :: 		case 4: kp = 65; break; // A commented since 4th column is absent for 4*3 keypad
L_main11:
0x022E	0x3041      	MOVLW      65
0x022F	0x00B2      	MOVWF      _kp
0x0230	0x2A95      	GOTO       L_main7
;keypad_interfacing_pic.c,45 :: 		case 5: kp = 52; break; // 4
L_main12:
0x0231	0x3034      	MOVLW      52
0x0232	0x00B2      	MOVWF      _kp
0x0233	0x2A95      	GOTO       L_main7
;keypad_interfacing_pic.c,46 :: 		case 6: kp = 53; break; // 5
L_main13:
0x0234	0x3035      	MOVLW      53
0x0235	0x00B2      	MOVWF      _kp
0x0236	0x2A95      	GOTO       L_main7
;keypad_interfacing_pic.c,47 :: 		case 7: kp = 54; break; // 6
L_main14:
0x0237	0x3036      	MOVLW      54
0x0238	0x00B2      	MOVWF      _kp
0x0239	0x2A95      	GOTO       L_main7
;keypad_interfacing_pic.c,48 :: 		case 8: kp = 66; break; // B commented since 4th column is absent for 4*3 keypad
L_main15:
0x023A	0x3042      	MOVLW      66
0x023B	0x00B2      	MOVWF      _kp
0x023C	0x2A95      	GOTO       L_main7
;keypad_interfacing_pic.c,49 :: 		case 9: kp = 55; break; // 7
L_main16:
0x023D	0x3037      	MOVLW      55
0x023E	0x00B2      	MOVWF      _kp
0x023F	0x2A95      	GOTO       L_main7
;keypad_interfacing_pic.c,50 :: 		case 10: kp = 56; break; // 8
L_main17:
0x0240	0x3038      	MOVLW      56
0x0241	0x00B2      	MOVWF      _kp
0x0242	0x2A95      	GOTO       L_main7
;keypad_interfacing_pic.c,51 :: 		case 11: kp = 57; break; // 9
L_main18:
0x0243	0x3039      	MOVLW      57
0x0244	0x00B2      	MOVWF      _kp
0x0245	0x2A95      	GOTO       L_main7
;keypad_interfacing_pic.c,52 :: 		case 12: kp = 67; break; // C commented since 4th column is absent for 4*3 keypad
L_main19:
0x0246	0x3043      	MOVLW      67
0x0247	0x00B2      	MOVWF      _kp
0x0248	0x2A95      	GOTO       L_main7
;keypad_interfacing_pic.c,53 :: 		case 13: kp = 42; break; // *
L_main20:
0x0249	0x302A      	MOVLW      42
0x024A	0x00B2      	MOVWF      _kp
0x024B	0x2A95      	GOTO       L_main7
;keypad_interfacing_pic.c,54 :: 		case 14: kp = 48; break; // 0
L_main21:
0x024C	0x3030      	MOVLW      48
0x024D	0x00B2      	MOVWF      _kp
0x024E	0x2A95      	GOTO       L_main7
;keypad_interfacing_pic.c,55 :: 		case 15: kp = 35; break; // #
L_main22:
0x024F	0x3023      	MOVLW      35
0x0250	0x00B2      	MOVWF      _kp
0x0251	0x2A95      	GOTO       L_main7
;keypad_interfacing_pic.c,56 :: 		case 16: kp = 68; break; // D
L_main23:
0x0252	0x3044      	MOVLW      68
0x0253	0x00B2      	MOVWF      _kp
0x0254	0x2A95      	GOTO       L_main7
;keypad_interfacing_pic.c,57 :: 		}
L_main6:
0x0255	0x0832      	MOVF       _kp, 0
0x0256	0x3A01      	XORLW      1
0x0257	0x1903      	BTFSC      STATUS, 2
0x0258	0x2A25      	GOTO       L_main8
0x0259	0x0832      	MOVF       _kp, 0
0x025A	0x3A02      	XORLW      2
0x025B	0x1903      	BTFSC      STATUS, 2
0x025C	0x2A28      	GOTO       L_main9
0x025D	0x0832      	MOVF       _kp, 0
0x025E	0x3A03      	XORLW      3
0x025F	0x1903      	BTFSC      STATUS, 2
0x0260	0x2A2B      	GOTO       L_main10
0x0261	0x0832      	MOVF       _kp, 0
0x0262	0x3A04      	XORLW      4
0x0263	0x1903      	BTFSC      STATUS, 2
0x0264	0x2A2E      	GOTO       L_main11
0x0265	0x0832      	MOVF       _kp, 0
0x0266	0x3A05      	XORLW      5
0x0267	0x1903      	BTFSC      STATUS, 2
0x0268	0x2A31      	GOTO       L_main12
0x0269	0x0832      	MOVF       _kp, 0
0x026A	0x3A06      	XORLW      6
0x026B	0x1903      	BTFSC      STATUS, 2
0x026C	0x2A34      	GOTO       L_main13
0x026D	0x0832      	MOVF       _kp, 0
0x026E	0x3A07      	XORLW      7
0x026F	0x1903      	BTFSC      STATUS, 2
0x0270	0x2A37      	GOTO       L_main14
0x0271	0x0832      	MOVF       _kp, 0
0x0272	0x3A08      	XORLW      8
0x0273	0x1903      	BTFSC      STATUS, 2
0x0274	0x2A3A      	GOTO       L_main15
0x0275	0x0832      	MOVF       _kp, 0
0x0276	0x3A09      	XORLW      9
0x0277	0x1903      	BTFSC      STATUS, 2
0x0278	0x2A3D      	GOTO       L_main16
0x0279	0x0832      	MOVF       _kp, 0
0x027A	0x3A0A      	XORLW      10
0x027B	0x1903      	BTFSC      STATUS, 2
0x027C	0x2A40      	GOTO       L_main17
0x027D	0x0832      	MOVF       _kp, 0
0x027E	0x3A0B      	XORLW      11
0x027F	0x1903      	BTFSC      STATUS, 2
0x0280	0x2A43      	GOTO       L_main18
0x0281	0x0832      	MOVF       _kp, 0
0x0282	0x3A0C      	XORLW      12
0x0283	0x1903      	BTFSC      STATUS, 2
0x0284	0x2A46      	GOTO       L_main19
0x0285	0x0832      	MOVF       _kp, 0
0x0286	0x3A0D      	XORLW      13
0x0287	0x1903      	BTFSC      STATUS, 2
0x0288	0x2A49      	GOTO       L_main20
0x0289	0x0832      	MOVF       _kp, 0
0x028A	0x3A0E      	XORLW      14
0x028B	0x1903      	BTFSC      STATUS, 2
0x028C	0x2A4C      	GOTO       L_main21
0x028D	0x0832      	MOVF       _kp, 0
0x028E	0x3A0F      	XORLW      15
0x028F	0x1903      	BTFSC      STATUS, 2
0x0290	0x2A4F      	GOTO       L_main22
0x0291	0x0832      	MOVF       _kp, 0
0x0292	0x3A10      	XORLW      16
0x0293	0x1903      	BTFSC      STATUS, 2
0x0294	0x2A52      	GOTO       L_main23
L_main7:
;keypad_interfacing_pic.c,58 :: 		if (kp != oldstate)
0x0295	0x0832      	MOVF       _kp, 0
0x0296	0x0620      	XORWF      _oldstate, 0
0x0297	0x1903      	BTFSC      STATUS, 2
0x0298	0x2A9E      	GOTO       L_main24
;keypad_interfacing_pic.c,60 :: 		cnt = 1;
0x0299	0x3001      	MOVLW      1
0x029A	0x00BA      	MOVWF      _cnt
;keypad_interfacing_pic.c,61 :: 		oldstate = kp;
0x029B	0x0832      	MOVF       _kp, 0
0x029C	0x00A0      	MOVWF      _oldstate
;keypad_interfacing_pic.c,62 :: 		}
0x029D	0x2A9F      	GOTO       L_main25
L_main24:
;keypad_interfacing_pic.c,65 :: 		cnt++;
0x029E	0x0ABA      	INCF       _cnt, 1
;keypad_interfacing_pic.c,66 :: 		}
L_main25:
;keypad_interfacing_pic.c,67 :: 		Lcd_Chr(1, 10, kp); // Print key ASCII value on Lcd
0x029F	0x3001      	MOVLW      1
0x02A0	0x00BD      	MOVWF      FARG_Lcd_Chr_row
0x02A1	0x300A      	MOVLW      10
0x02A2	0x00BE      	MOVWF      FARG_Lcd_Chr_column
0x02A3	0x0832      	MOVF       _kp, 0
0x02A4	0x00BF      	MOVWF      FARG_Lcd_Chr_out_char
0x02A5	0x214A      	CALL       _Lcd_Chr
;keypad_interfacing_pic.c,68 :: 		if (cnt == 255)
0x02A6	0x083A      	MOVF       _cnt, 0
0x02A7	0x3AFF      	XORLW      255
0x02A8	0x1D03      	BTFSS      STATUS, 2
0x02A9	0x2AB2      	GOTO       L_main26
;keypad_interfacing_pic.c,70 :: 		cnt = 0;
0x02AA	0x01BA      	CLRF       _cnt
;keypad_interfacing_pic.c,71 :: 		Lcd_Out(2, 10, " ");
0x02AB	0x3002      	MOVLW      2
0x02AC	0x00BD      	MOVWF      FARG_Lcd_Out_row
0x02AD	0x300A      	MOVLW      10
0x02AE	0x00BE      	MOVWF      FARG_Lcd_Out_column
0x02AF	0x3021      	MOVLW      ?lstr4_keypad_interfacing_pic
0x02B0	0x00BF      	MOVWF      FARG_Lcd_Out_text
0x02B1	0x20FD      	CALL       _Lcd_Out
;keypad_interfacing_pic.c,72 :: 		}
L_main26:
;keypad_interfacing_pic.c,74 :: 		WordToStr(cnt, txt); // Transform counter value to string
0x02B2	0x083A      	MOVF       _cnt, 0
0x02B3	0x00BD      	MOVWF      FARG_WordToStr_input
0x02B4	0x01BE      	CLRF       FARG_WordToStr_input+1
0x02B5	0x3034      	MOVLW      _txt
0x02B6	0x00BF      	MOVWF      FARG_WordToStr_output
0x02B7	0x20BD      	CALL       _WordToStr
;keypad_interfacing_pic.c,75 :: 		Lcd_Out(2, 10, txt); // Display counter value on Lcd
0x02B8	0x3002      	MOVLW      2
0x02B9	0x00BD      	MOVWF      FARG_Lcd_Out_row
0x02BA	0x300A      	MOVLW      10
0x02BB	0x00BE      	MOVWF      FARG_Lcd_Out_column
0x02BC	0x3034      	MOVLW      _txt
0x02BD	0x00BF      	MOVWF      FARG_Lcd_Out_text
0x02BE	0x20FD      	CALL       _Lcd_Out
;keypad_interfacing_pic.c,76 :: 		} while (1);
0x02BF	0x2A1D      	GOTO       L_main0
;keypad_interfacing_pic.c,77 :: 		}
L_end_main:
0x02C0	0x2AC0      	GOTO       $+0
; end of _main
Symbol List:
//** Routines locations **
//ADDRESS    SIZE    PROCEDURE
//----------------------------------------------
0x0003       [3]    _Delay_1us
0x0006      [13]    _Delay_5500us
0x0013       [7]    _Delay_50us
0x001A      [64]    _Lcd_Cmd
0x005A       [8]    _Delay_10us
0x0062       [7]    _____DoICP
0x0069      [47]    _Keypad_Key_Press
0x0098       [8]    _Lcd_Chr_CP
0x00A0      [29]    _Div_16x16_U
0x00BD      [64]    _WordToStr
0x00FD      [64]    _Lcd_Out
0x013D      [13]    _Keypad_Key_Click
0x014A      [53]    _Lcd_Chr
0x017F      [78]    _Lcd_Init
0x01CD      [12]    ___CC2DW
0x01D9       [5]    _Keypad_Init
0x01DE     [227]    _main
//** Variables locations ** 
//ADDRESS    SIZE    VARIABLE
//----------------------------------------------
0x0000       [1]    INDF
0x0002       [1]    PCL
0x0003       [1]    STATUS
0x0004       [1]    FSR
0x0006       [1]    PORTB
0x0006       [1]    keypadPort
0x0007       [0]    RC5_bit
0x0007       [0]    RC4_bit
0x0007       [0]    LCD_D7
0x0007       [0]    LCD_D4
0x0007       [0]    LCD_D6
0x0007       [0]    RC6_bit
0x0007       [0]    LCD_D5
0x0007       [0]    RC7_bit
0x0008       [0]    RD3_bit
0x0008       [0]    RD2_bit
0x0008       [0]    LCD_RS
0x0008       [0]    LCD_EN
0x000A       [1]    PCLATH
0x0020       [1]    _oldstate
0x0021       [2]    ?lstr4_keypad_interfacing_pic
0x0023       [2]    ?lstr1_keypad_interfacing_pic
0x0025       [7]    ?lstr3_keypad_interfacing_pic
0x002C       [6]    ?lstr2_keypad_interfacing_pic
0x0032       [1]    _kp
0x0033       [0]    __Lib_Lcd_cmd_status
0x0034       [6]    _txt
0x003A       [1]    _cnt
0x003B       [2]    ___DoICPAddr
0x003D       [1]    Keypad_Key_Click_rslt_L0
0x003D       [2]    FARG_WordToStr_input
0x003D       [1]    FARG_Lcd_Chr_row
0x003D       [1]    FARG_Lcd_Out_row
0x003E       [1]    FARG_Lcd_Out_column
0x003E       [1]    FARG_Lcd_Chr_column
0x003F       [1]    FARG_WordToStr_output
0x003F       [1]    FARG_Lcd_Chr_out_char
0x003F       [1]    FARG_Lcd_Out_text
0x0040       [1]    WordToStr_len_L0
0x0040       [1]    Lcd_Out_i_L0
0x0041       [1]    FLOC__WordToStr
0x0042       [1]    Keypad_Key_Press_rslt_L0
0x0042       [1]    FARG_Lcd_Chr_CP_out_char
0x0043       [1]    Keypad_Key_Press_kdata_L0
0x0044       [1]    Keypad_Key_Press_loc_L0
0x0045       [1]    Keypad_Key_Press_rowcnt_L0
0x0046       [1]    Keypad_Key_Press_shifter_L0
0x0047       [1]    FARG_Lcd_Cmd_out_char
0x0070       [1]    R0
0x0071       [1]    R1
0x0072       [1]    R2
0x0073       [1]    R3
0x0074       [1]    R4
0x0075       [1]    R5
0x0076       [1]    R6
0x0077       [1]    R7
0x0078       [1]    R8
0x0079       [1]    R9
0x007A       [1]    R10
0x007B       [1]    R11
0x007C       [1]    R12
0x007D       [1]    R13
0x007E       [1]    R14
0x007F       [1]    R15
0x0087       [0]    LCD_D5_Direction
0x0087       [0]    LCD_D4_Direction
0x0087       [0]    LCD_D6_Direction
0x0087       [0]    TRISC6_bit
0x0087       [0]    TRISC7_bit
0x0087       [0]    TRISC5_bit
0x0087       [0]    LCD_D7_Direction
0x0087       [0]    TRISC4_bit
0x0088       [0]    TRISD3_bit
0x0088       [0]    LCD_RS_Direction
0x0088       [0]    TRISD2_bit
0x0088       [0]    LCD_EN_Direction
//** Label List: ** 
//----------------------------------------------
  L_main0
  L_main1
  L_main2
  L_main3
  L_main4
  L_main5
  L_main6
  L_main7
  L_main8
  L_main9
  L_main10
  L_main11
  L_main12
  L_main13
  L_main14
  L_main15
  L_main16
  L_main17
  L_main18
  L_main19
  L_main20
  L_main21
  L_main22
  L_main23
  L_main24
  L_main25
  L_main26
  L_end_main
  _main
  L_ByteToStr0
  L_ByteToStr1
  L_ByteToStr2
  L_ByteToStr3
  L_ByteToStr4
  L_ByteToStr5
  L_WordToStr6
  L_WordToStr7
  L_WordToStr8
  L_WordToStr9
  L_WordToStr10
  L_WordToStr11
  L_WordToStrWithZeros12
  L_WordToStrWithZeros13
  L_WordToStrWithZeros14
  L_WordToStrWithZeros15
  L_WordToStrWithZeros16
  L_ShortToStr17
  L_ShortToStr18
  L_ShortToStr19
  L_ShortToStr20
  L_ShortToStr21
  L_ShortToStr22
  L_IntToStr23
  L_IntToStr24
  L_IntToStr25
  L_IntToStr26
  L_IntToStr27
  L_IntToStr28
  L_IntToStrWithZeros29
  L_IntToStrWithZeros30
  L_IntToStrWithZeros31
  L_IntToStrWithZeros32
  L_IntToStrWithZeros33
  L_IntToStrWithZeros34
  L_IntToStrWithZeros35
  L_IntToStrWithZeros36
  L_IntToStrWithZeros37
  L_LongWordToStr38
  L_LongWordToStr39
  L_LongWordToStr40
  L_LongWordToStr41
  L_LongWordToStr42
  L_LongWordToStr43
  L_LongWordToStrWithZeros44
  L_LongWordToStrWithZeros45
  L_LongWordToStrWithZeros46
  L_LongWordToStrWithZeros47
  L_LongWordToStrWithZeros48
  L_LongToStr49
  L_LongToStr50
  L_LongToStr51
  L_LongToStr52
  L_LongToStr53
  L_LongToStr54
  L_LongIntToStrWithZeros55
  L_LongIntToStrWithZeros56
  L_LongIntToStrWithZeros57
  L_LongIntToStrWithZeros58
  L_LongIntToStrWithZeros59
  L_LongIntToStrWithZeros60
  L_LongIntToStrWithZeros61
  L_LongIntToStrWithZeros62
  L_LongIntToStrWithZeros63
  L_Dec2Bcd64
  L_Dec2Bcd65
  L_Rtrim66
  L_Rtrim67
  L_Rtrim68
  L_Rtrim69
  L_Ltrim70
  L_Ltrim71
  L_Ltrim72
  L_Ltrim73
  L_Ltrim74
  L_Ltrim75
  L_FloatToStr76
  L_FloatToStr77
  L_FloatToStr78
  L_FloatToStr79
  L_FloatToStr80
  L_FloatToStr81
  L_FloatToStr82
  L_FloatToStr83
  L_FloatToStr84
  L_FloatToStr85
  L_FloatToStr86
  L_FloatToStr87
  L_FloatToStr88
  L_FloatToStr89
  L_FloatToStr90
  L_FloatToStr91
  L_FloatToStr92
  L_FloatToStr93
  L_FloatToStr94
  L_FloatToStr95
  L_FloatToStr96
  L_FloatToStr97
  L__Rtrim98
  L__Ltrim99
  L__FloatToStr100
  L_end_ByteToHex
  _ByteToHex
  L_end_ShortToHex
  _ShortToHex
  L_end_WordToHex
  _WordToHex
  L_end_IntToHex
  _IntToHex
  L_end_LongWordToHex
  _LongWordToHex
  L_end_LongIntToHex
  _LongIntToHex
  L_end_ByteToStr
  _ByteToStr
  L_end_WordToStr
  _WordToStr
  L__WordToStr109
  L_end_WordToStrWithZeros
  _WordToStrWithZeros
  L__WordToStrWithZeros111
  L_end_ShortToStr
  _ShortToStr
  L__ShortToStr113
  L_end_IntToStr
  _IntToStr
  L__IntToStr115
  L__IntToStr116
  L_end_IntToStrWithZeros
  _IntToStrWithZeros
  L__IntToStrWithZeros118
  L__IntToStrWithZeros119
  L__IntToStrWithZeros120
  L_end_LongWordToStr
  _LongWordToStr
  L__LongWordToStr122
  L__LongWordToStr123
  L_end_LongWordToStrWithZeros
  _LongWordToStrWithZeros
  L__LongWordToStrWithZeros125
  L_end_LongToStr
  _LongToStr
  L__LongToStr127
  L__LongToStr128
  L_end_LongIntToStrWithZeros
  _LongIntToStrWithZeros
  L__LongIntToStrWithZeros130
  L__LongIntToStrWithZeros131
  L__LongIntToStrWithZeros132
  L_end_Dec2Bcd
  _Dec2Bcd
  L_end_Bcd2Dec
  _Bcd2Dec
  L_end_Bcd2Dec16
  _Bcd2Dec16
  L__Bcd2Dec16136
  L__Bcd2Dec16137
  L_end_Dec2Bcd16
  _Dec2Bcd16
  L__Dec2Bcd16139
  L__Dec2Bcd16140
  L_end_Rtrim
  _Rtrim
  L_end_Ltrim
  _Ltrim
  L_end_FloatToStr
  _FloatToStr
  L__FloatToStr144
  L__FloatToStr145
  L__FloatToStr146
  L__FloatToStr147
  L__FloatToStr148
  L_Delay_10us0
  L_Delay_22us1
  L_Delay_50us2
  L_Delay_80us3
  L_Delay_500us4
  L_Delay_5500us5
  L_Delay_1ms6
  L_Delay_5ms7
  L_Delay_8ms8
  L_Delay_10ms9
  L_Delay_100ms10
  L_Delay_1sec11
  L_boot16_Delay_5ms12
  L_Delay_Cyc13
  L_Delay_Cyc14
  L_VDelay_ms15
  L_VDelay_ms16
  L_VDelay_ms17
  L_VDelay_Advanced_ms18
  L_VDelay_Advanced_ms19
  L_VDelay_Advanced_ms20
  L_end_Get_Fosc_kHz
  _Get_Fosc_kHz
  L_end_Delay_1us
  _Delay_1us
  L_end_Delay_10us
  _Delay_10us
  L_end_Delay_22us
  _Delay_22us
  L_end_Delay_50us
  _Delay_50us
  L_end_Delay_80us
  _Delay_80us
  L_end_Delay_500us
  _Delay_500us
  L_end_Delay_5500us
  _Delay_5500us
  L_end_Delay_1ms
  _Delay_1ms
  L_end_Delay_5ms
  _Delay_5ms
  L_end_Delay_8ms
  _Delay_8ms
  L_end_Delay_10ms
  _Delay_10ms
  L_end_Delay_100ms
  _Delay_100ms
  L_end_Delay_1sec
  _Delay_1sec
  L_end_boot16_Delay_5ms
  _boot16_Delay_5ms
  L_end_Delay_Cyc
  _Delay_Cyc
  L_end_VDelay_ms
  _VDelay_ms
  L__VDelay_ms38
  L__VDelay_ms39
  L__VDelay_ms40
  L_end_VDelay_Advanced_ms
  _VDelay_Advanced_ms
  L__VDelay_Advanced_ms42
  L__VDelay_Advanced_ms43
  L__VDelay_Advanced_ms44
  L_Keypad_Key_Press0
  L_Keypad_Key_Press1
  L_Keypad_Key_Press2
  L_Keypad_Key_Press3
  L_Keypad_Key_Press4
  L_Keypad_Key_Click5
  L_Keypad_Key_Click6
  L_end_Keypad_Init
  _Keypad_Init
  L_end_Keypad_Key_Press
  _Keypad_Key_Press
  L_end_Keypad_Key_Click
  _Keypad_Key_Click
  L_Lcd_Cmd0
  L_Lcd_Cmd1
  L_Lcd_Out_CP2
  L_Lcd_Out_CP3
  L_Lcd_Chr4
  L_Lcd_Chr5
  L_Lcd_Chr6
  L_Lcd_Chr7
  L_Lcd_Chr8
  L_Lcd_Chr9
  L_Lcd_Chr10
  L_Lcd_Out11
  L_Lcd_Out12
  L_Lcd_Out13
  L_Lcd_Out14
  L_Lcd_Out15
  L_Lcd_Out16
  L_Lcd_Out17
  L_Lcd_Out18
  L_Lcd_Out19
  L_end_Lcd_Cmd
  _Lcd_Cmd
  L__Lcd_Cmd21
  L__Lcd_Cmd22
  L__Lcd_Cmd23
  L__Lcd_Cmd24
  L__Lcd_Cmd25
  L__Lcd_Cmd26
  L__Lcd_Cmd27
  L__Lcd_Cmd28
  L__Lcd_Cmd29
  L__Lcd_Cmd30
  L__Lcd_Cmd31
  L__Lcd_Cmd32
  L__Lcd_Cmd33
  L__Lcd_Cmd34
  L__Lcd_Cmd35
  L__Lcd_Cmd36
  L__Lcd_Cmd37
  L__Lcd_Cmd38
  L__Lcd_Cmd39
  L__Lcd_Cmd40
  L_end_Lcd_Chr_CP
  _Lcd_Chr_CP
  L_end_Lcd_Out_CP
  _Lcd_Out_CP
  L_end_Lcd_Chr
  _Lcd_Chr
  L_end_Lcd_Init
  _Lcd_Init
  L_end_Lcd_Out
  _Lcd_Out
  L_Div_16x16_S0
  L_Div_16x16_S1
  LOOPS3232A
  SADD22LA
  SOK22LA
  SADD22L8
  SOK22L8
  LOOPS3232B
  SADD22LB
  SOK22LB
  SADD22L16
  SOK22L16
  LOOPS3232C
  SADD22LC
  SOK22LC
  SADD22L24
  SOK22L24
  LOOPS3232D
  SADD22LD
  SOK22LD
  SOK22L
  L_Div_32x32_S6
  L_Div_32x32_S7
  L_Div_32x32_S8
  L_Div_32x32_S9
  FXD3232S
  END_ALL
  CA3232S
  C3232SX
  C3232SX1
  C3232S
  C3232S2
  C3232SX4
  C3232SOK
  C3232SX3
  C3232SX2
  avoid_comfrem
  LOOPU3232A
  UADD22LA
  UOK22LA
  UADD22L8
  UOK22L8
  LOOPU3232B
  UADD22LB
  UOK22LB
  UADD22L16
  UOK22L16
  LOOPU3232C
  UADD22LC
  UOK22LC
  UADD22L24
  UOK22L24
  LOOPU3232D
  UADD22LD
  UOK22LD
  UOK22L
  _NEXT
  _EXIT2
  _LOOP
  _EXIT1
  _IF_FIRST
  _IF_SECOND
  _INVERCE_FIRST
  _MULT
  _INBERSE_SECOND
  _EXIT
  L_end_Mul_8x8_U
  _Mul_8x8_U
  L_end_Mul_16x16_U
  _Mul_16x16_U
  L_end_Div_8x8_U
  _Div_8x8_U
  L_end_Div_16x16_U
  _Div_16x16_U
  L_end_Mul_8x8_S
  _Mul_8x8_S
  L_end_Mul_16x16_S
  _Mul_16x16_S
  L_end_Div_16x16_S_L
  _Div_16x16_S_L
  L_end_Div_16x16_S
  _Div_16x16_S
  L_end_Div_8x8_S
  _Div_8x8_S
  L_end_SDIV3232L
  _SDIV3232L
  L_end_COMFREM
  _COMFREM
  L_end_Div_32x32_S
  _Div_32x32_S
  L_end_Div_32x32_U
  _Div_32x32_U
  L_end_Mul_32x32_U
  _Mul_32x32_U
  L_end_Mul_32x32_S
  _Mul_32x32_S
  L_loopCA2AWs
  L_CA2AWend
  _CCA2AW_Loop1
  L_loopCS2Ss
  L_CS2Send
  _CCS2S_Loop1
  L_CCS2Send
  L_loopFZinSWs
  L_FZinSend
  _CC2D_Loop1
  L_end_____DoICP
  _____DoICP
  L_end_____DoIFC
  _____DoIFC
  L_end___CA2AW
  ___CA2AW
  L_end___CCA2AW
  ___CCA2AW
  L_end___CS2S
  ___CS2S
  L_end___CCS2S
  ___CCS2S
  L_end___FZinS
  ___FZinS
  L_end___CC2DW
  ___CC2DW
  L_end_Swap
  _Swap
