C51 COMPILER V9.52.0.0   804ADC                                                            04/16/2015 16:59:21 PAGE 1   


C51 COMPILER V9.52.0.0, COMPILATION OF MODULE 804ADC
OBJECT MODULE PLACED IN 804adc.OBJ
COMPILER INVOKED BY: G:\Program Files\Keil\C51\BIN\C51.EXE 804adc.c BROWSE DEBUG OBJECTEXTEND TABS(2)

line level    source

   1          #include <REGX52.H>                 //Header file
   2          #include<string.h>
   3          sbit RS=P0^0;                   //RS pin of LCD is connected with 8th pin of Port 3
   4          sbit EN=P0^1;                   //EN pin of LCD is connected with 7th pin of Port 3
   5          sbit wr=P3^5;                   //Wr pin of ADC is connected with 6th pin of Port 3
   6          sbit relay0=P0^2;
   7          sbit relay1=P0^3;
   8          sbit relay2=P0^4;
   9          #define on 1 
  10          #define off 0
  11          #define LCD P2                    //Lcd is connected with PORT 2
  12          #define Temp P1                   //ADC is connected with PORT 1
  13          unsigned char d;
  14          void delay(unsigned int x)              // Delay program
  15          {
  16   1      unsigned int i,j;
  17   1      for(i=0;i<=x;i++)
  18   1      for(j=0;j<=100;j++);
  19   1      }
  20          void cmd(unsigned char x)              //Command function for Lcd to send commands from Microcontroller
  21          {                          // RS pin of Lcd should be low
  22   1      LCD=x;
  23   1      RS=0;
  24   1      EN=1;
  25   1      delay(10);
  26   1      EN=0;
  27   1      }
  28          void dat(unsigned char x)           // Data fuction for lcd to send data from Microcontroller
  29          {                       //RS pin of Lcd should be high
  30   1      LCD=x;
  31   1      RS=1;
  32   1      EN=1;
  33   1      delay(10);
  34   1      EN=0;
  35   1      }                       //This is the function to send the string to LCD
  36          void message(unsigned char *p)
  37          {
  38   1      unsigned char c,m;
  39   1      c=strlen(p);
  40   1      for(m=0;m<=c;m++)
  41   1      {
  42   2      dat(p[m]);
  43   2      }
  44   1      }
  45          Lcd_deg()            //Degree display function in LCD
  46          {
  47   1      cmd(64);            //Address where values of the first custom character is stored
  48   1      dat(4);
  49   1      dat(17);
  50   1      dat(17);
  51   1      dat(4);
  52   1      dat(0);
  53   1      dat(0);
  54   1      dat(0);
  55   1      dat(0);
C51 COMPILER V9.52.0.0   804ADC                                                            04/16/2015 16:59:21 PAGE 2   

  56   1      cmd(0xC8);  //Address of the location where the character is to be displayed
  57   1      dat(0);  // Displaying the character created at address 0x64 
  58   1      delay(10);
  59   1      }                        
  60          adc()                      //Adc function for conversion
  61          {
  62   1      unsigned char d1,d2,d3;             //Should Make wr from '0' to '1' to convert analog to digital
  63   1      wr=0;
  64   1      wr=1;
  65   1      d=(((Temp)/5)*3);                 //To convert 255 to 153
  66   1      d1=d%10;                      //To convert unit digit, 10th digit, 100th digit
  67   1      d2=((d/10)%10);
  68   1      d3=d/100;
  69   1      cmd(0xc0);                      //Conversion of int to ASCII to display in LCD
  70   1      dat(d3+0x30);
  71   1      dat(d2+0x30);
  72   1      dat(d1+0x30);
  73   1      //Lcd_deg();                    // To display degree in LCD
  74   1      }
  75          void main()                   //Make P2 and P3 ports are outputs
  76          {
  77   1      P0=0x00;
  78   1      P2=0x00;                    
  79   1      P3=0x00;                     //Command for choosing 16x2 Lcd
  80   1      cmd(0x38);                    //Command for choosing Right shift
  81   1      cmd(0x06);                    //Command for display without cursor(Means cursor OFF)
  82   1      cmd(0x0c);                    //Message to display to LCD
  83   1      message(" Welcome to");         //Command to goto next line. Choosing second coloumn of lcd
  84   1      cmd(0xc0);
  85   1      message("CELab");
  86   1      delay(2000);
  87   1      cmd(0x80);
  88   1      message("Underground cable");         //Command to goto next line. Choosing second coloumn of lcd
  89   1      cmd(0xc0);
  90   1      message("Fault Finder");
  91   1      delay(2000);
  92   1      cmd(0x01);
  93   1      d=0;
  94   1      relay0=off;
  95   1      relay1=off;
  96   1      relay2=off;
  97   1      while(1)                    //infinite loop
  98   1      {
  99   2      
 100   2      relay0=on ;
 101   2      delay(300);
 102   2      adc();
 103   2      cmd(0x80);
 104   2      message("R->S1 S2 S3 S4");
 105   2      cmd(0xc0);
 106   2      if(d > 145)
 107   2        message("   F  -  -  - ");
 108   2      else if(d > 70)
 109   2        message("   -  F  -  - ");
 110   2      else if(d > 45 )
 111   2          message("   -  -  F  - ");
 112   2      else if(d > 30)
 113   2        message("   -  -  -  F ");
 114   2      else if(d < 10)
 115   2        message("   -  -  -  - ");
 116   2      relay0=off ;
 117   2      delay(5000);
C51 COMPILER V9.52.0.0   804ADC                                                            04/16/2015 16:59:21 PAGE 3   

 118   2      
 119   2      relay1=on ;
 120   2      delay(300);
 121   2      adc();
 122   2      cmd(0x80);
 123   2      message("Y->S1 S2 S3 S4");
 124   2      cmd(0xc0);
 125   2      if(d > 145)
 126   2        message("   F  -  -  - ");
 127   2      else if(d > 70)
 128   2        message("   -  F  -  - ");
 129   2      else if(d > 45 )
 130   2          message("   -  -  F  - ");
 131   2      else if(d > 30)
 132   2        message("   -  -  -  F ");
 133   2      else if(d < 10)
 134   2        message("   -  -  -  - ");
 135   2      relay1=off ;
 136   2      delay(5000);
 137   2      
 138   2      relay2=on ;
 139   2      delay(300);
 140   2      adc();
 141   2      cmd(0x80);
 142   2      message("G->S1 S2 S3 S4");
 143   2      cmd(0xc0);
 144   2      if(d > 145)
 145   2        message("   F  -  -  - ");
 146   2      else if(d > 70)
 147   2        message("   -  F  -  - ");
 148   2      else if(d > 45 )
 149   2          message("   -  -  F  - ");
 150   2      else if(d > 30)
 151   2        message("   -  -  -  F ");
 152   2      else if(d < 10)
 153   2        message("   -  -  -  - ");
 154   2      relay2=off ;
 155   2      delay(5000);
 156   2      }
 157   1      }
*** WARNING C290 IN LINE 59 OF 804adc.c: missing return value
*** WARNING C290 IN LINE 74 OF 804adc.c: missing return value


MODULE INFORMATION:   STATIC OVERLAYABLE
   CODE SIZE        =    665    ----
   CONSTANT SIZE    =    169    ----
   XDATA SIZE       =   ----    ----
   PDATA SIZE       =   ----    ----
   DATA SIZE        =      1       7
   IDATA SIZE       =   ----    ----
   BIT SIZE         =   ----    ----
END OF MODULE INFORMATION.


C51 COMPILATION COMPLETE.  2 WARNING(S),  0 ERROR(S)
