;  LST file generated by mikroListExporter - v.2.0 
; Date/Time: 5/15/2015 6:27:32 AM
;----------------------------------------------

;Address Opcode 	ASM
0x0000	0x2816      	GOTO       22
_____DoICP:
;__Lib_System.c,6 :: 		
;__Lib_System.c,9 :: 		
0x0003	0x1283      	BCF        STATUS, 5
0x0004	0x1303      	BCF        STATUS, 6
0x0005	0x0821      	MOVF       ___DoICPAddr+1, 0
0x0006	0x008A      	MOVWF      PCLATH
;__Lib_System.c,10 :: 		
0x0007	0x0820      	MOVF       ___DoICPAddr, 0
0x0008	0x0082      	MOVWF      PCL
;__Lib_System.c,12 :: 		
L_end_____DoICP:
0x0009	0x0008      	RETURN
; end of _____DoICP
___CC2DW:
;__Lib_System.c,134 :: 		
;__Lib_System.c,137 :: 		
_CC2D_Loop1:
;__Lib_System.c,139 :: 		
0x000A	0x2003      	CALL       _____DoICP
0x000B	0x118A      	BCF        PCLATH, 3
0x000C	0x120A      	BCF        PCLATH, 4
;__Lib_System.c,141 :: 		
0x000D	0x0080      	MOVWF      INDF
;__Lib_System.c,142 :: 		
0x000E	0x0A84      	INCF       FSR, 1
;__Lib_System.c,143 :: 		
0x000F	0x0AA0      	INCF       ___DoICPAddr, 1
;__Lib_System.c,145 :: 		
0x0010	0x1903      	BTFSC      STATUS, 2
;__Lib_System.c,146 :: 		
0x0011	0x0AA1      	INCF       ___DoICPAddr+1, 1
;__Lib_System.c,147 :: 		
0x0012	0x03F0      	DECF       R0, 1
;__Lib_System.c,149 :: 		
0x0013	0x1D03      	BTFSS      STATUS, 2
;__Lib_System.c,150 :: 		
0x0014	0x280A      	GOTO       _CC2D_Loop1
;__Lib_System.c,152 :: 		
L_end___CC2DW:
0x0015	0x0008      	RETURN
; end of ___CC2DW
_main:
;rf.c,2 :: 		void main()
;rf.c,4 :: 		TRISD = 0xFF; // PORTD as input
0x0016	0x30FF      	MOVLW      255
0x0017	0x1683      	BSF        STATUS, 5
0x0018	0x1303      	BCF        STATUS, 6
0x0019	0x0088      	MOVWF      TRISD
;rf.c,5 :: 		TRISB = 0x00; // PORTB as output    int relay = 0;
0x001A	0x0186      	CLRF       TRISB
;rf.c,6 :: 		RB0_bit=0;
0x001B	0x1283      	BCF        STATUS, 5
0x001C	0x1006      	BCF        RB0_bit, BitPos(RB0_bit+0)
;rf.c,7 :: 		RB1_bit=0;
0x001D	0x1086      	BCF        RB1_bit, BitPos(RB1_bit+0)
;rf.c,8 :: 		RB2_bit=0;
0x001E	0x1106      	BCF        RB2_bit, BitPos(RB2_bit+0)
;rf.c,9 :: 		RB3_bit=0;
0x001F	0x1186      	BCF        RB3_bit, BitPos(RB3_bit+0)
;rf.c,11 :: 		while(1)
L_main0:
;rf.c,13 :: 		if(RD0_bit==0 && RD1_bit==1 )  // 1 - on
0x0020	0x1808      	BTFSC      RD0_bit, BitPos(RD0_bit+0)
0x0021	0x285F      	GOTO       L_main4
0x0022	0x1C88      	BTFSS      RD1_bit, BitPos(RD1_bit+0)
0x0023	0x285F      	GOTO       L_main4
L__main21:
;rf.c,15 :: 		if( RB0_bit== 0 )
0x0024	0x1806      	BTFSC      RB0_bit, BitPos(RB0_bit+0)
0x0025	0x2843      	GOTO       L_main5
;rf.c,17 :: 		delay_ms(200);
0x0026	0x3002      	MOVLW      2
0x0027	0x00FB      	MOVWF      R11
0x0028	0x3004      	MOVLW      4
0x0029	0x00FC      	MOVWF      R12
0x002A	0x30BA      	MOVLW      186
0x002B	0x00FD      	MOVWF      R13
L_main6:
0x002C	0x0BFD      	DECFSZ     R13, 1
0x002D	0x282C      	GOTO       L_main6
0x002E	0x0BFC      	DECFSZ     R12, 1
0x002F	0x282C      	GOTO       L_main6
0x0030	0x0BFB      	DECFSZ     R11, 1
0x0031	0x282C      	GOTO       L_main6
0x0032	0x0000      	NOP
;rf.c,18 :: 		RB1_bit = 0;
0x0033	0x1086      	BCF        RB1_bit, BitPos(RB1_bit+0)
;rf.c,19 :: 		delay_ms(200);
0x0034	0x3002      	MOVLW      2
0x0035	0x00FB      	MOVWF      R11
0x0036	0x3004      	MOVLW      4
0x0037	0x00FC      	MOVWF      R12
0x0038	0x30BA      	MOVLW      186
0x0039	0x00FD      	MOVWF      R13
L_main7:
0x003A	0x0BFD      	DECFSZ     R13, 1
0x003B	0x283A      	GOTO       L_main7
0x003C	0x0BFC      	DECFSZ     R12, 1
0x003D	0x283A      	GOTO       L_main7
0x003E	0x0BFB      	DECFSZ     R11, 1
0x003F	0x283A      	GOTO       L_main7
0x0040	0x0000      	NOP
;rf.c,20 :: 		RB0_bit=1;
0x0041	0x1406      	BSF        RB0_bit, BitPos(RB0_bit+0)
;rf.c,21 :: 		}
0x0042	0x2852      	GOTO       L_main8
L_main5:
;rf.c,24 :: 		RB1_bit = 0;
0x0043	0x1086      	BCF        RB1_bit, BitPos(RB1_bit+0)
;rf.c,25 :: 		delay_ms(200);
0x0044	0x3002      	MOVLW      2
0x0045	0x00FB      	MOVWF      R11
0x0046	0x3004      	MOVLW      4
0x0047	0x00FC      	MOVWF      R12
0x0048	0x30BA      	MOVLW      186
0x0049	0x00FD      	MOVWF      R13
L_main9:
0x004A	0x0BFD      	DECFSZ     R13, 1
0x004B	0x284A      	GOTO       L_main9
0x004C	0x0BFC      	DECFSZ     R12, 1
0x004D	0x284A      	GOTO       L_main9
0x004E	0x0BFB      	DECFSZ     R11, 1
0x004F	0x284A      	GOTO       L_main9
0x0050	0x0000      	NOP
;rf.c,26 :: 		RB0_bit=0;
0x0051	0x1006      	BCF        RB0_bit, BitPos(RB0_bit+0)
;rf.c,27 :: 		}
L_main8:
;rf.c,28 :: 		delay_ms(200);
0x0052	0x3002      	MOVLW      2
0x0053	0x00FB      	MOVWF      R11
0x0054	0x3004      	MOVLW      4
0x0055	0x00FC      	MOVWF      R12
0x0056	0x30BA      	MOVLW      186
0x0057	0x00FD      	MOVWF      R13
L_main10:
0x0058	0x0BFD      	DECFSZ     R13, 1
0x0059	0x2858      	GOTO       L_main10
0x005A	0x0BFC      	DECFSZ     R12, 1
0x005B	0x2858      	GOTO       L_main10
0x005C	0x0BFB      	DECFSZ     R11, 1
0x005D	0x2858      	GOTO       L_main10
0x005E	0x0000      	NOP
;rf.c,29 :: 		}
L_main4:
;rf.c,31 :: 		if(RD0_bit==1 && RD1_bit==0 )  // 1 - on
0x005F	0x1C08      	BTFSS      RD0_bit, BitPos(RD0_bit+0)
0x0060	0x289E      	GOTO       L_main13
0x0061	0x1888      	BTFSC      RD1_bit, BitPos(RD1_bit+0)
0x0062	0x289E      	GOTO       L_main13
L__main20:
;rf.c,33 :: 		if( RB1_bit== 0 )
0x0063	0x1886      	BTFSC      RB1_bit, BitPos(RB1_bit+0)
0x0064	0x2882      	GOTO       L_main14
;rf.c,35 :: 		delay_ms(200);
0x0065	0x3002      	MOVLW      2
0x0066	0x00FB      	MOVWF      R11
0x0067	0x3004      	MOVLW      4
0x0068	0x00FC      	MOVWF      R12
0x0069	0x30BA      	MOVLW      186
0x006A	0x00FD      	MOVWF      R13
L_main15:
0x006B	0x0BFD      	DECFSZ     R13, 1
0x006C	0x286B      	GOTO       L_main15
0x006D	0x0BFC      	DECFSZ     R12, 1
0x006E	0x286B      	GOTO       L_main15
0x006F	0x0BFB      	DECFSZ     R11, 1
0x0070	0x286B      	GOTO       L_main15
0x0071	0x0000      	NOP
;rf.c,36 :: 		RB0_bit = 0;
0x0072	0x1006      	BCF        RB0_bit, BitPos(RB0_bit+0)
;rf.c,37 :: 		delay_ms(200);
0x0073	0x3002      	MOVLW      2
0x0074	0x00FB      	MOVWF      R11
0x0075	0x3004      	MOVLW      4
0x0076	0x00FC      	MOVWF      R12
0x0077	0x30BA      	MOVLW      186
0x0078	0x00FD      	MOVWF      R13
L_main16:
0x0079	0x0BFD      	DECFSZ     R13, 1
0x007A	0x2879      	GOTO       L_main16
0x007B	0x0BFC      	DECFSZ     R12, 1
0x007C	0x2879      	GOTO       L_main16
0x007D	0x0BFB      	DECFSZ     R11, 1
0x007E	0x2879      	GOTO       L_main16
0x007F	0x0000      	NOP
;rf.c,38 :: 		RB1_bit=1;
0x0080	0x1486      	BSF        RB1_bit, BitPos(RB1_bit+0)
;rf.c,39 :: 		}
0x0081	0x2891      	GOTO       L_main17
L_main14:
;rf.c,42 :: 		RB0_bit = 0;
0x0082	0x1006      	BCF        RB0_bit, BitPos(RB0_bit+0)
;rf.c,43 :: 		delay_ms(200);
0x0083	0x3002      	MOVLW      2
0x0084	0x00FB      	MOVWF      R11
0x0085	0x3004      	MOVLW      4
0x0086	0x00FC      	MOVWF      R12
0x0087	0x30BA      	MOVLW      186
0x0088	0x00FD      	MOVWF      R13
L_main18:
0x0089	0x0BFD      	DECFSZ     R13, 1
0x008A	0x2889      	GOTO       L_main18
0x008B	0x0BFC      	DECFSZ     R12, 1
0x008C	0x2889      	GOTO       L_main18
0x008D	0x0BFB      	DECFSZ     R11, 1
0x008E	0x2889      	GOTO       L_main18
0x008F	0x0000      	NOP
;rf.c,44 :: 		RB1_bit=0;
0x0090	0x1086      	BCF        RB1_bit, BitPos(RB1_bit+0)
;rf.c,45 :: 		}
L_main17:
;rf.c,46 :: 		delay_ms(200);
0x0091	0x3002      	MOVLW      2
0x0092	0x00FB      	MOVWF      R11
0x0093	0x3004      	MOVLW      4
0x0094	0x00FC      	MOVWF      R12
0x0095	0x30BA      	MOVLW      186
0x0096	0x00FD      	MOVWF      R13
L_main19:
0x0097	0x0BFD      	DECFSZ     R13, 1
0x0098	0x2897      	GOTO       L_main19
0x0099	0x0BFC      	DECFSZ     R12, 1
0x009A	0x2897      	GOTO       L_main19
0x009B	0x0BFB      	DECFSZ     R11, 1
0x009C	0x2897      	GOTO       L_main19
0x009D	0x0000      	NOP
;rf.c,47 :: 		}
L_main13:
;rf.c,48 :: 		}
0x009E	0x2820      	GOTO       L_main0
;rf.c,49 :: 		}
L_end_main:
0x009F	0x289F      	GOTO       $+0
; end of _main
Symbol List:
//** Routines locations **
//ADDRESS    SIZE    PROCEDURE
//----------------------------------------------
0x0003       [7]    _____DoICP
0x000A      [12]    ___CC2DW
0x0016     [138]    _main
//** Variables locations ** 
//ADDRESS    SIZE    VARIABLE
//----------------------------------------------
0x0000       [1]    INDF
0x0002       [1]    PCL
0x0003       [1]    STATUS
0x0004       [1]    FSR
0x0006       [0]    RB1_bit
0x0006       [0]    RB0_bit
0x0006       [0]    RB3_bit
0x0006       [0]    RB2_bit
0x0008       [0]    RD1_bit
0x0008       [0]    RD0_bit
0x000A       [1]    PCLATH
0x0020       [2]    ___DoICPAddr
0x0070       [1]    R0
0x0071       [1]    R1
0x0072       [1]    R2
0x0073       [1]    R3
0x0074       [1]    R4
0x0075       [1]    R5
0x0076       [1]    R6
0x0077       [1]    R7
0x0078       [1]    R8
0x0079       [1]    R9
0x007A       [1]    R10
0x007B       [1]    R11
0x007C       [1]    R12
0x007D       [1]    R13
0x007E       [1]    R14
0x007F       [1]    R15
0x0086       [1]    TRISB
0x0088       [1]    TRISD
//** Label List: ** 
//----------------------------------------------
  L_main0
  L_main1
  L_main2
  L_main3
  L_main4
  L_main5
  L_main6
  L_main7
  L_main8
  L_main9
  L_main10
  L_main11
  L_main12
  L_main13
  L_main14
  L_main15
  L_main16
  L_main17
  L_main18
  L_main19
  L__main20
  L__main21
  L_end_main
  _main
  L_loopCA2AWs
  L_CA2AWend
  _CCA2AW_Loop1
  L_loopCS2Ss
  L_CS2Send
  _CCS2S_Loop1
  L_CCS2Send
  L_loopFZinSWs
  L_FZinSend
  _CC2D_Loop1
  L_end_____DoICP
  _____DoICP
  L_end_____DoIFC
  _____DoIFC
  L_end___CA2AW
  ___CA2AW
  L_end___CCA2AW
  ___CCA2AW
  L_end___CS2S
  ___CS2S
  L_end___CCS2S
  ___CCS2S
  L_end___FZinS
  ___FZinS
  L_end___CC2DW
  ___CC2DW
  L_end_Swap
  _Swap
