C51 COMPILER V9.52.0.0   TRAFFIC_LIGHT_CONTROL_USING_8051                                  01/24/2015 05:29:56 PAGE 1   


C51 COMPILER V9.52.0.0, COMPILATION OF MODULE TRAFFIC_LIGHT_CONTROL_USING_8051
OBJECT MODULE PLACED IN Traffic Light Control using 8051.OBJ
COMPILER INVOKED BY: C:\C51\BIN\C51.EXE Traffic Light Control using 8051.c BROWSE DEBUG OBJECTEXTEND TABS(2)

line level    source

   1          #include<reg51.h>
   2          sbit ledr0=P2^0;
   3          sbit ledy0=P2^1;
   4          sbit ledg0=P2^2;
   5          sbit ledr1=P2^3;
   6          sbit ledy1=P2^4;
   7          sbit ledg1=P2^5;
   8          sbit ledr2=P2^6;
   9          sbit ledy2=P2^7;
  10          sbit ledg2=P3^4;
  11          sbit ledr3=P3^5;
  12          sbit ledy3=P3^6;
  13          sbit ledg3=P3^7;
  14          void msDelay(unsigned int x)
  15          {
  16   1        unsigned int i,j;
  17   1        for(i=0;i<=x;i++)
  18   1        for(j=0;j<=1675;j++);
  19   1      }
  20          void main()
  21          {
  22   1          P2=0x00; 
  23   1          P3=0x00;
  24   1         while(1)
  25   1         {
  26   2      
  27   2          ledr0=1;
  28   2          ledy2=1;
  29   2          ledg3=1;
  30   2          ledr1=1;
  31   2          
  32   2         msDelay(1000);
  33   2          ledr0=0;
  34   2          ledy2=0;
  35   2          ledg3=0;
  36   2          ledr1=0;   
  37   2          msDelay(5); 
  38   2          ledr0=1;
  39   2          ledy3=1;
  40   2          ledg2=1;
  41   2          ledr1=1; 
  42   2           msDelay(1000); 
  43   2          ledr0=0;
  44   2          ledy3=0;
  45   2          ledg2=0;
  46   2          ledr1=0;
  47   2        msDelay(5);
  48   2          ledr3=1;
  49   2          ledy0=1;
  50   2          ledg1=1;
  51   2          ledr2=1;
  52   2          
  53   2          msDelay(1000);
  54   2          ledr3=0;
  55   2          ledy0=0;
C51 COMPILER V9.52.0.0   TRAFFIC_LIGHT_CONTROL_USING_8051                                  01/24/2015 05:29:56 PAGE 2   

  56   2          ledg1=0;
  57   2          ledr2=0;
  58   2          
  59   2        msDelay(5);
  60   2          ledr2=1;
  61   2          ledy1=1;
  62   2          ledg0=1;
  63   2          ledr3=1; 
  64   2          msDelay(1000);
  65   2          ledr2=0;
  66   2          ledy1=0;
  67   2          ledg0=0;
  68   2          ledr3=0; 
  69   2          msDelay(5);
  70   2        
  71   2      }
  72   1      }
  73          


MODULE INFORMATION:   STATIC OVERLAYABLE
   CODE SIZE        =    145    ----
   CONSTANT SIZE    =   ----    ----
   XDATA SIZE       =   ----    ----
   PDATA SIZE       =   ----    ----
   DATA SIZE        =   ----    ----
   IDATA SIZE       =   ----    ----
   BIT SIZE         =   ----    ----
END OF MODULE INFORMATION.


C51 COMPILATION COMPLETE.  0 WARNING(S),  0 ERROR(S)
