C51 COMPILER V9.52.0.0   IR_MODULE                                                         01/07/2015 15:04:31 PAGE 1   


C51 COMPILER V9.52.0.0, COMPILATION OF MODULE IR_MODULE
OBJECT MODULE PLACED IN ir module.OBJ
COMPILER INVOKED BY: C:\Keil\C51\BIN\C51.EXE ir module.c BROWSE DEBUG OBJECTEXTEND TABS(2)

line level    source

   1          #include<reg52.h>   
   2           
   3          sbit led = P2^0;
   4          sbit module = P0^0;
   5           
   6          void Delay(int a)
   7          {
   8   1          int j;
   9   1          int i;
  10   1          for(i=0;i<a;i++)
  11   1          {
  12   2              for(j=0;j<100;j++)
  13   2              {
  14   3              }
  15   2          }
  16   1      }
  17           
  18          void main()
  19          {
  20   1           led=0;
  21   1           module=1;
  22   1                          
  23   1        while(1)
  24   1        {
  25   2                 if(module == 1)
  26   2                 {
  27   3                      led=1;
  28   3                      Delay(1000);
  29   3      led=0;
  30   3                      Delay(500);
  31   3                 }
  32   2        }
  33   1      }
  34           


MODULE INFORMATION:   STATIC OVERLAYABLE
   CODE SIZE        =     65    ----
   CONSTANT SIZE    =   ----    ----
   XDATA SIZE       =   ----    ----
   PDATA SIZE       =   ----    ----
   DATA SIZE        =   ----    ----
   IDATA SIZE       =   ----    ----
   BIT SIZE         =   ----    ----
END OF MODULE INFORMATION.


C51 COMPILATION COMPLETE.  0 WARNING(S),  0 ERROR(S)
