

HI-TECH Software PICC Macro Assembler V9.60
                                                      Wed Dec 24 11:59:07 2014


     1                           	processor	16F877A
     2                           	opt	pw 79
     3                           	psect	text0,local,class=CODE,delta=2
     4                           	psect	text1,local,class=CODE,delta=2
     5                           	psect	text2,local,class=CODE,delta=2
     6                           	psect	strings,global,class=STRING,delta=2
     7                           	psect	rbss_0,global,class=BANK0,space=1,delta=
      +                          1
     8                           	psect	temp,global,ovrld,class=BANK0,space=1,de
      +                          lta=1
     9  0000                     
    10  0000                     
    11  0000                     
    12  0000                     
    13  0000                     
    14  0000                     
    15  0000                     
    16  0000                     
    17  0000                     
    18  0000                     
    19                           
    20                           	psect	text0
    21  052F                     _main
    22                           ;	_c assigned to ?a_main+0
    23  0000                     _main$c	set	?a_main
    24                           ;	_x assigned to ?a_main+2
    25  0000                     _main$x	set	?a_main+2
    26                           ;	_y assigned to ?a_main+4
    27  0000                     _main$y	set	?a_main+4
    28                           ;	_z assigned to ?a_main+6
    29  0000                     _main$z	set	?a_main+6
    30                           ;	_i assigned to ?a_main+8
    31  0000                     _main$i	set	?a_main+8
    32                           ;	_f assigned to ?a_main+10
    33  0000                     _main$f	set	?a_main+10
    34                           ;	_p assigned to ?a_main+13
    35  0000                     _main$p	set	?a_main+13
    36                           ;	_tmpr assigned to ?a_main+16
    37  0000                     _main$tmpr	set	?a_main+16
    38                           ;tempr.c: 13: void main()
    39  052F  1283               	bcf	3,5
    40  0530  1303               	bcf	3,6	;carry unused
    41  0531  01A3               	clrf	?a_main
    42  0532  3001               	movlw	1
    43  0533  00A4               	movwf	?a_main+1
    44                           ;tempr.c: 16: float p,tmpr,f;
    45  0534  2412               	call	_lcd_init
    46                           ;tempr.c: 18: ADCON0=0;
    47  0535  019F               	clrf	31	;volatile
    48                           ;tempr.c: 19: TRISA=1;
    49  0536  3001               	movlw	1
    50  0537  1683               	bsf	3,5
    51  0538  0085               	movwf	5	;volatile
    52                           ;tempr.c: 20: ADCON1=0xCE;
    53  0539  30CE               	movlw	-50
    54  053A  009F               	movwf	31	;volatile
    55                           ;tempr.c: 21: ADCON0=ADCON0|1;
    56  053B  1283               	bcf	3,5
    57  053C  141F               	bsf	31,0	;volatile
    58                           ;tempr.c: 24: lcd_goto(0);
    59  053D  3000               	movlw	0
    60  053E  23C1               	call	_lcd_goto
    61                           ;tempr.c: 25: lcd_puts(" Welcome");
    62  053F  302E               	movlw	low u19
    63  0540  00CA               	movwf	?_lcd_puts
    64  0541  3000               	movlw	high u19
    65  0542  00CB               	movwf	?_lcd_puts+1
    66  0543  23EA               	call	_lcd_puts
    67                           ;tempr.c: 26: DelayMs(3000);
    68  0544  30B8               	movlw	-72
    69  0545  23CC               	call	_DelayMs
    70                           ;tempr.c: 27: ADCON0=ADCON0|4;
    71  0546  151F               	bsf	31,2	;volatile
    72                           ;tempr.c: 28: i=0;
    73  0547  01AB               	clrf	?a_main+8
    74  0548  01AC               	clrf	?a_main+9
    75                           ;tempr.c: 29: while(i++ < 1000)
    76                           ;tempr.c: 32: break;
    77  0549                     l2
    78  0549  082C               	movf	?a_main+9,w
    79  054A  00F1               	movwf	btemp+1
    80  054B  082B               	movf	?a_main+8,w
    81  054C  00F0               	movwf	btemp
    82  054D  0AAB               	incf	?a_main+8
    83  054E  1903               	btfsc	3,2
    84  054F  0AAC               	incf	?a_main+9
    85  0550  3003               	movlw	3
    86  0551  0271               	subwf	btemp+1,w
    87  0552  30E8               	movlw	232
    88  0553  1903               	btfsc	3,2
    89  0554  0270               	subwf	btemp,w
    90  0555  1803               	btfsc	3,0
    91  0556  2D59               	goto	l4
    92                           ;tempr.c: 30: {
    93  0557  0B1F               	decfsz	31,w	;volatile
    94  0558  2D49               	goto	l2
    95  0559                     l4
    96                           ;tempr.c: 33: }
    97  0559  081E               	movf	30,w	;volatile
    98  055A  00A5               	movwf	?a_main+2
    99  055B  01A6               	clrf	?a_main+3
   100                           ;tempr.c: 35: y=ADRESL;
   101  055C  1683               	bsf	3,5
   102  055D  081E               	movf	30,w	;volatile
   103  055E  1283               	bcf	3,5
   104  055F  00A7               	movwf	?a_main+4
   105  0560  01A8               	clrf	?a_main+5
   106                           ;tempr.c: 36: PIR1=PIR1&~64;
   107  0561  130C               	bcf	12,6	;volatile
   108                           ;tempr.c: 37: z=x*c+y;
   109  0562  0824               	movf	?a_main+1,w
   110  0563  00F3               	movwf	btemp+3
   111  0564  0823               	movf	?a_main,w
   112  0565  00F2               	movwf	btemp+2
   113  0566  0826               	movf	?a_main+3,w
   114  0567  00F1               	movwf	btemp+1
   115  0568  0825               	movf	?a_main+2,w
   116  0569  00F0               	movwf	btemp
   117  056A  23FD               	call	lwmul
   118  056B  0827               	movf	?a_main+4,w
   119  056C  0774               	addwf	btemp+4,w
   120  056D  00A9               	movwf	?a_main+6
   121  056E  0828               	movf	?a_main+5,w
   122  056F  1803               	btfsc	3,0
   123  0570  0A28               	incf	?a_main+5,w
   124  0571  0775               	addwf	btemp+5,w
   125  0572  00AA               	movwf	?a_main+7
   126                           ;tempr.c: 38: f=z;
   127  0573  00F1               	movwf	btemp+1
   128  0574  0829               	movf	?a_main+6,w
   129  0575  00F0               	movwf	btemp
   130  0576  27A0               	call	lwtoft
   131  0577  0870               	movf	btemp,w
   132  0578  00AD               	movwf	?a_main+10
   133  0579  0871               	movf	btemp+1,w
   134  057A  00AE               	movwf	?a_main+11
   135  057B  0872               	movf	btemp+2,w
   136  057C  00AF               	movwf	?a_main+12
   137                           ;tempr.c: 39: p=(f*5)/1023;
   138  057D  082D               	movf	?a_main+10,w
   139  057E  00F3               	movwf	btemp+3
   140  057F  082E               	movf	?a_main+11,w
   141  0580  00F4               	movwf	btemp+4
   142  0581  082F               	movf	?a_main+12,w
   143  0582  00F5               	movwf	btemp+5
   144  0583  01F0               	clrf	btemp
   145  0584  30A0               	movlw	160
   146  0585  00F1               	movwf	btemp+1
   147  0586  3040               	movlw	64
   148  0587  00F2               	movwf	btemp+2
   149  0588  2723               	call	ftmul
   150  0589  30C0               	movlw	192
   151  058A  00F3               	movwf	btemp+3
   152  058B  307F               	movlw	127
   153  058C  00F4               	movwf	btemp+4
   154  058D  3044               	movlw	68
   155  058E  00F5               	movwf	btemp+5
   156  058F  26EB               	call	ftdiv
   157  0590  0870               	movf	btemp,w
   158  0591  00B0               	movwf	?a_main+13
   159  0592  0871               	movf	btemp+1,w
   160  0593  00B1               	movwf	?a_main+14
   161  0594  0872               	movf	btemp+2,w
   162  0595  00B2               	movwf	?a_main+15
   163                           ;tempr.c: 40: tmpr=p*100;
   164  0596  0830               	movf	?a_main+13,w
   165  0597  00F3               	movwf	btemp+3
   166  0598  0831               	movf	?a_main+14,w
   167  0599  00F4               	movwf	btemp+4
   168  059A  0832               	movf	?a_main+15,w
   169  059B  00F5               	movwf	btemp+5
   170  059C  01F0               	clrf	btemp
   171  059D  30C8               	movlw	200
   172  059E  00F1               	movwf	btemp+1
   173  059F  3042               	movlw	66
   174  05A0  00F2               	movwf	btemp+2
   175  05A1  2723               	call	ftmul
   176  05A2  0870               	movf	btemp,w
   177  05A3  00B3               	movwf	?a_main+16
   178  05A4  0871               	movf	btemp+1,w
   179  05A5  00B4               	movwf	?a_main+17
   180  05A6  0872               	movf	btemp+2,w
   181  05A7  00B5               	movwf	?a_main+18
   182                           ;tempr.c: 41: if(tmpr > 25.0)
   183  05A8  0833               	movf	?a_main+16,w
   184  05A9  00F3               	movwf	btemp+3
   185  05AA  0834               	movf	?a_main+17,w
   186  05AB  00F4               	movwf	btemp+4
   187  05AC  0835               	movf	?a_main+18,w
   188  05AD  00F5               	movwf	btemp+5
   189  05AE  01F0               	clrf	btemp
   190  05AF  30C8               	movlw	200
   191  05B0  00F1               	movwf	btemp+1
   192  05B1  3041               	movlw	65
   193  05B2  00F2               	movwf	btemp+2
   194  05B3  26CC               	call	ftcmp
   195  05B4  1803               	btfsc	3,0
   196  05B5  2DBA               	goto	l6
   197                           ;tempr.c: 42: {
   198  05B6  3010               	movlw	16
   199  05B7  1683               	bsf	3,5
   200  05B8  0086               	movwf	6	;volatile
   201                           ;tempr.c: 44: }
   202  05B9  2DBC               	goto	l7
   203  05BA                     l6
   204                           ;tempr.c: 45: else
   205  05BA  1683               	bsf	3,5
   206  05BB  0186               	clrf	6	;volatile
   207  05BC                     l7
   208                           ;tempr.c: 48: }
   209  05BC  1283               	bcf	3,5
   210  05BD                     L1
   211  05BD  0833               	movf	?a_main+16,w
   212  05BE  00B6               	movwf	?_disp
   213  05BF  0834               	movf	?a_main+17,w
   214  05C0  00B7               	movwf	?_disp+1
   215  05C1  0835               	movf	?a_main+18,w
   216  05C2  00B8               	movwf	?_disp+2
   217  05C3  247C               	call	_disp
   218                           ;tempr.c: 50: DelayMs(1000);
   219  05C4  30E8               	movlw	-24
   220  05C5  23CC               	call	_DelayMs
   221                           ;tempr.c: 53: while(1)
   222                           ;tempr.c: 54: {
   223  05C6  151F               	bsf	31,2	;volatile
   224                           ;tempr.c: 56: i=0;
   225  05C7  01AB               	clrf	?a_main+8
   226  05C8  01AC               	clrf	?a_main+9
   227                           ;tempr.c: 57: while(i++ < 10000)
   228                           ;tempr.c: 60: break;
   229  05C9                     l11
   230  05C9  082C               	movf	?a_main+9,w
   231  05CA  00F1               	movwf	btemp+1
   232  05CB  082B               	movf	?a_main+8,w
   233  05CC  00F0               	movwf	btemp
   234  05CD  0AAB               	incf	?a_main+8
   235  05CE  1903               	btfsc	3,2
   236  05CF  0AAC               	incf	?a_main+9
   237  05D0  3027               	movlw	39
   238  05D1  0271               	subwf	btemp+1,w
   239  05D2  3010               	movlw	16
   240  05D3  1903               	btfsc	3,2
   241  05D4  0270               	subwf	btemp,w
   242  05D5  1803               	btfsc	3,0
   243  05D6  2DD9               	goto	l13
   244                           ;tempr.c: 58: {
   245  05D7  0B1F               	decfsz	31,w	;volatile
   246  05D8  2DC9               	goto	l11
   247  05D9                     l13
   248                           ;tempr.c: 61: }
   249  05D9  081E               	movf	30,w	;volatile
   250  05DA  00A5               	movwf	?a_main+2
   251  05DB  01A6               	clrf	?a_main+3
   252                           ;tempr.c: 63: y=ADRESL;
   253  05DC  1683               	bsf	3,5
   254  05DD  081E               	movf	30,w	;volatile
   255  05DE  1283               	bcf	3,5
   256  05DF  00A7               	movwf	?a_main+4
   257  05E0  01A8               	clrf	?a_main+5
   258                           ;tempr.c: 64: PIR1=PIR1&~64;
   259  05E1  130C               	bcf	12,6	;volatile
   260                           ;tempr.c: 65: z=x*c+y;
   261  05E2  0824               	movf	?a_main+1,w
   262  05E3  00F3               	movwf	btemp+3
   263  05E4  0823               	movf	?a_main,w
   264  05E5  00F2               	movwf	btemp+2
   265  05E6  0826               	movf	?a_main+3,w
   266  05E7  00F1               	movwf	btemp+1
   267  05E8  0825               	movf	?a_main+2,w
   268  05E9  00F0               	movwf	btemp
   269  05EA  23FD               	call	lwmul
   270  05EB  0827               	movf	?a_main+4,w
   271  05EC  0774               	addwf	btemp+4,w
   272  05ED  00A9               	movwf	?a_main+6
   273  05EE  0828               	movf	?a_main+5,w
   274  05EF  1803               	btfsc	3,0
   275  05F0  0A28               	incf	?a_main+5,w
   276  05F1  0775               	addwf	btemp+5,w
   277  05F2  00AA               	movwf	?a_main+7
   278                           ;tempr.c: 66: f=z;
   279  05F3  00F1               	movwf	btemp+1
   280  05F4  0829               	movf	?a_main+6,w
   281  05F5  00F0               	movwf	btemp
   282  05F6  27A0               	call	lwtoft
   283  05F7  0870               	movf	btemp,w
   284  05F8  00AD               	movwf	?a_main+10
   285  05F9  0871               	movf	btemp+1,w
   286  05FA  00AE               	movwf	?a_main+11
   287  05FB  0872               	movf	btemp+2,w
   288  05FC  00AF               	movwf	?a_main+12
   289                           ;tempr.c: 67: p=(f*5)/1023;
   290  05FD  082D               	movf	?a_main+10,w
   291  05FE  00F3               	movwf	btemp+3
   292  05FF  082E               	movf	?a_main+11,w
   293  0600  00F4               	movwf	btemp+4
   294  0601  082F               	movf	?a_main+12,w
   295  0602  00F5               	movwf	btemp+5
   296  0603  01F0               	clrf	btemp
   297  0604  30A0               	movlw	160
   298  0605  00F1               	movwf	btemp+1
   299  0606  3040               	movlw	64
   300  0607  00F2               	movwf	btemp+2
   301  0608  2723               	call	ftmul
   302  0609  30C0               	movlw	192
   303  060A  00F3               	movwf	btemp+3
   304  060B  307F               	movlw	127
   305  060C  00F4               	movwf	btemp+4
   306  060D  3044               	movlw	68
   307  060E  00F5               	movwf	btemp+5
   308  060F  26EB               	call	ftdiv
   309  0610  0870               	movf	btemp,w
   310  0611  00B0               	movwf	?a_main+13
   311  0612  0871               	movf	btemp+1,w
   312  0613  00B1               	movwf	?a_main+14
   313  0614  0872               	movf	btemp+2,w
   314  0615  00B2               	movwf	?a_main+15
   315                           ;tempr.c: 68: tmpr=p*100;
   316  0616  0830               	movf	?a_main+13,w
   317  0617  00F3               	movwf	btemp+3
   318  0618  0831               	movf	?a_main+14,w
   319  0619  00F4               	movwf	btemp+4
   320  061A  0832               	movf	?a_main+15,w
   321  061B  00F5               	movwf	btemp+5
   322  061C  01F0               	clrf	btemp
   323  061D  30C8               	movlw	200
   324  061E  00F1               	movwf	btemp+1
   325  061F  3042               	movlw	66
   326  0620  00F2               	movwf	btemp+2
   327  0621  2723               	call	ftmul
   328  0622  0870               	movf	btemp,w
   329  0623  00B3               	movwf	?a_main+16
   330  0624  0871               	movf	btemp+1,w
   331  0625  00B4               	movwf	?a_main+17
   332  0626  0872               	movf	btemp+2,w
   333  0627  00B5               	movwf	?a_main+18
   334  0628  2DBD               	goto	L1
   335                           
   336                           	psect	text1
   337  047C                     _disp
   338                           ;	_dot assigned to ?a_disp+0
   339  0000                     _disp$dot	set	?a_disp
   340                           ;	_ch1 assigned to ?a_disp+1
   341  0000                     _disp$ch1	set	?a_disp+1
   342                           ;	_ch2 assigned to ?a_disp+2
   343  0000                     _disp$ch2	set	?a_disp+2
   344                           ;	_ch3 assigned to ?a_disp+3
   345  0000                     _disp$ch3	set	?a_disp+3
   346                           ;	_ch4 assigned to ?a_disp+4
   347  0000                     _disp$ch4	set	?a_disp+4
   348                           ;	_temp assigned to ?a_disp+5
   349  0000                     _disp$temp	set	?a_disp+5
   350                           ;	_x1 assigned to ?a_disp+7
   351  0000                     _disp$x1	set	?a_disp+7
   352                           ;	_x3 assigned to ?a_disp+9
   353  0000                     _disp$x3	set	?a_disp+9
   354                           ;	_x4 assigned to ?a_disp+11
   355  0000                     _disp$x4	set	?a_disp+11
   356                           ;	_x2 assigned to ?a_disp+13
   357  0000                     _disp$x2	set	?a_disp+13
   358                           ;	_n assigned to ?a_disp+15
   359  0000                     _disp$n	set	?a_disp+15
   360                           ;tempr.c: 74: void disp(float num)
   361  047C  302E               	movlw	46
   362  047D  0183               	clrf	3	;select bank 0
   363  047E  00B9               	movwf	?a_disp
   364                           ;tempr.c: 79: n=num;
   365  047F  0836               	movf	?_disp,w
   366  0480  00F0               	movwf	btemp
   367  0481  0837               	movf	?_disp+1,w
   368  0482  00F1               	movwf	btemp+1
   369  0483  0838               	movf	?_disp+2,w
   370  0484  00F2               	movwf	btemp+2
   371  0485  2764               	call	fttol
   372  0486  0870               	movf	btemp,w
   373  0487  00C8               	movwf	?a_disp+15
   374  0488  0871               	movf	btemp+1,w
   375  0489  00C9               	movwf	?a_disp+16
   376                           ;tempr.c: 80: temp=num;
   377  048A  0836               	movf	?_disp,w
   378  048B  00F0               	movwf	btemp
   379  048C  0837               	movf	?_disp+1,w
   380  048D  00F1               	movwf	btemp+1
   381  048E  0838               	movf	?_disp+2,w
   382  048F  00F2               	movwf	btemp+2
   383  0490  2764               	call	fttol
   384  0491  0870               	movf	btemp,w
   385  0492  00BE               	movwf	?a_disp+5
   386  0493  0871               	movf	btemp+1,w
   387  0494  00BF               	movwf	?a_disp+6
   388                           ;tempr.c: 81: x1=n%10;
   389  0495  300A               	movlw	10
   390  0496  00F2               	movwf	btemp+2
   391  0497  01F3               	clrf	btemp+3
   392  0498  0849               	movf	?a_disp+16,w
   393  0499  00F1               	movwf	btemp+1
   394  049A  0848               	movf	?a_disp+15,w
   395  049B  00F0               	movwf	btemp
   396  049C  27A3               	call	awmod
   397  049D  0870               	movf	btemp,w
   398  049E  00C0               	movwf	?a_disp+7
   399  049F  0871               	movf	btemp+1,w
   400  04A0  00C1               	movwf	?a_disp+8
   401                           ;tempr.c: 82: n=n/10;
   402  04A1  300A               	movlw	10
   403  04A2  00F2               	movwf	btemp+2
   404  04A3  01F3               	clrf	btemp+3
   405  04A4  0848               	movf	?a_disp+15,w
   406  04A5  00F0               	movwf	btemp
   407  04A6  0849               	movf	?a_disp+16,w
   408  04A7  00F1               	movwf	btemp+1
   409  04A8  27A3               	call	awdiv
   410  04A9  0874               	movf	btemp+4,w
   411  04AA  00C8               	movwf	?a_disp+15
   412  04AB  0875               	movf	btemp+5,w
   413  04AC  00C9               	movwf	?a_disp+16
   414                           ;tempr.c: 83: x2=n%10;
   415  04AD  300A               	movlw	10
   416  04AE  00F2               	movwf	btemp+2
   417  04AF  01F3               	clrf	btemp+3
   418  04B0  0849               	movf	?a_disp+16,w
   419  04B1  00F1               	movwf	btemp+1
   420  04B2  0848               	movf	?a_disp+15,w
   421  04B3  00F0               	movwf	btemp
   422  04B4  27A3               	call	awmod
   423  04B5  0870               	movf	btemp,w
   424  04B6  00C6               	movwf	?a_disp+13
   425  04B7  0871               	movf	btemp+1,w
   426  04B8  00C7               	movwf	?a_disp+14
   427                           ;tempr.c: 84: if(x2 >= 4)
   428  04B9  3A80               	xorlw	128
   429  04BA  00F0               	movwf	btemp
   430  04BB  3080               	movlw	128
   431  04BC  0270               	subwf	btemp,w
   432  04BD  3004               	movlw	4
   433                           ;set	bank bits for (((?a_disp+13)))
   434  04BE  1903               	btfsc	3,2
   435  04BF  0246               	subwf	?a_disp+13,w
   436  04C0  1C03               	btfss	3,0
   437  04C1  2CC4               	goto	l16
   438                           ;tempr.c: 85: {
   439  04C2  1406               	bsf	6,0
   440                           ;tempr.c: 87: }
   441  04C3  2CC5               	goto	l17
   442  04C4                     l16
   443                           ;tempr.c: 88: else
   444  04C4  1006               	bcf	6,0
   445  04C5                     l17
   446                           ;tempr.c: 91: }
   447  04C5  300A               	movlw	10
   448  04C6  00F2               	movwf	btemp+2
   449  04C7  01F3               	clrf	btemp+3
   450  04C8  0848               	movf	?a_disp+15,w
   451  04C9  00F0               	movwf	btemp
   452  04CA  0849               	movf	?a_disp+16,w
   453  04CB  00F1               	movwf	btemp+1
   454  04CC  27A3               	call	awdiv
   455  04CD  0874               	movf	btemp+4,w
   456  04CE  00C8               	movwf	?a_disp+15
   457  04CF  0875               	movf	btemp+5,w
   458  04D0  00C9               	movwf	?a_disp+16
   459                           ;tempr.c: 93: x3=n%10;
   460  04D1  300A               	movlw	10
   461  04D2  00F2               	movwf	btemp+2
   462  04D3  01F3               	clrf	btemp+3
   463  04D4  0849               	movf	?a_disp+16,w
   464  04D5  00F1               	movwf	btemp+1
   465  04D6  0848               	movf	?a_disp+15,w
   466  04D7  00F0               	movwf	btemp
   467  04D8  27A3               	call	awmod
   468  04D9  0870               	movf	btemp,w
   469  04DA  00C2               	movwf	?a_disp+9
   470  04DB  0871               	movf	btemp+1,w
   471  04DC  00C3               	movwf	?a_disp+10
   472                           ;tempr.c: 94: f1=num-temp;
   473  04DD  083F               	movf	?a_disp+6,w
   474  04DE  00F1               	movwf	btemp+1
   475  04DF  083E               	movf	?a_disp+5,w
   476  04E0  00F0               	movwf	btemp
   477  04E1  279A               	call	awtoft
   478  04E2  0870               	movf	btemp,w
   479  04E3  00F3               	movwf	btemp+3
   480  04E4  0871               	movf	btemp+1,w
   481  04E5  00F4               	movwf	btemp+4
   482  04E6  0872               	movf	btemp+2,w
   483  04E7  00F5               	movwf	btemp+5
   484  04E8  0836               	movf	?_disp,w
   485  04E9  00F0               	movwf	btemp
   486  04EA  0837               	movf	?_disp+1,w
   487  04EB  00F1               	movwf	btemp+1
   488  04EC  0838               	movf	?_disp+2,w
   489  04ED  00F2               	movwf	btemp+2
   490  04EE  269B               	call	ftsub
   491  04EF  0870               	movf	btemp,w
   492  04F0  00A0               	movwf	F596
   493  04F1  0871               	movf	btemp+1,w
   494  04F2  00A1               	movwf	F596+1
   495  04F3  0872               	movf	btemp+2,w
   496  04F4  00A2               	movwf	F596+2
   497                           ;tempr.c: 95: x4=f1*10;
   498  04F5  0820               	movf	F596,w
   499  04F6  00F3               	movwf	btemp+3
   500  04F7  0821               	movf	F596+1,w
   501  04F8  00F4               	movwf	btemp+4
   502  04F9  0822               	movf	F596+2,w
   503  04FA  00F5               	movwf	btemp+5
   504  04FB  01F0               	clrf	btemp
   505  04FC  3020               	movlw	32
   506  04FD  00F1               	movwf	btemp+1
   507  04FE  3041               	movlw	65
   508  04FF  00F2               	movwf	btemp+2
   509  0500  2723               	call	ftmul
   510  0501  2764               	call	fttol
   511  0502  0870               	movf	btemp,w
   512  0503  00C4               	movwf	?a_disp+11
   513  0504  0871               	movf	btemp+1,w
   514  0505  00C5               	movwf	?a_disp+12
   515                           ;tempr.c: 96: ch1=lookup(x3);
   516  0506  0842               	movf	?a_disp+9,w
   517  0507  00CA               	movwf	?_lookup
   518  0508  0843               	movf	?a_disp+10,w
   519  0509  00CB               	movwf	?_lookup+1
   520  050A  243F               	call	_lookup
   521  050B  00BA               	movwf	?a_disp+1
   522                           ;tempr.c: 97: ch2=lookup(x2);
   523  050C  0846               	movf	?a_disp+13,w
   524  050D  00CA               	movwf	?_lookup
   525  050E  0847               	movf	?a_disp+14,w
   526  050F  00CB               	movwf	?_lookup+1
   527  0510  243F               	call	_lookup
   528  0511  00BB               	movwf	?a_disp+2
   529                           ;tempr.c: 98: ch3=lookup(x1);
   530  0512  0840               	movf	?a_disp+7,w
   531  0513  00CA               	movwf	?_lookup
   532  0514  0841               	movf	?a_disp+8,w
   533  0515  00CB               	movwf	?_lookup+1
   534  0516  243F               	call	_lookup
   535  0517  00BC               	movwf	?a_disp+3
   536                           ;tempr.c: 99: ch4=lookup(x4);
   537  0518  0844               	movf	?a_disp+11,w
   538  0519  00CA               	movwf	?_lookup
   539  051A  0845               	movf	?a_disp+12,w
   540  051B  00CB               	movwf	?_lookup+1
   541  051C  243F               	call	_lookup
   542  051D  00BD               	movwf	?a_disp+4
   543                           ;tempr.c: 100: lcd_goto(0);
   544  051E  3000               	movlw	0
   545  051F  23C1               	call	_lcd_goto
   546                           ;tempr.c: 101: lcd_putch(ch1);
   547  0520  083A               	movf	?a_disp+1,w
   548  0521  23BD               	call	_lcd_putch
   549                           ;tempr.c: 102: lcd_putch(ch2);
   550  0522  083B               	movf	?a_disp+2,w
   551  0523  23BD               	call	_lcd_putch
   552                           ;tempr.c: 103: lcd_putch(ch3);
   553  0524  083C               	movf	?a_disp+3,w
   554  0525  23BD               	call	_lcd_putch
   555                           ;tempr.c: 104: lcd_putch(dot);
   556  0526  302E               	movlw	46
   557  0527  23BD               	call	_lcd_putch
   558                           ;tempr.c: 105: lcd_putch(ch4);
   559  0528  083D               	movf	?a_disp+4,w
   560  0529  23BD               	call	_lcd_putch
   561                           ;tempr.c: 106: lcd_puts(" deg celsu");
   562  052A  3023               	movlw	low u29
   563  052B  00CA               	movwf	?_lcd_puts
   564  052C  3000               	movlw	high u29
   565  052D  00CB               	movwf	?_lcd_puts+1
   566  052E  2BEA               	goto	_lcd_puts
   567                           
   568                           	psect	text2
   569  043F                     _lookup
   570                           ;	_cha assigned to ?a_lookup+0
   571  0000                     _lookup$cha	set	?a_lookup
   572                           ;tempr.c: 109: char lookup(int no)
   573  043F  2C55               	goto	l20
   574  0440                     l21
   575                           ;tempr.c: 113: {
   576                           ;tempr.c: 115: cha='0';
   577  0440  3030               	movlw	48
   578  0441  2C53               	goto	L10
   579                           ;tempr.c: 116: break;
   580  0442                     l22
   581                           ;tempr.c: 117: case 1:
   582                           ;tempr.c: 118: cha='1';
   583  0442  3031               	movlw	49
   584  0443  2C53               	goto	L10
   585                           ;tempr.c: 119: break;
   586  0444                     l23
   587                           ;tempr.c: 120: case 2:
   588                           ;tempr.c: 121: cha='2';
   589  0444  3032               	movlw	50
   590  0445  2C53               	goto	L10
   591                           ;tempr.c: 122: break;
   592  0446                     l24
   593                           ;tempr.c: 123: case 3:
   594                           ;tempr.c: 124: cha='3';
   595  0446  3033               	movlw	51
   596  0447  2C53               	goto	L10
   597                           ;tempr.c: 125: break;
   598  0448                     l25
   599                           ;tempr.c: 126: case 4:
   600                           ;tempr.c: 127: cha='4';
   601  0448  3034               	movlw	52
   602  0449  2C53               	goto	L10
   603                           ;tempr.c: 128: break;
   604  044A                     l26
   605                           ;tempr.c: 129: case 5:
   606                           ;tempr.c: 130: cha='5';
   607  044A  3035               	movlw	53
   608  044B  2C53               	goto	L10
   609                           ;tempr.c: 131: break;
   610  044C                     l27
   611                           ;tempr.c: 132: case 6:
   612                           ;tempr.c: 133: cha='6';
   613  044C  3036               	movlw	54
   614  044D  2C53               	goto	L10
   615                           ;tempr.c: 134: break;
   616  044E                     l28
   617                           ;tempr.c: 135: case 7:
   618                           ;tempr.c: 136: cha='7';
   619  044E  3037               	movlw	55
   620  044F  2C53               	goto	L10
   621                           ;tempr.c: 137: break;
   622  0450                     l29
   623                           ;tempr.c: 138: case 8:
   624                           ;tempr.c: 139: cha='8';
   625  0450  3038               	movlw	56
   626  0451  2C53               	goto	L10
   627                           ;tempr.c: 140: break;
   628  0452                     l30
   629                           ;tempr.c: 141: case 9:
   630                           ;tempr.c: 142: cha='9';
   631  0452  3039               	movlw	57
   632  0453                     L10
   633  0453  00CC               	movwf	?a_lookup
   634                           ;tempr.c: 143: break;
   635  0454  2C7A               	goto	l19
   636  0455                     l20
   637  0455  1283               	bcf	3,5
   638  0456  1303               	bcf	3,6	;carry unused
   639  0457  084B               	movf	?_lookup+1,w
   640  0458  00F3               	movwf	btemp+3
   641  0459  084A               	movf	?_lookup,w
   642  045A  00F2               	movwf	btemp+2
   643  045B  2C77               	goto	l30005
   644  045C                     l30006
   645  045C  0872               	movf	btemp+2,w
   646  045D  00F0               	movwf	btemp
   647  045E  3EF6               	addlw	-10
   648  045F  1803               	btfsc	3,0
   649  0460  2C7A               	goto	l19
   650  0461  3E0A               	addlw	10
   651  0462  1C03               	btfss	3,0
   652  0463  2C7A               	goto	l19
   653  0464  3000               	movlw	0
   654  0465  02F0               	subwf	btemp
   655  0466  3004               	movlw	S30008 shr (0+8)
   656  0467  008A               	movwf	10
   657  0468  306D               	movlw	S30008& (0+255)
   658  0469  0770               	addwf	btemp,w
   659  046A  1803               	btfsc	3,0
   660  046B  0A8A               	incf	10
   661  046C  0082               	movwf	2
   662  046D                     S30008
   663  046D  2C40               	goto	l21
   664  046E  2C42               	goto	l22
   665  046F  2C44               	goto	l23
   666  0470  2C46               	goto	l24
   667  0471  2C48               	goto	l25
   668  0472  2C4A               	goto	l26
   669  0473  2C4C               	goto	l27
   670  0474  2C4E               	goto	l28
   671  0475  2C50               	goto	l29
   672  0476  2C52               	goto	l30
   673  0477                     l30005
   674  0477  0873               	movf	btemp+3,w
   675  0478  1903               	btfsc	3,2
   676  0479  2C5C               	goto	l30006
   677  047A                     l19
   678                           ;tempr.c: 145: return cha;
   679  047A  084C               	movf	?a_lookup,w
   680                           ;tempr.c: 146: }
   681  047B  0008               	return	;uses W
   682                           
   683                           	psect	strings
   684  0000                     
   685  0000                     
   686  0000                     
   687  0000                     
   688  0000                     
   689  0000                     
   690  0000                     
   691  0000                     
   692  0000                     
   693  0000                     
   694  0000                     
   695  0000                     
   696  0000                     
   697  0000                     
   698  0000                     
   699  0000                     
   700  0000                     
   701  0000                     
   702  0000                     
   703  0000                     
   704  0000                     
   705  0000                     
   706  0000                     
   707  0000                     
   708  0000                     
   709  0000                     
   710  0000                     
   711  0000                     
   712  0000                     
   713  0000                     
   714  0000                     
   715  0000                     
   716  0000                     
   717  0000                     
   718  0000                     
   719  0000                     
   720  0000                     
   721  0000                     
   722  0000                     
   723  0000                     
   724  0000                     
   725  0000                     
   726  0000                     
   727  0000                     
   728  0000                     
   729  0000                     
   730  0000                     
   731  0000                     
   732  0000                     
   733  0000                     
   734  0000                     
   735  0000                     
   736  0000                     
   737  0000                     
   738  0000                     
   739  0000                     
   740  0000                     
   741  0000                     
   742  0000                     
   743  0000                     
   744  0000                     
   745  0000                     
   746  0000                     
   747  0000                     
   748  0000                     
   749  0000                     
   750  0000                     
   751  0000                     
   752  0000                     
   753  0000                     
   754  0000                     
   755  0000                     
   756  0000                     
   757  0000                     
   758  0000                     
   759  0000                     
   760  0000                     
   761  0000                     
   762  0000                     
   763  0000                     
   764  0000                     
   765  0000                     
   766  0000                     
   767  0000                     
   768  0000                     
   769  0000                     
   770  0000                     
   771  0000                     
   772  0000                     
   773  0000                     
   774  0000                     
   775  0000                     
   776  0000                     
   777  0000                     
   778  0000                     
   779  0000                     
   780  0000                     
   781  0000                     
   782  0000                     
   783  0000                     
   784  0000                     
   785  0000                     
   786  0000                     
   787  0000                     
   788  0000                     
   789  0000                     
   790  0000                     
   791  0000                     
   792  0000                     
   793  0000                     
   794  0000                     
   795  0000                     
   796  0000                     
   797  0000                     
   798  0000                     
   799  0000                     
   800  0000                     
   801  0000                     
   802  0000                     
   803  0000                     
   804  0000                     
   805  0000                     
   806  0000                     
   807  0000                     
   808  0000                     
   809  0000                     
   810  0000                     
   811  0000                     
   812  0000                     
   813  0000                     
   814  0000                     
   815  0000                     
   816  0000                     
   817  0000                     
   818  0000                     
   819  0000                     
   820  0000                     
   821  0000                     
   822  0000                     
   823  0000                     
   824  0000                     
   825  0000                     
   826  0000                     
   827  0000                     
   828  0000                     
   829  0000                     
   830  0000                     
   831  0000                     
   832  0000                     
   833  0000                     
   834  0000                     
   835  0000                     
   836  0000                     
   837  0000                     
   838  0000                     
   839  0000                     
   840  0000                     
   841  0000                     
   842  0000                     
   843  0000                     
   844  0000                     
   845  0000                     
   846  0000                     
   847  0000                     
   848  0000                     
   849  0000                     
   850  0000                     
   851  0000                     
   852  0000                     
   853  0000                     
   854  0000                     
   855  0000                     
   856  0000                     
   857  0000                     
   858  0000                     
   859  0000                     
   860  0000                     
   861  0000                     
   862  0000                     
   863  0000                     
   864  0000                     
   865  0000                     
   866  0000                     
   867  0000                     
   868  0000                     
   869  0000                     
   870  0000                     
   871  0000                     
   872  0000                     
   873  0000                     
   874  0000                     
   875  0000                     
   876  0000                     
   877  0000                     
   878  0000                     
   879  0000                     
   880  0000                     
   881  0000                     
   882  0000                     
   883  0000                     
   884  0000                     
   885  0000                     
   886  0000                     
   887  0000                     
   888  0000                     
   889  0000                     
   890  0000                     
   891  0000                     
   892  0000                     
   893  0000                     
   894  0000                     
   895  0000                     
   896  0000                     
   897  0000                     
   898  0000                     
   899  0000                     
   900  0000                     
   901  0000                     
   902  0000                     
   903  0000                     
   904  0000                     
   905  0000                     
   906  0000                     
   907  0000                     
   908  0000                     
   909  0000                     
   910  0000                     
   911  0000                     
   912  0000                     
   913  0000                     
   914  0000                     
   915  0000                     
   916  0000                     
   917  0000                     
   918  0000                     
   919  0000                     
   920  0000                     
   921  0000                     
   922  0000                     
   923  0000                     
   924  0000                     
   925  0000                     
   926  0000                     
   927  0000                     
   928  0000                     
   929  0000                     
   930  0000                     
   931  0000                     
   932  0000                     
   933  0000                     
   934  0000                     
   935  0000                     
   936  0000                     
   937  0000                     
   938  0000                     
   939  0000                     
   940  0000                     
   941  0000                     
   942  0000                     
   943  0000                     
   944  0000                     
   945  0000                     
   946  0000                     
   947  0000                     
   948  0000                     
   949  0000                     
   950  0000                     
   951  0000                     
   952  0000                     
   953  0000                     
   954  0000                     
   955  0000                     
   956  0000                     
   957  0000                     
   958  0000                     
   959  0000                     
   960                           ; Strings
   961  0023                     u29
   962  0023  3420               	retlw	32
   963  0024  3464               	retlw	100	;'d'
   964  0025  3465               	retlw	101	;'e'
   965  0026  3467               	retlw	103	;'g'
   966  0027  3420               	retlw	32
   967  0028  3463               	retlw	99	;'c'
   968  0029  3465               	retlw	101	;'e'
   969  002A  346C               	retlw	108	;'l'
   970  002B  3473               	retlw	115	;'s'
   971  002C  3475               	retlw	117	;'u'
   972  002D  3400               	retlw	0
   973  002E                     u19
   974  002E  3420               	retlw	32
   975  002F  3457               	retlw	87	;'W'
   976  0030  3465               	retlw	101	;'e'
   977  0031  346C               	retlw	108	;'l'
   978  0032  3463               	retlw	99	;'c'
   979  0033  346F               	retlw	111	;'o'
   980  0034  346D               	retlw	109	;'m'
   981  0035  3465               	retlw	101	;'e'
   982  0036  3400               	retlw	0
   983                           
   984                           	psect	rbss_0
   985  0020                     F596
                     F596
   986  0020                     	ds	3
   987                           
   988                           	psect	temp
   989  0070                     btemp
                     btemp
   990  0070                     	ds	6


HI-TECH Software PICC Macro Assembler V9.60
Symbol Table                                          Wed Dec 24 11:59:07 2014

    ?a_disp 0039      ?a_main 0023           l2 0549           l4 0559  
         l6 05BA           l7 05BC           pc 0002          l11 05C9  
        l20 0455          l21 0440          l13 05D9          l30 0452  
        l22 0442          l23 0444          l24 0446          l16 04C4  
        l25 0448          l17 04C5          l26 044A          l27 044C  
        l19 047A          l28 044E          l29 0450          u19 002E  
        u29 0023    _lcd_init 0412    _lcd_goto 03C1    _lcd_puts 03EA  
       F596 0020     ?_lookup 004A    ?a_lookup 004C   _lcd_putch 03BD  
    _lookup 043F     _DelayMs 03CC        _disp 047C        _main 052F  
 ?_lcd_puts 004A        btemp 0070        awdiv 07A3        awmod 07A3  
      ftcmp 06CC        ftdiv 06EB        ftmul 0723        ftsub 069B  
      fttol 0764        lwmul 03FD        start 0000       S30008 046D  
     l30005 0477       l30006 045C       ?_disp 0036       awtoft 079A  
     pclath 000A       lwtoft 07A0       status 0003  used_btemp0 0001  
used_btemp1 0001  used_btemp2 0001  used_btemp3 0001  used_btemp4 0001  
used_btemp5 0001  
