#
# A fatal error has been detected by the Java Runtime Environment:
#
#  EXCEPTION_ACCESS_VIOLATION (0xc0000005) at pc=0x62868bee, pid=2696, tid=2364
#
# JRE version: Java(TM) SE Runtime Environment (8.0_45-b15) (build 1.8.0_45-b15)
# Java VM: Java HotSpot(TM) Client VM (25.45-b02 mixed mode, sharing windows-x86 )
# Problematic frame:
# V  [jvm.dll+0xd8bee]
#
# Failed to write core dump. Minidumps are not enabled by default on client versions of Windows
#
# If you would like to submit a bug report, please visit:
#   http://bugreport.java.com/bugreport/crash.jsp
#

---------------  T H R E A D  ---------------

Current thread (0x14f21400):  JavaThread "AWT-EventQueue-0" [_thread_in_vm, id=2364, stack(0x14570000,0x145c0000)]

siginfo: ExceptionCode=0xc0000005, reading address 0x00000000

Registers:
EAX=0x00000000, EBX=0x00000000, ECX=0x00000000, EDX=0x00000000
ESP=0x145be468, EBP=0x145be498, ESI=0x156b2330, EDI=0x14f21400
EIP=0x62868bee, EFLAGS=0x00010246

Top of Stack: (sp=0x145be468)
0x145be468:   14f21540 156b2330 14236758 fffffffe
0x145be478:   145be498 613813c4 156b2330 00000000
0x145be488:   14f21400 00000000 04013e68 14236758
0x145be498:   145be4c8 61381f65 14f21400 00000000
0x145be4a8:   00000000 01afc19f 04013e68 04013dbc
0x145be4b8:   145be4f0 14236758 14236750 14f21400
0x145be4c8:   145be510 01a4b363 14f21540 145be524
0x145be4d8:   00000000 14245cc0 00000000 145be4e8 

Instructions: (pc=0x62868bee)
0x62868bce:   e8 5d e3 f2 ff 33 db 83 c4 08 89 7d f0 89 5d f4
0x62868bde:   39 5f 04 74 08 8d 4d f0 e8 85 9c 0c 00 8b 45 0c
0x62868bee:   8b 30 8b 0d b8 e4 af 62 39 1c 31 74 45 56 e8 4f
0x62868bfe:   b3 f6 ff 83 c4 04 6a 00 6a 00 8d 4d dc 8d 78 01 


Register to memory mapping:

EAX=0x00000000 is an unknown value
EBX=0x00000000 is an unknown value
ECX=0x00000000 is an unknown value
EDX=0x00000000 is an unknown value
ESP=0x145be468 is pointing into the stack for thread: 0x14f21400
EBP=0x145be498 is pointing into the stack for thread: 0x14f21400
ESI=0x156b2330 is an unknown value
EDI=0x14f21400 is a thread


Stack: [0x14570000,0x145c0000],  sp=0x145be468,  free space=313k
Native frames: (J=compiled Java code, j=interpreted, Vv=VM code, C=native code)
V  [jvm.dll+0xd8bee]
C  [sqlite-3.7.2-sqlitejdbc.dll+0x1f65]
j  org.sqlite.NativeDB.prepare(Ljava/lang/String;)J+0
j  org.sqlite.DB.prepare(Lorg/sqlite/Stmt;)V+21
j  org.sqlite.PrepStmt.<init>(Lorg/sqlite/Conn;Ljava/lang/String;)V+15
j  org.sqlite.Conn.prepareStatement(Ljava/lang/String;III)Ljava/sql/PreparedStatement;+14
j  org.sqlite.Conn.prepareStatement(Ljava/lang/String;II)Ljava/sql/PreparedStatement;+5
j  org.sqlite.Conn.prepareStatement(Ljava/lang/String;)Ljava/sql/PreparedStatement;+8
j  connect.Information.btn_daily_data_entry_saveActionPerformed(Ljava/awt/event/ActionEvent;)V+50
j  connect.Information.access$200(Lconnect/Information;Ljava/awt/event/ActionEvent;)V+2
j  connect.Information$3.actionPerformed(Ljava/awt/event/ActionEvent;)V+5
j  javax.swing.AbstractButton.fireActionPerformed(Ljava/awt/event/ActionEvent;)V+83
j  javax.swing.AbstractButton$Handler.actionPerformed(Ljava/awt/event/ActionEvent;)V+5
j  javax.swing.DefaultButtonModel.fireActionPerformed(Ljava/awt/event/ActionEvent;)V+34
j  javax.swing.DefaultButtonModel.setPressed(Z)V+117
j  javax.swing.plaf.basic.BasicButtonListener.mouseReleased(Ljava/awt/event/MouseEvent;)V+35
j  java.awt.Component.processMouseEvent(Ljava/awt/event/MouseEvent;)V+64
j  javax.swing.JComponent.processMouseEvent(Ljava/awt/event/MouseEvent;)V+23
j  java.awt.Component.processEvent(Ljava/awt/AWTEvent;)V+81
j  java.awt.Container.processEvent(Ljava/awt/AWTEvent;)V+18
j  java.awt.Component.dispatchEventImpl(Ljava/awt/AWTEvent;)V+589
j  java.awt.Container.dispatchEventImpl(Ljava/awt/AWTEvent;)V+42
J 411 C1 java.awt.LightweightDispatcher.retargetMouseEvent(Ljava/awt/Component;ILjava/awt/event/MouseEvent;)V (350 bytes) @ 0x01b62bcb [0x01b625b0+0x61b]
j  java.awt.LightweightDispatcher.processMouseEvent(Ljava/awt/event/MouseEvent;)Z+143
j  java.awt.LightweightDispatcher.dispatchEvent(Ljava/awt/AWTEvent;)Z+50
j  java.awt.Container.dispatchEventImpl(Ljava/awt/AWTEvent;)V+12
j  java.awt.Window.dispatchEventImpl(Ljava/awt/AWTEvent;)V+19
j  java.awt.Component.dispatchEvent(Ljava/awt/AWTEvent;)V+2
j  java.awt.EventQueue.dispatchEventImpl(Ljava/awt/AWTEvent;Ljava/lang/Object;)V+41
j  java.awt.EventQueue.access$500(Ljava/awt/EventQueue;Ljava/awt/AWTEvent;Ljava/lang/Object;)V+3
j  java.awt.EventQueue$3.run()Ljava/lang/Void;+32
j  java.awt.EventQueue$3.run()Ljava/lang/Object;+1
v  ~StubRoutines::call_stub
V  [jvm.dll+0x155cb5]
V  [jvm.dll+0x21b12e]
V  [jvm.dll+0x155d4e]
V  [jvm.dll+0x106fbf]
C  [java.dll+0x102f]
J 420 C1 java.security.ProtectionDomain$1.doIntersectionPrivilege(Ljava/security/PrivilegedAction;Ljava/security/AccessControlContext;Ljava/security/AccessControlContext;)Ljava/lang/Object; (32 bytes) @ 0x01b671d2 [0x01b67130+0xa2]
j  java.security.ProtectionDomain$1.doIntersectionPrivilege(Ljava/security/PrivilegedAction;Ljava/security/AccessControlContext;)Ljava/lang/Object;+6
j  java.awt.EventQueue$4.run()Ljava/lang/Void;+11
j  java.awt.EventQueue$4.run()Ljava/lang/Object;+1
v  ~StubRoutines::call_stub
V  [jvm.dll+0x155cb5]
V  [jvm.dll+0x21b12e]
V  [jvm.dll+0x155d4e]
V  [jvm.dll+0x106fbf]
C  [java.dll+0x102f]
J 420 C1 java.security.ProtectionDomain$1.doIntersectionPrivilege(Ljava/security/PrivilegedAction;Ljava/security/AccessControlContext;Ljava/security/AccessControlContext;)Ljava/lang/Object; (32 bytes) @ 0x01b671d2 [0x01b67130+0xa2]
j  java.awt.EventQueue.dispatchEvent(Ljava/awt/AWTEvent;)V+73
J 406 C1 java.awt.EventDispatchThread.pumpOneEventForFilters(I)V (295 bytes) @ 0x01b5e7e9 [0x01b5e180+0x669]
j  java.awt.EventDispatchThread.pumpEventsForFilter(ILjava/awt/Conditional;Ljava/awt/EventFilter;)V+35
j  java.awt.EventDispatchThread.pumpEventsForHierarchy(ILjava/awt/Conditional;Ljava/awt/Component;)V+11
j  java.awt.EventDispatchThread.pumpEvents(ILjava/awt/Conditional;)V+4
j  java.awt.EventDispatchThread.pumpEvents(Ljava/awt/Conditional;)V+3
j  java.awt.EventDispatchThread.run()V+9
v  ~StubRoutines::call_stub
V  [jvm.dll+0x155cb5]
V  [jvm.dll+0x21b12e]
V  [jvm.dll+0x155d4e]
V  [jvm.dll+0x155ed6]
V  [jvm.dll+0x155f47]
V  [jvm.dll+0xfb0cf]
V  [jvm.dll+0x17901c]
V  [jvm.dll+0x17910a]
V  [jvm.dll+0x1bd6e6]
C  [msvcr100.dll+0x5c556]
C  [msvcr100.dll+0x5c600]
C  [kernel32.dll+0x4ee1c]
C  [ntdll.dll+0x6399b]
C  [ntdll.dll+0x6396e]
C  0x00000000

Java frames: (J=compiled Java code, j=interpreted, Vv=VM code)
j  org.sqlite.NativeDB.prepare(Ljava/lang/String;)J+0
j  org.sqlite.DB.prepare(Lorg/sqlite/Stmt;)V+21
j  org.sqlite.PrepStmt.<init>(Lorg/sqlite/Conn;Ljava/lang/String;)V+15
j  org.sqlite.Conn.prepareStatement(Ljava/lang/String;III)Ljava/sql/PreparedStatement;+14
j  org.sqlite.Conn.prepareStatement(Ljava/lang/String;II)Ljava/sql/PreparedStatement;+5
j  org.sqlite.Conn.prepareStatement(Ljava/lang/String;)Ljava/sql/PreparedStatement;+8
j  connect.Information.btn_daily_data_entry_saveActionPerformed(Ljava/awt/event/ActionEvent;)V+50
j  connect.Information.access$200(Lconnect/Information;Ljava/awt/event/ActionEvent;)V+2
j  connect.Information$3.actionPerformed(Ljava/awt/event/ActionEvent;)V+5
j  javax.swing.AbstractButton.fireActionPerformed(Ljava/awt/event/ActionEvent;)V+83
j  javax.swing.AbstractButton$Handler.actionPerformed(Ljava/awt/event/ActionEvent;)V+5
j  javax.swing.DefaultButtonModel.fireActionPerformed(Ljava/awt/event/ActionEvent;)V+34
j  javax.swing.DefaultButtonModel.setPressed(Z)V+117
j  javax.swing.plaf.basic.BasicButtonListener.mouseReleased(Ljava/awt/event/MouseEvent;)V+35
j  java.awt.Component.processMouseEvent(Ljava/awt/event/MouseEvent;)V+64
j  javax.swing.JComponent.processMouseEvent(Ljava/awt/event/MouseEvent;)V+23
j  java.awt.Component.processEvent(Ljava/awt/AWTEvent;)V+81
j  java.awt.Container.processEvent(Ljava/awt/AWTEvent;)V+18
j  java.awt.Component.dispatchEventImpl(Ljava/awt/AWTEvent;)V+589
j  java.awt.Container.dispatchEventImpl(Ljava/awt/AWTEvent;)V+42
J 411 C1 java.awt.LightweightDispatcher.retargetMouseEvent(Ljava/awt/Component;ILjava/awt/event/MouseEvent;)V (350 bytes) @ 0x01b62bcb [0x01b625b0+0x61b]
j  java.awt.LightweightDispatcher.processMouseEvent(Ljava/awt/event/MouseEvent;)Z+143
j  java.awt.LightweightDispatcher.dispatchEvent(Ljava/awt/AWTEvent;)Z+50
j  java.awt.Container.dispatchEventImpl(Ljava/awt/AWTEvent;)V+12
j  java.awt.Window.dispatchEventImpl(Ljava/awt/AWTEvent;)V+19
j  java.awt.Component.dispatchEvent(Ljava/awt/AWTEvent;)V+2
j  java.awt.EventQueue.dispatchEventImpl(Ljava/awt/AWTEvent;Ljava/lang/Object;)V+41
j  java.awt.EventQueue.access$500(Ljava/awt/EventQueue;Ljava/awt/AWTEvent;Ljava/lang/Object;)V+3
j  java.awt.EventQueue$3.run()Ljava/lang/Void;+32
j  java.awt.EventQueue$3.run()Ljava/lang/Object;+1
v  ~StubRoutines::call_stub
J 441  java.security.AccessController.doPrivileged(Ljava/security/PrivilegedAction;Ljava/security/AccessControlContext;)Ljava/lang/Object; (0 bytes) @ 0x01b6a937 [0x01b6a8d0+0x67]
J 420 C1 java.security.ProtectionDomain$1.doIntersectionPrivilege(Ljava/security/PrivilegedAction;Ljava/security/AccessControlContext;Ljava/security/AccessControlContext;)Ljava/lang/Object; (32 bytes) @ 0x01b671d2 [0x01b67130+0xa2]
j  java.security.ProtectionDomain$1.doIntersectionPrivilege(Ljava/security/PrivilegedAction;Ljava/security/AccessControlContext;)Ljava/lang/Object;+6
j  java.awt.EventQueue$4.run()Ljava/lang/Void;+11
j  java.awt.EventQueue$4.run()Ljava/lang/Object;+1
v  ~StubRoutines::call_stub
J 441  java.security.AccessController.doPrivileged(Ljava/security/PrivilegedAction;Ljava/security/AccessControlContext;)Ljava/lang/Object; (0 bytes) @ 0x01b6a937 [0x01b6a8d0+0x67]
J 420 C1 java.security.ProtectionDomain$1.doIntersectionPrivilege(Ljava/security/PrivilegedAction;Ljava/security/AccessControlContext;Ljava/security/AccessControlContext;)Ljava/lang/Object; (32 bytes) @ 0x01b671d2 [0x01b67130+0xa2]
j  java.awt.EventQueue.dispatchEvent(Ljava/awt/AWTEvent;)V+73
J 406 C1 java.awt.EventDispatchThread.pumpOneEventForFilters(I)V (295 bytes) @ 0x01b5e7e9 [0x01b5e180+0x669]
j  java.awt.EventDispatchThread.pumpEventsForFilter(ILjava/awt/Conditional;Ljava/awt/EventFilter;)V+35
j  java.awt.EventDispatchThread.pumpEventsForHierarchy(ILjava/awt/Conditional;Ljava/awt/Component;)V+11
j  java.awt.EventDispatchThread.pumpEvents(ILjava/awt/Conditional;)V+4
j  java.awt.EventDispatchThread.pumpEvents(Ljava/awt/Conditional;)V+3
j  java.awt.EventDispatchThread.run()V+9
v  ~StubRoutines::call_stub

---------------  P R O C E S S  ---------------

Java Threads: ( => current thread )
  0x14f87c00 JavaThread "TimerQueue" daemon [_thread_blocked, id=580, stack(0x15870000,0x158c0000)]
  0x01104400 JavaThread "DestroyJavaVM" [_thread_blocked, id=1564, stack(0x01220000,0x01270000)]
=>0x14f21400 JavaThread "AWT-EventQueue-0" [_thread_in_vm, id=2364, stack(0x14570000,0x145c0000)]
  0x14ee1c00 JavaThread "AWT-Windows" daemon [_thread_in_native, id=3788, stack(0x15160000,0x151b0000)]
  0x14ee0c00 JavaThread "AWT-Shutdown" [_thread_blocked, id=4884, stack(0x15070000,0x150c0000)]
  0x14ede400 JavaThread "Java2D Disposer" daemon [_thread_blocked, id=4408, stack(0x14d40000,0x14d90000)]
  0x011c9400 JavaThread "Service Thread" daemon [_thread_blocked, id=4504, stack(0x14b40000,0x14b90000)]
  0x01140800 JavaThread "C1 CompilerThread0" daemon [_thread_blocked, id=2964, stack(0x14460000,0x144b0000)]
  0x0113fc00 JavaThread "Attach Listener" daemon [_thread_blocked, id=4992, stack(0x14bd0000,0x14c20000)]
  0x0113c400 JavaThread "Signal Dispatcher" daemon [_thread_blocked, id=5856, stack(0x03ba0000,0x03bf0000)]
  0x0112c400 JavaThread "Finalizer" daemon [_thread_blocked, id=4740, stack(0x14520000,0x14570000)]
  0x0112b000 JavaThread "Reference Handler" daemon [_thread_blocked, id=4776, stack(0x00390000,0x003e0000)]

Other Threads:
  0x01129400 VMThread [stack: 0x144b0000,0x14500000] [id=5376]
  0x011ca800 WatcherThread [stack: 0x14d90000,0x14de0000] [id=3052]

VM state:not at safepoint (normal execution)

VM Mutex/Monitor currently owned by a thread: None

Heap:
 def new generation   total 4928K, used 4716K [0x03c00000, 0x04150000, 0x090a0000)
  eden space 4416K,  95% used [0x03c00000, 0x0401b180, 0x04050000)
  from space 512K, 100% used [0x04050000, 0x040d0000, 0x040d0000)
  to   space 512K,   0% used [0x040d0000, 0x040d0000, 0x04150000)
 tenured generation   total 10944K, used 2250K [0x090a0000, 0x09b50000, 0x13a00000)
   the space 10944K,  20% used [0x090a0000, 0x092d28b0, 0x092d2a00, 0x09b50000)
 Metaspace       used 1635K, capacity 2833K, committed 2880K, reserved 4480K

Card table byte_map: [0x03ac0000,0x03b40000] byte_map_base: 0x03aa2000

Polling page: 0x00360000

CodeCache: size=32768Kb used=1213Kb max_used=1213Kb free=31554Kb
 bounds [0x01a40000, 0x01b70000, 0x03a40000]
 total_blobs=685 nmethods=459 adapters=157
 compilation: enabled

Compilation events (10 events):
Event: 25.923 Thread 0x01140800  457             sun.java2d.pipe.Region::clipScale (41 bytes)
Event: 25.923 Thread 0x01140800 nmethod 457 0x01b6ea88 code [0x01b6ebc0, 0x01b6ecbc]
Event: 25.953 Thread 0x01140800  458             java.util.concurrent.locks.AbstractQueuedSynchronizer$ConditionObject::signalAll (33 bytes)
Event: 25.954 Thread 0x01140800 nmethod 458 0x01b6ed48 code [0x01b6ee60, 0x01b6ef80]
Event: 26.017 Thread 0x01140800  459             java.util.concurrent.locks.ReentrantLock$Sync::isHeldExclusively (16 bytes)
Event: 26.018 Thread 0x01140800 nmethod 459 0x01b6f048 code [0x01b6f140, 0x01b6f1e0]
Event: 26.210 Thread 0x01140800  460             java.util.LinkedList::linkLast (59 bytes)
Event: 26.210 Thread 0x01140800 nmethod 460 0x01b6f248 code [0x01b6f340, 0x01b6f480]
Event: 26.214 Thread 0x01140800  461             sun.java2d.SurfaceData::markDirty (8 bytes)
Event: 26.214 Thread 0x01140800 nmethod 461 0x01b6f508 code [0x01b6f600, 0x01b6f690]

GC Heap History (4 events):
Event: 0.687 GC heap before
{Heap before GC invocations=0 (full 0):
 def new generation   total 4928K, used 4416K [0x03c00000, 0x04150000, 0x090a0000)
  eden space 4416K, 100% used [0x03c00000, 0x04050000, 0x04050000)
  from space 512K,   0% used [0x04050000, 0x04050000, 0x040d0000)
  to   space 512K,   0% used [0x040d0000, 0x040d0000, 0x04150000)
 tenured generation   total 10944K, used 0K [0x090a0000, 0x09b50000, 0x13a00000)
   the space 10944K,   0% used [0x090a0000, 0x090a0000, 0x090a0200, 0x09b50000)
 Metaspace       used 925K, capacity 2532K, committed 2624K, reserved 4480K
Event: 0.698 GC heap after
Heap after GC invocations=1 (full 0):
 def new generation   total 4928K, used 512K [0x03c00000, 0x04150000, 0x090a0000)
  eden space 4416K,   0% used [0x03c00000, 0x03c00000, 0x04050000)
  from space 512K, 100% used [0x040d0000, 0x04150000, 0x04150000)
  to   space 512K,   0% used [0x04050000, 0x04050000, 0x040d0000)
 tenured generation   total 10944K, used 1360K [0x090a0000, 0x09b50000, 0x13a00000)
   the space 10944K,  12% used [0x090a0000, 0x091f4110, 0x091f4200, 0x09b50000)
 Metaspace       used 925K, capacity 2532K, committed 2624K, reserved 4480K
}
Event: 7.296 GC heap before
{Heap before GC invocations=1 (full 0):
 def new generation   total 4928K, used 4525K [0x03c00000, 0x04150000, 0x090a0000)
  eden space 4416K,  90% used [0x03c00000, 0x03feb4c8, 0x04050000)
  from space 512K, 100% used [0x040d0000, 0x04150000, 0x04150000)
  to   space 512K,   0% used [0x04050000, 0x04050000, 0x040d0000)
 tenured generation   total 10944K, used 1360K [0x090a0000, 0x09b50000, 0x13a00000)
   the space 10944K,  12% used [0x090a0000, 0x091f4110, 0x091f4200, 0x09b50000)
 Metaspace       used 1623K, capacity 2833K, committed 2880K, reserved 4480K
Event: 7.309 GC heap after
Heap after GC invocations=2 (full 0):
 def new generation   total 4928K, used 512K [0x03c00000, 0x04150000, 0x090a0000)
  eden space 4416K,   0% used [0x03c00000, 0x03c00000, 0x04050000)
  from space 512K, 100% used [0x04050000, 0x040d0000, 0x040d0000)
  to   space 512K,   0% used [0x040d0000, 0x040d0000, 0x04150000)
 tenured generation   total 10944K, used 2250K [0x090a0000, 0x09b50000, 0x13a00000)
   the space 10944K,  20% used [0x090a0000, 0x092d28b0, 0x092d2a00, 0x09b50000)
 Metaspace       used 1623K, capacity 2833K, committed 2880K, reserved 4480K
}

Deoptimization events (0 events):
No events

Internal exceptions (10 events):
Event: 0.035 Thread 0x01104400 Exception <a 'java/lang/NoSuchMethodError': Method sun.misc.Unsafe.defineClass(Ljava/lang/String;[BII)Ljava/lang/Class; name or signature does not match> (0x03c0c4f0) thrown at [C:\re\workspace\8-2-build-windows-i586-cygwin\jdk8u45\3627\hotspot\src\share\vnZPC¢?
Event: 0.035 Thread 0x01104400 Exception <a 'java/lang/NoSuchMethodError': Method sun.misc.Unsafe.prefetchRead(Ljava/lang/Object;J)V name or signature does not match> (0x03c0c770) thrown at [C:\re\workspace\8-2-build-windows-i586-cygwin\jdk8u45\3627\hotspot\src\share\vm\prims\jni.cpp, liOΩêÖ»?
Event: 0.192 Thread 0x01104400 Exception <a 'java/security/PrivilegedActionException'> (0x03d0dcf0) thrown at [C:\re\workspace\8-2-build-windows-i586-cygwin\jdk8u45\3627\hotspot\src\share\vm\prims\jvm.cpp, line 1382]
Event: 0.192 Thread 0x01104400 Exception <a 'java/security/PrivilegedActionException'> (0x03d0dea0) thrown at [C:\re\workspace\8-2-build-windows-i586-cygwin\jdk8u45\3627\hotspot\src\share\vm\prims\jvm.cpp, line 1382]
Event: 0.197 Thread 0x01104400 Exception <a 'java/security/PrivilegedActionException'> (0x03d117c0) thrown at [C:\re\workspace\8-2-build-windows-i586-cygwin\jdk8u45\3627\hotspot\src\share\vm\prims\jvm.cpp, line 1382]
Event: 0.197 Thread 0x01104400 Exception <a 'java/security/PrivilegedActionException'> (0x03d11970) thrown at [C:\re\workspace\8-2-build-windows-i586-cygwin\jdk8u45\3627\hotspot\src\share\vm\prims\jvm.cpp, line 1382]
Event: 0.200 Thread 0x01104400 Exception <a 'java/io/FileNotFoundException'> (0x03d13a08) thrown at [C:\re\workspace\8-2-build-windows-i586-cygwin\jdk8u45\3627\hotspot\src\share\vm\prims\jni.cpp, line 709]
Event: 0.222 Thread 0x01104400 Exception <a 'java/io/FileNotFoundException'> (0x03d30068) thrown at [C:\re\workspace\8-2-build-windows-i586-cygwin\jdk8u45\3627\hotspot\src\share\vm\prims\jni.cpp, line 709]
Event: 0.302 Thread 0x01104400 Exception <a 'java/lang/NoSuchFieldError': method resolution failed> (0x03defb60) thrown at [C:\re\workspace\8-2-build-windows-i586-cygwin\jdk8u45\3627\hotspot\src\share\vm\prims\methodHandles.cpp, line 1125]
Event: 0.306 Thread 0x01104400 Exception <a 'java/lang/NoSuchFieldError': method resolution failed> (0x03dfd468) thrown at [C:\re\workspace\8-2-build-windows-i586-cygwin\jdk8u45\3627\hotspot\src\share\vm\prims\methodHandles.cpp, line 1125]

Events (10 events):
Event: 7.309 Executing VM operation: GenCollectForAllocation done
Event: 7.409 loading class javax/swing/event/AncestorEvent
Event: 7.409 loading class javax/swing/event/AncestorEvent done
Event: 9.691 loading class javax/swing/table/DefaultTableCellRenderer$UIResource
Event: 9.691 loading class javax/swing/table/DefaultTableCellRenderer$UIResource done
Event: 12.123 Executing VM operation: RevokeBias
Event: 12.123 Executing VM operation: RevokeBias done
Event: 12.123 Thread 0x011bc000 Thread exited: 0x011bc000
Event: 13.372 loading class javax/swing/Autoscroller
Event: 13.372 loading class javax/swing/Autoscroller done


Dynamic libraries:
0x01330000 - 0x01363000 	C:\Program Files\Java\jdk1.8.0_45\bin\java.exe
0x76f30000 - 0x77071000 	C:\Windows\SYSTEM32\ntdll.dll
0x762a0000 - 0x76374000 	C:\Windows\system32\kernel32.dll
0x75200000 - 0x7524b000 	C:\Windows\system32\KERNELBASE.dll
0x764b0000 - 0x76550000 	C:\Windows\system32\ADVAPI32.dll
0x76400000 - 0x764ac000 	C:\Windows\system32\msvcrt.dll
0x76790000 - 0x767a9000 	C:\Windows\SYSTEM32\sechost.dll
0x76550000 - 0x765f2000 	C:\Windows\system32\RPCRT4.dll
0x76b70000 - 0x76c39000 	C:\Windows\system32\USER32.dll
0x76740000 - 0x7678e000 	C:\Windows\system32\GDI32.dll
0x77110000 - 0x7711a000 	C:\Windows\system32\LPK.dll
0x766a0000 - 0x7673d000 	C:\Windows\system32\USP10.dll
0x73e70000 - 0x7400e000 	C:\Windows\WinSxS\x86_microsoft.windows.common-controls_6595b64144ccf1df_6.0.7601.18807_none_41e554362bd82458\COMCTL32.dll
0x75390000 - 0x753e7000 	C:\Windows\system32\SHLWAPI.dll
0x767b0000 - 0x767cf000 	C:\Windows\system32\IMM32.DLL
0x75260000 - 0x7532c000 	C:\Windows\system32\MSCTF.dll
0x62e50000 - 0x62f0f000 	C:\Program Files\Java\jdk1.8.0_45\jre\bin\msvcr100.dll
0x62790000 - 0x62b50000 	C:\Program Files\Java\jdk1.8.0_45\jre\bin\client\jvm.dll
0x6aff0000 - 0x6aff7000 	C:\Windows\system32\WSOCK32.dll
0x75330000 - 0x75365000 	C:\Windows\system32\WS2_32.dll
0x75370000 - 0x75376000 	C:\Windows\system32\NSI.dll
0x73390000 - 0x733c2000 	C:\Windows\system32\WINMM.dll
0x743e0000 - 0x743e9000 	C:\Windows\system32\VERSION.dll
0x75380000 - 0x75385000 	C:\Windows\system32\PSAPI.DLL
0x63df0000 - 0x63dfc000 	C:\Program Files\Java\jdk1.8.0_45\jre\bin\verify.dll
0x63dc0000 - 0x63de1000 	C:\Program Files\Java\jdk1.8.0_45\jre\bin\java.dll
0x63da0000 - 0x63db3000 	C:\Program Files\Java\jdk1.8.0_45\jre\bin\zip.dll
0x755d0000 - 0x7621b000 	C:\Windows\system32\SHELL32.dll
0x767d0000 - 0x7692c000 	C:\Windows\system32\ole32.dll
0x74f30000 - 0x74f3b000 	C:\Windows\system32\profapi.dll
0x63150000 - 0x63295000 	C:\Program Files\Java\jdk1.8.0_45\jre\bin\awt.dll
0x77080000 - 0x7710f000 	C:\Windows\system32\OLEAUT32.dll
0x739c0000 - 0x739d3000 	C:\Windows\system32\DWMAPI.DLL
0x73cf0000 - 0x73d30000 	C:\Windows\system32\uxtheme.dll
0x74e20000 - 0x74e2c000 	C:\Windows\system32\CRYPTBASE.dll
0x63100000 - 0x63139000 	C:\Program Files\Java\jdk1.8.0_45\jre\bin\fontmanager.dll
0x76610000 - 0x76693000 	C:\Windows\system32\CLBCatQ.DLL
0x73850000 - 0x73981000 	C:\Windows\system32\WindowsCodecs.dll
0x74dd0000 - 0x74e1c000 	C:\Windows\system32\apphelp.dll
0x6c3d0000 - 0x6c3e2000 	C:\Program Files\Common Files\TortoiseOverlays\TortoiseOverlays.dll
0x6c3b0000 - 0x6c3c4000 	C:\Program Files\TortoiseSVN\bin\TortoiseStub32.dll
0x6c340000 - 0x6c3b0000 	C:\Program Files\TortoiseSVN\bin\TortoiseSVN32.dll
0x753f0000 - 0x755c3000 	C:\Windows\system32\WININET.dll
0x75010000 - 0x75014000 	C:\Windows\system32\api-ms-win-downlevel-user32-l1-1-0.dll
0x751a0000 - 0x751a4000 	C:\Windows\system32\api-ms-win-downlevel-shlwapi-l1-1-0.dll
0x75000000 - 0x75004000 	C:\Windows\system32\api-ms-win-downlevel-version-l1-1-0.dll
0x751f0000 - 0x751f3000 	C:\Windows\system32\api-ms-win-downlevel-normaliz-l1-1-0.dll
0x76600000 - 0x76603000 	C:\Windows\system32\normaliz.DLL
0x76930000 - 0x76b62000 	C:\Windows\system32\iertutil.dll
0x751b0000 - 0x751b5000 	C:\Windows\system32\api-ms-win-downlevel-advapi32-l1-1-0.dll
0x75020000 - 0x75037000 	C:\Windows\system32\USERENV.dll
0x6bba0000 - 0x6bf06000 	C:\Program Files\TortoiseSVN\bin\libsvn_tsvn32.dll
0x6c310000 - 0x6c337000 	C:\Program Files\TortoiseSVN\bin\libapr_tsvn32.dll
0x74900000 - 0x7493c000 	C:\Windows\system32\MSWSOCK.dll
0x6bac0000 - 0x6bb96000 	C:\Windows\system32\MSVCR110.dll
0x6ba80000 - 0x6bab8000 	C:\Program Files\TortoiseSVN\bin\libaprutil_tsvn32.dll
0x76250000 - 0x76295000 	C:\Windows\system32\WLDAP32.dll
0x6c7b0000 - 0x6c7bd000 	C:\Program Files\TortoiseSVN\bin\intl3_tsvn32.dll
0x6ba60000 - 0x6ba73000 	C:\Program Files\TortoiseSVN\bin\libsasl32.dll
0x74d90000 - 0x74d98000 	C:\Windows\system32\Secur32.dll
0x74db0000 - 0x74dcb000 	C:\Windows\system32\SSPICLI.DLL
0x75040000 - 0x75161000 	C:\Windows\system32\CRYPT32.dll
0x74f40000 - 0x74f4c000 	C:\Windows\system32\MSASN1.dll
0x6b9d0000 - 0x6ba55000 	C:\Windows\system32\MSVCP110.dll
0x6b7e0000 - 0x6b811000 	C:\Windows\system32\EhStorShell.dll
0x76c40000 - 0x76ddd000 	C:\Windows\system32\SETUPAPI.dll
0x75170000 - 0x75197000 	C:\Windows\system32\CFGMGR32.dll
0x74fe0000 - 0x74ff2000 	C:\Windows\system32\DEVOBJ.dll
0x73d30000 - 0x73e25000 	C:\Windows\system32\PROPSYS.dll
0x6b770000 - 0x6b7da000 	C:\Windows\System32\cscui.dll
0x6b760000 - 0x6b769000 	C:\Windows\System32\CSCDLL.dll
0x6df80000 - 0x6df8b000 	C:\Windows\system32\CSCAPI.dll
0x63d20000 - 0x63d35000 	C:\Program Files\Java\jdk1.8.0_45\jre\bin\net.dll
0x748f0000 - 0x748f6000 	C:\Windows\System32\wship6.dll
0x63d10000 - 0x63d1f000 	C:\Program Files\Java\jdk1.8.0_45\jre\bin\nio.dll
0x630d0000 - 0x63100000 	C:\Program Files\Java\jdk1.8.0_45\jre\bin\t2k.dll
0x61380000 - 0x61409000 	C:\Users\celab-amit\AppData\Local\Temp\sqlite-3.7.2-sqlitejdbc.dll
0x69b40000 - 0x69c2b000 	C:\Windows\system32\dbghelp.dll

VM Arguments:
jvm_args: -Dfile.encoding=UTF-8 
java_command: connect.Connect
java_class_path (initial): D:\celab_code\software_projects\customer_projects\mangla_traders\Connect\sqlite-jdbc-3.7.2.jar\sqlite-jdbc-3.7.2.jar;D:\celab_code\software_projects\customer_projects\mangla_traders\Connect\sqlite-jdbc-3.7.2.jar;C:\Program Files\NetBeans 8.0.2\java\modules\ext\eclipselink\eclipselink.jar;C:\Program Files\NetBeans 8.0.2\java\modules\ext\eclipselink\javax.persistence_2.1.0.v201304241213.jar;C:\Program Files\NetBeans 8.0.2\java\modules\ext\eclipselink\org.eclipse.persistence.jpa.jpql_2.5.2.v20140319-9ad6abd.jar;C:\Users\celab-amit\Downloads\jcalendar-1.4.jar;C:\Users\celab-amit\Downloads\jdatepicker-1.3.4.jar;D:\celab_code\software_projects\customer_projects\mangla_traders\Connect\build\classes
Launcher Type: SUN_STANDARD

Environment Variables:
PATH=C:\Program Files\Java\jdk1.8.0_45\bin;C:\Program Files\TortoiseSVN\bin
USERNAME=celab-amit
OS=Windows_NT
PROCESSOR_IDENTIFIER=x86 Family 15 Model 6 Stepping 5, GenuineIntel



---------------  S Y S T E M  ---------------

OS: Windows 7 Build 7601 (6.1.7601.18409)

CPU:total 1 (1 cores per cpu, 1 threads per core) family 15 model 6 stepping 5, cmov, cx8, fxsr, mmx, sse, sse2, sse3, tsc

Memory: 4k page, physical 1038904k(143980k free), swap 2087480k(857844k free)

vm_info: Java HotSpot(TM) Client VM (25.45-b02) for windows-x86 JRE (1.8.0_45-b15), built on Apr 30 2015 12:31:00 by "java_re" with MS VC++ 10.0 (VS2010)

time: Thu Jun 25 17:55:53 2015
elapsed time: 26 seconds (0d 0h 0m 26s)

