C51 COMPILER V9.52.0.0   SINGLE_RELAY_DRIVER                                               03/19/2015 12:48:00 PAGE 1   


C51 COMPILER V9.52.0.0, COMPILATION OF MODULE SINGLE_RELAY_DRIVER
OBJECT MODULE PLACED IN single_relay_driver.OBJ
COMPILER INVOKED BY: C:\Keil\C51\BIN\C51.EXE single_relay_driver.c BROWSE DEBUG OBJECTEXTEND TABS(2)

line level    source

   1          #include<reg51.h>
   2          sbit relay=P2^1;
   3          void msDelay(unsigned int x)
   4          {
   5   1        unsigned int i,j;
   6   1        for(i=0;i<=x;i++)
   7   1        for(j=0;j<=1675;j++);
   8   1      }
   9          void main()
  10          {
  11   1        P2=0x00;
  12   1      while(1)
  13   1        {
  14   2      
  15   2        relay=1;
  16   2        msDelay(100);
  17   2          relay=0;
  18   2        msDelay(100);
  19   2        }
  20   1      } 


MODULE INFORMATION:   STATIC OVERLAYABLE
   CODE SIZE        =     51    ----
   CONSTANT SIZE    =   ----    ----
   XDATA SIZE       =   ----    ----
   PDATA SIZE       =   ----    ----
   DATA SIZE        =   ----    ----
   IDATA SIZE       =   ----    ----
   BIT SIZE         =   ----    ----
END OF MODULE INFORMATION.


C51 COMPILATION COMPLETE.  0 WARNING(S),  0 ERROR(S)
