C51 COMPILER V9.52.0.0   IR_MODULE                                                         03/28/2015 17:19:42 PAGE 1   


C51 COMPILER V9.52.0.0, COMPILATION OF MODULE IR_MODULE
OBJECT MODULE PLACED IN ir module.OBJ
COMPILER INVOKED BY: C:\Keil\C51\BIN\C51.EXE ir module.c BROWSE DEBUG OBJECTEXTEND TABS(2)

line level    source

   1          #include<reg51.h>
   2          #define on 0
   3          #define off 1
   4          sbit led0 = P2^0;
   5          sbit led1 = P2^1;
   6          sbit led2 = P2^2;
   7          sbit led3 = P2^3;
   8          sbit led4 = P2^4;
   9          
  10          sbit ir_module_1 = P0^0;
  11          sbit ir_module_2 = P0^1;
  12          sbit ir_module_3 = P0^2;
  13          sbit ir_module_4 = P0^3;
  14          sbit ir_module_5 = P0^4;
  15          
  16          void msDelay(unsigned int x)
  17          {
  18   1           unsigned int i,j;
  19   1           for(i=0;i<x;i++)
  20   1           for(j=0;j<1275;j++);
  21   1      }
  22          void main()
  23          {
  24   1        P2=0x00;
  25   1        P0=0xFF;
  26   1        led0 = on;
  27   1          while(1)
  28   1           {
  29   2                if( ir_module_1 == 1)
  30   2                {
  31   3                 led1= on;
  32   3                 led0= off;
  33   3                }
  34   2                else if( ir_module_2 == 1)
  35   2                {
  36   3                 led2= on;
  37   3                 led1= off;
  38   3                }
  39   2                else if( ir_module_3 == 1)
  40   2                {
  41   3                 led3= on;
  42   3                 led2= off;
  43   3                }
  44   2                else if( ir_module_4 == 1)
  45   2                {
  46   3                 led4= on;
  47   3                 led3= off;
  48   3                }
  49   2                else if( ir_module_5 == 1)
  50   2                {
  51   3                 led1= on;
  52   3                 led4= off;
  53   3                }
  54   2                msDelay(10);
  55   2           }
C51 COMPILER V9.52.0.0   IR_MODULE                                                         03/28/2015 17:19:42 PAGE 2   

  56   1      }


MODULE INFORMATION:   STATIC OVERLAYABLE
   CODE SIZE        =     92    ----
   CONSTANT SIZE    =   ----    ----
   XDATA SIZE       =   ----    ----
   PDATA SIZE       =   ----    ----
   DATA SIZE        =   ----    ----
   IDATA SIZE       =   ----    ----
   BIT SIZE         =   ----    ----
END OF MODULE INFORMATION.


C51 COMPILATION COMPLETE.  0 WARNING(S),  0 ERROR(S)
