#
# An unexpected error has been detected by HotSpot Virtual Machine:
#
#  EXCEPTION_ACCESS_VIOLATION (0xc0000005) at pc=0x7c901010, pid=1344, tid=2608
#
# Java VM: Java HotSpot(TM) Client VM (1.5.0_06-b05 mixed mode, sharing)
# Problematic frame:
# C  [ntdll.dll+0x1010]
#

---------------  T H R E A D  ---------------

Current thread (0x02ca2dc8):  JavaThread "Thread-671" [_thread_in_native, id=2608]

siginfo: ExceptionCode=0xc0000005, reading address 0x00000018

Registers:
EAX=0x00000004, EBX=0x0347f710, ECX=0x7ffd4000, EDX=0x00000004
ESP=0x0347f6ac, EBP=0x0347f6c4, ESI=0x00000000, EDI=0x02ec2110
EIP=0x7c901010, EFLAGS=0x00010297

Top of Stack: (sp=0x0347f6ac)
0x0347f6ac:   74355a16 00000004 02ec2134 7432139f
0x0347f6bc:   02ec2134 00000000 0347f6dc 7432a244
0x0347f6cc:   02ec2134 74350000 02ca2e88 00000000
0x0347f6dc:   0347f6f0 7432a653 00a83be0 02ca2e88
0x0347f6ec:   26a92580 0347f708 6d3e1157 02ec2110
0x0347f6fc:   0347f710 02ca2dc8 26a92580 0347f740
0x0347f70c:   00ad826f 00000000 0347f75c 02ec2110
0x0347f71c:   00000000 0347f750 0347f724 00000000 

Instructions: (pc=0x7c901010)
0x7c901000:   90 90 90 90 90 64 8b 0d 18 00 00 00 8b 54 24 04
0x7c901010:   83 7a 14 00 75 4f f0 ff 42 04 75 19 8b 41 24 89 


Stack: [0x03440000,0x03480000),  sp=0x0347f6ac,  free space=253k
Native frames: (J=compiled Java code, j=interpreted, Vv=VM code, C=native code)
C  [ntdll.dll+0x1010]
C  [ODBC32.dll+0xa244]
C  [ODBC32.dll+0xa653]
C  [JdbcOdbc.dll+0x1157]
j  sun.jdbc.odbc.JdbcOdbc.allocConnect(J[B)J+0
j  sun.jdbc.odbc.JdbcOdbc.SQLAllocConnect(J)J+30
J  sun.jdbc.odbc.JdbcOdbcConnection.initialize(Ljava/lang/String;Ljava/util/Properties;I)V
v  ~RuntimeStub::alignment_frame_return Runtime1 stub
j  sun.jdbc.odbc.JdbcOdbcDriver.connect(Ljava/lang/String;Ljava/util/Properties;)Ljava/sql/Connection;+129
j  java.sql.DriverManager.getConnection(Ljava/lang/String;Ljava/util/Properties;Ljava/lang/ClassLoader;)Ljava/sql/Connection;+165
j  java.sql.DriverManager.getConnection(Ljava/lang/String;)Ljava/sql/Connection;+15
J  ServerThread.Processing()V
j  ServerThread.run()V+1
v  ~StubRoutines::call_stub
V  [jvm.dll+0x845a9]
V  [jvm.dll+0xd9317]
V  [jvm.dll+0x8447a]
V  [jvm.dll+0x841d7]
V  [jvm.dll+0x9ed69]
V  [jvm.dll+0x109fe3]
V  [jvm.dll+0x109fb1]
C  [MSVCRT.dll+0x2a3b0]
C  [kernel32.dll+0xb50b]

Java frames: (J=compiled Java code, j=interpreted, Vv=VM code)
j  sun.jdbc.odbc.JdbcOdbc.allocConnect(J[B)J+0
j  sun.jdbc.odbc.JdbcOdbc.SQLAllocConnect(J)J+30
J  sun.jdbc.odbc.JdbcOdbcConnection.initialize(Ljava/lang/String;Ljava/util/Properties;I)V
v  ~RuntimeStub::alignment_frame_return Runtime1 stub
j  sun.jdbc.odbc.JdbcOdbcDriver.connect(Ljava/lang/String;Ljava/util/Properties;)Ljava/sql/Connection;+129
j  java.sql.DriverManager.getConnection(Ljava/lang/String;Ljava/util/Properties;Ljava/lang/ClassLoader;)Ljava/sql/Connection;+165
j  java.sql.DriverManager.getConnection(Ljava/lang/String;)Ljava/sql/Connection;+15
J  ServerThread.Processing()V
j  ServerThread.run()V+1
v  ~StubRoutines::call_stub

---------------  P R O C E S S  ---------------

Java Threads: ( => current thread )
=>0x02ca2dc8 JavaThread "Thread-671" [_thread_in_native, id=2608]
  0x00a6e148 JavaThread "Low Memory Detector" daemon [_thread_blocked, id=972]
  0x00a6cd18 JavaThread "CompilerThread0" daemon [_thread_blocked, id=1312]
  0x00a6bfa8 JavaThread "Signal Dispatcher" daemon [_thread_blocked, id=1308]
  0x00a67058 JavaThread "Finalizer" daemon [_thread_blocked, id=1748]
  0x00a65b70 JavaThread "Reference Handler" daemon [_thread_blocked, id=260]
  0x00035448 JavaThread "main" [_thread_in_native, id=1000]

Other Threads:
  0x00a63290 VMThread [id=1808]
  0x00a6f398 WatcherThread [id=1776]

VM state:not at safepoint (normal execution)

VM Mutex/Monitor currently owned by a thread: None

Heap
 def new generation   total 576K, used 375K [0x22a70000, 0x22b10000, 0x22f50000)
  eden space 512K,  60% used [0x22a70000, 0x22abdca8, 0x22af0000)
  from space 64K, 100% used [0x22af0000, 0x22b00000, 0x22b00000)
  to   space 64K,   0% used [0x22b00000, 0x22b00000, 0x22b10000)
 tenured generation   total 1408K, used 1366K [0x22f50000, 0x230b0000, 0x26a70000)
   the space 1408K,  97% used [0x22f50000, 0x230a5948, 0x230a5a00, 0x230b0000)
 compacting perm gen  total 8192K, used 446K [0x26a70000, 0x27270000, 0x2aa70000)
   the space 8192K,   5% used [0x26a70000, 0x26adf928, 0x26adfa00, 0x27270000)
    ro space 8192K,  66% used [0x2aa70000, 0x2afcbcc0, 0x2afcbe00, 0x2b270000)
    rw space 12288K,  46% used [0x2b270000, 0x2b812060, 0x2b812200, 0x2be70000)

Dynamic libraries:
0x00400000 - 0x0040c000 	C:\Program Files\Java\jdk1.5.0_06\bin\java.exe
0x7c900000 - 0x7c9b0000 	C:\WINDOWS\system32\ntdll.dll
0x7c800000 - 0x7c8f4000 	C:\WINDOWS\system32\kernel32.dll
0x77dd0000 - 0x77e6b000 	C:\WINDOWS\system32\ADVAPI32.dll
0x77e70000 - 0x77f01000 	C:\WINDOWS\system32\RPCRT4.dll
0x77c10000 - 0x77c68000 	C:\WINDOWS\system32\MSVCRT.dll
0x6d6e0000 - 0x6d874000 	C:\Program Files\Java\jdk1.5.0_06\jre\bin\client\jvm.dll
0x77d40000 - 0x77dd0000 	C:\WINDOWS\system32\USER32.dll
0x77f10000 - 0x77f56000 	C:\WINDOWS\system32\GDI32.dll
0x76b40000 - 0x76b6d000 	C:\WINDOWS\system32\WINMM.dll
0x6d2f0000 - 0x6d2f8000 	C:\Program Files\Java\jdk1.5.0_06\jre\bin\hpi.dll
0x76bf0000 - 0x76bfb000 	C:\WINDOWS\system32\PSAPI.DLL
0x6d6b0000 - 0x6d6bc000 	C:\Program Files\Java\jdk1.5.0_06\jre\bin\verify.dll
0x6d370000 - 0x6d38d000 	C:\Program Files\Java\jdk1.5.0_06\jre\bin\java.dll
0x6d6d0000 - 0x6d6df000 	C:\Program Files\Java\jdk1.5.0_06\jre\bin\zip.dll
0x6d530000 - 0x6d543000 	C:\Program Files\Java\jdk1.5.0_06\jre\bin\net.dll
0x71ab0000 - 0x71ac7000 	C:\WINDOWS\system32\WS2_32.dll
0x71aa0000 - 0x71aa8000 	C:\WINDOWS\system32\WS2HELP.dll
0x71a50000 - 0x71a8f000 	C:\WINDOWS\system32\mswsock.dll
0x662b0000 - 0x66308000 	C:\WINDOWS\system32\hnetcfg.dll
0x71a90000 - 0x71a98000 	C:\WINDOWS\System32\wshtcpip.dll
0x6d3e0000 - 0x6d3ed000 	C:\Program Files\Java\jdk1.5.0_06\jre\bin\JdbcOdbc.dll
0x74320000 - 0x7435d000 	C:\WINDOWS\system32\ODBC32.dll
0x5d090000 - 0x5d127000 	C:\WINDOWS\system32\COMCTL32.dll
0x7c9c0000 - 0x7d1d4000 	C:\WINDOWS\system32\SHELL32.dll
0x77f60000 - 0x77fd6000 	C:\WINDOWS\system32\SHLWAPI.dll
0x763b0000 - 0x763f9000 	C:\WINDOWS\system32\comdlg32.dll
0x773d0000 - 0x774d2000 	C:\WINDOWS\WinSxS\x86_Microsoft.Windows.Common-Controls_6595b64144ccf1df_6.0.2600.2180_x-ww_a84f1ff9\comctl32.dll
0x20000000 - 0x20017000 	C:\WINDOWS\system32\odbcint.dll
0x774e0000 - 0x7761c000 	C:\WINDOWS\system32\ole32.dll
0x77120000 - 0x771ac000 	C:\WINDOWS\system32\OLEAUT32.dll
0x5fe80000 - 0x5fe9b000 	C:\WINDOWS\system32\odbccp32.dll
0x77c00000 - 0x77c08000 	C:\WINDOWS\system32\VERSION.dll
0x77fe0000 - 0x77ff1000 	C:\WINDOWS\system32\Secur32.dll
0x76fd0000 - 0x7704f000 	C:\WINDOWS\system32\CLBCATQ.DLL
0x77050000 - 0x77115000 	C:\WINDOWS\system32\COMRes.dll
0x0f9a0000 - 0x0f9ab000 	C:\WINDOWS\system32\VBAJET32.DLL
0x5ad70000 - 0x5ada8000 	C:\WINDOWS\system32\uxtheme.dll

VM Arguments:
java_command: MultiServer
Launcher Type: SUN_STANDARD

Environment Variables:
JAVA_HOME=C:\Program Files\Java\jdk1.5.0_06;
CLASSPATH=C:\Program Files\Java\jdk1.5.0_06\lib\tools.jar;.;
PATH=C:\Program Files\Java\jdk1.5.0_06\bin;
USERNAME=harshad
OS=Windows_NT
PROCESSOR_IDENTIFIER=x86 Family 15 Model 1 Stepping 2, GenuineIntel



---------------  S Y S T E M  ---------------

OS: Windows XP Build 2600 Service Pack 2

CPU:total 1 family 15, cmov, cx8, fxsr, mmx, sse, sse2, ht

Memory: 4k page, physical 228848k(47876k free), swap 558972k(322156k free)

vm_info: Java HotSpot(TM) Client VM (1.5.0_06-b05) for windows-x86, built on Nov 10 2005 11:12:14 by "java_re" with MS VC++ 6.0

