#
# An unexpected error has been detected by HotSpot Virtual Machine:
#
#  EXCEPTION_ACCESS_VIOLATION (0xc0000005) at pc=0x7c901010, pid=664, tid=856
#
# Java VM: Java HotSpot(TM) Client VM (1.5.0_06-b05 mixed mode, sharing)
# Problematic frame:
# C  [ntdll.dll+0x1010]
#

---------------  T H R E A D  ---------------

Current thread (0x00a67058):  JavaThread "Finalizer" daemon [_thread_in_native, id=856]

siginfo: ExceptionCode=0xc0000005, reading address 0x00000018

Registers:
EAX=0x00000004, EBX=0x26a93e90, ECX=0x7ffda000, EDX=0x00000004
ESP=0x02b4f7f4, EBP=0x02b4f80c, ESI=0x00000000, EDI=0x02ec1790
EIP=0x7c901010, EFLAGS=0x00010246

Top of Stack: (sp=0x02b4f7f4)
0x02b4f7f4:   74355a16 00000004 02ec17b4 7432139f
0x02b4f804:   02ec17b4 02ec1790 02b4f81c 74322c5d
0x02b4f814:   02ec17b4 00a67118 02b4f83c 74327e7a
0x02b4f824:   02ec1790 00a67118 00a85388 74350000
0x02b4f834:   02b4f884 6d3e4bfb 02b4f884 6d3e4c06
0x02b4f844:   02ec1790 00a67058 26a93e90 00ad826f
0x02b4f854:   00a67118 02b4f8a0 02ec1790 00000000
0x02b4f864:   02b4f894 02b4f868 00000000 02b4f8a0 

Instructions: (pc=0x7c901010)
0x7c901000:   90 90 90 90 90 64 8b 0d 18 00 00 00 8b 54 24 04
0x7c901010:   83 7a 14 00 75 4f f0 ff 42 04 75 19 8b 41 24 89 


Stack: [0x02b10000,0x02b50000),  sp=0x02b4f7f4,  free space=253k
Native frames: (J=compiled Java code, j=interpreted, Vv=VM code, C=native code)
C  [ntdll.dll+0x1010]
C  [ODBC32.dll+0x2c5d]
C  [ODBC32.dll+0x7e7a]
C  [JdbcOdbc.dll+0x4c06]
j  sun.jdbc.odbc.JdbcOdbc.SQLDisconnect(J)V+132
j  sun.jdbc.odbc.JdbcOdbcDriver.disconnect(J)V+4
j  sun.jdbc.odbc.JdbcOdbcConnection.close()V+42
j  sun.jdbc.odbc.JdbcOdbcConnection.finalize()V+37
v  ~StubRoutines::call_stub
V  [jvm.dll+0x845a9]
V  [jvm.dll+0xd9317]
V  [jvm.dll+0x8447a]
V  [jvm.dll+0x897cb]
C  [java.dll+0x2006]
J  java.lang.ref.Finalizer.runFinalizer()V
J  java.lang.ref.Finalizer.access$100(Ljava/lang/ref/Finalizer;)V
v  ~RuntimeStub::alignment_frame_return Runtime1 stub
j  java.lang.ref.Finalizer$FinalizerThread.run()V+11
v  ~StubRoutines::call_stub
V  [jvm.dll+0x845a9]
V  [jvm.dll+0xd9317]
V  [jvm.dll+0x8447a]
V  [jvm.dll+0x841d7]
V  [jvm.dll+0x9ed69]
V  [jvm.dll+0x109fe3]
V  [jvm.dll+0x109fb1]
C  [MSVCRT.dll+0x2a3b0]
C  [kernel32.dll+0xb50b]

Java frames: (J=compiled Java code, j=interpreted, Vv=VM code)
j  sun.jdbc.odbc.JdbcOdbc.disconnect(J[B)V+0
j  sun.jdbc.odbc.JdbcOdbc.SQLDisconnect(J)V+132
j  sun.jdbc.odbc.JdbcOdbcDriver.disconnect(J)V+4
j  sun.jdbc.odbc.JdbcOdbcConnection.close()V+42
j  sun.jdbc.odbc.JdbcOdbcConnection.finalize()V+37
v  ~StubRoutines::call_stub
J  java.lang.ref.Finalizer.invokeFinalizeMethod(Ljava/lang/Object;)V
J  java.lang.ref.Finalizer.runFinalizer()V
J  java.lang.ref.Finalizer.access$100(Ljava/lang/ref/Finalizer;)V
v  ~RuntimeStub::alignment_frame_return Runtime1 stub
j  java.lang.ref.Finalizer$FinalizerThread.run()V+11
v  ~StubRoutines::call_stub

---------------  P R O C E S S  ---------------

Java Threads: ( => current thread )
  0x00aa7048 JavaThread "Thread-584" [_thread_in_native, id=1376]
  0x00a85180 JavaThread "Thread-581" [_thread_in_native, id=3212]
  0x00a6e148 JavaThread "Low Memory Detector" daemon [_thread_blocked, id=788]
  0x00a6cd18 JavaThread "CompilerThread0" daemon [_thread_blocked, id=2064]
  0x00a6bfa8 JavaThread "Signal Dispatcher" daemon [_thread_blocked, id=1176]
=>0x00a67058 JavaThread "Finalizer" daemon [_thread_in_native, id=856]
  0x00a65b70 JavaThread "Reference Handler" daemon [_thread_blocked, id=512]
  0x00035448 JavaThread "main" [_thread_in_native, id=496]

Other Threads:
  0x00a63290 VMThread [id=1524]
  0x00a6f398 WatcherThread [id=2068]

VM state:not at safepoint (normal execution)

VM Mutex/Monitor currently owned by a thread: None

Heap
 def new generation   total 576K, used 36K [0x22a70000, 0x22b10000, 0x22f50000)
  eden space 512K,   7% used [0x22a70000, 0x22a793e8, 0x22af0000)
  from space 64K,   0% used [0x22af0000, 0x22af0000, 0x22b00000)
  to   space 64K,   0% used [0x22b00000, 0x22b00000, 0x22b10000)
 tenured generation   total 1408K, used 475K [0x22f50000, 0x230b0000, 0x26a70000)
   the space 1408K,  33% used [0x22f50000, 0x22fc6fc8, 0x22fc7000, 0x230b0000)
 compacting perm gen  total 8192K, used 450K [0x26a70000, 0x27270000, 0x2aa70000)
   the space 8192K,   5% used [0x26a70000, 0x26ae0948, 0x26ae0a00, 0x27270000)
    ro space 8192K,  66% used [0x2aa70000, 0x2afcbcc0, 0x2afcbe00, 0x2b270000)
    rw space 12288K,  46% used [0x2b270000, 0x2b812060, 0x2b812200, 0x2be70000)

Dynamic libraries:
0x00400000 - 0x0040c000 	C:\Program Files\Java\jdk1.5.0_06\bin\java.exe
0x7c900000 - 0x7c9b0000 	C:\WINDOWS\system32\ntdll.dll
0x7c800000 - 0x7c8f4000 	C:\WINDOWS\system32\kernel32.dll
0x77dd0000 - 0x77e6b000 	C:\WINDOWS\system32\ADVAPI32.dll
0x77e70000 - 0x77f01000 	C:\WINDOWS\system32\RPCRT4.dll
0x77c10000 - 0x77c68000 	C:\WINDOWS\system32\MSVCRT.dll
0x6d6e0000 - 0x6d874000 	C:\Program Files\Java\jdk1.5.0_06\jre\bin\client\jvm.dll
0x77d40000 - 0x77dd0000 	C:\WINDOWS\system32\USER32.dll
0x77f10000 - 0x77f56000 	C:\WINDOWS\system32\GDI32.dll
0x76b40000 - 0x76b6d000 	C:\WINDOWS\system32\WINMM.dll
0x6d2f0000 - 0x6d2f8000 	C:\Program Files\Java\jdk1.5.0_06\jre\bin\hpi.dll
0x76bf0000 - 0x76bfb000 	C:\WINDOWS\system32\PSAPI.DLL
0x6d6b0000 - 0x6d6bc000 	C:\Program Files\Java\jdk1.5.0_06\jre\bin\verify.dll
0x6d370000 - 0x6d38d000 	C:\Program Files\Java\jdk1.5.0_06\jre\bin\java.dll
0x6d6d0000 - 0x6d6df000 	C:\Program Files\Java\jdk1.5.0_06\jre\bin\zip.dll
0x6d530000 - 0x6d543000 	C:\Program Files\Java\jdk1.5.0_06\jre\bin\net.dll
0x71ab0000 - 0x71ac7000 	C:\WINDOWS\system32\WS2_32.dll
0x71aa0000 - 0x71aa8000 	C:\WINDOWS\system32\WS2HELP.dll
0x71a50000 - 0x71a8f000 	C:\WINDOWS\system32\mswsock.dll
0x662b0000 - 0x66308000 	C:\WINDOWS\system32\hnetcfg.dll
0x71a90000 - 0x71a98000 	C:\WINDOWS\System32\wshtcpip.dll
0x6d3e0000 - 0x6d3ed000 	C:\Program Files\Java\jdk1.5.0_06\jre\bin\JdbcOdbc.dll
0x74320000 - 0x7435d000 	C:\WINDOWS\system32\ODBC32.dll
0x5d090000 - 0x5d127000 	C:\WINDOWS\system32\COMCTL32.dll
0x7c9c0000 - 0x7d1d4000 	C:\WINDOWS\system32\SHELL32.dll
0x77f60000 - 0x77fd6000 	C:\WINDOWS\system32\SHLWAPI.dll
0x763b0000 - 0x763f9000 	C:\WINDOWS\system32\comdlg32.dll
0x773d0000 - 0x774d2000 	C:\WINDOWS\WinSxS\x86_Microsoft.Windows.Common-Controls_6595b64144ccf1df_6.0.2600.2180_x-ww_a84f1ff9\comctl32.dll
0x20000000 - 0x20017000 	C:\WINDOWS\system32\odbcint.dll
0x774e0000 - 0x7761c000 	C:\WINDOWS\system32\ole32.dll
0x77120000 - 0x771ac000 	C:\WINDOWS\system32\OLEAUT32.dll
0x5fe80000 - 0x5fe9b000 	C:\WINDOWS\system32\odbccp32.dll
0x77c00000 - 0x77c08000 	C:\WINDOWS\system32\VERSION.dll
0x77fe0000 - 0x77ff1000 	C:\WINDOWS\system32\Secur32.dll
0x76fd0000 - 0x7704f000 	C:\WINDOWS\system32\CLBCATQ.DLL
0x77050000 - 0x77115000 	C:\WINDOWS\system32\COMRes.dll
0x0f9a0000 - 0x0f9ab000 	C:\WINDOWS\system32\VBAJET32.DLL
0x5ad70000 - 0x5ada8000 	C:\WINDOWS\system32\uxtheme.dll
0x4dd40000 - 0x4dd84000 	C:\WINDOWS\system32\odbcjt32.dll
0x1b000000 - 0x1b170000 	C:\WINDOWS\system32\msjet40.dll
0x1b5d0000 - 0x1b665000 	C:\WINDOWS\system32\mswstr10.dll
0x5d130000 - 0x5d13e000 	C:\WINDOWS\system32\odbcji32.dll
0x1b2c0000 - 0x1b2cd000 	C:\WINDOWS\system32\msjter40.dll
0x1b2d0000 - 0x1b2f6000 	C:\WINDOWS\system32\MSJINT40.DLL
0x1b810000 - 0x1b84a000 	C:\WINDOWS\system32\msjtes40.dll
0x0f9c0000 - 0x0fa22000 	C:\WINDOWS\system32\expsrv.dll

VM Arguments:
java_command: MultiServer
Launcher Type: SUN_STANDARD

Environment Variables:
JAVA_HOME=C:\Program Files\Java\jdk1.5.0_06;
CLASSPATH=C:\Program Files\Java\jdk1.5.0_06\lib\tools.jar;.;
PATH=C:\Program Files\Java\jdk1.5.0_06\bin;
USERNAME=harshad
OS=Windows_NT
PROCESSOR_IDENTIFIER=x86 Family 15 Model 1 Stepping 2, GenuineIntel



---------------  S Y S T E M  ---------------

OS: Windows XP Build 2600 Service Pack 2

CPU:total 1 family 15, cmov, cx8, fxsr, mmx, sse, sse2, ht

Memory: 4k page, physical 228848k(38324k free), swap 558972k(311240k free)

vm_info: Java HotSpot(TM) Client VM (1.5.0_06-b05) for windows-x86, built on Nov 10 2005 11:12:14 by "java_re" with MS VC++ 6.0

