;  LST file generated by mikroListExporter - v.2.0 
; Date/Time: 3/18/2015 5:04:38 PM
;----------------------------------------------

;Address Opcode 	ASM
0x0000	0x2C02      	GOTO       1026
_interrupt:
0x0004	0x00FF      	MOVWF      R15
0x0005	0x0E03      	SWAPF      STATUS, 0
0x0006	0x0183      	CLRF       STATUS
0x0007	0x00D5      	MOVWF      ___saveSTATUS
0x0008	0x080A      	MOVF       PCLATH, 0
0x0009	0x00D6      	MOVWF      ___savePCLATH
0x000A	0x018A      	CLRF       PCLATH
0x000B	0x0870      	MOVF       R0, 0
0x000C	0x00AD      	MOVWF      45
0x000D	0x0871      	MOVF       R1, 0
0x000E	0x00AC      	MOVWF      44
0x000F	0x0872      	MOVF       R2, 0
0x0010	0x00AB      	MOVWF      43
0x0011	0x0873      	MOVF       R3, 0
0x0012	0x00AA      	MOVWF      42
0x0013	0x0874      	MOVF       R4, 0
0x0014	0x00A9      	MOVWF      41
0x0015	0x0875      	MOVF       R5, 0
0x0016	0x00A8      	MOVWF      40
0x0017	0x0876      	MOVF       R6, 0
0x0018	0x00A7      	MOVWF      39
0x0019	0x0877      	MOVF       R7, 0
0x001A	0x00A6      	MOVWF      38
0x001B	0x0878      	MOVF       R8, 0
0x001C	0x00A5      	MOVWF      37
0x001D	0x087A      	MOVF       R10, 0
0x001E	0x00A4      	MOVWF      36
0x001F	0x087B      	MOVF       R11, 0
0x0020	0x00A3      	MOVWF      35
0x0021	0x087C      	MOVF       R12, 0
0x0022	0x00A2      	MOVWF      34
0x0023	0x087D      	MOVF       R13, 0
0x0024	0x00A1      	MOVWF      33
;ultrasonic_sensor.c,20 :: 		void interrupt()
;ultrasonic_sensor.c,22 :: 		if(INTCON.RBIF == 1)                 //Makes sure that it is PORTB On-Change Interrupt
0x0025	0x1C0B      	BTFSS      INTCON, 0
0x0026	0x2844      	GOTO       L_interrupt0
;ultrasonic_sensor.c,24 :: 		INTCON.RBIE = 0;                   //Disable On-Change Interrupt
0x0027	0x118B      	BCF        INTCON, 3
;ultrasonic_sensor.c,25 :: 		if(PORTB.F4 == 1)                  //If ECHO is HIGH
0x0028	0x1E06      	BTFSS      PORTB, 4
0x0029	0x282B      	GOTO       L_interrupt1
;ultrasonic_sensor.c,26 :: 		T1CON.F0 = 1;                    //Start Timer
0x002A	0x1410      	BSF        T1CON, 0
L_interrupt1:
;ultrasonic_sensor.c,27 :: 		if(PORTB.F4 == 0)                  //If ECHO is LOW
0x002B	0x1A06      	BTFSC      PORTB, 4
0x002C	0x2844      	GOTO       L_interrupt2
;ultrasonic_sensor.c,29 :: 		T1CON.F0 = 0;                    //Stop Timer
0x002D	0x1010      	BCF        T1CON, 0
;ultrasonic_sensor.c,30 :: 		a = (TMR1L | (TMR1H<<8))/58.82;  //Calculate Distance
0x002E	0x080F      	MOVF       TMR1H, 0
0x002F	0x00F1      	MOVWF      R0+1
0x0030	0x01F0      	CLRF       R0
0x0031	0x080E      	MOVF       TMR1L, 0
0x0032	0x04F0      	IORWF      R0, 1
0x0033	0x3000      	MOVLW      0
0x0034	0x04F1      	IORWF      R0+1, 1
0x0035	0x23EC      	CALL       _Word2Double
0x0036	0x30AE      	MOVLW      174
0x0037	0x00F4      	MOVWF      R4
0x0038	0x3047      	MOVLW      71
0x0039	0x00F5      	MOVWF      R4+1
0x003A	0x306B      	MOVLW      107
0x003B	0x00F6      	MOVWF      R4+2
0x003C	0x3084      	MOVLW      132
0x003D	0x00F7      	MOVWF      R4+3
0x003E	0x218A      	CALL       _Div_32x32_FP
0x003F	0x225F      	CALL       _Double2Int
0x0040	0x0870      	MOVF       R0, 0
0x0041	0x00D0      	MOVWF      _a
0x0042	0x0871      	MOVF       R0+1, 0
0x0043	0x00D1      	MOVWF      _a+1
;ultrasonic_sensor.c,31 :: 		}
L_interrupt2:
;ultrasonic_sensor.c,32 :: 		}
L_interrupt0:
;ultrasonic_sensor.c,33 :: 		INTCON.RBIF = 0;                     //Clear PORTB On-Change Interrupt flag
0x0044	0x100B      	BCF        INTCON, 0
;ultrasonic_sensor.c,34 :: 		INTCON.RBIE = 1;                     //Enable PORTB On-Change Interrupt
0x0045	0x158B      	BSF        INTCON, 3
;ultrasonic_sensor.c,35 :: 		}
L_end_interrupt:
L__interrupt13:
0x0046	0x082D      	MOVF       45, 0
0x0047	0x00F0      	MOVWF      R0
0x0048	0x082C      	MOVF       44, 0
0x0049	0x00F1      	MOVWF      R1
0x004A	0x082B      	MOVF       43, 0
0x004B	0x00F2      	MOVWF      R2
0x004C	0x082A      	MOVF       42, 0
0x004D	0x00F3      	MOVWF      R3
0x004E	0x0829      	MOVF       41, 0
0x004F	0x00F4      	MOVWF      R4
0x0050	0x0828      	MOVF       40, 0
0x0051	0x00F5      	MOVWF      R5
0x0052	0x0827      	MOVF       39, 0
0x0053	0x00F6      	MOVWF      R6
0x0054	0x0826      	MOVF       38, 0
0x0055	0x00F7      	MOVWF      R7
0x0056	0x0825      	MOVF       37, 0
0x0057	0x00F8      	MOVWF      R8
0x0058	0x0824      	MOVF       36, 0
0x0059	0x00FA      	MOVWF      R10
0x005A	0x0823      	MOVF       35, 0
0x005B	0x00FB      	MOVWF      R11
0x005C	0x0822      	MOVF       34, 0
0x005D	0x00FC      	MOVWF      R12
0x005E	0x0821      	MOVF       33, 0
0x005F	0x00FD      	MOVWF      R13
0x0060	0x0856      	MOVF       ___savePCLATH, 0
0x0061	0x008A      	MOVWF      PCLATH
0x0062	0x0E55      	SWAPF      ___saveSTATUS, 0
0x0063	0x0083      	MOVWF      STATUS
0x0064	0x0EFF      	SWAPF      R15, 1
0x0065	0x0E7F      	SWAPF      R15, 0
0x0066	0x0009      	RETFIE
; end of _interrupt
_Delay_50us:
;__Lib_Delays.c,19 :: 		void Delay_50us() {
;__Lib_Delays.c,20 :: 		Delay_us(50);
0x0067	0x3010      	MOVLW      16
0x0068	0x1283      	BCF        STATUS, 5
0x0069	0x1303      	BCF        STATUS, 6
0x006A	0x00FD      	MOVWF      R13
L_Delay_50us2:
0x006B	0x0BFD      	DECFSZ     R13, 1
0x006C	0x286B      	GOTO       L_Delay_50us2
0x006D	0x0000      	NOP
;__Lib_Delays.c,21 :: 		}
L_end_Delay_50us:
0x006E	0x0008      	RETURN
; end of _Delay_50us
_Delay_5500us:
;__Lib_Delays.c,31 :: 		void Delay_5500us() {
;__Lib_Delays.c,32 :: 		Delay_us(5500);
0x006F	0x3008      	MOVLW      8
0x0070	0x1283      	BCF        STATUS, 5
0x0071	0x1303      	BCF        STATUS, 6
0x0072	0x00FC      	MOVWF      R12
0x0073	0x3023      	MOVLW      35
0x0074	0x00FD      	MOVWF      R13
L_Delay_5500us5:
0x0075	0x0BFD      	DECFSZ     R13, 1
0x0076	0x2875      	GOTO       L_Delay_5500us5
0x0077	0x0BFC      	DECFSZ     R12, 1
0x0078	0x2875      	GOTO       L_Delay_5500us5
;__Lib_Delays.c,33 :: 		}
L_end_Delay_5500us:
0x0079	0x0008      	RETURN
; end of _Delay_5500us
_Delay_1us:
;__Lib_Delays.c,7 :: 		void Delay_1us() {
;__Lib_Delays.c,8 :: 		Delay_us(1);
0x007A	0x0000      	NOP
;__Lib_Delays.c,9 :: 		}
L_end_Delay_1us:
0x007B	0x0008      	RETURN
; end of _Delay_1us
_Lcd_Cmd:
;__Lib_Lcd.c,18 :: 		
;__Lib_Lcd.c,20 :: 		
0x007C	0x1283      	BCF        STATUS, 5
0x007D	0x1303      	BCF        STATUS, 6
0x007E	0x1BEC      	BTFSC      FARG_Lcd_Cmd_out_char, 7
0x007F	0x2882      	GOTO       L__Lcd_Cmd21
0x0080	0x1387      	BCF        LCD_D7, BitPos(LCD_D7+0)
0x0081	0x2883      	GOTO       L__Lcd_Cmd22
L__Lcd_Cmd21:
0x0082	0x1787      	BSF        LCD_D7, BitPos(LCD_D7+0)
L__Lcd_Cmd22:
;__Lib_Lcd.c,21 :: 		
0x0083	0x1B6C      	BTFSC      FARG_Lcd_Cmd_out_char, 6
0x0084	0x2887      	GOTO       L__Lcd_Cmd23
0x0085	0x1307      	BCF        LCD_D6, BitPos(LCD_D6+0)
0x0086	0x2888      	GOTO       L__Lcd_Cmd24
L__Lcd_Cmd23:
0x0087	0x1707      	BSF        LCD_D6, BitPos(LCD_D6+0)
L__Lcd_Cmd24:
;__Lib_Lcd.c,22 :: 		
0x0088	0x1AEC      	BTFSC      FARG_Lcd_Cmd_out_char, 5
0x0089	0x288C      	GOTO       L__Lcd_Cmd25
0x008A	0x1287      	BCF        LCD_D5, BitPos(LCD_D5+0)
0x008B	0x288D      	GOTO       L__Lcd_Cmd26
L__Lcd_Cmd25:
0x008C	0x1687      	BSF        LCD_D5, BitPos(LCD_D5+0)
L__Lcd_Cmd26:
;__Lib_Lcd.c,23 :: 		
0x008D	0x1A6C      	BTFSC      FARG_Lcd_Cmd_out_char, 4
0x008E	0x2891      	GOTO       L__Lcd_Cmd27
0x008F	0x1207      	BCF        LCD_D4, BitPos(LCD_D4+0)
0x0090	0x2892      	GOTO       L__Lcd_Cmd28
L__Lcd_Cmd27:
0x0091	0x1607      	BSF        LCD_D4, BitPos(LCD_D4+0)
L__Lcd_Cmd28:
;__Lib_Lcd.c,25 :: 		
0x0092	0x1852      	BTFSC      __Lib_Lcd_cmd_status, BitPos(__Lib_Lcd_cmd_status+0)
0x0093	0x2896      	GOTO       L__Lcd_Cmd29
0x0094	0x1508      	BSF        LCD_RS, BitPos(LCD_RS+0)
0x0095	0x2897      	GOTO       L__Lcd_Cmd30
L__Lcd_Cmd29:
0x0096	0x1108      	BCF        LCD_RS, BitPos(LCD_RS+0)
L__Lcd_Cmd30:
;__Lib_Lcd.c,28 :: 		
0x0097	0x1588      	BSF        LCD_EN, BitPos(LCD_EN+0)
;__Lib_Lcd.c,29 :: 		
0x0098	0x207A      	CALL       _Delay_1us
;__Lib_Lcd.c,30 :: 		
0x0099	0x1188      	BCF        LCD_EN, BitPos(LCD_EN+0)
;__Lib_Lcd.c,33 :: 		
0x009A	0x19EC      	BTFSC      FARG_Lcd_Cmd_out_char, 3
0x009B	0x289E      	GOTO       L__Lcd_Cmd31
0x009C	0x1387      	BCF        LCD_D7, BitPos(LCD_D7+0)
0x009D	0x289F      	GOTO       L__Lcd_Cmd32
L__Lcd_Cmd31:
0x009E	0x1787      	BSF        LCD_D7, BitPos(LCD_D7+0)
L__Lcd_Cmd32:
;__Lib_Lcd.c,34 :: 		
0x009F	0x196C      	BTFSC      FARG_Lcd_Cmd_out_char, 2
0x00A0	0x28A3      	GOTO       L__Lcd_Cmd33
0x00A1	0x1307      	BCF        LCD_D6, BitPos(LCD_D6+0)
0x00A2	0x28A4      	GOTO       L__Lcd_Cmd34
L__Lcd_Cmd33:
0x00A3	0x1707      	BSF        LCD_D6, BitPos(LCD_D6+0)
L__Lcd_Cmd34:
;__Lib_Lcd.c,35 :: 		
0x00A4	0x18EC      	BTFSC      FARG_Lcd_Cmd_out_char, 1
0x00A5	0x28A8      	GOTO       L__Lcd_Cmd35
0x00A6	0x1287      	BCF        LCD_D5, BitPos(LCD_D5+0)
0x00A7	0x28A9      	GOTO       L__Lcd_Cmd36
L__Lcd_Cmd35:
0x00A8	0x1687      	BSF        LCD_D5, BitPos(LCD_D5+0)
L__Lcd_Cmd36:
;__Lib_Lcd.c,36 :: 		
0x00A9	0x186C      	BTFSC      FARG_Lcd_Cmd_out_char, 0
0x00AA	0x28AD      	GOTO       L__Lcd_Cmd37
0x00AB	0x1207      	BCF        LCD_D4, BitPos(LCD_D4+0)
0x00AC	0x28AE      	GOTO       L__Lcd_Cmd38
L__Lcd_Cmd37:
0x00AD	0x1607      	BSF        LCD_D4, BitPos(LCD_D4+0)
L__Lcd_Cmd38:
;__Lib_Lcd.c,38 :: 		
0x00AE	0x1852      	BTFSC      __Lib_Lcd_cmd_status, BitPos(__Lib_Lcd_cmd_status+0)
0x00AF	0x28B2      	GOTO       L__Lcd_Cmd39
0x00B0	0x1508      	BSF        LCD_RS, BitPos(LCD_RS+0)
0x00B1	0x28B3      	GOTO       L__Lcd_Cmd40
L__Lcd_Cmd39:
0x00B2	0x1108      	BCF        LCD_RS, BitPos(LCD_RS+0)
L__Lcd_Cmd40:
;__Lib_Lcd.c,40 :: 		
0x00B3	0x1588      	BSF        LCD_EN, BitPos(LCD_EN+0)
;__Lib_Lcd.c,41 :: 		
0x00B4	0x207A      	CALL       _Delay_1us
;__Lib_Lcd.c,42 :: 		
0x00B5	0x1188      	BCF        LCD_EN, BitPos(LCD_EN+0)
;__Lib_Lcd.c,44 :: 		
0x00B6	0x1C52      	BTFSS      __Lib_Lcd_cmd_status, BitPos(__Lib_Lcd_cmd_status+0)
0x00B7	0x28BA      	GOTO       L_Lcd_Cmd0
;__Lib_Lcd.c,45 :: 		
0x00B8	0x206F      	CALL       _Delay_5500us
0x00B9	0x28BB      	GOTO       L_Lcd_Cmd1
L_Lcd_Cmd0:
;__Lib_Lcd.c,47 :: 		
0x00BA	0x2067      	CALL       _Delay_50us
L_Lcd_Cmd1:
;__Lib_Lcd.c,48 :: 		
L_end_Lcd_Cmd:
0x00BB	0x0008      	RETURN
; end of _Lcd_Cmd
_SETFUN32:
;__Lib_MathDouble.c,138 :: 		
;__Lib_MathDouble.c,145 :: 		
0x00BC	0x157B      	BSF        R11, 2
;__Lib_MathDouble.c,146 :: 		
0x00BD	0x1FFB      	BTFSS      R11, 7
;__Lib_MathDouble.c,147 :: 		
0x00BE	0x28C6      	GOTO       SETFUN32EEE
;__Lib_MathDouble.c,148 :: 		
0x00BF	0x3001      	MOVLW      1
;__Lib_MathDouble.c,149 :: 		
0x00C0	0x00F3      	MOVWF      R3
;__Lib_MathDouble.c,150 :: 		
0x00C1	0x01F2      	CLRF       R2
;__Lib_MathDouble.c,151 :: 		
0x00C2	0x01F1      	CLRF       R1
;__Lib_MathDouble.c,152 :: 		
0x00C3	0x01F0      	CLRF       R0
;__Lib_MathDouble.c,153 :: 		
0x00C4	0x0DFA      	RLF        R10, 1
;__Lib_MathDouble.c,154 :: 		
0x00C5	0x0CF2      	RRF        R2, 1
;__Lib_MathDouble.c,155 :: 		
SETFUN32EEE:
;__Lib_MathDouble.c,156 :: 		
0x00C6	0x30FF      	MOVLW      255
;__Lib_MathDouble.c,158 :: 		
L_end_SETFUN32:
0x00C7	0x0008      	RETURN
; end of _SETFUN32
_Div_16x16_U:
;__Lib_Math.c,215 :: 		
;__Lib_Math.c,222 :: 		
0x00C8	0x1283      	BCF        STATUS, 5
;__Lib_Math.c,223 :: 		
0x00C9	0x1303      	BCF        STATUS, 6
;__Lib_Math.c,224 :: 		
0x00CA	0x01F8      	CLRF       R8
;__Lib_Math.c,225 :: 		
0x00CB	0x01F9      	CLRF       R9
;__Lib_Math.c,226 :: 		
0x00CC	0x3010      	MOVLW      16
;__Lib_Math.c,227 :: 		
0x00CD	0x00FC      	MOVWF      R12
;__Lib_Math.c,228 :: 		
0x00CE	0x0D71      	RLF        R1, 0
;__Lib_Math.c,229 :: 		
0x00CF	0x0DF8      	RLF        R8, 1
;__Lib_Math.c,230 :: 		
0x00D0	0x0DF9      	RLF        R9, 1
;__Lib_Math.c,231 :: 		
0x00D1	0x0874      	MOVF       R4, 0
;__Lib_Math.c,232 :: 		
0x00D2	0x02F8      	SUBWF      R8, 1
;__Lib_Math.c,233 :: 		
0x00D3	0x0875      	MOVF       R5, 0
;__Lib_Math.c,234 :: 		
0x00D4	0x1C03      	BTFSS      STATUS, 0
;__Lib_Math.c,235 :: 		
0x00D5	0x0F75      	INCFSZ     R5, 0
;__Lib_Math.c,236 :: 		
0x00D6	0x02F9      	SUBWF      R9, 1
;__Lib_Math.c,237 :: 		
0x00D7	0x1803      	BTFSC      STATUS, 0
;__Lib_Math.c,238 :: 		
0x00D8	0x28E0      	GOTO       $+8
;__Lib_Math.c,239 :: 		
0x00D9	0x0874      	MOVF       R4, 0
;__Lib_Math.c,240 :: 		
0x00DA	0x07F8      	ADDWF      R8, 1
;__Lib_Math.c,241 :: 		
0x00DB	0x0875      	MOVF       R5, 0
;__Lib_Math.c,242 :: 		
0x00DC	0x1803      	BTFSC      STATUS, 0
;__Lib_Math.c,243 :: 		
0x00DD	0x0F75      	INCFSZ     R5, 0
;__Lib_Math.c,244 :: 		
0x00DE	0x07F9      	ADDWF      R9, 1
;__Lib_Math.c,245 :: 		
0x00DF	0x1003      	BCF        STATUS, 0
;__Lib_Math.c,246 :: 		
0x00E0	0x0DF0      	RLF        R0, 1
;__Lib_Math.c,247 :: 		
0x00E1	0x0DF1      	RLF        R1, 1
;__Lib_Math.c,248 :: 		
0x00E2	0x0BFC      	DECFSZ     R12, 1
;__Lib_Math.c,249 :: 		
0x00E3	0x28CE      	GOTO       $-21
;__Lib_Math.c,251 :: 		
L_end_Div_16x16_U:
0x00E4	0x0008      	RETURN
; end of _Div_16x16_U
_FIXSIGN32:
;__Lib_MathDouble.c,112 :: 		
;__Lib_MathDouble.c,116 :: 		
0x00E5	0x1FFA      	BTFSS      R10, 7
;__Lib_MathDouble.c,117 :: 		
0x00E6	0x13F2      	BCF        R2, 7
;__Lib_MathDouble.c,118 :: 		
0x00E7	0x3000      	MOVLW      0
;__Lib_MathDouble.c,120 :: 		
L_end_FIXSIGN32:
0x00E8	0x0008      	RETURN
; end of _FIXSIGN32
_RES032:
;__Lib_MathDouble.c,123 :: 		
;__Lib_MathDouble.c,128 :: 		
0x00E9	0x01F2      	CLRF       R2
;__Lib_MathDouble.c,129 :: 		
0x00EA	0x01F1      	CLRF       R1
;__Lib_MathDouble.c,130 :: 		
0x00EB	0x01F0      	CLRF       R0
;__Lib_MathDouble.c,131 :: 		
0x00EC	0x01F8      	CLRF       R8
;__Lib_MathDouble.c,132 :: 		
0x00ED	0x01F3      	CLRF       R3
;__Lib_MathDouble.c,133 :: 		
0x00EE	0x3000      	MOVLW      0
;__Lib_MathDouble.c,135 :: 		
L_end_RES032:
0x00EF	0x0008      	RETURN
; end of _RES032
_NRM3232:
;__Lib_MathDouble.c,167 :: 		
;__Lib_MathDouble.c,173 :: 		
;__Lib_MathDouble.c,175 :: 		
0x00F0	0x01A0      	CLRF       __math_tempbD
;__Lib_MathDouble.c,176 :: 		
0x00F1	0x0872      	MOVF       R2, 0
;__Lib_MathDouble.c,177 :: 		
0x00F2	0x1D03      	BTFSS      STATUS, 2
;__Lib_MathDouble.c,178 :: 		
0x00F3	0x2905      	GOTO       NORM3232
;__Lib_MathDouble.c,179 :: 		
0x00F4	0x0871      	MOVF       R1, 0
;__Lib_MathDouble.c,180 :: 		
0x00F5	0x00F2      	MOVWF      R2
;__Lib_MathDouble.c,181 :: 		
0x00F6	0x0870      	MOVF       R0, 0
;__Lib_MathDouble.c,182 :: 		
0x00F7	0x00F1      	MOVWF      R1
;__Lib_MathDouble.c,183 :: 		
0x00F8	0x01F0      	CLRF       R0
;__Lib_MathDouble.c,184 :: 		
0x00F9	0x15A0      	BSF        __math_tempbD, 3
;__Lib_MathDouble.c,186 :: 		
0x00FA	0x0872      	MOVF       R2, 0
;__Lib_MathDouble.c,187 :: 		
0x00FB	0x1D03      	BTFSS      STATUS, 2
;__Lib_MathDouble.c,188 :: 		
0x00FC	0x2905      	GOTO       NORM3232
;__Lib_MathDouble.c,189 :: 		
0x00FD	0x0871      	MOVF       R1, 0
;__Lib_MathDouble.c,190 :: 		
0x00FE	0x00F2      	MOVWF      R2
;__Lib_MathDouble.c,191 :: 		
0x00FF	0x01F1      	CLRF       R1
;__Lib_MathDouble.c,192 :: 		
0x0100	0x11A0      	BCF        __math_tempbD, 3
;__Lib_MathDouble.c,193 :: 		
0x0101	0x1620      	BSF        __math_tempbD, 4
;__Lib_MathDouble.c,195 :: 		
0x0102	0x0872      	MOVF       R2, 0
;__Lib_MathDouble.c,196 :: 		
0x0103	0x1903      	BTFSC      STATUS, 2
;__Lib_MathDouble.c,197 :: 		
0x0104	0x2913      	GOTO       JPNRES032
;__Lib_MathDouble.c,198 :: 		
NORM3232:
;__Lib_MathDouble.c,199 :: 		
0x0105	0x0820      	MOVF       __math_tempbD, 0
;__Lib_MathDouble.c,200 :: 		
0x0106	0x02F3      	SUBWF      R3, 1
;__Lib_MathDouble.c,201 :: 		
0x0107	0x1D03      	BTFSS      STATUS, 2
;__Lib_MathDouble.c,202 :: 		
0x0108	0x1C03      	BTFSS      STATUS, 0
;__Lib_MathDouble.c,203 :: 		
0x0109	0x2917      	GOTO       JPNSETFUN32
;__Lib_MathDouble.c,204 :: 		
0x010A	0x1003      	BCF        STATUS, 0
;__Lib_MathDouble.c,205 :: 		
NORM3232A:
;__Lib_MathDouble.c,206 :: 		
0x010B	0x1BF2      	BTFSC      R2, 7
;__Lib_MathDouble.c,207 :: 		
0x010C	0x291B      	GOTO       JMPNFIXSIGN32
;__Lib_MathDouble.c,208 :: 		
0x010D	0x0DF0      	RLF        R0, 1
;__Lib_MathDouble.c,209 :: 		
0x010E	0x0DF1      	RLF        R1, 1
;__Lib_MathDouble.c,210 :: 		
0x010F	0x0DF2      	RLF        R2, 1
;__Lib_MathDouble.c,211 :: 		
0x0110	0x0BF3      	DECFSZ     R3, 1
;__Lib_MathDouble.c,212 :: 		
0x0111	0x290B      	GOTO       NORM3232A
;__Lib_MathDouble.c,213 :: 		
0x0112	0x2917      	GOTO       JPNSETFUN32
;__Lib_MathDouble.c,214 :: 		
JPNRES032:
;__Lib_MathDouble.c,215 :: 		
0x0113	0x3001      	MOVLW      1
;__Lib_MathDouble.c,216 :: 		
0x0114	0x00FC      	MOVWF      R12
;__Lib_MathDouble.c,218 :: 		
0x0115	0x20E9      	CALL       _RES032
;__Lib_MathDouble.c,220 :: 		
0x0116	0x291E      	GOTO       NORM32EEE
;__Lib_MathDouble.c,221 :: 		
JPNSETFUN32:
;__Lib_MathDouble.c,222 :: 		
0x0117	0x3002      	MOVLW      2
;__Lib_MathDouble.c,223 :: 		
0x0118	0x00FC      	MOVWF      R12
;__Lib_MathDouble.c,225 :: 		
0x0119	0x20BC      	CALL       _SETFUN32
;__Lib_MathDouble.c,227 :: 		
0x011A	0x291E      	GOTO       NORM32EEE
;__Lib_MathDouble.c,228 :: 		
JMPNFIXSIGN32:
;__Lib_MathDouble.c,229 :: 		
0x011B	0x3004      	MOVLW      4
;__Lib_MathDouble.c,230 :: 		
0x011C	0x00FC      	MOVWF      R12
;__Lib_MathDouble.c,232 :: 		
0x011D	0x20E5      	CALL       _FIXSIGN32
;__Lib_MathDouble.c,234 :: 		
NORM32EEE:
;__Lib_MathDouble.c,236 :: 		
L_end_NRM3232:
0x011E	0x0008      	RETURN
; end of _NRM3232
_____DoICP:
;__Lib_System.c,6 :: 		
;__Lib_System.c,9 :: 		
0x011F	0x1283      	BCF        STATUS, 5
0x0120	0x1303      	BCF        STATUS, 6
0x0121	0x0854      	MOVF       ___DoICPAddr+1, 0
0x0122	0x008A      	MOVWF      PCLATH
;__Lib_System.c,10 :: 		
0x0123	0x0853      	MOVF       ___DoICPAddr, 0
0x0124	0x0082      	MOVWF      PCL
;__Lib_System.c,12 :: 		
L_end_____DoICP:
0x0125	0x0008      	RETURN
; end of _____DoICP
_Lcd_Chr_CP:
;__Lib_Lcd.c,50 :: 		
;__Lib_Lcd.c,52 :: 		
0x0126	0x1283      	BCF        STATUS, 5
0x0127	0x1303      	BCF        STATUS, 6
0x0128	0x1052      	BCF        __Lib_Lcd_cmd_status, BitPos(__Lib_Lcd_cmd_status+0)
;__Lib_Lcd.c,53 :: 		
0x0129	0x0867      	MOVF       FARG_Lcd_Chr_CP_out_char, 0
0x012A	0x00EC      	MOVWF      FARG_Lcd_Cmd_out_char
0x012B	0x207C      	CALL       _Lcd_Cmd
;__Lib_Lcd.c,54 :: 		
0x012C	0x1452      	BSF        __Lib_Lcd_cmd_status, BitPos(__Lib_Lcd_cmd_status+0)
;__Lib_Lcd.c,55 :: 		
L_end_Lcd_Chr_CP:
0x012D	0x0008      	RETURN
; end of _Lcd_Chr_CP
_WordToStr:
;__Lib_Conversions.c,84 :: 		
;__Lib_Conversions.c,89 :: 		
0x012E	0x1283      	BCF        STATUS, 5
0x012F	0x1303      	BCF        STATUS, 6
0x0130	0x01EA      	CLRF       WordToStr_len_L0
L_WordToStr6:
0x0131	0x3005      	MOVLW      5
0x0132	0x026A      	SUBWF      WordToStr_len_L0, 0
0x0133	0x1803      	BTFSC      STATUS, 0
0x0134	0x293C      	GOTO       L_WordToStr7
;__Lib_Conversions.c,90 :: 		
0x0135	0x086A      	MOVF       WordToStr_len_L0, 0
0x0136	0x0769      	ADDWF      FARG_WordToStr_output, 0
0x0137	0x0084      	MOVWF      FSR
0x0138	0x3020      	MOVLW      32
0x0139	0x0080      	MOVWF      INDF
;__Lib_Conversions.c,89 :: 		
0x013A	0x0AEA      	INCF       WordToStr_len_L0, 1
;__Lib_Conversions.c,90 :: 		
0x013B	0x2931      	GOTO       L_WordToStr6
L_WordToStr7:
;__Lib_Conversions.c,91 :: 		
0x013C	0x086A      	MOVF       WordToStr_len_L0, 0
0x013D	0x0769      	ADDWF      FARG_WordToStr_output, 0
0x013E	0x0084      	MOVWF      FSR
0x013F	0x0180      	CLRF       INDF
0x0140	0x03EA      	DECF       WordToStr_len_L0, 1
;__Lib_Conversions.c,93 :: 		
L_WordToStr9:
;__Lib_Conversions.c,94 :: 		
0x0141	0x086A      	MOVF       WordToStr_len_L0, 0
0x0142	0x0769      	ADDWF      FARG_WordToStr_output, 0
0x0143	0x00EB      	MOVWF      FLOC__WordToStr
0x0144	0x300A      	MOVLW      10
0x0145	0x00F4      	MOVWF      R4
0x0146	0x01F5      	CLRF       R4+1
0x0147	0x0867      	MOVF       FARG_WordToStr_input, 0
0x0148	0x00F0      	MOVWF      R0
0x0149	0x0868      	MOVF       FARG_WordToStr_input+1, 0
0x014A	0x00F1      	MOVWF      R0+1
0x014B	0x20C8      	CALL       _Div_16x16_U
0x014C	0x0878      	MOVF       R8, 0
0x014D	0x00F0      	MOVWF      R0
0x014E	0x0879      	MOVF       R8+1, 0
0x014F	0x00F1      	MOVWF      R0+1
0x0150	0x3030      	MOVLW      48
0x0151	0x07F0      	ADDWF      R0, 1
0x0152	0x086B      	MOVF       FLOC__WordToStr, 0
0x0153	0x0084      	MOVWF      FSR
0x0154	0x0870      	MOVF       R0, 0
0x0155	0x0080      	MOVWF      INDF
;__Lib_Conversions.c,95 :: 		
0x0156	0x300A      	MOVLW      10
0x0157	0x00F4      	MOVWF      R4
0x0158	0x01F5      	CLRF       R4+1
0x0159	0x0867      	MOVF       FARG_WordToStr_input, 0
0x015A	0x00F0      	MOVWF      R0
0x015B	0x0868      	MOVF       FARG_WordToStr_input+1, 0
0x015C	0x00F1      	MOVWF      R0+1
0x015D	0x20C8      	CALL       _Div_16x16_U
0x015E	0x0870      	MOVF       R0, 0
0x015F	0x00E7      	MOVWF      FARG_WordToStr_input
0x0160	0x0871      	MOVF       R0+1, 0
0x0161	0x00E8      	MOVWF      FARG_WordToStr_input+1
;__Lib_Conversions.c,96 :: 		
0x0162	0x3000      	MOVLW      0
0x0163	0x0671      	XORWF      R0+1, 0
0x0164	0x1D03      	BTFSS      STATUS, 2
0x0165	0x2968      	GOTO       L__WordToStr109
0x0166	0x3000      	MOVLW      0
0x0167	0x0670      	XORWF      R0, 0
L__WordToStr109:
0x0168	0x1D03      	BTFSS      STATUS, 2
0x0169	0x296B      	GOTO       L_WordToStr11
;__Lib_Conversions.c,97 :: 		
0x016A	0x296D      	GOTO       L_WordToStr10
L_WordToStr11:
;__Lib_Conversions.c,98 :: 		
0x016B	0x03EA      	DECF       WordToStr_len_L0, 1
;__Lib_Conversions.c,99 :: 		
0x016C	0x2941      	GOTO       L_WordToStr9
L_WordToStr10:
;__Lib_Conversions.c,100 :: 		
L_end_WordToStr:
0x016D	0x0008      	RETURN
; end of _WordToStr
_SETFDZ32:
;__Lib_MathDouble.c,102 :: 		
;__Lib_MathDouble.c,105 :: 		
0x016E	0x15FB      	BSF        R11, 3
;__Lib_MathDouble.c,106 :: 		
0x016F	0x30FF      	MOVLW      255
;__Lib_MathDouble.c,108 :: 		
L_end_SETFDZ32:
0x0170	0x0008      	RETURN
; end of _SETFDZ32
_SETIOV3224:
;__Lib_MathDouble.c,1000 :: 		
;__Lib_MathDouble.c,1006 :: 		
0x0171	0x147B      	BSF        R11, 0
;__Lib_MathDouble.c,1007 :: 		
0x0172	0x1FFB      	BTFSS      R11, 7
;__Lib_MathDouble.c,1008 :: 		
0x0173	0x297C      	GOTO       SETIOV3224EEE
;__Lib_MathDouble.c,1010 :: 		
0x0174	0x01F2      	CLRF       R2
;__Lib_MathDouble.c,1011 :: 		
0x0175	0x1FFA      	BTFSS      R10, 7
;__Lib_MathDouble.c,1012 :: 		
0x0176	0x30FF      	MOVLW      255
;__Lib_MathDouble.c,1013 :: 		
0x0177	0x00F2      	MOVWF      R2
;__Lib_MathDouble.c,1014 :: 		
0x0178	0x00F1      	MOVWF      R1
;__Lib_MathDouble.c,1015 :: 		
0x0179	0x00F0      	MOVWF      R0
;__Lib_MathDouble.c,1016 :: 		
0x017A	0x0DFA      	RLF        R10, 1
;__Lib_MathDouble.c,1017 :: 		
0x017B	0x0CF2      	RRF        R2, 1
;__Lib_MathDouble.c,1018 :: 		
SETIOV3224EEE:
;__Lib_MathDouble.c,1019 :: 		
0x017C	0x30FF      	MOVLW      255
;__Lib_MathDouble.c,1021 :: 		
L_end_SETIOV3224:
0x017D	0x0008      	RETURN
; end of _SETIOV3224
_SETFOV32:
;__Lib_MathDouble.c,79 :: 		
;__Lib_MathDouble.c,86 :: 		
0x017E	0x14FB      	BSF        R11, 1
;__Lib_MathDouble.c,87 :: 		
0x017F	0x1FFB      	BTFSS      R11, 7
;__Lib_MathDouble.c,88 :: 		
0x0180	0x2988      	GOTO       SETFOV32EEE
;__Lib_MathDouble.c,89 :: 		
0x0181	0x30FF      	MOVLW      255
;__Lib_MathDouble.c,90 :: 		
0x0182	0x00F3      	MOVWF      R3
;__Lib_MathDouble.c,91 :: 		
0x0183	0x00F2      	MOVWF      R2
;__Lib_MathDouble.c,92 :: 		
0x0184	0x00F1      	MOVWF      R1
;__Lib_MathDouble.c,93 :: 		
0x0185	0x00F0      	MOVWF      R0
;__Lib_MathDouble.c,94 :: 		
0x0186	0x0DFA      	RLF        R10, 1
;__Lib_MathDouble.c,95 :: 		
0x0187	0x0CF2      	RRF        R2, 1
;__Lib_MathDouble.c,96 :: 		
SETFOV32EEE:
;__Lib_MathDouble.c,97 :: 		
0x0188	0x30FF      	MOVLW      255
;__Lib_MathDouble.c,99 :: 		
L_end_SETFOV32:
0x0189	0x0008      	RETURN
; end of _SETFOV32
_Div_32x32_FP:
;__Lib_MathDouble.c,761 :: 		
;__Lib_MathDouble.c,773 :: 		
;__Lib_MathDouble.c,776 :: 		
0x018A	0x1283      	BCF        STATUS, 5
0x018B	0x1303      	BCF        STATUS, 6
0x018C	0x0874      	MOVF       R4, 0
0x018D	0x3A00      	XORLW      0
0x018E	0x1D03      	BTFSS      STATUS, 2
0x018F	0x29A5      	GOTO       L_Div_32x32_FP7
;__Lib_MathDouble.c,777 :: 		
0x0190	0x0875      	MOVF       R5, 0
0x0191	0x3A00      	XORLW      0
0x0192	0x1D03      	BTFSS      STATUS, 2
0x0193	0x29A5      	GOTO       L_Div_32x32_FP8
;__Lib_MathDouble.c,778 :: 		
0x0194	0x0876      	MOVF       R6, 0
0x0195	0x3A00      	XORLW      0
0x0196	0x1D03      	BTFSS      STATUS, 2
0x0197	0x29A5      	GOTO       L_Div_32x32_FP9
;__Lib_MathDouble.c,779 :: 		
0x0198	0x0877      	MOVF       R7, 0
0x0199	0x3A00      	XORLW      0
0x019A	0x1D03      	BTFSS      STATUS, 2
0x019B	0x29A5      	GOTO       L_Div_32x32_FP10
;__Lib_MathDouble.c,780 :: 		
0x019C	0x30FF      	MOVLW      255
0x019D	0x00F0      	MOVWF      R0
;__Lib_MathDouble.c,781 :: 		
0x019E	0x30FF      	MOVLW      255
0x019F	0x00F1      	MOVWF      R1
;__Lib_MathDouble.c,782 :: 		
0x01A0	0x307F      	MOVLW      127
0x01A1	0x00F2      	MOVWF      R2
;__Lib_MathDouble.c,783 :: 		
0x01A2	0x30FF      	MOVLW      255
0x01A3	0x00F3      	MOVWF      R3
;__Lib_MathDouble.c,784 :: 		
0x01A4	0x2A40      	GOTO       L_end_Div_32x32_FP
;__Lib_MathDouble.c,785 :: 		
L_Div_32x32_FP10:
L_Div_32x32_FP9:
L_Div_32x32_FP8:
L_Div_32x32_FP7:
;__Lib_MathDouble.c,788 :: 		
0x01A5	0x1283      	BCF        STATUS, 5
;__Lib_MathDouble.c,789 :: 		
0x01A6	0x1303      	BCF        STATUS, 6
;__Lib_MathDouble.c,791 :: 		
0x01A7	0x0877      	MOVF       R7, 0
;__Lib_MathDouble.c,792 :: 		
0x01A8	0x1903      	BTFSC      STATUS, 2
;__Lib_MathDouble.c,793 :: 		
0x01A9	0x2A34      	GOTO       JPDSETFDZ32
;__Lib_MathDouble.c,795 :: 		
0x01AA	0x0873      	MOVF       R3, 0
;__Lib_MathDouble.c,796 :: 		
0x01AB	0x1903      	BTFSC      STATUS, 2
;__Lib_MathDouble.c,797 :: 		
0x01AC	0x2A37      	GOTO       JPDRES032
;__Lib_MathDouble.c,799 :: 		
0x01AD	0x0872      	MOVF       R2, 0
;__Lib_MathDouble.c,800 :: 		
0x01AE	0x0676      	XORWF      R6, 0
;__Lib_MathDouble.c,801 :: 		
0x01AF	0x3980      	ANDLW      128
;__Lib_MathDouble.c,802 :: 		
0x01B0	0x00FA      	MOVWF      R10
;__Lib_MathDouble.c,803 :: 		
0x01B1	0x17F2      	BSF        R2, 7
;__Lib_MathDouble.c,804 :: 		
0x01B2	0x17F6      	BSF        R6, 7
;__Lib_MathDouble.c,806 :: 		
0x01B3	0x01A0      	CLRF       __math_tempbD
;__Lib_MathDouble.c,807 :: 		
0x01B4	0x0872      	MOVF       R2, 0
;__Lib_MathDouble.c,808 :: 		
0x01B5	0x00F8      	MOVWF      R8
;__Lib_MathDouble.c,809 :: 		
0x01B6	0x0871      	MOVF       R1, 0
;__Lib_MathDouble.c,810 :: 		
0x01B7	0x00FC      	MOVWF      R12
;__Lib_MathDouble.c,811 :: 		
0x01B8	0x0870      	MOVF       R0, 0
;__Lib_MathDouble.c,812 :: 		
0x01B9	0x00FD      	MOVWF      R13
;__Lib_MathDouble.c,814 :: 		
0x01BA	0x0874      	MOVF       R4, 0
;__Lib_MathDouble.c,815 :: 		
0x01BB	0x02FD      	SUBWF      R13, 1
;__Lib_MathDouble.c,816 :: 		
0x01BC	0x0875      	MOVF       R5, 0
;__Lib_MathDouble.c,817 :: 		
0x01BD	0x1C03      	BTFSS      STATUS, 0
;__Lib_MathDouble.c,818 :: 		
0x01BE	0x0F75      	INCFSZ     R5, 0
;__Lib_MathDouble.c,820 :: 		
0x01BF	0x02FC      	SUBWF      R12, 1
;__Lib_MathDouble.c,821 :: 		
0x01C0	0x0876      	MOVF       R6, 0
;__Lib_MathDouble.c,822 :: 		
0x01C1	0x1C03      	BTFSS      STATUS, 0
;__Lib_MathDouble.c,823 :: 		
0x01C2	0x0F76      	INCFSZ     R6, 0
;__Lib_MathDouble.c,825 :: 		
0x01C3	0x02F8      	SUBWF      R8, 1
;__Lib_MathDouble.c,826 :: 		
0x01C4	0x01F8      	CLRF       R8
;__Lib_MathDouble.c,827 :: 		
0x01C5	0x01FC      	CLRF       R12
;__Lib_MathDouble.c,828 :: 		
0x01C6	0x01FD      	CLRF       R13
;__Lib_MathDouble.c,829 :: 		
0x01C7	0x1C03      	BTFSS      STATUS, 0
;__Lib_MathDouble.c,830 :: 		
0x01C8	0x29D0      	GOTO       DALIGN32OK
;__Lib_MathDouble.c,832 :: 		
0x01C9	0x1003      	BCF        STATUS, 0
;__Lib_MathDouble.c,833 :: 		
0x01CA	0x0CF2      	RRF        R2, 1
;__Lib_MathDouble.c,834 :: 		
0x01CB	0x0CF1      	RRF        R1, 1
;__Lib_MathDouble.c,835 :: 		
0x01CC	0x0CF0      	RRF        R0, 1
;__Lib_MathDouble.c,836 :: 		
0x01CD	0x0CF8      	RRF        R8, 1
;__Lib_MathDouble.c,837 :: 		
0x01CE	0x3001      	MOVLW      1
;__Lib_MathDouble.c,838 :: 		
0x01CF	0x00A0      	MOVWF      __math_tempbD
;__Lib_MathDouble.c,839 :: 		
DALIGN32OK:
;__Lib_MathDouble.c,840 :: 		
0x01D0	0x0877      	MOVF       R7, 0
;__Lib_MathDouble.c,841 :: 		
0x01D1	0x02F3      	SUBWF      R3, 1
;__Lib_MathDouble.c,842 :: 		
0x01D2	0x1C03      	BTFSS      STATUS, 0
;__Lib_MathDouble.c,843 :: 		
0x01D3	0x29DA      	GOTO       ALTB32
;__Lib_MathDouble.c,845 :: 		
0x01D4	0x307E      	MOVLW      126
;__Lib_MathDouble.c,846 :: 		
0x01D5	0x0720      	ADDWF      __math_tempbD, 0
;__Lib_MathDouble.c,847 :: 		
0x01D6	0x07F3      	ADDWF      R3, 1
;__Lib_MathDouble.c,848 :: 		
0x01D7	0x1803      	BTFSC      STATUS, 0
;__Lib_MathDouble.c,849 :: 		
0x01D8	0x2A3A      	GOTO       JPDSETFOV32
;__Lib_MathDouble.c,850 :: 		
0x01D9	0x29DF      	GOTO       DARGOK32
;__Lib_MathDouble.c,851 :: 		
ALTB32:
;__Lib_MathDouble.c,852 :: 		
0x01DA	0x307E      	MOVLW      126
;__Lib_MathDouble.c,853 :: 		
0x01DB	0x0720      	ADDWF      __math_tempbD, 0
;__Lib_MathDouble.c,854 :: 		
0x01DC	0x07F3      	ADDWF      R3, 1
;__Lib_MathDouble.c,855 :: 		
0x01DD	0x1C03      	BTFSS      STATUS, 0
;__Lib_MathDouble.c,856 :: 		
0x01DE	0x2A3D      	GOTO       JPDSETFUN32
;__Lib_MathDouble.c,857 :: 		
DARGOK32:
;__Lib_MathDouble.c,858 :: 		
0x01DF	0x3018      	MOVLW      24
;__Lib_MathDouble.c,860 :: 		
0x01E0	0x07FA      	ADDWF      R10, 1
;__Lib_MathDouble.c,861 :: 		
DLOOP32:
;__Lib_MathDouble.c,862 :: 		
0x01E1	0x0DFD      	RLF        R13, 1
;__Lib_MathDouble.c,863 :: 		
0x01E2	0x0DFC      	RLF        R12, 1
;__Lib_MathDouble.c,864 :: 		
0x01E3	0x0DF8      	RLF        R8, 1
;__Lib_MathDouble.c,865 :: 		
0x01E4	0x0DF0      	RLF        R0, 1
;__Lib_MathDouble.c,866 :: 		
0x01E5	0x0DF1      	RLF        R1, 1
;__Lib_MathDouble.c,867 :: 		
0x01E6	0x0DF2      	RLF        R2, 1
;__Lib_MathDouble.c,868 :: 		
0x01E7	0x0DA0      	RLF        __math_tempbD, 1
;__Lib_MathDouble.c,870 :: 		
0x01E8	0x0874      	MOVF       R4, 0
;__Lib_MathDouble.c,871 :: 		
0x01E9	0x02F0      	SUBWF      R0, 1
;__Lib_MathDouble.c,872 :: 		
0x01EA	0x0875      	MOVF       R5, 0
;__Lib_MathDouble.c,873 :: 		
0x01EB	0x1C03      	BTFSS      STATUS, 0
;__Lib_MathDouble.c,874 :: 		
0x01EC	0x0F75      	INCFSZ     R5, 0
;__Lib_MathDouble.c,876 :: 		
0x01ED	0x02F1      	SUBWF      R1, 1
;__Lib_MathDouble.c,877 :: 		
0x01EE	0x0876      	MOVF       R6, 0
;__Lib_MathDouble.c,878 :: 		
0x01EF	0x1C03      	BTFSS      STATUS, 0
;__Lib_MathDouble.c,879 :: 		
0x01F0	0x0F76      	INCFSZ     R6, 0
;__Lib_MathDouble.c,881 :: 		
0x01F1	0x02F2      	SUBWF      R2, 1
;__Lib_MathDouble.c,882 :: 		
0x01F2	0x0D76      	RLF        R6, 0
;__Lib_MathDouble.c,883 :: 		
0x01F3	0x04A0      	IORWF      __math_tempbD, 1
;__Lib_MathDouble.c,884 :: 		
0x01F4	0x1C20      	BTFSS      __math_tempbD, 0
;__Lib_MathDouble.c,885 :: 		
0x01F5	0x29F8      	GOTO       DREST32
;__Lib_MathDouble.c,886 :: 		
0x01F6	0x147D      	BSF        R13, 0
;__Lib_MathDouble.c,887 :: 		
0x01F7	0x2A03      	GOTO       DOK32
;__Lib_MathDouble.c,888 :: 		
DREST32:
;__Lib_MathDouble.c,889 :: 		
0x01F8	0x0874      	MOVF       R4, 0
;__Lib_MathDouble.c,890 :: 		
0x01F9	0x07F0      	ADDWF      R0, 1
;__Lib_MathDouble.c,891 :: 		
0x01FA	0x0875      	MOVF       R5, 0
;__Lib_MathDouble.c,892 :: 		
0x01FB	0x1803      	BTFSC      STATUS, 0
;__Lib_MathDouble.c,893 :: 		
0x01FC	0x0F75      	INCFSZ     R5, 0
;__Lib_MathDouble.c,895 :: 		
0x01FD	0x07F1      	ADDWF      R1, 1
;__Lib_MathDouble.c,896 :: 		
0x01FE	0x0876      	MOVF       R6, 0
;__Lib_MathDouble.c,897 :: 		
0x01FF	0x1803      	BTFSC      STATUS, 0
;__Lib_MathDouble.c,898 :: 		
0x0200	0x0A76      	INCF       R6, 0
;__Lib_MathDouble.c,899 :: 		
0x0201	0x07F2      	ADDWF      R2, 1
;__Lib_MathDouble.c,900 :: 		
0x0202	0x107D      	BCF        R13, 0
;__Lib_MathDouble.c,901 :: 		
DOK32:
;__Lib_MathDouble.c,903 :: 		
0x0203	0x03FA      	DECF       R10, 1
;__Lib_MathDouble.c,904 :: 		
0x0204	0x301F      	MOVLW      31
;__Lib_MathDouble.c,905 :: 		
0x0205	0x057A      	ANDWF      R10, 0
;__Lib_MathDouble.c,906 :: 		
0x0206	0x1D03      	BTFSS      STATUS, 2
;__Lib_MathDouble.c,907 :: 		
0x0207	0x29E1      	GOTO       DLOOP32
;__Lib_MathDouble.c,909 :: 		
0x0208	0x1B7B      	BTFSC      R11, 6
;__Lib_MathDouble.c,910 :: 		
0x0209	0x1C7D      	BTFSS      R13, 0
;__Lib_MathDouble.c,911 :: 		
0x020A	0x2A2A      	GOTO       DIV32OK
;__Lib_MathDouble.c,912 :: 		
0x020B	0x1003      	BCF        STATUS, 0
;__Lib_MathDouble.c,913 :: 		
0x020C	0x0DF0      	RLF        R0, 1
;__Lib_MathDouble.c,914 :: 		
0x020D	0x0DF1      	RLF        R1, 1
;__Lib_MathDouble.c,915 :: 		
0x020E	0x0DF2      	RLF        R2, 1
;__Lib_MathDouble.c,916 :: 		
0x020F	0x0DA0      	RLF        __math_tempbD, 1
;__Lib_MathDouble.c,918 :: 		
0x0210	0x0874      	MOVF       R4, 0
;__Lib_MathDouble.c,919 :: 		
0x0211	0x02F0      	SUBWF      R0, 1
;__Lib_MathDouble.c,920 :: 		
0x0212	0x0875      	MOVF       R5, 0
;__Lib_MathDouble.c,921 :: 		
0x0213	0x1C03      	BTFSS      STATUS, 0
;__Lib_MathDouble.c,922 :: 		
0x0214	0x0F75      	INCFSZ     R5, 0
;__Lib_MathDouble.c,923 :: 		
0x0215	0x02F1      	SUBWF      R1, 1
;__Lib_MathDouble.c,924 :: 		
0x0216	0x0876      	MOVF       R6, 0
;__Lib_MathDouble.c,925 :: 		
0x0217	0x1C03      	BTFSS      STATUS, 0
;__Lib_MathDouble.c,926 :: 		
0x0218	0x0F76      	INCFSZ     R6, 0
;__Lib_MathDouble.c,927 :: 		
0x0219	0x02F2      	SUBWF      R2, 1
;__Lib_MathDouble.c,928 :: 		
0x021A	0x0D76      	RLF        R6, 0
;__Lib_MathDouble.c,929 :: 		
0x021B	0x0420      	IORWF      __math_tempbD, 0
;__Lib_MathDouble.c,930 :: 		
0x021C	0x3901      	ANDLW      1
;__Lib_MathDouble.c,931 :: 		
0x021D	0x07FD      	ADDWF      R13, 1
;__Lib_MathDouble.c,932 :: 		
0x021E	0x1803      	BTFSC      STATUS, 0
;__Lib_MathDouble.c,933 :: 		
0x021F	0x0AFC      	INCF       R12, 1
;__Lib_MathDouble.c,934 :: 		
0x0220	0x1903      	BTFSC      STATUS, 2
;__Lib_MathDouble.c,935 :: 		
0x0221	0x0AF8      	INCF       R8, 1
;__Lib_MathDouble.c,936 :: 		
0x0222	0x1D03      	BTFSS      STATUS, 2
;__Lib_MathDouble.c,937 :: 		
0x0223	0x2A2A      	GOTO       DIV32OK
;__Lib_MathDouble.c,938 :: 		
0x0224	0x0CF8      	RRF        R8, 1
;__Lib_MathDouble.c,939 :: 		
0x0225	0x0CFC      	RRF        R12, 1
;__Lib_MathDouble.c,940 :: 		
0x0226	0x0CFD      	RRF        R13, 1
;__Lib_MathDouble.c,941 :: 		
0x0227	0x0AF3      	INCF       R3, 1
;__Lib_MathDouble.c,942 :: 		
0x0228	0x1903      	BTFSC      STATUS, 2
;__Lib_MathDouble.c,943 :: 		
0x0229	0x2A3A      	GOTO       JPDSETFOV32
;__Lib_MathDouble.c,944 :: 		
DIV32OK:
;__Lib_MathDouble.c,945 :: 		
0x022A	0x1FFA      	BTFSS      R10, 7
;__Lib_MathDouble.c,946 :: 		
0x022B	0x13F8      	BCF        R8, 7
;__Lib_MathDouble.c,947 :: 		
0x022C	0x0878      	MOVF       R8, 0
;__Lib_MathDouble.c,948 :: 		
0x022D	0x00F2      	MOVWF      R2
;__Lib_MathDouble.c,949 :: 		
0x022E	0x087C      	MOVF       R12, 0
;__Lib_MathDouble.c,950 :: 		
0x022F	0x00F1      	MOVWF      R1
;__Lib_MathDouble.c,951 :: 		
0x0230	0x087D      	MOVF       R13, 0
;__Lib_MathDouble.c,952 :: 		
0x0231	0x00F0      	MOVWF      R0
;__Lib_MathDouble.c,954 :: 		
0x0232	0x3000      	MOVLW      0
;__Lib_MathDouble.c,956 :: 		
0x0233	0x2A3F      	GOTO       DIV32EEE
;__Lib_MathDouble.c,957 :: 		
JPDSETFDZ32:
;__Lib_MathDouble.c,958 :: 		
0x0234	0x3001      	MOVLW      1
;__Lib_MathDouble.c,961 :: 		
0x0235	0x216E      	CALL       _SETFDZ32
;__Lib_MathDouble.c,963 :: 		
0x0236	0x2A3F      	GOTO       DIV32EEE
;__Lib_MathDouble.c,964 :: 		
JPDRES032:
;__Lib_MathDouble.c,965 :: 		
0x0237	0x3002      	MOVLW      2
;__Lib_MathDouble.c,968 :: 		
0x0238	0x20E9      	CALL       _RES032
;__Lib_MathDouble.c,970 :: 		
0x0239	0x2A3F      	GOTO       DIV32EEE
;__Lib_MathDouble.c,971 :: 		
JPDSETFOV32:
;__Lib_MathDouble.c,972 :: 		
0x023A	0x3004      	MOVLW      4
;__Lib_MathDouble.c,975 :: 		
0x023B	0x217E      	CALL       _SETFOV32
;__Lib_MathDouble.c,977 :: 		
0x023C	0x2A3F      	GOTO       DIV32EEE
;__Lib_MathDouble.c,978 :: 		
JPDSETFUN32:
;__Lib_MathDouble.c,979 :: 		
0x023D	0x3008      	MOVLW      8
;__Lib_MathDouble.c,982 :: 		
0x023E	0x20BC      	CALL       _SETFUN32
;__Lib_MathDouble.c,984 :: 		
DIV32EEE:
;__Lib_MathDouble.c,985 :: 		
0x023F	0x0000      	NOP
;__Lib_MathDouble.c,994 :: 		
L_end_Div_32x32_FP:
0x0240	0x0008      	RETURN
; end of _Div_32x32_FP
_Int2Double:
;__Lib_MathDouble.c,1812 :: 		
;__Lib_MathDouble.c,1818 :: 		
0x0241	0x1283      	BCF        STATUS, 5
;__Lib_MathDouble.c,1819 :: 		
0x0242	0x1303      	BCF        STATUS, 6
;__Lib_MathDouble.c,1820 :: 		
0x0243	0x0870      	MOVF       R0, 0
;__Lib_MathDouble.c,1821 :: 		
0x0244	0x00F8      	MOVWF      R8
;__Lib_MathDouble.c,1822 :: 		
0x0245	0x0871      	MOVF       R1, 0
;__Lib_MathDouble.c,1823 :: 		
0x0246	0x00F0      	MOVWF      R0
;__Lib_MathDouble.c,1824 :: 		
0x0247	0x01F1      	CLRF       R1
;__Lib_MathDouble.c,1825 :: 		
0x0248	0x01F2      	CLRF       R2
;__Lib_MathDouble.c,1826 :: 		
0x0249	0x01F3      	CLRF       R3
;__Lib_MathDouble.c,1829 :: 		
0x024A	0x01FB      	CLRF       R11
;__Lib_MathDouble.c,1830 :: 		
0x024B	0x01FC      	CLRF       R12
;__Lib_MathDouble.c,1832 :: 		
0x024C	0x3096      	MOVLW      150
;__Lib_MathDouble.c,1833 :: 		
0x024D	0x00F3      	MOVWF      R3
;__Lib_MathDouble.c,1834 :: 		
0x024E	0x01FA      	CLRF       R10
;__Lib_MathDouble.c,1835 :: 		
0x024F	0x1FF0      	BTFSS      R0, 7
;__Lib_MathDouble.c,1836 :: 		
0x0250	0x2A57      	GOTO       FLO1632EEE
;__Lib_MathDouble.c,1838 :: 		
0x0251	0x09F8      	COMF       R8, 1
;__Lib_MathDouble.c,1839 :: 		
0x0252	0x09F0      	COMF       R0, 1
;__Lib_MathDouble.c,1841 :: 		
0x0253	0x0AF8      	INCF       R8, 1
;__Lib_MathDouble.c,1842 :: 		
0x0254	0x1903      	BTFSC      STATUS, 2
;__Lib_MathDouble.c,1843 :: 		
0x0255	0x0AF0      	INCF       R0, 1
;__Lib_MathDouble.c,1845 :: 		
0x0256	0x17FA      	BSF        R10, 7
;__Lib_MathDouble.c,1846 :: 		
FLO1632EEE:
;__Lib_MathDouble.c,1847 :: 		
0x0257	0x0870      	MOVF       R0, 0
;__Lib_MathDouble.c,1848 :: 		
0x0258	0x00F1      	MOVWF      R1
;__Lib_MathDouble.c,1849 :: 		
0x0259	0x0878      	MOVF       R8, 0
;__Lib_MathDouble.c,1850 :: 		
0x025A	0x00F0      	MOVWF      R0
;__Lib_MathDouble.c,1851 :: 		
0x025B	0x01F8      	CLRF       R8
;__Lib_MathDouble.c,1852 :: 		
0x025C	0x01F2      	CLRF       R2
;__Lib_MathDouble.c,1854 :: 		
0x025D	0x20F0      	CALL       _NRM3232
;__Lib_MathDouble.c,1855 :: 		
L_end_Int2Double:
0x025E	0x0008      	RETURN
; end of _Int2Double
_Double2Int:
;__Lib_MathDouble.c,1391 :: 		
;__Lib_MathDouble.c,1399 :: 		
0x025F	0x1283      	BCF        STATUS, 5
;__Lib_MathDouble.c,1400 :: 		
0x0260	0x1303      	BCF        STATUS, 6
;__Lib_MathDouble.c,1402 :: 		
0x0261	0x01FB      	CLRF       R11
;__Lib_MathDouble.c,1403 :: 		
0x0262	0x0873      	MOVF       R3, 0
;__Lib_MathDouble.c,1404 :: 		
0x0263	0x1903      	BTFSC      STATUS, 2
;__Lib_MathDouble.c,1405 :: 		
0x0264	0x2A9C      	GOTO       IRES016
;__Lib_MathDouble.c,1407 :: 		
0x0265	0x0872      	MOVF       R2, 0
;__Lib_MathDouble.c,1408 :: 		
0x0266	0x00FA      	MOVWF      R10
;__Lib_MathDouble.c,1409 :: 		
0x0267	0x17F2      	BSF        R2, 7
;__Lib_MathDouble.c,1411 :: 		
0x0268	0x308E      	MOVLW      142
;__Lib_MathDouble.c,1412 :: 		
0x0269	0x02F3      	SUBWF      R3, 1
;__Lib_MathDouble.c,1413 :: 		
0x026A	0x1FF3      	BTFSS      R3, 7
;__Lib_MathDouble.c,1414 :: 		
0x026B	0x2A9F      	GOTO       SETIOV16
;__Lib_MathDouble.c,1415 :: 		
0x026C	0x09F3      	COMF       R3, 1
;__Lib_MathDouble.c,1416 :: 		
0x026D	0x0AF3      	INCF       R3, 1
;__Lib_MathDouble.c,1418 :: 		
0x026E	0x3008      	MOVLW      8
;__Lib_MathDouble.c,1419 :: 		
0x026F	0x0273      	SUBWF      R3, 0
;__Lib_MathDouble.c,1420 :: 		
0x0270	0x1C03      	BTFSS      STATUS, 0
;__Lib_MathDouble.c,1421 :: 		
0x0271	0x2A82      	GOTO       TSHIFT3216
;__Lib_MathDouble.c,1422 :: 		
0x0272	0x00F3      	MOVWF      R3
;__Lib_MathDouble.c,1423 :: 		
0x0273	0x0DF1      	RLF        R1, 1
;__Lib_MathDouble.c,1424 :: 		
0x0274	0x0872      	MOVF       R2, 0
;__Lib_MathDouble.c,1425 :: 		
0x0275	0x00F1      	MOVWF      R1
;__Lib_MathDouble.c,1426 :: 		
0x0276	0x01F2      	CLRF       R2
;__Lib_MathDouble.c,1428 :: 		
0x0277	0x3008      	MOVLW      8
;__Lib_MathDouble.c,1429 :: 		
0x0278	0x0273      	SUBWF      R3, 0
;__Lib_MathDouble.c,1430 :: 		
0x0279	0x1C03      	BTFSS      STATUS, 0
;__Lib_MathDouble.c,1431 :: 		
0x027A	0x2A82      	GOTO       TSHIFT3216
;__Lib_MathDouble.c,1432 :: 		
0x027B	0x00F3      	MOVWF      R3
;__Lib_MathDouble.c,1433 :: 		
0x027C	0x0DF1      	RLF        R1, 1
;__Lib_MathDouble.c,1434 :: 		
0x027D	0x01F1      	CLRF       R1
;__Lib_MathDouble.c,1436 :: 		
0x027E	0x0873      	MOVF       R3, 0
;__Lib_MathDouble.c,1437 :: 		
0x027F	0x1D03      	BTFSS      STATUS, 2
;__Lib_MathDouble.c,1438 :: 		
0x0280	0x1003      	BCF        STATUS, 0
;__Lib_MathDouble.c,1439 :: 		
0x0281	0x2A8A      	GOTO       SHIFT3216OK
;__Lib_MathDouble.c,1440 :: 		
TSHIFT3216:
;__Lib_MathDouble.c,1441 :: 		
0x0282	0x0873      	MOVF       R3, 0
;__Lib_MathDouble.c,1442 :: 		
0x0283	0x1903      	BTFSC      STATUS, 2
;__Lib_MathDouble.c,1443 :: 		
0x0284	0x2A8A      	GOTO       SHIFT3216OK
;__Lib_MathDouble.c,1444 :: 		
SHIFT3216:
;__Lib_MathDouble.c,1445 :: 		
0x0285	0x1003      	BCF        STATUS, 0
;__Lib_MathDouble.c,1446 :: 		
0x0286	0x0CF2      	RRF        R2, 1
;__Lib_MathDouble.c,1447 :: 		
0x0287	0x0CF1      	RRF        R1, 1
;__Lib_MathDouble.c,1448 :: 		
0x0288	0x0BF3      	DECFSZ     R3, 1
;__Lib_MathDouble.c,1449 :: 		
0x0289	0x2A85      	GOTO       SHIFT3216
;__Lib_MathDouble.c,1450 :: 		
SHIFT3216OK:
;__Lib_MathDouble.c,1451 :: 		
0x028A	0x1B7B      	BTFSC      R11, 6
;__Lib_MathDouble.c,1452 :: 		
0x028B	0x1C71      	BTFSS      R1, 0
;__Lib_MathDouble.c,1453 :: 		
0x028C	0x2A94      	GOTO       INT3216OK
;__Lib_MathDouble.c,1454 :: 		
0x028D	0x1C03      	BTFSS      STATUS, 0
;__Lib_MathDouble.c,1455 :: 		
0x028E	0x2A94      	GOTO       INT3216OK
;__Lib_MathDouble.c,1456 :: 		
0x028F	0x0AF1      	INCF       R1, 1
;__Lib_MathDouble.c,1457 :: 		
0x0290	0x1903      	BTFSC      STATUS, 2
;__Lib_MathDouble.c,1458 :: 		
0x0291	0x0AF2      	INCF       R2, 1
;__Lib_MathDouble.c,1459 :: 		
0x0292	0x1BF2      	BTFSC      R2, 7
;__Lib_MathDouble.c,1460 :: 		
0x0293	0x2AAB      	GOTO       JPJSETIOV3224
;__Lib_MathDouble.c,1461 :: 		
INT3216OK:
;__Lib_MathDouble.c,1462 :: 		
0x0294	0x1FFA      	BTFSS      R10, 7
;__Lib_MathDouble.c,1463 :: 		
0x0295	0x2AAE      	GOTO       INT3216EOK
;__Lib_MathDouble.c,1465 :: 		
0x0296	0x09F2      	COMF       R2, 1
;__Lib_MathDouble.c,1466 :: 		
0x0297	0x09F1      	COMF       R1, 1
;__Lib_MathDouble.c,1467 :: 		
0x0298	0x0AF1      	INCF       R1, 1
;__Lib_MathDouble.c,1468 :: 		
0x0299	0x1903      	BTFSC      STATUS, 2
;__Lib_MathDouble.c,1469 :: 		
0x029A	0x0AF2      	INCF       R2, 1
;__Lib_MathDouble.c,1470 :: 		
0x029B	0x2AAE      	GOTO       INT3216EOK
;__Lib_MathDouble.c,1472 :: 		
IRES016:
;__Lib_MathDouble.c,1473 :: 		
0x029C	0x01F2      	CLRF       R2
;__Lib_MathDouble.c,1474 :: 		
0x029D	0x01F1      	CLRF       R1
;__Lib_MathDouble.c,1475 :: 		
0x029E	0x2AAE      	GOTO       INT3216EOK
;__Lib_MathDouble.c,1476 :: 		
SETIOV16:
;__Lib_MathDouble.c,1477 :: 		
0x029F	0x147B      	BSF        R11, 0
;__Lib_MathDouble.c,1478 :: 		
0x02A0	0x1FFB      	BTFSS      R11, 7
;__Lib_MathDouble.c,1479 :: 		
0x02A1	0x2AB1      	GOTO       INT3216EER
;__Lib_MathDouble.c,1481 :: 		
0x02A2	0x01F2      	CLRF       R2
;__Lib_MathDouble.c,1482 :: 		
0x02A3	0x1FFA      	BTFSS      R10, 7
;__Lib_MathDouble.c,1483 :: 		
0x02A4	0x2AB1      	GOTO       INT3216EER
;__Lib_MathDouble.c,1484 :: 		
0x02A5	0x30FF      	MOVLW      255
;__Lib_MathDouble.c,1485 :: 		
0x02A6	0x00F2      	MOVWF      R2
;__Lib_MathDouble.c,1486 :: 		
0x02A7	0x00F1      	MOVWF      R1
;__Lib_MathDouble.c,1487 :: 		
0x02A8	0x0DFA      	RLF        R10, 1
;__Lib_MathDouble.c,1488 :: 		
0x02A9	0x0CF2      	RRF        R2, 1
;__Lib_MathDouble.c,1489 :: 		
0x02AA	0x2AB1      	GOTO       INT3216EER
;__Lib_MathDouble.c,1491 :: 		
JPJSETIOV3224:
;__Lib_MathDouble.c,1492 :: 		
0x02AB	0x3001      	MOVLW      1
;__Lib_MathDouble.c,1493 :: 		
0x02AC	0x00FC      	MOVWF      R12
;__Lib_MathDouble.c,1494 :: 		
0x02AD	0x2AB3      	GOTO       INT3216EEE
;__Lib_MathDouble.c,1495 :: 		
INT3216EOK:
;__Lib_MathDouble.c,1496 :: 		
0x02AE	0x3000      	MOVLW      0
;__Lib_MathDouble.c,1497 :: 		
0x02AF	0x00FC      	MOVWF      R12
;__Lib_MathDouble.c,1498 :: 		
0x02B0	0x2AB3      	GOTO       INT3216EEE
;__Lib_MathDouble.c,1499 :: 		
INT3216EER:
;__Lib_MathDouble.c,1500 :: 		
0x02B1	0x30FF      	MOVLW      255
;__Lib_MathDouble.c,1501 :: 		
0x02B2	0x00FC      	MOVWF      R12
;__Lib_MathDouble.c,1502 :: 		
INT3216EEE:
;__Lib_MathDouble.c,1505 :: 		
0x02B3	0x08FC      	MOVF       R12, 1
;__Lib_MathDouble.c,1507 :: 		
0x02B4	0x1903      	BTFSC      STATUS, 2
;__Lib_MathDouble.c,1508 :: 		
0x02B5	0x2AB7      	GOTO       L_Double2Int_0
;__Lib_MathDouble.c,1510 :: 		
0x02B6	0x2171      	CALL       _SETIOV3224
;__Lib_MathDouble.c,1512 :: 		
L_Double2Int_0:
;__Lib_MathDouble.c,1513 :: 		
0x02B7	0x0871      	MOVF       R1, 0
;__Lib_MathDouble.c,1514 :: 		
0x02B8	0x00F0      	MOVWF      R0
;__Lib_MathDouble.c,1515 :: 		
0x02B9	0x0872      	MOVF       R2, 0
;__Lib_MathDouble.c,1516 :: 		
0x02BA	0x00F1      	MOVWF      R1
;__Lib_MathDouble.c,1520 :: 		
L_end_Double2Int:
0x02BB	0x0008      	RETURN
; end of _Double2Int
_IntToStr:
;__Lib_Conversions.c,146 :: 		
;__Lib_Conversions.c,152 :: 		
0x02BC	0x1283      	BCF        STATUS, 5
0x02BD	0x1303      	BCF        STATUS, 6
0x02BE	0x01E3      	CLRF       IntToStr_negative_L0
0x02BF	0x01E4      	CLRF       IntToStr_negative_L0+1
;__Lib_Conversions.c,153 :: 		
0x02C0	0x085E      	MOVF       FARG_IntToStr_input, 0
0x02C1	0x00E5      	MOVWF      IntToStr_inword_L0
0x02C2	0x085F      	MOVF       FARG_IntToStr_input+1, 0
0x02C3	0x00E6      	MOVWF      IntToStr_inword_L0+1
;__Lib_Conversions.c,154 :: 		
0x02C4	0x3080      	MOVLW      128
0x02C5	0x065F      	XORWF      FARG_IntToStr_input+1, 0
0x02C6	0x00F0      	MOVWF      R0
0x02C7	0x3080      	MOVLW      128
0x02C8	0x0270      	SUBWF      R0, 0
0x02C9	0x1D03      	BTFSS      STATUS, 2
0x02CA	0x2ACD      	GOTO       L__IntToStr115
0x02CB	0x3000      	MOVLW      0
0x02CC	0x025E      	SUBWF      FARG_IntToStr_input, 0
L__IntToStr115:
0x02CD	0x1803      	BTFSC      STATUS, 0
0x02CE	0x2ADB      	GOTO       L_IntToStr23
;__Lib_Conversions.c,155 :: 		
0x02CF	0x3001      	MOVLW      1
0x02D0	0x00E3      	MOVWF      IntToStr_negative_L0
0x02D1	0x3000      	MOVLW      0
0x02D2	0x00E4      	MOVWF      IntToStr_negative_L0+1
;__Lib_Conversions.c,156 :: 		
0x02D3	0x085E      	MOVF       FARG_IntToStr_input, 0
0x02D4	0x3C00      	SUBLW      0
0x02D5	0x00E5      	MOVWF      IntToStr_inword_L0
0x02D6	0x085F      	MOVF       FARG_IntToStr_input+1, 0
0x02D7	0x1C03      	BTFSS      STATUS, 0
0x02D8	0x3E01      	ADDLW      1
0x02D9	0x01E6      	CLRF       IntToStr_inword_L0+1
0x02DA	0x02E6      	SUBWF      IntToStr_inword_L0+1, 1
;__Lib_Conversions.c,157 :: 		
L_IntToStr23:
;__Lib_Conversions.c,158 :: 		
0x02DB	0x0865      	MOVF       IntToStr_inword_L0, 0
0x02DC	0x00E7      	MOVWF      FARG_WordToStr_input
0x02DD	0x0866      	MOVF       IntToStr_inword_L0+1, 0
0x02DE	0x00E8      	MOVWF      FARG_WordToStr_input+1
0x02DF	0x0860      	MOVF       FARG_IntToStr_output, 0
0x02E0	0x00E9      	MOVWF      FARG_WordToStr_output
0x02E1	0x212E      	CALL       _WordToStr
;__Lib_Conversions.c,160 :: 		
0x02E2	0x3006      	MOVLW      6
0x02E3	0x00E1      	MOVWF      IntToStr_i_L0
0x02E4	0x3000      	MOVLW      0
0x02E5	0x00E2      	MOVWF      IntToStr_i_L0+1
;__Lib_Conversions.c,161 :: 		
L_IntToStr24:
0x02E6	0x0862      	MOVF       IntToStr_i_L0+1, 0
0x02E7	0x3C00      	SUBLW      0
0x02E8	0x1D03      	BTFSS      STATUS, 2
0x02E9	0x2AEC      	GOTO       L__IntToStr116
0x02EA	0x0861      	MOVF       IntToStr_i_L0, 0
0x02EB	0x3C00      	SUBLW      0
L__IntToStr116:
0x02EC	0x1803      	BTFSC      STATUS, 0
0x02ED	0x2B07      	GOTO       L_IntToStr25
;__Lib_Conversions.c,162 :: 		
0x02EE	0x0861      	MOVF       IntToStr_i_L0, 0
0x02EF	0x0760      	ADDWF      FARG_IntToStr_output, 0
0x02F0	0x00F2      	MOVWF      R2
0x02F1	0x3001      	MOVLW      1
0x02F2	0x0261      	SUBWF      IntToStr_i_L0, 0
0x02F3	0x00F0      	MOVWF      R0
0x02F4	0x3000      	MOVLW      0
0x02F5	0x1C03      	BTFSS      STATUS, 0
0x02F6	0x3E01      	ADDLW      1
0x02F7	0x0262      	SUBWF      IntToStr_i_L0+1, 0
0x02F8	0x00F1      	MOVWF      R0+1
0x02F9	0x0870      	MOVF       R0, 0
0x02FA	0x0760      	ADDWF      FARG_IntToStr_output, 0
0x02FB	0x0084      	MOVWF      FSR
0x02FC	0x0800      	MOVF       INDF, 0
0x02FD	0x00F0      	MOVWF      R0
0x02FE	0x0872      	MOVF       R2, 0
0x02FF	0x0084      	MOVWF      FSR
0x0300	0x0870      	MOVF       R0, 0
0x0301	0x0080      	MOVWF      INDF
;__Lib_Conversions.c,163 :: 		
0x0302	0x3001      	MOVLW      1
0x0303	0x02E1      	SUBWF      IntToStr_i_L0, 1
0x0304	0x1C03      	BTFSS      STATUS, 0
0x0305	0x03E2      	DECF       IntToStr_i_L0+1, 1
;__Lib_Conversions.c,164 :: 		
0x0306	0x2AE6      	GOTO       L_IntToStr24
L_IntToStr25:
;__Lib_Conversions.c,165 :: 		
0x0307	0x0860      	MOVF       FARG_IntToStr_output, 0
0x0308	0x0084      	MOVWF      FSR
0x0309	0x3020      	MOVLW      32
0x030A	0x0080      	MOVWF      INDF
;__Lib_Conversions.c,166 :: 		
0x030B	0x0863      	MOVF       IntToStr_negative_L0, 0
0x030C	0x0464      	IORWF      IntToStr_negative_L0+1, 0
0x030D	0x1903      	BTFSC      STATUS, 2
0x030E	0x2B25      	GOTO       L_IntToStr26
;__Lib_Conversions.c,167 :: 		
0x030F	0x01E1      	CLRF       IntToStr_i_L0
0x0310	0x01E2      	CLRF       IntToStr_i_L0+1
;__Lib_Conversions.c,168 :: 		
L_IntToStr27:
0x0311	0x0861      	MOVF       IntToStr_i_L0, 0
0x0312	0x0760      	ADDWF      FARG_IntToStr_output, 0
0x0313	0x0084      	MOVWF      FSR
0x0314	0x0800      	MOVF       INDF, 0
0x0315	0x3A20      	XORLW      32
0x0316	0x1D03      	BTFSS      STATUS, 2
0x0317	0x2B1C      	GOTO       L_IntToStr28
0x0318	0x0AE1      	INCF       IntToStr_i_L0, 1
0x0319	0x1903      	BTFSC      STATUS, 2
0x031A	0x0AE2      	INCF       IntToStr_i_L0+1, 1
0x031B	0x2B11      	GOTO       L_IntToStr27
L_IntToStr28:
;__Lib_Conversions.c,169 :: 		
0x031C	0x3001      	MOVLW      1
0x031D	0x02E1      	SUBWF      IntToStr_i_L0, 1
0x031E	0x1C03      	BTFSS      STATUS, 0
0x031F	0x03E2      	DECF       IntToStr_i_L0+1, 1
;__Lib_Conversions.c,170 :: 		
0x0320	0x0861      	MOVF       IntToStr_i_L0, 0
0x0321	0x0760      	ADDWF      FARG_IntToStr_output, 0
0x0322	0x0084      	MOVWF      FSR
0x0323	0x302D      	MOVLW      45
0x0324	0x0080      	MOVWF      INDF
L_IntToStr26:
;__Lib_Conversions.c,171 :: 		
L_end_IntToStr:
0x0325	0x0008      	RETURN
; end of _IntToStr
___CC2DW:
;__Lib_System.c,134 :: 		
;__Lib_System.c,137 :: 		
_CC2D_Loop1:
;__Lib_System.c,139 :: 		
0x0326	0x211F      	CALL       _____DoICP
0x0327	0x118A      	BCF        PCLATH, 3
0x0328	0x120A      	BCF        PCLATH, 4
;__Lib_System.c,141 :: 		
0x0329	0x0080      	MOVWF      INDF
;__Lib_System.c,142 :: 		
0x032A	0x0A84      	INCF       FSR, 1
;__Lib_System.c,143 :: 		
0x032B	0x0AD3      	INCF       ___DoICPAddr, 1
;__Lib_System.c,145 :: 		
0x032C	0x1903      	BTFSC      STATUS, 2
;__Lib_System.c,146 :: 		
0x032D	0x0AD4      	INCF       ___DoICPAddr+1, 1
;__Lib_System.c,147 :: 		
0x032E	0x03F0      	DECF       R0, 1
;__Lib_System.c,149 :: 		
0x032F	0x1D03      	BTFSS      STATUS, 2
;__Lib_System.c,150 :: 		
0x0330	0x2B26      	GOTO       _CC2D_Loop1
;__Lib_System.c,152 :: 		
L_end___CC2DW:
0x0331	0x0008      	RETURN
; end of ___CC2DW
_Lcd_Out:
;__Lib_Lcd.c,184 :: 		
;__Lib_Lcd.c,187 :: 		
0x0332	0x2B44      	GOTO       L_Lcd_Out11
;__Lib_Lcd.c,188 :: 		
L_Lcd_Out13:
0x0333	0x3080      	MOVLW      128
0x0334	0x1283      	BCF        STATUS, 5
0x0335	0x1303      	BCF        STATUS, 6
0x0336	0x00DE      	MOVWF      FARG_Lcd_Out_row
0x0337	0x2B57      	GOTO       L_Lcd_Out12
;__Lib_Lcd.c,189 :: 		
L_Lcd_Out14:
0x0338	0x30C0      	MOVLW      192
0x0339	0x00DE      	MOVWF      FARG_Lcd_Out_row
0x033A	0x2B57      	GOTO       L_Lcd_Out12
;__Lib_Lcd.c,190 :: 		
L_Lcd_Out15:
0x033B	0x3094      	MOVLW      148
0x033C	0x00DE      	MOVWF      FARG_Lcd_Out_row
0x033D	0x2B57      	GOTO       L_Lcd_Out12
;__Lib_Lcd.c,191 :: 		
L_Lcd_Out16:
0x033E	0x30D4      	MOVLW      212
0x033F	0x00DE      	MOVWF      FARG_Lcd_Out_row
0x0340	0x2B57      	GOTO       L_Lcd_Out12
;__Lib_Lcd.c,192 :: 		
L_Lcd_Out17:
0x0341	0x3080      	MOVLW      128
0x0342	0x00DE      	MOVWF      FARG_Lcd_Out_row
;__Lib_Lcd.c,193 :: 		
0x0343	0x2B57      	GOTO       L_Lcd_Out12
L_Lcd_Out11:
0x0344	0x1283      	BCF        STATUS, 5
0x0345	0x1303      	BCF        STATUS, 6
0x0346	0x085E      	MOVF       FARG_Lcd_Out_row, 0
0x0347	0x3A01      	XORLW      1
0x0348	0x1903      	BTFSC      STATUS, 2
0x0349	0x2B33      	GOTO       L_Lcd_Out13
0x034A	0x085E      	MOVF       FARG_Lcd_Out_row, 0
0x034B	0x3A02      	XORLW      2
0x034C	0x1903      	BTFSC      STATUS, 2
0x034D	0x2B38      	GOTO       L_Lcd_Out14
0x034E	0x085E      	MOVF       FARG_Lcd_Out_row, 0
0x034F	0x3A03      	XORLW      3
0x0350	0x1903      	BTFSC      STATUS, 2
0x0351	0x2B3B      	GOTO       L_Lcd_Out15
0x0352	0x085E      	MOVF       FARG_Lcd_Out_row, 0
0x0353	0x3A04      	XORLW      4
0x0354	0x1903      	BTFSC      STATUS, 2
0x0355	0x2B3E      	GOTO       L_Lcd_Out16
0x0356	0x2B41      	GOTO       L_Lcd_Out17
L_Lcd_Out12:
;__Lib_Lcd.c,194 :: 		
0x0357	0x035F      	DECF       FARG_Lcd_Out_column, 0
0x0358	0x00F0      	MOVWF      R0
0x0359	0x085E      	MOVF       FARG_Lcd_Out_row, 0
0x035A	0x07F0      	ADDWF      R0, 1
0x035B	0x0870      	MOVF       R0, 0
0x035C	0x00DE      	MOVWF      FARG_Lcd_Out_row
;__Lib_Lcd.c,196 :: 		
0x035D	0x0870      	MOVF       R0, 0
0x035E	0x00EC      	MOVWF      FARG_Lcd_Cmd_out_char
0x035F	0x207C      	CALL       _Lcd_Cmd
;__Lib_Lcd.c,197 :: 		
0x0360	0x1052      	BCF        __Lib_Lcd_cmd_status, BitPos(__Lib_Lcd_cmd_status+0)
;__Lib_Lcd.c,198 :: 		
0x0361	0x01E1      	CLRF       Lcd_Out_i_L0
;__Lib_Lcd.c,199 :: 		
L_Lcd_Out18:
0x0362	0x0861      	MOVF       Lcd_Out_i_L0, 0
0x0363	0x0760      	ADDWF      FARG_Lcd_Out_text, 0
0x0364	0x0084      	MOVWF      FSR
0x0365	0x0800      	MOVF       INDF, 0
0x0366	0x1903      	BTFSC      STATUS, 2
0x0367	0x2B70      	GOTO       L_Lcd_Out19
;__Lib_Lcd.c,200 :: 		
0x0368	0x0861      	MOVF       Lcd_Out_i_L0, 0
0x0369	0x0760      	ADDWF      FARG_Lcd_Out_text, 0
0x036A	0x0084      	MOVWF      FSR
0x036B	0x0800      	MOVF       INDF, 0
0x036C	0x00E7      	MOVWF      FARG_Lcd_Chr_CP_out_char
0x036D	0x2126      	CALL       _Lcd_Chr_CP
0x036E	0x0AE1      	INCF       Lcd_Out_i_L0, 1
0x036F	0x2B62      	GOTO       L_Lcd_Out18
L_Lcd_Out19:
;__Lib_Lcd.c,201 :: 		
0x0370	0x1452      	BSF        __Lib_Lcd_cmd_status, BitPos(__Lib_Lcd_cmd_status+0)
;__Lib_Lcd.c,202 :: 		
L_end_Lcd_Out:
0x0371	0x0008      	RETURN
; end of _Lcd_Out
_Lcd_Init:
;__Lib_Lcd.c,84 :: 		
;__Lib_Lcd.c,86 :: 		
0x0372	0x1683      	BSF        STATUS, 5
0x0373	0x1303      	BCF        STATUS, 6
0x0374	0x1188      	BCF        LCD_EN_Direction, BitPos(LCD_EN_Direction+0)
;__Lib_Lcd.c,87 :: 		
0x0375	0x1108      	BCF        LCD_RS_Direction, BitPos(LCD_RS_Direction+0)
;__Lib_Lcd.c,88 :: 		
0x0376	0x1207      	BCF        LCD_D4_Direction, BitPos(LCD_D4_Direction+0)
;__Lib_Lcd.c,89 :: 		
0x0377	0x1287      	BCF        LCD_D5_Direction, BitPos(LCD_D5_Direction+0)
;__Lib_Lcd.c,90 :: 		
0x0378	0x1307      	BCF        LCD_D6_Direction, BitPos(LCD_D6_Direction+0)
;__Lib_Lcd.c,91 :: 		
0x0379	0x1387      	BCF        LCD_D7_Direction, BitPos(LCD_D7_Direction+0)
;__Lib_Lcd.c,93 :: 		
0x037A	0x1283      	BCF        STATUS, 5
0x037B	0x1188      	BCF        LCD_EN, BitPos(LCD_EN+0)
;__Lib_Lcd.c,94 :: 		
0x037C	0x1108      	BCF        LCD_RS, BitPos(LCD_RS+0)
;__Lib_Lcd.c,95 :: 		
0x037D	0x1387      	BCF        LCD_D7, BitPos(LCD_D7+0)
;__Lib_Lcd.c,96 :: 		
0x037E	0x1307      	BCF        LCD_D6, BitPos(LCD_D6+0)
;__Lib_Lcd.c,97 :: 		
0x037F	0x1287      	BCF        LCD_D5, BitPos(LCD_D5+0)
;__Lib_Lcd.c,98 :: 		
0x0380	0x1207      	BCF        LCD_D4, BitPos(LCD_D4+0)
;__Lib_Lcd.c,100 :: 		
0x0381	0x206F      	CALL       _Delay_5500us
;__Lib_Lcd.c,101 :: 		
0x0382	0x206F      	CALL       _Delay_5500us
;__Lib_Lcd.c,102 :: 		
0x0383	0x206F      	CALL       _Delay_5500us
;__Lib_Lcd.c,105 :: 		
0x0384	0x1687      	BSF        LCD_D5, BitPos(LCD_D5+0)
;__Lib_Lcd.c,106 :: 		
0x0385	0x1607      	BSF        LCD_D4, BitPos(LCD_D4+0)
;__Lib_Lcd.c,107 :: 		
0x0386	0x1588      	BSF        LCD_EN, BitPos(LCD_EN+0)
;__Lib_Lcd.c,108 :: 		
0x0387	0x207A      	CALL       _Delay_1us
;__Lib_Lcd.c,109 :: 		
0x0388	0x1188      	BCF        LCD_EN, BitPos(LCD_EN+0)
;__Lib_Lcd.c,110 :: 		
0x0389	0x206F      	CALL       _Delay_5500us
;__Lib_Lcd.c,112 :: 		
0x038A	0x1588      	BSF        LCD_EN, BitPos(LCD_EN+0)
;__Lib_Lcd.c,113 :: 		
0x038B	0x207A      	CALL       _Delay_1us
;__Lib_Lcd.c,114 :: 		
0x038C	0x1188      	BCF        LCD_EN, BitPos(LCD_EN+0)
;__Lib_Lcd.c,115 :: 		
0x038D	0x206F      	CALL       _Delay_5500us
;__Lib_Lcd.c,117 :: 		
0x038E	0x1588      	BSF        LCD_EN, BitPos(LCD_EN+0)
;__Lib_Lcd.c,118 :: 		
0x038F	0x207A      	CALL       _Delay_1us
;__Lib_Lcd.c,119 :: 		
0x0390	0x1188      	BCF        LCD_EN, BitPos(LCD_EN+0)
;__Lib_Lcd.c,120 :: 		
0x0391	0x206F      	CALL       _Delay_5500us
;__Lib_Lcd.c,123 :: 		
0x0392	0x1207      	BCF        LCD_D4, BitPos(LCD_D4+0)
;__Lib_Lcd.c,124 :: 		
0x0393	0x1588      	BSF        LCD_EN, BitPos(LCD_EN+0)
;__Lib_Lcd.c,125 :: 		
0x0394	0x207A      	CALL       _Delay_1us
;__Lib_Lcd.c,126 :: 		
0x0395	0x1188      	BCF        LCD_EN, BitPos(LCD_EN+0)
;__Lib_Lcd.c,127 :: 		
0x0396	0x206F      	CALL       _Delay_5500us
;__Lib_Lcd.c,130 :: 		
0x0397	0x1588      	BSF        LCD_EN, BitPos(LCD_EN+0)
;__Lib_Lcd.c,131 :: 		
0x0398	0x207A      	CALL       _Delay_1us
;__Lib_Lcd.c,132 :: 		
0x0399	0x1188      	BCF        LCD_EN, BitPos(LCD_EN+0)
;__Lib_Lcd.c,134 :: 		
0x039A	0x1287      	BCF        LCD_D5, BitPos(LCD_D5+0)
;__Lib_Lcd.c,135 :: 		
0x039B	0x1787      	BSF        LCD_D7, BitPos(LCD_D7+0)
;__Lib_Lcd.c,136 :: 		
0x039C	0x1588      	BSF        LCD_EN, BitPos(LCD_EN+0)
;__Lib_Lcd.c,137 :: 		
0x039D	0x207A      	CALL       _Delay_1us
;__Lib_Lcd.c,138 :: 		
0x039E	0x1188      	BCF        LCD_EN, BitPos(LCD_EN+0)
;__Lib_Lcd.c,139 :: 		
0x039F	0x206F      	CALL       _Delay_5500us
;__Lib_Lcd.c,142 :: 		
0x03A0	0x1387      	BCF        LCD_D7, BitPos(LCD_D7+0)
;__Lib_Lcd.c,143 :: 		
0x03A1	0x1607      	BSF        LCD_D4, BitPos(LCD_D4+0)
;__Lib_Lcd.c,144 :: 		
0x03A2	0x1588      	BSF        LCD_EN, BitPos(LCD_EN+0)
;__Lib_Lcd.c,145 :: 		
0x03A3	0x207A      	CALL       _Delay_1us
;__Lib_Lcd.c,146 :: 		
0x03A4	0x1188      	BCF        LCD_EN, BitPos(LCD_EN+0)
;__Lib_Lcd.c,148 :: 		
0x03A5	0x1207      	BCF        LCD_D4, BitPos(LCD_D4+0)
;__Lib_Lcd.c,149 :: 		
0x03A6	0x1588      	BSF        LCD_EN, BitPos(LCD_EN+0)
;__Lib_Lcd.c,150 :: 		
0x03A7	0x207A      	CALL       _Delay_1us
;__Lib_Lcd.c,151 :: 		
0x03A8	0x1188      	BCF        LCD_EN, BitPos(LCD_EN+0)
;__Lib_Lcd.c,152 :: 		
0x03A9	0x206F      	CALL       _Delay_5500us
;__Lib_Lcd.c,155 :: 		
0x03AA	0x1588      	BSF        LCD_EN, BitPos(LCD_EN+0)
;__Lib_Lcd.c,156 :: 		
0x03AB	0x207A      	CALL       _Delay_1us
;__Lib_Lcd.c,157 :: 		
0x03AC	0x1188      	BCF        LCD_EN, BitPos(LCD_EN+0)
;__Lib_Lcd.c,159 :: 		
0x03AD	0x1607      	BSF        LCD_D4, BitPos(LCD_D4+0)
;__Lib_Lcd.c,160 :: 		
0x03AE	0x1588      	BSF        LCD_EN, BitPos(LCD_EN+0)
;__Lib_Lcd.c,161 :: 		
0x03AF	0x207A      	CALL       _Delay_1us
;__Lib_Lcd.c,162 :: 		
0x03B0	0x1188      	BCF        LCD_EN, BitPos(LCD_EN+0)
;__Lib_Lcd.c,163 :: 		
0x03B1	0x206F      	CALL       _Delay_5500us
;__Lib_Lcd.c,166 :: 		
0x03B2	0x1207      	BCF        LCD_D4, BitPos(LCD_D4+0)
;__Lib_Lcd.c,167 :: 		
0x03B3	0x1588      	BSF        LCD_EN, BitPos(LCD_EN+0)
;__Lib_Lcd.c,168 :: 		
0x03B4	0x207A      	CALL       _Delay_1us
;__Lib_Lcd.c,169 :: 		
0x03B5	0x1188      	BCF        LCD_EN, BitPos(LCD_EN+0)
;__Lib_Lcd.c,171 :: 		
0x03B6	0x1787      	BSF        LCD_D7, BitPos(LCD_D7+0)
;__Lib_Lcd.c,172 :: 		
0x03B7	0x1707      	BSF        LCD_D6, BitPos(LCD_D6+0)
;__Lib_Lcd.c,173 :: 		
0x03B8	0x1687      	BSF        LCD_D5, BitPos(LCD_D5+0)
;__Lib_Lcd.c,174 :: 		
0x03B9	0x1607      	BSF        LCD_D4, BitPos(LCD_D4+0)
;__Lib_Lcd.c,175 :: 		
0x03BA	0x1588      	BSF        LCD_EN, BitPos(LCD_EN+0)
;__Lib_Lcd.c,176 :: 		
0x03BB	0x207A      	CALL       _Delay_1us
;__Lib_Lcd.c,177 :: 		
0x03BC	0x1188      	BCF        LCD_EN, BitPos(LCD_EN+0)
;__Lib_Lcd.c,179 :: 		
0x03BD	0x206F      	CALL       _Delay_5500us
;__Lib_Lcd.c,181 :: 		
0x03BE	0x1452      	BSF        __Lib_Lcd_cmd_status, BitPos(__Lib_Lcd_cmd_status+0)
;__Lib_Lcd.c,182 :: 		
L_end_Lcd_Init:
0x03BF	0x0008      	RETURN
; end of _Lcd_Init
_Ltrim:
;__Lib_Conversions.c,372 :: 		
;__Lib_Conversions.c,376 :: 		
0x03C0	0x1283      	BCF        STATUS, 5
0x03C1	0x1303      	BCF        STATUS, 6
0x03C2	0x01DF      	CLRF       Ltrim_trimmed_L0
0x03C3	0x01E0      	CLRF       Ltrim_trimmed_L0+1
;__Lib_Conversions.c,377 :: 		
0x03C4	0x085E      	MOVF       FARG_Ltrim_string, 0
0x03C5	0x00F2      	MOVWF      R2
;__Lib_Conversions.c,378 :: 		
0x03C6	0x085E      	MOVF       FARG_Ltrim_string, 0
0x03C7	0x00F3      	MOVWF      R3
;__Lib_Conversions.c,379 :: 		
L_Ltrim70:
;__Lib_Conversions.c,380 :: 		
0x03C8	0x0872      	MOVF       R2, 0
0x03C9	0x0084      	MOVWF      FSR
0x03CA	0x0800      	MOVF       INDF, 0
0x03CB	0x3A20      	XORLW      32
0x03CC	0x1D03      	BTFSS      STATUS, 2
0x03CD	0x2BD3      	GOTO       L__Ltrim99
0x03CE	0x085F      	MOVF       Ltrim_trimmed_L0, 0
0x03CF	0x0460      	IORWF      Ltrim_trimmed_L0+1, 0
0x03D0	0x1D03      	BTFSS      STATUS, 2
0x03D1	0x2BD3      	GOTO       L__Ltrim99
0x03D2	0x2BE0      	GOTO       L_Ltrim75
L__Ltrim99:
;__Lib_Conversions.c,381 :: 		
0x03D3	0x3001      	MOVLW      1
0x03D4	0x00DF      	MOVWF      Ltrim_trimmed_L0
0x03D5	0x3000      	MOVLW      0
0x03D6	0x00E0      	MOVWF      Ltrim_trimmed_L0+1
;__Lib_Conversions.c,382 :: 		
0x03D7	0x0872      	MOVF       R2, 0
0x03D8	0x0084      	MOVWF      FSR
0x03D9	0x0800      	MOVF       INDF, 0
0x03DA	0x00F0      	MOVWF      R0
0x03DB	0x0873      	MOVF       R3, 0
0x03DC	0x0084      	MOVWF      FSR
0x03DD	0x0870      	MOVF       R0, 0
0x03DE	0x0080      	MOVWF      INDF
0x03DF	0x0AF3      	INCF       R3, 1
;__Lib_Conversions.c,383 :: 		
L_Ltrim75:
;__Lib_Conversions.c,385 :: 		
0x03E0	0x0872      	MOVF       R2, 0
0x03E1	0x00F1      	MOVWF      R1
0x03E2	0x0AF2      	INCF       R2, 1
0x03E3	0x0871      	MOVF       R1, 0
0x03E4	0x0084      	MOVWF      FSR
0x03E5	0x0800      	MOVF       INDF, 0
0x03E6	0x3A00      	XORLW      0
0x03E7	0x1D03      	BTFSS      STATUS, 2
0x03E8	0x2BC8      	GOTO       L_Ltrim70
;__Lib_Conversions.c,386 :: 		
0x03E9	0x085E      	MOVF       FARG_Ltrim_string, 0
0x03EA	0x00F0      	MOVWF      R0
;__Lib_Conversions.c,387 :: 		
L_end_Ltrim:
0x03EB	0x0008      	RETURN
; end of _Ltrim
_Word2Double:
;__Lib_MathDouble.c,1862 :: 		
;__Lib_MathDouble.c,1868 :: 		
0x03EC	0x1283      	BCF        STATUS, 5
;__Lib_MathDouble.c,1869 :: 		
0x03ED	0x1303      	BCF        STATUS, 6
;__Lib_MathDouble.c,1870 :: 		
0x03EE	0x0870      	MOVF       R0, 0
;__Lib_MathDouble.c,1871 :: 		
0x03EF	0x00F8      	MOVWF      R8
;__Lib_MathDouble.c,1872 :: 		
0x03F0	0x0871      	MOVF       R1, 0
;__Lib_MathDouble.c,1873 :: 		
0x03F1	0x00F0      	MOVWF      R0
;__Lib_MathDouble.c,1874 :: 		
0x03F2	0x01F1      	CLRF       R1
;__Lib_MathDouble.c,1875 :: 		
0x03F3	0x01F2      	CLRF       R2
;__Lib_MathDouble.c,1876 :: 		
0x03F4	0x01F3      	CLRF       R3
;__Lib_MathDouble.c,1879 :: 		
0x03F5	0x01FB      	CLRF       R11
;__Lib_MathDouble.c,1880 :: 		
0x03F6	0x01FC      	CLRF       R12
;__Lib_MathDouble.c,1882 :: 		
0x03F7	0x3096      	MOVLW      150
;__Lib_MathDouble.c,1883 :: 		
0x03F8	0x00F3      	MOVWF      R3
;__Lib_MathDouble.c,1884 :: 		
0x03F9	0x01FA      	CLRF       R10
;__Lib_MathDouble.c,1886 :: 		
0x03FA	0x0870      	MOVF       R0, 0
;__Lib_MathDouble.c,1887 :: 		
0x03FB	0x00F1      	MOVWF      R1
;__Lib_MathDouble.c,1888 :: 		
0x03FC	0x0878      	MOVF       R8, 0
;__Lib_MathDouble.c,1889 :: 		
0x03FD	0x00F0      	MOVWF      R0
;__Lib_MathDouble.c,1890 :: 		
0x03FE	0x01F8      	CLRF       R8
;__Lib_MathDouble.c,1891 :: 		
0x03FF	0x01F2      	CLRF       R2
;__Lib_MathDouble.c,1893 :: 		
0x0400	0x20F0      	CALL       _NRM3232
;__Lib_MathDouble.c,1894 :: 		
L_end_Word2Double:
0x0401	0x0008      	RETURN
; end of _Word2Double
_main:
0x0402	0x3044      	MOVLW      68
0x0403	0x1283      	BCF        STATUS, 5
0x0404	0x1303      	BCF        STATUS, 6
0x0405	0x00AE      	MOVWF      ?lstr3_ultrasonic_sensor
0x0406	0x3069      	MOVLW      105
0x0407	0x00AF      	MOVWF      47
0x0408	0x3073      	MOVLW      115
0x0409	0x00B0      	MOVWF      48
0x040A	0x3074      	MOVLW      116
0x040B	0x00B1      	MOVWF      49
0x040C	0x3061      	MOVLW      97
0x040D	0x00B2      	MOVWF      50
0x040E	0x306E      	MOVLW      110
0x040F	0x00B3      	MOVWF      51
0x0410	0x3063      	MOVLW      99
0x0411	0x00B4      	MOVWF      52
0x0412	0x3065      	MOVLW      101
0x0413	0x00B5      	MOVWF      53
0x0414	0x3020      	MOVLW      32
0x0415	0x00B6      	MOVWF      54
0x0416	0x303D      	MOVLW      61
0x0417	0x00B7      	MOVWF      55
0x0418	0x3020      	MOVLW      32
0x0419	0x00B8      	MOVWF      56
0x041A	0x01B9      	CLRF       57
0x041B	0x3063      	MOVLW      99
0x041C	0x00BA      	MOVWF      ?lstr4_ultrasonic_sensor
0x041D	0x306D      	MOVLW      109
0x041E	0x00BB      	MOVWF      59
0x041F	0x01BC      	CLRF       60
0x0420	0x3043      	MOVLW      67
0x0421	0x00BD      	MOVWF      ?lstr2_ultrasonic_sensor
0x0422	0x3045      	MOVLW      69
0x0423	0x00BE      	MOVWF      62
0x0424	0x304C      	MOVLW      76
0x0425	0x00BF      	MOVWF      63
0x0426	0x3041      	MOVLW      65
0x0427	0x00C0      	MOVWF      64
0x0428	0x3042      	MOVLW      66
0x0429	0x00C1      	MOVWF      65
0x042A	0x01C2      	CLRF       66
0x042B	0x3044      	MOVLW      68
0x042C	0x00C3      	MOVWF      ?lstr1_ultrasonic_sensor
0x042D	0x3065      	MOVLW      101
0x042E	0x00C4      	MOVWF      68
0x042F	0x3076      	MOVLW      118
0x0430	0x00C5      	MOVWF      69
0x0431	0x3065      	MOVLW      101
0x0432	0x00C6      	MOVWF      70
0x0433	0x306C      	MOVLW      108
0x0434	0x00C7      	MOVWF      71
0x0435	0x306F      	MOVLW      111
0x0436	0x00C8      	MOVWF      72
0x0437	0x3070      	MOVLW      112
0x0438	0x00C9      	MOVWF      73
0x0439	0x3065      	MOVLW      101
0x043A	0x00CA      	MOVWF      74
0x043B	0x3064      	MOVLW      100
0x043C	0x00CB      	MOVWF      75
0x043D	0x3020      	MOVLW      32
0x043E	0x00CC      	MOVWF      76
0x043F	0x3042      	MOVLW      66
0x0440	0x00CD      	MOVWF      77
0x0441	0x3079      	MOVLW      121
0x0442	0x00CE      	MOVWF      78
0x0443	0x01CF      	CLRF       79
;ultrasonic_sensor.c,37 :: 		void main()
;ultrasonic_sensor.c,40 :: 		Lcd_Init();
0x0444	0x2372      	CALL       _Lcd_Init
;ultrasonic_sensor.c,41 :: 		Lcd_Cmd(_LCD_CLEAR);                 // Clear display
0x0445	0x3001      	MOVLW      1
0x0446	0x00EC      	MOVWF      FARG_Lcd_Cmd_out_char
0x0447	0x207C      	CALL       _Lcd_Cmd
;ultrasonic_sensor.c,42 :: 		Lcd_Cmd(_LCD_CURSOR_OFF);            // Cursor off
0x0448	0x300C      	MOVLW      12
0x0449	0x00EC      	MOVWF      FARG_Lcd_Cmd_out_char
0x044A	0x207C      	CALL       _Lcd_Cmd
;ultrasonic_sensor.c,44 :: 		TRISB = 0b00010000;
0x044B	0x3010      	MOVLW      16
0x044C	0x1683      	BSF        STATUS, 5
0x044D	0x0086      	MOVWF      TRISB
;ultrasonic_sensor.c,45 :: 		INTCON.GIE = 1;                      //Global Interrupt Enable
0x044E	0x178B      	BSF        INTCON, 7
;ultrasonic_sensor.c,46 :: 		INTCON.RBIF = 0;                     //Clear PORTB On-Change Interrupt Flag
0x044F	0x100B      	BCF        INTCON, 0
;ultrasonic_sensor.c,47 :: 		INTCON.RBIE = 1;                     //Enable PORTB On-Change Interrupt
0x0450	0x158B      	BSF        INTCON, 3
;ultrasonic_sensor.c,49 :: 		Lcd_Out(1,1,"Developed By");
0x0451	0x3001      	MOVLW      1
0x0452	0x1283      	BCF        STATUS, 5
0x0453	0x00DE      	MOVWF      FARG_Lcd_Out_row
0x0454	0x3001      	MOVLW      1
0x0455	0x00DF      	MOVWF      FARG_Lcd_Out_column
0x0456	0x3043      	MOVLW      ?lstr1_ultrasonic_sensor
0x0457	0x00E0      	MOVWF      FARG_Lcd_Out_text
0x0458	0x2332      	CALL       _Lcd_Out
;ultrasonic_sensor.c,50 :: 		Lcd_Out(2,1,"CELAB");
0x0459	0x3002      	MOVLW      2
0x045A	0x00DE      	MOVWF      FARG_Lcd_Out_row
0x045B	0x3001      	MOVLW      1
0x045C	0x00DF      	MOVWF      FARG_Lcd_Out_column
0x045D	0x303D      	MOVLW      ?lstr2_ultrasonic_sensor
0x045E	0x00E0      	MOVWF      FARG_Lcd_Out_text
0x045F	0x2332      	CALL       _Lcd_Out
;ultrasonic_sensor.c,52 :: 		Delay_ms(3000);
0x0460	0x3010      	MOVLW      16
0x0461	0x00FB      	MOVWF      R11
0x0462	0x3039      	MOVLW      57
0x0463	0x00FC      	MOVWF      R12
0x0464	0x300D      	MOVLW      13
0x0465	0x00FD      	MOVWF      R13
L_main3:
0x0466	0x0BFD      	DECFSZ     R13, 1
0x0467	0x2C66      	GOTO       L_main3
0x0468	0x0BFC      	DECFSZ     R12, 1
0x0469	0x2C66      	GOTO       L_main3
0x046A	0x0BFB      	DECFSZ     R11, 1
0x046B	0x2C66      	GOTO       L_main3
0x046C	0x0000      	NOP
0x046D	0x0000      	NOP
;ultrasonic_sensor.c,53 :: 		Lcd_Cmd(_LCD_CLEAR);
0x046E	0x3001      	MOVLW      1
0x046F	0x00EC      	MOVWF      FARG_Lcd_Cmd_out_char
0x0470	0x207C      	CALL       _Lcd_Cmd
;ultrasonic_sensor.c,55 :: 		T1CON = 0x10;                        //Initializing Timer Module
0x0471	0x3010      	MOVLW      16
0x0472	0x0090      	MOVWF      T1CON
;ultrasonic_sensor.c,57 :: 		while(1)
L_main4:
;ultrasonic_sensor.c,59 :: 		TMR1H = 0;                  //Sets the Initial Value of Timer
0x0473	0x018F      	CLRF       TMR1H
;ultrasonic_sensor.c,60 :: 		TMR1L = 0;                  //Sets the Initial Value of Timer
0x0474	0x018E      	CLRF       TMR1L
;ultrasonic_sensor.c,62 :: 		PORTB.F0 = 1;               //TRIGGER HIGH
0x0475	0x1406      	BSF        PORTB, 0
;ultrasonic_sensor.c,63 :: 		Delay_us(10);               //10uS Delay
0x0476	0x3003      	MOVLW      3
0x0477	0x00FD      	MOVWF      R13
L_main6:
0x0478	0x0BFD      	DECFSZ     R13, 1
0x0479	0x2C78      	GOTO       L_main6
;ultrasonic_sensor.c,64 :: 		PORTB.F0 = 0;               //TRIGGER LOW
0x047A	0x1006      	BCF        PORTB, 0
;ultrasonic_sensor.c,66 :: 		while(!PORTB.F4);           //Waiting for Echo
L_main7:
0x047B	0x1A06      	BTFSC      PORTB, 4
0x047C	0x2C7E      	GOTO       L_main8
0x047D	0x2C7B      	GOTO       L_main7
L_main8:
;ultrasonic_sensor.c,67 :: 		T1CON.F0 = 1;               //Timer Starts
0x047E	0x1410      	BSF        T1CON, 0
;ultrasonic_sensor.c,68 :: 		while(PORTB.F4);            //Waiting for Echo goes LOW
L_main9:
0x047F	0x1E06      	BTFSS      PORTB, 4
0x0480	0x2C82      	GOTO       L_main10
0x0481	0x2C7F      	GOTO       L_main9
L_main10:
;ultrasonic_sensor.c,69 :: 		T1CON.F0 = 0;               //Timer Stops
0x0482	0x1010      	BCF        T1CON, 0
;ultrasonic_sensor.c,71 :: 		a = (TMR1L | (TMR1H<<8));   //Reads Timer Value
0x0483	0x080F      	MOVF       TMR1H, 0
0x0484	0x00F1      	MOVWF      R0+1
0x0485	0x01F0      	CLRF       R0
0x0486	0x080E      	MOVF       TMR1L, 0
0x0487	0x04F0      	IORWF      R0, 1
0x0488	0x3000      	MOVLW      0
0x0489	0x04F1      	IORWF      R0+1, 1
0x048A	0x0870      	MOVF       R0, 0
0x048B	0x00D0      	MOVWF      _a
0x048C	0x0871      	MOVF       R0+1, 0
0x048D	0x00D1      	MOVWF      _a+1
;ultrasonic_sensor.c,72 :: 		a = a/58.82;                //Converts Time to Distance
0x048E	0x2241      	CALL       _Int2Double
0x048F	0x30AE      	MOVLW      174
0x0490	0x00F4      	MOVWF      R4
0x0491	0x3047      	MOVLW      71
0x0492	0x00F5      	MOVWF      R4+1
0x0493	0x306B      	MOVLW      107
0x0494	0x00F6      	MOVWF      R4+2
0x0495	0x3084      	MOVLW      132
0x0496	0x00F7      	MOVWF      R4+3
0x0497	0x218A      	CALL       _Div_32x32_FP
0x0498	0x225F      	CALL       _Double2Int
0x0499	0x0870      	MOVF       R0, 0
0x049A	0x00D0      	MOVWF      _a
0x049B	0x0871      	MOVF       R0+1, 0
0x049C	0x00D1      	MOVWF      _a+1
;ultrasonic_sensor.c,74 :: 		if(a>=2 && a<=400)          //Check whether the result is valid or not
0x049D	0x0AF0      	INCF       R0, 1
0x049E	0x1903      	BTFSC      STATUS, 2
0x049F	0x0AF1      	INCF       R0+1, 1
0x04A0	0x0870      	MOVF       R0, 0
0x04A1	0x00D0      	MOVWF      _a
0x04A2	0x0871      	MOVF       R0+1, 0
0x04A3	0x00D1      	MOVWF      _a+1
;ultrasonic_sensor.c,76 :: 		IntToStr(a,txt);
0x04A4	0x0870      	MOVF       R0, 0
0x04A5	0x00DE      	MOVWF      FARG_IntToStr_input
0x04A6	0x0871      	MOVF       R0+1, 0
0x04A7	0x00DF      	MOVWF      FARG_IntToStr_input+1
0x04A8	0x3057      	MOVLW      main_txt_L0
0x04A9	0x00E0      	MOVWF      FARG_IntToStr_output
0x04AA	0x22BC      	CALL       _IntToStr
;ultrasonic_sensor.c,77 :: 		Ltrim(txt);
0x04AB	0x3057      	MOVLW      main_txt_L0
0x04AC	0x00DE      	MOVWF      FARG_Ltrim_string
0x04AD	0x23C0      	CALL       _Ltrim
;ultrasonic_sensor.c,78 :: 		Lcd_Cmd(_LCD_CLEAR);
0x04AE	0x3001      	MOVLW      1
0x04AF	0x00EC      	MOVWF      FARG_Lcd_Cmd_out_char
0x04B0	0x207C      	CALL       _Lcd_Cmd
;ultrasonic_sensor.c,79 :: 		Lcd_Out(1,1,"Distance = ");
0x04B1	0x3001      	MOVLW      1
0x04B2	0x00DE      	MOVWF      FARG_Lcd_Out_row
0x04B3	0x3001      	MOVLW      1
0x04B4	0x00DF      	MOVWF      FARG_Lcd_Out_column
0x04B5	0x302E      	MOVLW      ?lstr3_ultrasonic_sensor
0x04B6	0x00E0      	MOVWF      FARG_Lcd_Out_text
0x04B7	0x2332      	CALL       _Lcd_Out
;ultrasonic_sensor.c,80 :: 		Lcd_Out(1,12,txt);
0x04B8	0x3001      	MOVLW      1
0x04B9	0x00DE      	MOVWF      FARG_Lcd_Out_row
0x04BA	0x300C      	MOVLW      12
0x04BB	0x00DF      	MOVWF      FARG_Lcd_Out_column
0x04BC	0x3057      	MOVLW      main_txt_L0
0x04BD	0x00E0      	MOVWF      FARG_Lcd_Out_text
0x04BE	0x2332      	CALL       _Lcd_Out
;ultrasonic_sensor.c,81 :: 		Lcd_Out(1,15,"cm");
0x04BF	0x3001      	MOVLW      1
0x04C0	0x00DE      	MOVWF      FARG_Lcd_Out_row
0x04C1	0x300F      	MOVLW      15
0x04C2	0x00DF      	MOVWF      FARG_Lcd_Out_column
0x04C3	0x303A      	MOVLW      ?lstr4_ultrasonic_sensor
0x04C4	0x00E0      	MOVWF      FARG_Lcd_Out_text
0x04C5	0x2332      	CALL       _Lcd_Out
;ultrasonic_sensor.c,83 :: 		Delay_ms(400);
0x04C6	0x3003      	MOVLW      3
0x04C7	0x00FB      	MOVWF      R11
0x04C8	0x3008      	MOVLW      8
0x04C9	0x00FC      	MOVWF      R12
0x04CA	0x3077      	MOVLW      119
0x04CB	0x00FD      	MOVWF      R13
L_main11:
0x04CC	0x0BFD      	DECFSZ     R13, 1
0x04CD	0x2CCC      	GOTO       L_main11
0x04CE	0x0BFC      	DECFSZ     R12, 1
0x04CF	0x2CCC      	GOTO       L_main11
0x04D0	0x0BFB      	DECFSZ     R11, 1
0x04D1	0x2CCC      	GOTO       L_main11
;ultrasonic_sensor.c,84 :: 		}
0x04D2	0x2C73      	GOTO       L_main4
;ultrasonic_sensor.c,85 :: 		}
L_end_main:
0x04D3	0x2CD3      	GOTO       $+0
; end of _main
Symbol List:
//** Routines locations **
//ADDRESS    SIZE    PROCEDURE
//----------------------------------------------
0x0004      [99]    _interrupt
0x0067       [8]    _Delay_50us
0x006F      [11]    _Delay_5500us
0x007A       [2]    _Delay_1us
0x007C      [64]    _Lcd_Cmd
0x00BC      [12]    _SETFUN32
0x00C8      [29]    _Div_16x16_U
0x00E5       [4]    _FIXSIGN32
0x00E9       [7]    _RES032
0x00F0      [47]    _NRM3232
0x011F       [7]    _____DoICP
0x0126       [8]    _Lcd_Chr_CP
0x012E      [64]    _WordToStr
0x016E       [3]    _SETFDZ32
0x0171      [13]    _SETIOV3224
0x017E      [12]    _SETFOV32
0x018A     [183]    _Div_32x32_FP
0x0241      [30]    _Int2Double
0x025F      [93]    _Double2Int
0x02BC     [106]    _IntToStr
0x0326      [12]    ___CC2DW
0x0332      [64]    _Lcd_Out
0x0372      [78]    _Lcd_Init
0x03C0      [44]    _Ltrim
0x03EC      [22]    _Word2Double
0x0402     [210]    _main
//** Variables locations ** 
//ADDRESS    SIZE    VARIABLE
//----------------------------------------------
0x0000       [1]    INDF
0x0002       [1]    PCL
0x0003       [1]    STATUS
0x0004       [1]    FSR
0x0006       [1]    PORTB
0x0007       [0]    LCD_D5
0x0007       [0]    LCD_D4
0x0007       [0]    RC4_bit
0x0007       [0]    RC6_bit
0x0007       [0]    RC5_bit
0x0007       [0]    LCD_D6
0x0007       [0]    LCD_D7
0x0007       [0]    RC7_bit
0x0008       [0]    RD3_bit
0x0008       [0]    LCD_RS
0x0008       [0]    RD2_bit
0x0008       [0]    LCD_EN
0x000A       [1]    PCLATH
0x000B       [1]    INTCON
0x000E       [1]    TMR1L
0x000F       [1]    TMR1H
0x0010       [1]    T1CON
0x0020       [1]    __math_tempbD
0x002E      [12]    ?lstr3_ultrasonic_sensor
0x003A       [3]    ?lstr4_ultrasonic_sensor
0x003D       [6]    ?lstr2_ultrasonic_sensor
0x0043      [13]    ?lstr1_ultrasonic_sensor
0x0050       [2]    _a
0x0052       [0]    __Lib_Lcd_cmd_status
0x0053       [2]    ___DoICPAddr
0x0055       [1]    ___saveSTATUS
0x0056       [1]    ___savePCLATH
0x0057       [7]    main_txt_L0
0x005E       [1]    FARG_Lcd_Out_row
0x005E       [1]    FARG_Ltrim_string
0x005E       [2]    FARG_IntToStr_input
0x005F       [2]    Ltrim_trimmed_L0
0x005F       [1]    FARG_Lcd_Out_column
0x0060       [1]    FARG_IntToStr_output
0x0060       [1]    FARG_Lcd_Out_text
0x0061       [1]    Lcd_Out_i_L0
0x0061       [2]    IntToStr_i_L0
0x0063       [2]    IntToStr_negative_L0
0x0065       [2]    IntToStr_inword_L0
0x0067       [1]    FARG_Lcd_Chr_CP_out_char
0x0067       [2]    FARG_WordToStr_input
0x0069       [1]    FARG_WordToStr_output
0x006A       [1]    WordToStr_len_L0
0x006B       [1]    FLOC__WordToStr
0x006C       [1]    FARG_Lcd_Cmd_out_char
0x0070       [1]    R0
0x0071       [1]    R1
0x0072       [1]    R2
0x0073       [1]    R3
0x0074       [1]    R4
0x0075       [1]    R5
0x0076       [1]    R6
0x0077       [1]    R7
0x0078       [1]    R8
0x0079       [1]    R9
0x007A       [1]    R10
0x007B       [1]    R11
0x007C       [1]    R12
0x007D       [1]    R13
0x007E       [1]    R14
0x007F       [1]    R15
0x0086       [1]    TRISB
0x0087       [0]    LCD_D5_Direction
0x0087       [0]    LCD_D4_Direction
0x0087       [0]    LCD_D7_Direction
0x0087       [0]    LCD_D6_Direction
0x0087       [0]    TRISC5_bit
0x0087       [0]    TRISC6_bit
0x0087       [0]    TRISC7_bit
0x0087       [0]    TRISC4_bit
0x0088       [0]    TRISD3_bit
0x0088       [0]    LCD_EN_Direction
0x0088       [0]    LCD_RS_Direction
0x0088       [0]    TRISD2_bit
//** Label List: ** 
//----------------------------------------------
  L_interrupt0
  L_interrupt1
  L_interrupt2
  L_main3
  L_main4
  L_main5
  L_main6
  L_main7
  L_main8
  L_main9
  L_main10
  L_main11
  L_end_interrupt
  _interrupt
  L__interrupt13
  L_end_main
  _main
  L_ByteToStr0
  L_ByteToStr1
  L_ByteToStr2
  L_ByteToStr3
  L_ByteToStr4
  L_ByteToStr5
  L_WordToStr6
  L_WordToStr7
  L_WordToStr8
  L_WordToStr9
  L_WordToStr10
  L_WordToStr11
  L_WordToStrWithZeros12
  L_WordToStrWithZeros13
  L_WordToStrWithZeros14
  L_WordToStrWithZeros15
  L_WordToStrWithZeros16
  L_ShortToStr17
  L_ShortToStr18
  L_ShortToStr19
  L_ShortToStr20
  L_ShortToStr21
  L_ShortToStr22
  L_IntToStr23
  L_IntToStr24
  L_IntToStr25
  L_IntToStr26
  L_IntToStr27
  L_IntToStr28
  L_IntToStrWithZeros29
  L_IntToStrWithZeros30
  L_IntToStrWithZeros31
  L_IntToStrWithZeros32
  L_IntToStrWithZeros33
  L_IntToStrWithZeros34
  L_IntToStrWithZeros35
  L_IntToStrWithZeros36
  L_IntToStrWithZeros37
  L_LongWordToStr38
  L_LongWordToStr39
  L_LongWordToStr40
  L_LongWordToStr41
  L_LongWordToStr42
  L_LongWordToStr43
  L_LongWordToStrWithZeros44
  L_LongWordToStrWithZeros45
  L_LongWordToStrWithZeros46
  L_LongWordToStrWithZeros47
  L_LongWordToStrWithZeros48
  L_LongToStr49
  L_LongToStr50
  L_LongToStr51
  L_LongToStr52
  L_LongToStr53
  L_LongToStr54
  L_LongIntToStrWithZeros55
  L_LongIntToStrWithZeros56
  L_LongIntToStrWithZeros57
  L_LongIntToStrWithZeros58
  L_LongIntToStrWithZeros59
  L_LongIntToStrWithZeros60
  L_LongIntToStrWithZeros61
  L_LongIntToStrWithZeros62
  L_LongIntToStrWithZeros63
  L_Dec2Bcd64
  L_Dec2Bcd65
  L_Rtrim66
  L_Rtrim67
  L_Rtrim68
  L_Rtrim69
  L_Ltrim70
  L_Ltrim71
  L_Ltrim72
  L_Ltrim73
  L_Ltrim74
  L_Ltrim75
  L_FloatToStr76
  L_FloatToStr77
  L_FloatToStr78
  L_FloatToStr79
  L_FloatToStr80
  L_FloatToStr81
  L_FloatToStr82
  L_FloatToStr83
  L_FloatToStr84
  L_FloatToStr85
  L_FloatToStr86
  L_FloatToStr87
  L_FloatToStr88
  L_FloatToStr89
  L_FloatToStr90
  L_FloatToStr91
  L_FloatToStr92
  L_FloatToStr93
  L_FloatToStr94
  L_FloatToStr95
  L_FloatToStr96
  L_FloatToStr97
  L__Rtrim98
  L__Ltrim99
  L__FloatToStr100
  L_end_ByteToHex
  _ByteToHex
  L_end_ShortToHex
  _ShortToHex
  L_end_WordToHex
  _WordToHex
  L_end_IntToHex
  _IntToHex
  L_end_LongWordToHex
  _LongWordToHex
  L_end_LongIntToHex
  _LongIntToHex
  L_end_ByteToStr
  _ByteToStr
  L_end_WordToStr
  _WordToStr
  L__WordToStr109
  L_end_WordToStrWithZeros
  _WordToStrWithZeros
  L__WordToStrWithZeros111
  L_end_ShortToStr
  _ShortToStr
  L__ShortToStr113
  L_end_IntToStr
  _IntToStr
  L__IntToStr115
  L__IntToStr116
  L_end_IntToStrWithZeros
  _IntToStrWithZeros
  L__IntToStrWithZeros118
  L__IntToStrWithZeros119
  L__IntToStrWithZeros120
  L_end_LongWordToStr
  _LongWordToStr
  L__LongWordToStr122
  L__LongWordToStr123
  L_end_LongWordToStrWithZeros
  _LongWordToStrWithZeros
  L__LongWordToStrWithZeros125
  L_end_LongToStr
  _LongToStr
  L__LongToStr127
  L__LongToStr128
  L_end_LongIntToStrWithZeros
  _LongIntToStrWithZeros
  L__LongIntToStrWithZeros130
  L__LongIntToStrWithZeros131
  L__LongIntToStrWithZeros132
  L_end_Dec2Bcd
  _Dec2Bcd
  L_end_Bcd2Dec
  _Bcd2Dec
  L_end_Bcd2Dec16
  _Bcd2Dec16
  L__Bcd2Dec16136
  L__Bcd2Dec16137
  L_end_Dec2Bcd16
  _Dec2Bcd16
  L__Dec2Bcd16139
  L__Dec2Bcd16140
  L_end_Rtrim
  _Rtrim
  L_end_Ltrim
  _Ltrim
  L_end_FloatToStr
  _FloatToStr
  L__FloatToStr144
  L__FloatToStr145
  L__FloatToStr146
  L__FloatToStr147
  L__FloatToStr148
  L_Delay_10us0
  L_Delay_22us1
  L_Delay_50us2
  L_Delay_80us3
  L_Delay_500us4
  L_Delay_5500us5
  L_Delay_1ms6
  L_Delay_5ms7
  L_Delay_8ms8
  L_Delay_10ms9
  L_Delay_100ms10
  L_Delay_1sec11
  L_boot16_Delay_5ms12
  L_Delay_Cyc13
  L_Delay_Cyc14
  L_VDelay_ms15
  L_VDelay_ms16
  L_VDelay_ms17
  L_VDelay_Advanced_ms18
  L_VDelay_Advanced_ms19
  L_VDelay_Advanced_ms20
  L_end_Get_Fosc_kHz
  _Get_Fosc_kHz
  L_end_Delay_1us
  _Delay_1us
  L_end_Delay_10us
  _Delay_10us
  L_end_Delay_22us
  _Delay_22us
  L_end_Delay_50us
  _Delay_50us
  L_end_Delay_80us
  _Delay_80us
  L_end_Delay_500us
  _Delay_500us
  L_end_Delay_5500us
  _Delay_5500us
  L_end_Delay_1ms
  _Delay_1ms
  L_end_Delay_5ms
  _Delay_5ms
  L_end_Delay_8ms
  _Delay_8ms
  L_end_Delay_10ms
  _Delay_10ms
  L_end_Delay_100ms
  _Delay_100ms
  L_end_Delay_1sec
  _Delay_1sec
  L_end_boot16_Delay_5ms
  _boot16_Delay_5ms
  L_end_Delay_Cyc
  _Delay_Cyc
  L_end_VDelay_ms
  _VDelay_ms
  L__VDelay_ms38
  L__VDelay_ms39
  L__VDelay_ms40
  L_end_VDelay_Advanced_ms
  _VDelay_Advanced_ms
  L__VDelay_Advanced_ms42
  L__VDelay_Advanced_ms43
  L__VDelay_Advanced_ms44
  L_Lcd_Cmd0
  L_Lcd_Cmd1
  L_Lcd_Out_CP2
  L_Lcd_Out_CP3
  L_Lcd_Chr4
  L_Lcd_Chr5
  L_Lcd_Chr6
  L_Lcd_Chr7
  L_Lcd_Chr8
  L_Lcd_Chr9
  L_Lcd_Chr10
  L_Lcd_Out11
  L_Lcd_Out12
  L_Lcd_Out13
  L_Lcd_Out14
  L_Lcd_Out15
  L_Lcd_Out16
  L_Lcd_Out17
  L_Lcd_Out18
  L_Lcd_Out19
  L_end_Lcd_Cmd
  _Lcd_Cmd
  L__Lcd_Cmd21
  L__Lcd_Cmd22
  L__Lcd_Cmd23
  L__Lcd_Cmd24
  L__Lcd_Cmd25
  L__Lcd_Cmd26
  L__Lcd_Cmd27
  L__Lcd_Cmd28
  L__Lcd_Cmd29
  L__Lcd_Cmd30
  L__Lcd_Cmd31
  L__Lcd_Cmd32
  L__Lcd_Cmd33
  L__Lcd_Cmd34
  L__Lcd_Cmd35
  L__Lcd_Cmd36
  L__Lcd_Cmd37
  L__Lcd_Cmd38
  L__Lcd_Cmd39
  L__Lcd_Cmd40
  L_end_Lcd_Chr_CP
  _Lcd_Chr_CP
  L_end_Lcd_Out_CP
  _Lcd_Out_CP
  L_end_Lcd_Chr
  _Lcd_Chr
  L_end_Lcd_Init
  _Lcd_Init
  L_end_Lcd_Out
  _Lcd_Out
  L_Div_16x16_S0
  L_Div_16x16_S1
  LOOPS3232A
  SADD22LA
  SOK22LA
  SADD22L8
  SOK22L8
  LOOPS3232B
  SADD22LB
  SOK22LB
  SADD22L16
  SOK22L16
  LOOPS3232C
  SADD22LC
  SOK22LC
  SADD22L24
  SOK22L24
  LOOPS3232D
  SADD22LD
  SOK22LD
  SOK22L
  L_Div_32x32_S6
  L_Div_32x32_S7
  L_Div_32x32_S8
  L_Div_32x32_S9
  FXD3232S
  END_ALL
  CA3232S
  C3232SX
  C3232SX1
  C3232S
  C3232S2
  C3232SX4
  C3232SOK
  C3232SX3
  C3232SX2
  avoid_comfrem
  LOOPU3232A
  UADD22LA
  UOK22LA
  UADD22L8
  UOK22L8
  LOOPU3232B
  UADD22LB
  UOK22LB
  UADD22L16
  UOK22L16
  LOOPU3232C
  UADD22LC
  UOK22LC
  UADD22L24
  UOK22L24
  LOOPU3232D
  UADD22LD
  UOK22LD
  UOK22L
  _NEXT
  _EXIT2
  _LOOP
  _EXIT1
  _IF_FIRST
  _IF_SECOND
  _INVERCE_FIRST
  _MULT
  _INBERSE_SECOND
  _EXIT
  L_end_Mul_8x8_U
  _Mul_8x8_U
  L_end_Mul_16x16_U
  _Mul_16x16_U
  L_end_Div_8x8_U
  _Div_8x8_U
  L_end_Div_16x16_U
  _Div_16x16_U
  L_end_Mul_8x8_S
  _Mul_8x8_S
  L_end_Mul_16x16_S
  _Mul_16x16_S
  L_end_Div_16x16_S_L
  _Div_16x16_S_L
  L_end_Div_16x16_S
  _Div_16x16_S
  L_end_Div_8x8_S
  _Div_8x8_S
  L_end_SDIV3232L
  _SDIV3232L
  L_end_COMFREM
  _COMFREM
  L_end_Div_32x32_S
  _Div_32x32_S
  L_end_Div_32x32_U
  _Div_32x32_U
  L_end_Mul_32x32_U
  _Mul_32x32_U
  L_end_Mul_32x32_S
  _Mul_32x32_S
  SETFOV32EEE
  SETFUN32EEE
  NORM3232
  JPNRES032
  JPNSETFUN32
  NORM3232A
  JMPNFIXSIGN32
  NORM32EEE
  NRMRND4032
  NRM4032
  JMPSETFOV32
  NORM4032
  JMPRES032
  JMPSETFUN32
  NORM4032A
  JMPFIXSIGN32
  NRM4032EEE
  USEA32
  JMPEEE
  ALIGNED32
  ALIGNB32
  ALOOPB32
  AOK32
  ACOMP32
  JMPNRMRND4032
  ADD_JMPSETFOV32
  JMPNRM4032
  JMPNRM32
  ADD32EEE
  FPM32
  JPMRES032
  M32BNE0
  MTUN32
  JPMSETFOV32
  MOK32
  JPMSETFUN32
  MLOOP32
  MNOADD32
  MADD32
  MROUND32
  MUL32OK
  MUL32EEE
  L_Div_32x32_FP7
  L_Div_32x32_FP8
  L_Div_32x32_FP9
  L_Div_32x32_FP10
  FPD32
  JPDSETFDZ32
  JPDRES032
  D32BNE0
  TALIGN32
  TS1ALIGN32
  TS2ALIGN32
  DALIGN32OK
  ALTB32
  AGEB32
  JPDSETFOV32
  DARGOK32
  JPDSETFUN32
  DLOOP32
  DS132
  DS232
  DREST32
  DOK32
  DAREST32
  DROUND32
  DIV32OK
  DIV32EEE
  SETIOV3224EEE
  INT3232U
  INT3232UEOK
  SETEXP32U
  SETIOV32U
  TSHIFT3232U
  SHIFT3232UOK
  SHIFT3232U
  INT3232UOK
  JPLSETIOV3224
  IRES032U
  INT3232UEER
  INT3232UEEE
  L_Double2Longword_0
  INT3232
  INT3232EOK
  SETIOV32
  TSHIFT3232
  SHIFT3232OK
  SHIFT3232
  INT3232OK
  JPISETIOV3224
  IRES032
  INT3232EER
  INT3232EEE
  L_Double2Longint_0
  INT3216
  IRES016
  SETIOV16
  TSHIFT3216
  SHIFT3216OK
  SHIFT3216
  INT3216OK
  JPJSETIOV3224
  INT3216EOK
  INT3216EER
  INT3216EEE
  L_Double2Int_0
  INT3216U
  IRES016U
  SETEXP16U
  SETIOV16U
  TSHIFT3216U
  SHIFT3216UOK
  SHIFT3216U
  INT3216UOK
  JPKSETIOV3224
  INT3216UEOK
  INT3216UEER
  INT3216UEEE
  L_Double2Word_0
  INT32U08
  IRES008
  SETEXP08
  SETIOV08
  TSHIFT3208
  SHIFT3208OK
  SHIFT3208
  INT3208OK
  D2B_JPKSETIOV3224
  INT3208EOK
  INT3208EER
  INT3208EEE
  L_Double2Byte_0
  FLO08U32
  FLO1632
  FLO1632EEE
  FLO16U32
  FLO3232
  FLO3232EEE
  FLO32U32
  EQU_FALSE
  COMPARE_EQU
  COMPARE_NOTZERO
  COMPARE_XNOTZERO
  COMPARE_YNOTZERO
  COMPARE_LT
  COMPARE_GT
  COMPARE_TESTALL
  COMPARE_C1
  GT_FALSE
  GT_TRUE
  COMPARE_C2
  COMPARE_C3
  L_end_SETFOV32
  _SETFOV32
  L_end_SETFDZ32
  _SETFDZ32
  L_end_FIXSIGN32
  _FIXSIGN32
  L_end_RES032
  _RES032
  L_end_SETFUN32
  _SETFUN32
  L_end_NRM3232
  _NRM3232
  L_end_NRM4032
  _NRM4032
  L_end_Add_32x32_FP
  _Add_32x32_FP
  L_end_Sub_32x32_FP
  _Sub_32x32_FP
  L_end_Mul_32x32_FP
  _Mul_32x32_FP
  L_end_Div_32x32_FP
  _Div_32x32_FP
  L_end_SETIOV3224
  _SETIOV3224
  L_end_Double2Longword
  _Double2Longword
  L_end_Double2Longint
  _Double2Longint
  L_end_Double2Int
  _Double2Int
  L_end_Double2Word
  _Double2Word
  L_end_Double2Byte
  _Double2Byte
  L_end_Byte2Double
  _Byte2Double
  L_end_Int2Double
  _Int2Double
  L_end_Word2Double
  _Word2Double
  L_end_Longint2Double
  _Longint2Double
  L_end_Longword2Double
  _Longword2Double
  L_end_Equals_Double
  _Equals_Double
  L_end_Compare_Double
  _Compare_Double
  L_loopCA2AWs
  L_CA2AWend
  _CCA2AW_Loop1
  L_loopCS2Ss
  L_CS2Send
  _CCS2S_Loop1
  L_CCS2Send
  L_loopFZinSWs
  L_FZinSend
  _CC2D_Loop1
  L_end_____DoICP
  _____DoICP
  L_end_____DoIFC
  _____DoIFC
  L_end___CA2AW
  ___CA2AW
  L_end___CCA2AW
  ___CCA2AW
  L_end___CS2S
  ___CS2S
  L_end___CCS2S
  ___CCS2S
  L_end___FZinS
  ___FZinS
  L_end___CC2DW
  ___CC2DW
  L_end_Swap
  _Swap
  L_interrupt0
  L_interrupt1
  L_interrupt2
  L_main3
  L_main4
  L_main5
  L_main6
  L_main7
  L_main8
  L_main9
  L_main10
  L_main11
  L_end_interrupt
  _interrupt
  L__interrupt13
  L_end_main
  _main
  SETFOV32EEE
  SETFUN32EEE
  NORM3232
  JPNRES032
  JPNSETFUN32
  NORM3232A
  JMPNFIXSIGN32
  NORM32EEE
  NRMRND4032
  NRM4032
  JMPSETFOV32
  NORM4032
  JMPRES032
  JMPSETFUN32
  NORM4032A
  JMPFIXSIGN32
  NRM4032EEE
  USEA32
  JMPEEE
  ALIGNED32
  ALIGNB32
  ALOOPB32
  AOK32
  ACOMP32
  JMPNRMRND4032
  ADD_JMPSETFOV32
  JMPNRM4032
  JMPNRM32
  ADD32EEE
  FPM32
  JPMRES032
  M32BNE0
  MTUN32
  JPMSETFOV32
  MOK32
  JPMSETFUN32
  MLOOP32
  MNOADD32
  MADD32
  MROUND32
  MUL32OK
  MUL32EEE
  L_Div_32x32_FP7
  L_Div_32x32_FP8
  L_Div_32x32_FP9
  L_Div_32x32_FP10
  FPD32
  JPDSETFDZ32
  JPDRES032
  D32BNE0
  TALIGN32
  TS1ALIGN32
  TS2ALIGN32
  DALIGN32OK
  ALTB32
  AGEB32
  JPDSETFOV32
  DARGOK32
  JPDSETFUN32
  DLOOP32
  DS132
  DS232
  DREST32
  DOK32
  DAREST32
  DROUND32
  DIV32OK
  DIV32EEE
  SETIOV3224EEE
  INT3232U
  INT3232UEOK
  SETEXP32U
  SETIOV32U
  TSHIFT3232U
  SHIFT3232UOK
  SHIFT3232U
  INT3232UOK
  JPLSETIOV3224
  IRES032U
  INT3232UEER
  INT3232UEEE
  L_Double2Longword_0
  INT3232
  INT3232EOK
  SETIOV32
  TSHIFT3232
  SHIFT3232OK
  SHIFT3232
  INT3232OK
  JPISETIOV3224
  IRES032
  INT3232EER
  INT3232EEE
  L_Double2Longint_0
  INT3216
  IRES016
  SETIOV16
  TSHIFT3216
  SHIFT3216OK
  SHIFT3216
  INT3216OK
  JPJSETIOV3224
  INT3216EOK
  INT3216EER
  INT3216EEE
  L_Double2Int_0
  INT3216U
  IRES016U
  SETEXP16U
  SETIOV16U
  TSHIFT3216U
  SHIFT3216UOK
  SHIFT3216U
  INT3216UOK
  JPKSETIOV3224
  INT3216UEOK
  INT3216UEER
  INT3216UEEE
  L_Double2Word_0
  INT32U08
  IRES008
  SETEXP08
  SETIOV08
  TSHIFT3208
  SHIFT3208OK
  SHIFT3208
  INT3208OK
  D2B_JPKSETIOV3224
  INT3208EOK
  INT3208EER
  INT3208EEE
  L_Double2Byte_0
  FLO08U32
  FLO1632
  FLO1632EEE
  FLO16U32
  FLO3232
  FLO3232EEE
  FLO32U32
  EQU_FALSE
  COMPARE_EQU
  COMPARE_NOTZERO
  COMPARE_XNOTZERO
  COMPARE_YNOTZERO
  COMPARE_LT
  COMPARE_GT
  COMPARE_TESTALL
  COMPARE_C1
  GT_FALSE
  GT_TRUE
  COMPARE_C2
  COMPARE_C3
  L_end_SETFOV32
  _SETFOV32
  L_end_SETFDZ32
  _SETFDZ32
  L_end_FIXSIGN32
  _FIXSIGN32
  L_end_RES032
  _RES032
  L_end_SETFUN32
  _SETFUN32
  L_end_NRM3232
  _NRM3232
  L_end_NRM4032
  _NRM4032
  L_end_Add_32x32_FP
  _Add_32x32_FP
  L_end_Sub_32x32_FP
  _Sub_32x32_FP
  L_end_Mul_32x32_FP
  _Mul_32x32_FP
  L_end_Div_32x32_FP
  _Div_32x32_FP
  L_end_SETIOV3224
  _SETIOV3224
  L_end_Double2Longword
  _Double2Longword
  L_end_Double2Longint
  _Double2Longint
  L_end_Double2Int
  _Double2Int
  L_end_Double2Word
  _Double2Word
  L_end_Double2Byte
  _Double2Byte
  L_end_Byte2Double
  _Byte2Double
  L_end_Int2Double
  _Int2Double
  L_end_Word2Double
  _Word2Double
  L_end_Longint2Double
  _Longint2Double
  L_end_Longword2Double
  _Longword2Double
  L_end_Equals_Double
  _Equals_Double
  L_end_Compare_Double
  _Compare_Double
