C51 COMPILER V9.52.0.0   FOUR_RELAY_DRIVER                                                 01/10/2015 18:37:55 PAGE 1   


C51 COMPILER V9.52.0.0, COMPILATION OF MODULE FOUR_RELAY_DRIVER
OBJECT MODULE PLACED IN four relay driver.OBJ
COMPILER INVOKED BY: C:\Keil\C51\BIN\C51.EXE four relay driver.c BROWSE DEBUG OBJECTEXTEND TABS(2)

line level    source

   1          #include<reg51.h>
   2          sbit relay0=P2^0;
   3          sbit relay1=P2^1;
   4          sbit relay2=P2^2;
   5          sbit relay3=P2^3;
   6          void msDelay(unsigned int x)
   7          {
   8   1        unsigned int i,j;
   9   1        for(i=0;i<=x;i++)
  10   1        for(j=0;j<=1675;j++);
  11   1      }
  12          void main()
  13          {
  14   1        P2=0x00;
  15   1      while(1)
  16   1        {
  17   2      
  18   2        relay0=1;
  19   2        msDelay(100);
  20   2          relay1=1;
  21   2        msDelay(100);
  22   2      relay2=1;
  23   2          msDelay(100);
  24   2        relay2=0;
  25   2          msDelay(100);
  26   2        relay3=1;
  27   2        msDelay(100);
  28   2            relay0=0;
  29   2        msDelay(100);
  30   2            relay1=0;
  31   2        msDelay(100);
  32   2          relay2=0;
  33   2          msDelay(100);
  34   2        relay3=0;
  35   2          msDelay(100);
  36   2      }
  37   1      }
  38          


MODULE INFORMATION:   STATIC OVERLAYABLE
   CODE SIZE        =     86    ----
   CONSTANT SIZE    =   ----    ----
   XDATA SIZE       =   ----    ----
   PDATA SIZE       =   ----    ----
   DATA SIZE        =   ----    ----
   IDATA SIZE       =   ----    ----
   BIT SIZE         =   ----    ----
END OF MODULE INFORMATION.


C51 COMPILATION COMPLETE.  0 WARNING(S),  0 ERROR(S)
