C51 COMPILER V9.52.0.0   HUMIDITY                                                          05/24/2015 00:34:56 PAGE 1   


C51 COMPILER V9.52.0.0, COMPILATION OF MODULE HUMIDITY
OBJECT MODULE PLACED IN humidity.OBJ
COMPILER INVOKED BY: G:\Program Files\Keil\C51\BIN\C51.EXE humidity.c BROWSE DEBUG OBJECTEXTEND TABS(2)

line level    source

   1          // Program to Interface Humidity sensor with 8051 Microcontroller
   2          #include<reg51.h>
   3          sfr lcd_data_pin=0xA0;//p2 port
   4          sbit rs=P0^0;
   5          sbit rw=P0^2;
   6          sbit en=P0^1;
   7          sbit wr= P3^3;
   8          sbit rd= P3^4;
   9          sbit intr= P3^5;
  10          sfr input_port=0x90; //p1 port
  11          unsigned int number=0;
  12          unsigned char humidity,lcd,key=0;
  13           
  14          void delay(unsigned char count)
  15          {
  16   1      unsigned char i;
  17   1      unsigned int j;
  18   1      for(i=0;i<count;i++)
  19   1      for(j=0;j<1275;j++);
  20   1      }
  21           
  22          void lcd_command(unsigned char comm)
  23          {
  24   1      lcd_data_pin=comm;
  25   1      en=1;
  26   1      rs=0;
  27   1      rw=0;
  28   1      delay(1);
  29   1      en=0;
  30   1      }
  31           
  32          void lcd_data(unsigned char disp)
  33          {
  34   1      lcd_data_pin=disp;
  35   1      en=1;
  36   1      rs=1;
  37   1      rw=0;
  38   1      delay(1);
  39   1      en=0;
  40   1      }
  41           
  42          lcd_dataa(unsigned char *disp)
  43          {
  44   1      unsigned char x;
  45   1      for(x=0;disp[x]!=0;x++)
  46   1      {
  47   2      lcd_data(disp[x]); 
  48   2      }
  49   1      }
  50           
  51          void lcd_ini()
  52          {
  53   1      lcd_command(0x38);   // for using 8-bit 2 row LCD 
  54   1      delay(50);
  55   1      lcd_command(0x0F);        // for display on cursor blinking
C51 COMPILER V9.52.0.0   HUMIDITY                                                          05/24/2015 00:34:56 PAGE 2   

  56   1      delay(50);
  57   1      lcd_command(0x0C);
  58   1      delay(50);
  59   1      lcd_command(0x80);
  60   1      delay(50);   
  61   1      }
  62           
  63          void lcd_display(unsigned int val)
  64          {  
  65   1      unsigned char flg=0;
  66   1      lcd_command(0xC7);
  67   1      if(val==0)
  68   1      lcd_data('0');
  69   1      while(val>0)
  70   1      {   
  71   2      lcd=val%10;
  72   2      val=val/10;
  73   2      lcd_command(0xC7-flg);
  74   2      lcd_data(lcd+'0');
  75   2      flg++;  
  76   2      }
  77   1        
  78   1      }
  79           
  80          void display()
  81          {
  82   1      key++;
  83   1      number=number+input_port;
  84   1      if(key==11)
  85   1      {
  86   2      number=number/key;
  87   2      number=number*10;
  88   2      number=number/25;
  89   2      humidity=number-3;
  90   2      lcd_display(humidity);
  91   2      key=0;
  92   2      number=0;
  93   2      }
  94   1      }
  95           
  96          void adc()
  97          {
  98   1      rd=1;
  99   1      wr=0;
 100   1      delay(2);
 101   1      wr=1;
 102   1      while(intr==1);
 103   1      rd=0;
 104   1      display();
 105   1      delay(2);
 106   1      intr=1;
 107   1      }
 108           
 109          void main()
 110          {
 111   1      lcd_ini();
 112   1      lcd_dataa("%Rel.Humidity:");
 113   1      while(1)
 114   1      {
 115   2      adc();
 116   2      }
 117   1      }
C51 COMPILER V9.52.0.0   HUMIDITY                                                          05/24/2015 00:34:56 PAGE 3   

*** WARNING C290 IN LINE 49 OF humidity.c: missing return value


MODULE INFORMATION:   STATIC OVERLAYABLE
   CODE SIZE        =    320    ----
   CONSTANT SIZE    =     15    ----
   XDATA SIZE       =   ----    ----
   PDATA SIZE       =   ----    ----
   DATA SIZE        =      5       6
   IDATA SIZE       =   ----    ----
   BIT SIZE         =   ----    ----
END OF MODULE INFORMATION.


C51 COMPILATION COMPLETE.  1 WARNING(S),  0 ERROR(S)
